;  LST file generated by mikroListExporter - v.2.0 
; Date/Time: 24/04/2015 19:54:11
;----------------------------------------------

;Address Opcode 	ASM
0x0000	0x28AB      	GOTO       171
_Div_16x16_S_L:
;__Lib_Math.c,420 :: 		
;__Lib_Math.c,426 :: 		
0x0003	0x0D71      	RLF        R1, 0
;__Lib_Math.c,427 :: 		
0x0004	0x0DF8      	RLF        R8, 1
;__Lib_Math.c,428 :: 		
0x0005	0x0DF9      	RLF        R9, 1
;__Lib_Math.c,429 :: 		
0x0006	0x0874      	MOVF       R4, 0
;__Lib_Math.c,430 :: 		
0x0007	0x02F8      	SUBWF      R8, 1
;__Lib_Math.c,431 :: 		
0x0008	0x0875      	MOVF       R5, 0
;__Lib_Math.c,432 :: 		
0x0009	0x1C03      	BTFSS      STATUS, 0
;__Lib_Math.c,433 :: 		
0x000A	0x0F75      	INCFSZ     R5, 0
;__Lib_Math.c,434 :: 		
0x000B	0x02F9      	SUBWF      R9, 1
;__Lib_Math.c,435 :: 		
0x000C	0x0DF0      	RLF        R0, 1
;__Lib_Math.c,436 :: 		
0x000D	0x0DF1      	RLF        R1, 1
;__Lib_Math.c,438 :: 		
0x000E	0x300F      	MOVLW      15
;__Lib_Math.c,439 :: 		
0x000F	0x00FC      	MOVWF      R12
;__Lib_Math.c,441 :: 		
0x0010	0x0D71      	RLF        R1, 0
;__Lib_Math.c,442 :: 		
0x0011	0x0DF8      	RLF        R8, 1
;__Lib_Math.c,443 :: 		
0x0012	0x0DF9      	RLF        R9, 1
;__Lib_Math.c,444 :: 		
0x0013	0x0874      	MOVF       R4, 0
;__Lib_Math.c,446 :: 		
0x0014	0x1C70      	BTFSS      R0, 0
;__Lib_Math.c,447 :: 		
0x0015	0x281C      	GOTO       $+7
;__Lib_Math.c,448 :: 		
0x0016	0x02F8      	SUBWF      R8, 1
;__Lib_Math.c,449 :: 		
0x0017	0x0875      	MOVF       R5, 0
;__Lib_Math.c,450 :: 		
0x0018	0x1C03      	BTFSS      STATUS, 0
;__Lib_Math.c,451 :: 		
0x0019	0x0F75      	INCFSZ     R5, 0
;__Lib_Math.c,452 :: 		
0x001A	0x02F9      	SUBWF      R9, 1
;__Lib_Math.c,453 :: 		
0x001B	0x2821      	GOTO       $+6
;__Lib_Math.c,455 :: 		
0x001C	0x07F8      	ADDWF      R8, 1
;__Lib_Math.c,456 :: 		
0x001D	0x0875      	MOVF       R5, 0
;__Lib_Math.c,457 :: 		
0x001E	0x1803      	BTFSC      STATUS, 0
;__Lib_Math.c,458 :: 		
0x001F	0x0F75      	INCFSZ     R5, 0
;__Lib_Math.c,459 :: 		
0x0020	0x07F9      	ADDWF      R9, 1
;__Lib_Math.c,461 :: 		
0x0021	0x0DF0      	RLF        R0, 1
;__Lib_Math.c,462 :: 		
0x0022	0x0DF1      	RLF        R1, 1
;__Lib_Math.c,464 :: 		
0x0023	0x0BFC      	DECFSZ     R12, 1
;__Lib_Math.c,465 :: 		
0x0024	0x2810      	GOTO       $-20
;__Lib_Math.c,467 :: 		
0x0025	0x1870      	BTFSC      R0, 0
;__Lib_Math.c,468 :: 		
0x0026	0x282D      	GOTO       $+7
;__Lib_Math.c,469 :: 		
0x0027	0x0874      	MOVF       R4, 0
;__Lib_Math.c,470 :: 		
0x0028	0x07F8      	ADDWF      R8, 1
;__Lib_Math.c,471 :: 		
0x0029	0x0875      	MOVF       R5, 0
;__Lib_Math.c,472 :: 		
0x002A	0x1803      	BTFSC      STATUS, 0
;__Lib_Math.c,473 :: 		
0x002B	0x0F75      	INCFSZ     R5, 0
;__Lib_Math.c,474 :: 		
0x002C	0x07F9      	ADDWF      R9, 1
;__Lib_Math.c,475 :: 		
0x002D	0x0000      	NOP
;__Lib_Math.c,477 :: 		
L_end_Div_16x16_S_L:
0x002E	0x0008      	RETURN
; end of _Div_16x16_S_L
_____DoICP:
;__Lib_System.c,6 :: 		
;__Lib_System.c,9 :: 		
0x002F	0x1283      	BCF        STATUS, 5
0x0030	0x1303      	BCF        STATUS, 6
0x0031	0x083D      	MOVF       ___DoICPAddr+1, 0
0x0032	0x008A      	MOVWF      PCLATH
;__Lib_System.c,10 :: 		
0x0033	0x083C      	MOVF       ___DoICPAddr, 0
0x0034	0x0082      	MOVWF      PCL
;__Lib_System.c,12 :: 		
L_end_____DoICP:
0x0035	0x0008      	RETURN
; end of _____DoICP
___CC2DW:
;__Lib_System.c,134 :: 		
;__Lib_System.c,137 :: 		
_CC2D_Loop1:
;__Lib_System.c,139 :: 		
0x0036	0x202F      	CALL       _____DoICP
0x0037	0x118A      	BCF        PCLATH, 3
0x0038	0x120A      	BCF        PCLATH, 4
;__Lib_System.c,141 :: 		
0x0039	0x0080      	MOVWF      INDF
;__Lib_System.c,142 :: 		
0x003A	0x0A84      	INCF       FSR, 1
;__Lib_System.c,143 :: 		
0x003B	0x0ABC      	INCF       ___DoICPAddr, 1
;__Lib_System.c,145 :: 		
0x003C	0x1903      	BTFSC      STATUS, 2
;__Lib_System.c,146 :: 		
0x003D	0x0ABD      	INCF       ___DoICPAddr+1, 1
;__Lib_System.c,147 :: 		
0x003E	0x03F0      	DECF       R0, 1
;__Lib_System.c,149 :: 		
0x003F	0x1D03      	BTFSS      STATUS, 2
;__Lib_System.c,150 :: 		
0x0040	0x2836      	GOTO       _CC2D_Loop1
;__Lib_System.c,152 :: 		
L_end___CC2DW:
0x0041	0x0008      	RETURN
; end of ___CC2DW
_Div_16x16_S:
;__Lib_Math.c,479 :: 		
;__Lib_Math.c,487 :: 		
0x0042	0x1283      	BCF        STATUS, 5
0x0043	0x1303      	BCF        STATUS, 6
0x0044	0x0874      	MOVF       R4, 0
0x0045	0x3A00      	XORLW      0
0x0046	0x1D03      	BTFSS      STATUS, 2
0x0047	0x2851      	GOTO       L_Div_16x16_S0
;__Lib_Math.c,488 :: 		
0x0048	0x0875      	MOVF       R5, 0
0x0049	0x3A00      	XORLW      0
0x004A	0x1D03      	BTFSS      STATUS, 2
0x004B	0x2851      	GOTO       L_Div_16x16_S1
;__Lib_Math.c,489 :: 		
0x004C	0x30FF      	MOVLW      255
0x004D	0x00F0      	MOVWF      R0
;__Lib_Math.c,490 :: 		
0x004E	0x307F      	MOVLW      127
0x004F	0x00F1      	MOVWF      R1
;__Lib_Math.c,491 :: 		
0x0050	0x28AA      	GOTO       L_end_Div_16x16_S
;__Lib_Math.c,492 :: 		
L_Div_16x16_S1:
L_Div_16x16_S0:
;__Lib_Math.c,495 :: 		
0x0051	0x1283      	BCF        STATUS, 5
;__Lib_Math.c,496 :: 		
0x0052	0x1303      	BCF        STATUS, 6
;__Lib_Math.c,497 :: 		
0x0053	0x01FD      	CLRF       R13
;__Lib_Math.c,498 :: 		
0x0054	0x01F9      	CLRF       R9
;__Lib_Math.c,499 :: 		
0x0055	0x01F8      	CLRF       R8
;__Lib_Math.c,500 :: 		
0x0056	0x0871      	MOVF       R1, 0
;__Lib_Math.c,501 :: 		
0x0057	0x0470      	IORWF      R0, 0
;__Lib_Math.c,502 :: 		
0x0058	0x1903      	BTFSC      STATUS, 2
;__Lib_Math.c,503 :: 		
0x0059	0x3400      	RETLW      0
;__Lib_Math.c,505 :: 		
0x005A	0x0871      	MOVF       R1, 0
;__Lib_Math.c,506 :: 		
0x005B	0x0675      	XORWF      R5, 0
;__Lib_Math.c,507 :: 		
0x005C	0x00FA      	MOVWF      R10
;__Lib_Math.c,508 :: 		
0x005D	0x1BFA      	BTFSC      R10, 7
;__Lib_Math.c,509 :: 		
0x005E	0x09FD      	COMF       R13, 1
;__Lib_Math.c,511 :: 		
0x005F	0x01FB      	CLRF       R11
;__Lib_Math.c,513 :: 		
0x0060	0x1FF5      	BTFSS      R5, 7
;__Lib_Math.c,514 :: 		
0x0061	0x2867      	GOTO       $+6
;__Lib_Math.c,516 :: 		
0x0062	0x09F4      	COMF       R4, 1
;__Lib_Math.c,517 :: 		
0x0063	0x09F5      	COMF       R5, 1
;__Lib_Math.c,518 :: 		
0x0064	0x0AF4      	INCF       R4, 1
;__Lib_Math.c,519 :: 		
0x0065	0x1903      	BTFSC      STATUS, 2
;__Lib_Math.c,520 :: 		
0x0066	0x0AF5      	INCF       R5, 1
;__Lib_Math.c,522 :: 		
0x0067	0x1FF1      	BTFSS      R1, 7
;__Lib_Math.c,523 :: 		
0x0068	0x286E      	GOTO       $+6
;__Lib_Math.c,525 :: 		
0x0069	0x09F0      	COMF       R0, 1
;__Lib_Math.c,526 :: 		
0x006A	0x09F1      	COMF       R1, 1
;__Lib_Math.c,527 :: 		
0x006B	0x0AF0      	INCF       R0, 1
;__Lib_Math.c,528 :: 		
0x006C	0x1903      	BTFSC      STATUS, 2
;__Lib_Math.c,529 :: 		
0x006D	0x0AF1      	INCF       R1, 1
;__Lib_Math.c,531 :: 		
0x006E	0x0871      	MOVF       R1, 0
;__Lib_Math.c,532 :: 		
0x006F	0x0475      	IORWF      R5, 0
;__Lib_Math.c,533 :: 		
0x0070	0x00FA      	MOVWF      R10
;__Lib_Math.c,534 :: 		
0x0071	0x1BFA      	BTFSC      R10, 7
;__Lib_Math.c,535 :: 		
0x0072	0x2883      	GOTO       $+17
;__Lib_Math.c,537 :: 		
0x0073	0x2003      	CALL       _Div_16x16_S_L
;__Lib_Math.c,539 :: 		
0x0074	0x187B      	BTFSC      R11, 0
;__Lib_Math.c,540 :: 		
0x0075	0x2896      	GOTO       $+33
;__Lib_Math.c,542 :: 		
0x0076	0x1FFD      	BTFSS      R13, 7
;__Lib_Math.c,543 :: 		
0x0077	0x3400      	RETLW      0
;__Lib_Math.c,545 :: 		
0x0078	0x09F0      	COMF       R0, 1
;__Lib_Math.c,546 :: 		
0x0079	0x09F1      	COMF       R1, 1
;__Lib_Math.c,547 :: 		
0x007A	0x0AF0      	INCF       R0, 1
;__Lib_Math.c,548 :: 		
0x007B	0x1903      	BTFSC      STATUS, 2
;__Lib_Math.c,549 :: 		
0x007C	0x0AF1      	INCF       R1, 1
;__Lib_Math.c,551 :: 		
0x007D	0x09F8      	COMF       R8, 1
;__Lib_Math.c,552 :: 		
0x007E	0x09F9      	COMF       R9, 1
;__Lib_Math.c,553 :: 		
0x007F	0x0AF8      	INCF       R8, 1
;__Lib_Math.c,554 :: 		
0x0080	0x1903      	BTFSC      STATUS, 2
;__Lib_Math.c,555 :: 		
0x0081	0x0AF9      	INCF       R9, 1
;__Lib_Math.c,557 :: 		
0x0082	0x3400      	RETLW      0
;__Lib_Math.c,559 :: 		
0x0083	0x1FF5      	BTFSS      R5, 7
;__Lib_Math.c,560 :: 		
0x0084	0x2892      	GOTO       $+14
;__Lib_Math.c,561 :: 		
0x0085	0x1BF1      	BTFSC      R1, 7
;__Lib_Math.c,562 :: 		
0x0086	0x288E      	GOTO       $+8
;__Lib_Math.c,563 :: 		
0x0087	0x0871      	MOVF       R1, 0
;__Lib_Math.c,564 :: 		
0x0088	0x00F9      	MOVWF      R9
;__Lib_Math.c,565 :: 		
0x0089	0x0870      	MOVF       R0, 0
;__Lib_Math.c,566 :: 		
0x008A	0x00F8      	MOVWF      R8
;__Lib_Math.c,567 :: 		
0x008B	0x01F1      	CLRF       R1
;__Lib_Math.c,568 :: 		
0x008C	0x01F0      	CLRF       R0
;__Lib_Math.c,569 :: 		
0x008D	0x2876      	GOTO       $-23
;__Lib_Math.c,570 :: 		
0x008E	0x01F1      	CLRF       R1
;__Lib_Math.c,571 :: 		
0x008F	0x01F0      	CLRF       R0
;__Lib_Math.c,572 :: 		
0x0090	0x0AF0      	INCF       R0, 1
;__Lib_Math.c,573 :: 		
0x0091	0x3400      	RETLW      0
;__Lib_Math.c,575 :: 		
0x0092	0x09F1      	COMF       R1, 1
;__Lib_Math.c,576 :: 		
0x0093	0x09F0      	COMF       R0, 1
;__Lib_Math.c,577 :: 		
0x0094	0x0AFB      	INCF       R11, 1
;__Lib_Math.c,578 :: 		
0x0095	0x2873      	GOTO       $-34
;__Lib_Math.c,580 :: 		
0x0096	0x0AF8      	INCF       R8, 1
;__Lib_Math.c,581 :: 		
0x0097	0x1903      	BTFSC      STATUS, 2
;__Lib_Math.c,582 :: 		
0x0098	0x0AF9      	INCF       R9, 1
;__Lib_Math.c,583 :: 		
0x0099	0x0874      	MOVF       R4, 0
;__Lib_Math.c,584 :: 		
0x009A	0x0278      	SUBWF      R8, 0
;__Lib_Math.c,585 :: 		
0x009B	0x1D03      	BTFSS      STATUS, 2
;__Lib_Math.c,586 :: 		
0x009C	0x2876      	GOTO       $-38
;__Lib_Math.c,587 :: 		
0x009D	0x0875      	MOVF       R5, 0
;__Lib_Math.c,588 :: 		
0x009E	0x0279      	SUBWF      R9, 0
;__Lib_Math.c,589 :: 		
0x009F	0x1D03      	BTFSS      STATUS, 2
;__Lib_Math.c,590 :: 		
0x00A0	0x2876      	GOTO       $-42
;__Lib_Math.c,591 :: 		
0x00A1	0x01F9      	CLRF       R9
;__Lib_Math.c,592 :: 		
0x00A2	0x01F8      	CLRF       R8
;__Lib_Math.c,593 :: 		
0x00A3	0x0AF0      	INCF       R0, 1
;__Lib_Math.c,594 :: 		
0x00A4	0x1903      	BTFSC      STATUS, 2
;__Lib_Math.c,595 :: 		
0x00A5	0x0AF1      	INCF       R1, 1
;__Lib_Math.c,596 :: 		
0x00A6	0x1FF1      	BTFSS      R1, 7
;__Lib_Math.c,597 :: 		
0x00A7	0x2876      	GOTO       $-49
;__Lib_Math.c,598 :: 		
0x00A8	0x0000      	NOP
;__Lib_Math.c,599 :: 		
0x00A9	0x34FF      	RETLW      255
;__Lib_Math.c,601 :: 		
L_end_Div_16x16_S:
0x00AA	0x0008      	RETURN
; end of _Div_16x16_S
_main:
0x00AB	0x1283      	BCF        STATUS, 5
0x00AC	0x1303      	BCF        STATUS, 6
0x00AD	0x01A0      	CLRF       _time
0x00AE	0x01A1      	CLRF       33
0x00AF	0x01A2      	CLRF       _tempDec
0x00B0	0x01A3      	CLRF       35
0x00B1	0x01A4      	CLRF       _tempCent
0x00B2	0x01A5      	CLRF       37
0x00B3	0x01A6      	CLRF       _count
0x00B4	0x01A7      	CLRF       39
0x00B5	0x303F      	MOVLW      63
0x00B6	0x00A8      	MOVWF      _numbers
0x00B7	0x01A9      	CLRF       41
0x00B8	0x3006      	MOVLW      6
0x00B9	0x00AA      	MOVWF      42
0x00BA	0x01AB      	CLRF       43
0x00BB	0x305B      	MOVLW      91
0x00BC	0x00AC      	MOVWF      44
0x00BD	0x01AD      	CLRF       45
0x00BE	0x304F      	MOVLW      79
0x00BF	0x00AE      	MOVWF      46
0x00C0	0x01AF      	CLRF       47
0x00C1	0x3066      	MOVLW      102
0x00C2	0x00B0      	MOVWF      48
0x00C3	0x01B1      	CLRF       49
0x00C4	0x306D      	MOVLW      109
0x00C5	0x00B2      	MOVWF      50
0x00C6	0x01B3      	CLRF       51
0x00C7	0x307D      	MOVLW      125
0x00C8	0x00B4      	MOVWF      52
0x00C9	0x01B5      	CLRF       53
0x00CA	0x3007      	MOVLW      7
0x00CB	0x00B6      	MOVWF      54
0x00CC	0x01B7      	CLRF       55
0x00CD	0x307F      	MOVLW      127
0x00CE	0x00B8      	MOVWF      56
0x00CF	0x01B9      	CLRF       57
0x00D0	0x306F      	MOVLW      111
0x00D1	0x00BA      	MOVWF      58
0x00D2	0x01BB      	CLRF       59
;EXP4.c,6 :: 		void main() {
;EXP4.c,8 :: 		ADCON1 = 0x06;
0x00D3	0x3006      	MOVLW      6
0x00D4	0x1683      	BSF        STATUS, 5
0x00D5	0x009F      	MOVWF      ADCON1
;EXP4.c,9 :: 		TRISA.RA2 = 0;
0x00D6	0x1105      	BCF        TRISA, 2
;EXP4.c,10 :: 		TRISA.RA3 = 0;
0x00D7	0x1185      	BCF        TRISA, 3
;EXP4.c,11 :: 		TRISA.RA4 = 0;
0x00D8	0x1205      	BCF        TRISA, 4
;EXP4.c,12 :: 		TRISA.RA5 = 0;
0x00D9	0x1285      	BCF        TRISA, 5
;EXP4.c,13 :: 		TRISD = 0;
0x00DA	0x0188      	CLRF       TRISD
;EXP4.c,15 :: 		TRISC.RC1 = 0;
0x00DB	0x1087      	BCF        TRISC, 1
;EXP4.c,17 :: 		PORTC.RC1 = 1;
0x00DC	0x1283      	BCF        STATUS, 5
0x00DD	0x1487      	BSF        PORTC, 1
;EXP4.c,19 :: 		while(1) {
L_main0:
;EXP4.c,21 :: 		while(time < 200) {
L_main2:
0x00DE	0x3080      	MOVLW      128
0x00DF	0x0621      	XORWF      _time+1, 0
0x00E0	0x00F0      	MOVWF      R0
0x00E1	0x3080      	MOVLW      128
0x00E2	0x0270      	SUBWF      R0, 0
0x00E3	0x1D03      	BTFSS      STATUS, 2
0x00E4	0x28E7      	GOTO       L__main20
0x00E5	0x30C8      	MOVLW      200
0x00E6	0x0220      	SUBWF      _time, 0
L__main20:
0x00E7	0x1803      	BTFSC      STATUS, 0
0x00E8	0x2A08      	GOTO       L_main3
;EXP4.c,23 :: 		if(count % 10 != 0) {
0x00E9	0x300A      	MOVLW      10
0x00EA	0x00F4      	MOVWF      R4
0x00EB	0x3000      	MOVLW      0
0x00EC	0x00F5      	MOVWF      R4+1
0x00ED	0x0826      	MOVF       _count, 0
0x00EE	0x00F0      	MOVWF      R0
0x00EF	0x0827      	MOVF       _count+1, 0
0x00F0	0x00F1      	MOVWF      R0+1
0x00F1	0x2042      	CALL       _Div_16x16_S
0x00F2	0x0878      	MOVF       R8, 0
0x00F3	0x00F0      	MOVWF      R0
0x00F4	0x0879      	MOVF       R8+1, 0
0x00F5	0x00F1      	MOVWF      R0+1
0x00F6	0x3000      	MOVLW      0
0x00F7	0x0671      	XORWF      R0+1, 0
0x00F8	0x1D03      	BTFSS      STATUS, 2
0x00F9	0x28FC      	GOTO       L__main21
0x00FA	0x3000      	MOVLW      0
0x00FB	0x0670      	XORWF      R0, 0
L__main21:
0x00FC	0x1903      	BTFSC      STATUS, 2
0x00FD	0x2922      	GOTO       L_main4
;EXP4.c,24 :: 		PORTD = numbers[count % 10];
0x00FE	0x300A      	MOVLW      10
0x00FF	0x00F4      	MOVWF      R4
0x0100	0x3000      	MOVLW      0
0x0101	0x00F5      	MOVWF      R4+1
0x0102	0x0826      	MOVF       _count, 0
0x0103	0x00F0      	MOVWF      R0
0x0104	0x0827      	MOVF       _count+1, 0
0x0105	0x00F1      	MOVWF      R0+1
0x0106	0x2042      	CALL       _Div_16x16_S
0x0107	0x0878      	MOVF       R8, 0
0x0108	0x00F0      	MOVWF      R0
0x0109	0x0879      	MOVF       R8+1, 0
0x010A	0x00F1      	MOVWF      R0+1
0x010B	0x0870      	MOVF       R0, 0
0x010C	0x00F2      	MOVWF      R2
0x010D	0x0871      	MOVF       R0+1, 0
0x010E	0x00F3      	MOVWF      R2+1
0x010F	0x0DF2      	RLF        R2, 1
0x0110	0x0DF3      	RLF        R2+1, 1
0x0111	0x1072      	BCF        R2, 0
0x0112	0x0872      	MOVF       R2, 0
0x0113	0x3E28      	ADDLW      _numbers
0x0114	0x0084      	MOVWF      FSR
0x0115	0x0800      	MOVF       INDF, 0
0x0116	0x0088      	MOVWF      PORTD
;EXP4.c,25 :: 		PORTA.RA5 = 1;
0x0117	0x1685      	BSF        PORTA, 5
;EXP4.c,26 :: 		if(count % 10 == 5) {
0x0118	0x3000      	MOVLW      0
0x0119	0x0671      	XORWF      R0+1, 0
0x011A	0x1D03      	BTFSS      STATUS, 2
0x011B	0x291E      	GOTO       L__main22
0x011C	0x3005      	MOVLW      5
0x011D	0x0670      	XORWF      R0, 0
L__main22:
0x011E	0x1D03      	BTFSS      STATUS, 2
0x011F	0x2921      	GOTO       L_main5
;EXP4.c,27 :: 		PORTC.RC1 = 1;
0x0120	0x1487      	BSF        PORTC, 1
;EXP4.c,28 :: 		}
L_main5:
;EXP4.c,29 :: 		} else {
0x0121	0x2926      	GOTO       L_main6
L_main4:
;EXP4.c,30 :: 		PORTD = numbers[0];
0x0122	0x0828      	MOVF       _numbers, 0
0x0123	0x0088      	MOVWF      PORTD
;EXP4.c,31 :: 		PORTA.RA5 = 1;
0x0124	0x1685      	BSF        PORTA, 5
;EXP4.c,32 :: 		PORTC.RC1 = 0;
0x0125	0x1087      	BCF        PORTC, 1
;EXP4.c,33 :: 		}
L_main6:
;EXP4.c,34 :: 		Delay_ms(2);
0x0126	0x3006      	MOVLW      6
0x0127	0x00FC      	MOVWF      R12
0x0128	0x3030      	MOVLW      48
0x0129	0x00FD      	MOVWF      R13
L_main7:
0x012A	0x0BFD      	DECFSZ     R13, 1
0x012B	0x292A      	GOTO       L_main7
0x012C	0x0BFC      	DECFSZ     R12, 1
0x012D	0x292A      	GOTO       L_main7
0x012E	0x0000      	NOP
;EXP4.c,35 :: 		PORTA.RA5 = 0;
0x012F	0x1285      	BCF        PORTA, 5
;EXP4.c,37 :: 		if(count % 100 != 0) {
0x0130	0x3064      	MOVLW      100
0x0131	0x00F4      	MOVWF      R4
0x0132	0x3000      	MOVLW      0
0x0133	0x00F5      	MOVWF      R4+1
0x0134	0x0826      	MOVF       _count, 0
0x0135	0x00F0      	MOVWF      R0
0x0136	0x0827      	MOVF       _count+1, 0
0x0137	0x00F1      	MOVWF      R0+1
0x0138	0x2042      	CALL       _Div_16x16_S
0x0139	0x0878      	MOVF       R8, 0
0x013A	0x00F0      	MOVWF      R0
0x013B	0x0879      	MOVF       R8+1, 0
0x013C	0x00F1      	MOVWF      R0+1
0x013D	0x3000      	MOVLW      0
0x013E	0x0671      	XORWF      R0+1, 0
0x013F	0x1D03      	BTFSS      STATUS, 2
0x0140	0x2943      	GOTO       L__main23
0x0141	0x3000      	MOVLW      0
0x0142	0x0670      	XORWF      R0, 0
L__main23:
0x0143	0x1903      	BTFSC      STATUS, 2
0x0144	0x2969      	GOTO       L_main8
;EXP4.c,38 :: 		tempDec = (int) (count % 100) / 10;
0x0145	0x3064      	MOVLW      100
0x0146	0x00F4      	MOVWF      R4
0x0147	0x3000      	MOVLW      0
0x0148	0x00F5      	MOVWF      R4+1
0x0149	0x0826      	MOVF       _count, 0
0x014A	0x00F0      	MOVWF      R0
0x014B	0x0827      	MOVF       _count+1, 0
0x014C	0x00F1      	MOVWF      R0+1
0x014D	0x2042      	CALL       _Div_16x16_S
0x014E	0x0878      	MOVF       R8, 0
0x014F	0x00F0      	MOVWF      R0
0x0150	0x0879      	MOVF       R8+1, 0
0x0151	0x00F1      	MOVWF      R0+1
0x0152	0x300A      	MOVLW      10
0x0153	0x00F4      	MOVWF      R4
0x0154	0x3000      	MOVLW      0
0x0155	0x00F5      	MOVWF      R4+1
0x0156	0x2042      	CALL       _Div_16x16_S
0x0157	0x0870      	MOVF       R0, 0
0x0158	0x00A2      	MOVWF      _tempDec
0x0159	0x0871      	MOVF       R0+1, 0
0x015A	0x00A3      	MOVWF      _tempDec+1
;EXP4.c,39 :: 		PORTD = numbers[tempDec];
0x015B	0x0870      	MOVF       R0, 0
0x015C	0x00F2      	MOVWF      R2
0x015D	0x0871      	MOVF       R0+1, 0
0x015E	0x00F3      	MOVWF      R2+1
0x015F	0x0DF2      	RLF        R2, 1
0x0160	0x0DF3      	RLF        R2+1, 1
0x0161	0x1072      	BCF        R2, 0
0x0162	0x0872      	MOVF       R2, 0
0x0163	0x3E28      	ADDLW      _numbers
0x0164	0x0084      	MOVWF      FSR
0x0165	0x0800      	MOVF       INDF, 0
0x0166	0x0088      	MOVWF      PORTD
;EXP4.c,40 :: 		PORTA.RA4 = 1;
0x0167	0x1605      	BSF        PORTA, 4
;EXP4.c,41 :: 		} else {
0x0168	0x296C      	GOTO       L_main9
L_main8:
;EXP4.c,42 :: 		PORTD = numbers[0];
0x0169	0x0828      	MOVF       _numbers, 0
0x016A	0x0088      	MOVWF      PORTD
;EXP4.c,43 :: 		PORTA.RA4 = 1;
0x016B	0x1605      	BSF        PORTA, 4
;EXP4.c,44 :: 		}
L_main9:
;EXP4.c,45 :: 		Delay_ms(3);
0x016C	0x3008      	MOVLW      8
0x016D	0x00FC      	MOVWF      R12
0x016E	0x30C9      	MOVLW      201
0x016F	0x00FD      	MOVWF      R13
L_main10:
0x0170	0x0BFD      	DECFSZ     R13, 1
0x0171	0x2970      	GOTO       L_main10
0x0172	0x0BFC      	DECFSZ     R12, 1
0x0173	0x2970      	GOTO       L_main10
0x0174	0x0000      	NOP
0x0175	0x0000      	NOP
;EXP4.c,46 :: 		PORTA.RA4 = 0;
0x0176	0x1205      	BCF        PORTA, 4
;EXP4.c,48 :: 		if(count % 1000 != 0) {
0x0177	0x30E8      	MOVLW      232
0x0178	0x00F4      	MOVWF      R4
0x0179	0x3003      	MOVLW      3
0x017A	0x00F5      	MOVWF      R4+1
0x017B	0x0826      	MOVF       _count, 0
0x017C	0x00F0      	MOVWF      R0
0x017D	0x0827      	MOVF       _count+1, 0
0x017E	0x00F1      	MOVWF      R0+1
0x017F	0x2042      	CALL       _Div_16x16_S
0x0180	0x0878      	MOVF       R8, 0
0x0181	0x00F0      	MOVWF      R0
0x0182	0x0879      	MOVF       R8+1, 0
0x0183	0x00F1      	MOVWF      R0+1
0x0184	0x3000      	MOVLW      0
0x0185	0x0671      	XORWF      R0+1, 0
0x0186	0x1D03      	BTFSS      STATUS, 2
0x0187	0x298A      	GOTO       L__main24
0x0188	0x3000      	MOVLW      0
0x0189	0x0670      	XORWF      R0, 0
L__main24:
0x018A	0x1903      	BTFSC      STATUS, 2
0x018B	0x29B0      	GOTO       L_main11
;EXP4.c,49 :: 		tempCent = (int) (count % 1000) / 100;
0x018C	0x30E8      	MOVLW      232
0x018D	0x00F4      	MOVWF      R4
0x018E	0x3003      	MOVLW      3
0x018F	0x00F5      	MOVWF      R4+1
0x0190	0x0826      	MOVF       _count, 0
0x0191	0x00F0      	MOVWF      R0
0x0192	0x0827      	MOVF       _count+1, 0
0x0193	0x00F1      	MOVWF      R0+1
0x0194	0x2042      	CALL       _Div_16x16_S
0x0195	0x0878      	MOVF       R8, 0
0x0196	0x00F0      	MOVWF      R0
0x0197	0x0879      	MOVF       R8+1, 0
0x0198	0x00F1      	MOVWF      R0+1
0x0199	0x3064      	MOVLW      100
0x019A	0x00F4      	MOVWF      R4
0x019B	0x3000      	MOVLW      0
0x019C	0x00F5      	MOVWF      R4+1
0x019D	0x2042      	CALL       _Div_16x16_S
0x019E	0x0870      	MOVF       R0, 0
0x019F	0x00A4      	MOVWF      _tempCent
0x01A0	0x0871      	MOVF       R0+1, 0
0x01A1	0x00A5      	MOVWF      _tempCent+1
;EXP4.c,50 :: 		PORTD = numbers[tempCent];
0x01A2	0x0870      	MOVF       R0, 0
0x01A3	0x00F2      	MOVWF      R2
0x01A4	0x0871      	MOVF       R0+1, 0
0x01A5	0x00F3      	MOVWF      R2+1
0x01A6	0x0DF2      	RLF        R2, 1
0x01A7	0x0DF3      	RLF        R2+1, 1
0x01A8	0x1072      	BCF        R2, 0
0x01A9	0x0872      	MOVF       R2, 0
0x01AA	0x3E28      	ADDLW      _numbers
0x01AB	0x0084      	MOVWF      FSR
0x01AC	0x0800      	MOVF       INDF, 0
0x01AD	0x0088      	MOVWF      PORTD
;EXP4.c,51 :: 		PORTA.RA3 = 1;
0x01AE	0x1585      	BSF        PORTA, 3
;EXP4.c,52 :: 		} else {
0x01AF	0x29B3      	GOTO       L_main12
L_main11:
;EXP4.c,53 :: 		PORTD = numbers[0];
0x01B0	0x0828      	MOVF       _numbers, 0
0x01B1	0x0088      	MOVWF      PORTD
;EXP4.c,54 :: 		PORTA.RA3 = 1;
0x01B2	0x1585      	BSF        PORTA, 3
;EXP4.c,55 :: 		}
L_main12:
;EXP4.c,56 :: 		Delay_ms(2);
0x01B3	0x3006      	MOVLW      6
0x01B4	0x00FC      	MOVWF      R12
0x01B5	0x3030      	MOVLW      48
0x01B6	0x00FD      	MOVWF      R13
L_main13:
0x01B7	0x0BFD      	DECFSZ     R13, 1
0x01B8	0x29B7      	GOTO       L_main13
0x01B9	0x0BFC      	DECFSZ     R12, 1
0x01BA	0x29B7      	GOTO       L_main13
0x01BB	0x0000      	NOP
;EXP4.c,57 :: 		PORTA.RA3 = 0;
0x01BC	0x1185      	BCF        PORTA, 3
;EXP4.c,59 :: 		if(count % 10000 != 0) {
0x01BD	0x3010      	MOVLW      16
0x01BE	0x00F4      	MOVWF      R4
0x01BF	0x3027      	MOVLW      39
0x01C0	0x00F5      	MOVWF      R4+1
0x01C1	0x0826      	MOVF       _count, 0
0x01C2	0x00F0      	MOVWF      R0
0x01C3	0x0827      	MOVF       _count+1, 0
0x01C4	0x00F1      	MOVWF      R0+1
0x01C5	0x2042      	CALL       _Div_16x16_S
0x01C6	0x0878      	MOVF       R8, 0
0x01C7	0x00F0      	MOVWF      R0
0x01C8	0x0879      	MOVF       R8+1, 0
0x01C9	0x00F1      	MOVWF      R0+1
0x01CA	0x3000      	MOVLW      0
0x01CB	0x0671      	XORWF      R0+1, 0
0x01CC	0x1D03      	BTFSS      STATUS, 2
0x01CD	0x29D0      	GOTO       L__main25
0x01CE	0x3000      	MOVLW      0
0x01CF	0x0670      	XORWF      R0, 0
L__main25:
0x01D0	0x1903      	BTFSC      STATUS, 2
0x01D1	0x29F6      	GOTO       L_main14
;EXP4.c,60 :: 		tempCent = (int) (count % 10000) / 1000;
0x01D2	0x3010      	MOVLW      16
0x01D3	0x00F4      	MOVWF      R4
0x01D4	0x3027      	MOVLW      39
0x01D5	0x00F5      	MOVWF      R4+1
0x01D6	0x0826      	MOVF       _count, 0
0x01D7	0x00F0      	MOVWF      R0
0x01D8	0x0827      	MOVF       _count+1, 0
0x01D9	0x00F1      	MOVWF      R0+1
0x01DA	0x2042      	CALL       _Div_16x16_S
0x01DB	0x0878      	MOVF       R8, 0
0x01DC	0x00F0      	MOVWF      R0
0x01DD	0x0879      	MOVF       R8+1, 0
0x01DE	0x00F1      	MOVWF      R0+1
0x01DF	0x30E8      	MOVLW      232
0x01E0	0x00F4      	MOVWF      R4
0x01E1	0x3003      	MOVLW      3
0x01E2	0x00F5      	MOVWF      R4+1
0x01E3	0x2042      	CALL       _Div_16x16_S
0x01E4	0x0870      	MOVF       R0, 0
0x01E5	0x00A4      	MOVWF      _tempCent
0x01E6	0x0871      	MOVF       R0+1, 0
0x01E7	0x00A5      	MOVWF      _tempCent+1
;EXP4.c,61 :: 		PORTD = numbers[tempCent];
0x01E8	0x0870      	MOVF       R0, 0
0x01E9	0x00F2      	MOVWF      R2
0x01EA	0x0871      	MOVF       R0+1, 0
0x01EB	0x00F3      	MOVWF      R2+1
0x01EC	0x0DF2      	RLF        R2, 1
0x01ED	0x0DF3      	RLF        R2+1, 1
0x01EE	0x1072      	BCF        R2, 0
0x01EF	0x0872      	MOVF       R2, 0
0x01F0	0x3E28      	ADDLW      _numbers
0x01F1	0x0084      	MOVWF      FSR
0x01F2	0x0800      	MOVF       INDF, 0
0x01F3	0x0088      	MOVWF      PORTD
;EXP4.c,62 :: 		PORTA.RA2 = 1;
0x01F4	0x1505      	BSF        PORTA, 2
;EXP4.c,63 :: 		} else {
0x01F5	0x29F9      	GOTO       L_main15
L_main14:
;EXP4.c,64 :: 		PORTD = numbers[0];
0x01F6	0x0828      	MOVF       _numbers, 0
0x01F7	0x0088      	MOVWF      PORTD
;EXP4.c,65 :: 		PORTA.RA2 = 1;
0x01F8	0x1505      	BSF        PORTA, 2
;EXP4.c,66 :: 		}
L_main15:
;EXP4.c,67 :: 		Delay_ms(2);
0x01F9	0x3006      	MOVLW      6
0x01FA	0x00FC      	MOVWF      R12
0x01FB	0x3030      	MOVLW      48
0x01FC	0x00FD      	MOVWF      R13
L_main16:
0x01FD	0x0BFD      	DECFSZ     R13, 1
0x01FE	0x29FD      	GOTO       L_main16
0x01FF	0x0BFC      	DECFSZ     R12, 1
0x0200	0x29FD      	GOTO       L_main16
0x0201	0x0000      	NOP
;EXP4.c,68 :: 		PORTA.RA2 = 0;
0x0202	0x1105      	BCF        PORTA, 2
;EXP4.c,70 :: 		time += 50;
0x0203	0x3032      	MOVLW      50
0x0204	0x07A0      	ADDWF      _time, 1
0x0205	0x1803      	BTFSC      STATUS, 0
0x0206	0x0AA1      	INCF       _time+1, 1
;EXP4.c,71 :: 		}
0x0207	0x28DE      	GOTO       L_main2
L_main3:
;EXP4.c,72 :: 		count++;
0x0208	0x0AA6      	INCF       _count, 1
0x0209	0x1903      	BTFSC      STATUS, 2
0x020A	0x0AA7      	INCF       _count+1, 1
;EXP4.c,74 :: 		if(count >= 10000) count = 0;
0x020B	0x3080      	MOVLW      128
0x020C	0x0627      	XORWF      _count+1, 0
0x020D	0x00F0      	MOVWF      R0
0x020E	0x3080      	MOVLW      128
0x020F	0x3A27      	XORLW      39
0x0210	0x0270      	SUBWF      R0, 0
0x0211	0x1D03      	BTFSS      STATUS, 2
0x0212	0x2A15      	GOTO       L__main26
0x0213	0x3010      	MOVLW      16
0x0214	0x0226      	SUBWF      _count, 0
L__main26:
0x0215	0x1C03      	BTFSS      STATUS, 0
0x0216	0x2A19      	GOTO       L_main17
0x0217	0x01A6      	CLRF       _count
0x0218	0x01A7      	CLRF       _count+1
L_main17:
;EXP4.c,75 :: 		if(time >= 200) time = 0;
0x0219	0x3080      	MOVLW      128
0x021A	0x0621      	XORWF      _time+1, 0
0x021B	0x00F0      	MOVWF      R0
0x021C	0x3080      	MOVLW      128
0x021D	0x0270      	SUBWF      R0, 0
0x021E	0x1D03      	BTFSS      STATUS, 2
0x021F	0x2A22      	GOTO       L__main27
0x0220	0x30C8      	MOVLW      200
0x0221	0x0220      	SUBWF      _time, 0
L__main27:
0x0222	0x1C03      	BTFSS      STATUS, 0
0x0223	0x2A26      	GOTO       L_main18
0x0224	0x01A0      	CLRF       _time
0x0225	0x01A1      	CLRF       _time+1
L_main18:
;EXP4.c,77 :: 		PORTA.RA2 = 0;
0x0226	0x1105      	BCF        PORTA, 2
;EXP4.c,78 :: 		PORTA.RA3 = 0;
0x0227	0x1185      	BCF        PORTA, 3
;EXP4.c,79 :: 		PORTA.RA4 = 0;
0x0228	0x1205      	BCF        PORTA, 4
;EXP4.c,82 :: 		}
0x0229	0x28DE      	GOTO       L_main0
;EXP4.c,84 :: 		}
L_end_main:
0x022A	0x2A2A      	GOTO       $+0
; end of _main
Symbol List:
//** Routines locations **
//ADDRESS    SIZE    PROCEDURE
//----------------------------------------------
0x0003      [44]    _Div_16x16_S_L
0x002F       [7]    _____DoICP
0x0036      [12]    ___CC2DW
0x0042     [105]    _Div_16x16_S
0x00AB     [384]    _main
//** Variables locations ** 
//ADDRESS    SIZE    VARIABLE
//----------------------------------------------
0x0000       [1]    INDF
0x0002       [1]    PCL
0x0003       [1]    STATUS
0x0004       [1]    FSR
0x0005       [1]    PORTA
0x0007       [1]    PORTC
0x0008       [1]    PORTD
0x000A       [1]    PCLATH
0x0020       [2]    _time
0x0022       [2]    _tempDec
0x0024       [2]    _tempCent
0x0026       [2]    _count
0x0028      [20]    _numbers
0x003C       [2]    ___DoICPAddr
0x0070       [1]    R0
0x0071       [1]    R1
0x0072       [1]    R2
0x0073       [1]    R3
0x0074       [1]    R4
0x0075       [1]    R5
0x0076       [1]    R6
0x0077       [1]    R7
0x0078       [1]    R8
0x0079       [1]    R9
0x007A       [1]    R10
0x007B       [1]    R11
0x007C       [1]    R12
0x007D       [1]    R13
0x007E       [1]    R14
0x007F       [1]    R15
0x0085       [1]    TRISA
0x0087       [1]    TRISC
0x0088       [1]    TRISD
0x009F       [1]    ADCON1
//** Label List: ** 
//----------------------------------------------
  L_main0
  L_main1
  L_main2
  L_main3
  L_main4
  L_main5
  L_main6
  L_main7
  L_main8
  L_main9
  L_main10
  L_main11
  L_main12
  L_main13
  L_main14
  L_main15
  L_main16
  L_main17
  L_main18
  L_end_main
  _main
  L__main20
  L__main21
  L__main22
  L__main23
  L__main24
  L__main25
  L__main26
  L__main27
  L_Div_16x16_S0
  L_Div_16x16_S1
  LOOPS3232A
  SADD22LA
  SOK22LA
  SADD22L8
  SOK22L8
  LOOPS3232B
  SADD22LB
  SOK22LB
  SADD22L16
  SOK22L16
  LOOPS3232C
  SADD22LC
  SOK22LC
  SADD22L24
  SOK22L24
  LOOPS3232D
  SADD22LD
  SOK22LD
  SOK22L
  L_Div_32x32_S6
  L_Div_32x32_S7
  L_Div_32x32_S8
  L_Div_32x32_S9
  FXD3232S
  END_ALL
  CA3232S
  C3232SX
  C3232SX1
  C3232S
  C3232S2
  C3232SX4
  C3232SOK
  C3232SX3
  C3232SX2
  avoid_comfrem
  LOOPU3232A
  UADD22LA
  UOK22LA
  UADD22L8
  UOK22L8
  LOOPU3232B
  UADD22LB
  UOK22LB
  UADD22L16
  UOK22L16
  LOOPU3232C
  UADD22LC
  UOK22LC
  UADD22L24
  UOK22L24
  LOOPU3232D
  UADD22LD
  UOK22LD
  UOK22L
  _NEXT
  _EXIT2
  _LOOP
  _EXIT1
  _IF_FIRST
  _IF_SECOND
  _INVERCE_FIRST
  _MULT
  _INBERSE_SECOND
  _EXIT
  L_end_Mul_8x8_U
  _Mul_8x8_U
  L_end_Mul_16x16_U
  _Mul_16x16_U
  L_end_Div_8x8_U
  _Div_8x8_U
  L_end_Div_16x16_U
  _Div_16x16_U
  L_end_Mul_8x8_S
  _Mul_8x8_S
  L_end_Mul_16x16_S
  _Mul_16x16_S
  L_end_Div_16x16_S_L
  _Div_16x16_S_L
  L_end_Div_16x16_S
  _Div_16x16_S
  L_end_Div_8x8_S
  _Div_8x8_S
  L_end_SDIV3232L
  _SDIV3232L
  L_end_COMFREM
  _COMFREM
  L_end_Div_32x32_S
  _Div_32x32_S
  L_end_Div_32x32_U
  _Div_32x32_U
  L_end_Mul_32x32_U
  _Mul_32x32_U
  L_end_Mul_32x32_S
  _Mul_32x32_S
  L_loopCA2AWs
  L_CA2AWend
  _CCA2AW_Loop1
  L_loopCS2Ss
  L_CS2Send
  _CCS2S_Loop1
  L_CCS2Send
  L_loopFZinSWs
  L_FZinSend
  _CC2D_Loop1
  L_end_____DoICP
  _____DoICP
  L_end_____DoIFC
  _____DoIFC
  L_end___CA2AW
  ___CA2AW
  L_end___CCA2AW
  ___CCA2AW
  L_end___CS2S
  ___CS2S
  L_end___CCS2S
  ___CCS2S
  L_end___FZinS
  ___FZinS
  L_end___CC2DW
  ___CC2DW
  L_end_Swap
  _Swap
