0	1	mikroCPIC1618.exe -MSF -DBG -pP16F877A -RA -DL -O11111114 -fo8 -N"E:\8.PICMICRO\CODEEX\0.MICROGENIOS\PIC16F877A\A.EEPROM_24C04\EEPROM_24C04.mcppi" -SP"C:\Users\Public\Documents\Mikroelektronika\mikroC PRO for PIC\defs\" -SP"C:\Users\Public\Documents\Mikroelektronika\mikroC PRO for PIC\Uses\P16\" -SP"E:\8.PICMICRO\CODEEX\0.MICROGENIOS\PIC16F877A\A.EEPROM_24C04\" -SP"E:\8.PICMICRO\CODEEX\0.MICROGENIOS\PIC16F877A\A.EEPROM_24C04.NAO_OK\" -SP"W:\8.PICMICRO\CODEEX\0.MICROGENIOS\PIC18F4520\25 - EEPROM_24C04\" -SP"C:\Arquivos de programas\Mikroelektronika\mikroC PRO for PIC\defs\" -SP"C:\Arquivos de programas\Mikroelektronika\mikroC PRO for PIC\uses\P18\" -SP"Z:\Microgenios Arquivos\Arquivos de CDs\CD Kit PICgenios\Exemplos de Programas\Linguagem C - MikroC PRO\PIC18F4520\25 - EEPROM_24C04\" -SP"C:\Microgenios\Microcontroladores\PIC\Compiladores\MikroC\Programa\PRO\Exemplos\PIC18F4520\XX - EEPROM_24C04\" -SP"C:\Microgenios\Microcontroladores\PIC\Compiladores\MikroC\Programa\PRO\Exemplos\PIC18F4520\XX - EEPROM_24C02\" -SP"C:\Microgenios\Microcontroladores\PIC\Compiladores\MikroC\Programa\PRO\Exemplos\PIC18F4520\XX - EEPROM_INTERNA\" -SP"C:\Microgenios\Microcontroladores\PIC\Compiladores\MikroC\Programa\PRO\Exemplos\PIC18F4520\XX - EEPROM\" -SP"C:\Microgenios\Microcontroladores\PIC\Compiladores\MikroC\Programa\PRO\Exemplos\PIC18F4520\XX - INFRA_PWM_AN0\" -SP"C:\Microgenios\Microcontroladores\PIC\Compiladores\MikroC\Programa\PRO\Exemplos\PIC18F4520\xx - AD_AN0_PWM\" "main.c" "__Lib_Math.mcl" "__Lib_MathDouble.mcl" "__Lib_System.mcl" "__Lib_Delays.mcl" "__Lib_I2C_c34.mcl" "__Lib_LcdConsts.mcl" "__Lib_Lcd.mcl"	 
warning: 0	1501	Specified search path does not exist: 'E:\8.PICMICRO\CODEEX\0.MICROGENIOS\PIC16F877A\A.EEPROM_24C04.NAO_OK'	 
warning: 0	1501	Specified search path does not exist: 'W:\8.PICMICRO\CODEEX\0.MICROGENIOS\PIC18F4520\25 - EEPROM_24C04'	 
warning: 0	1501	Specified search path does not exist: 'C:\Arquivos de programas\Mikroelektronika\mikroC PRO for PIC\defs'	 
warning: 0	1501	Specified search path does not exist: 'C:\Arquivos de programas\Mikroelektronika\mikroC PRO for PIC\uses\P18'	 
warning: 0	1501	Specified search path does not exist: 'Z:\Microgenios Arquivos\Arquivos de CDs\CD Kit PICgenios\Exemplos de Programas\Linguagem C - MikroC PRO\PIC18F4520\25 - EEPROM_24C04'	 
warning: 0	1501	Specified search path does not exist: 'C:\Microgenios\Microcontroladores\PIC\Compiladores\MikroC\Programa\PRO\Exemplos\PIC18F4520\XX - EEPROM_24C04'	 
warning: 0	1501	Specified search path does not exist: 'C:\Microgenios\Microcontroladores\PIC\Compiladores\MikroC\Programa\PRO\Exemplos\PIC18F4520\XX - EEPROM_24C02'	 
warning: 0	1501	Specified search path does not exist: 'C:\Microgenios\Microcontroladores\PIC\Compiladores\MikroC\Programa\PRO\Exemplos\PIC18F4520\XX - EEPROM_INTERNA'	 
warning: 0	1501	Specified search path does not exist: 'C:\Microgenios\Microcontroladores\PIC\Compiladores\MikroC\Programa\PRO\Exemplos\PIC18F4520\XX - EEPROM'	 
warning: 0	1501	Specified search path does not exist: 'C:\Microgenios\Microcontroladores\PIC\Compiladores\MikroC\Programa\PRO\Exemplos\PIC18F4520\XX - INFRA_PWM_AN0'	 
warning: 0	1501	Specified search path does not exist: 'C:\Microgenios\Microcontroladores\PIC\Compiladores\MikroC\Programa\PRO\Exemplos\PIC18F4520\xx - AD_AN0_PWM'	 
hint: 0	1139	Available RAM: 352 [bytes], Available ROM: 8192 [bytes]	 
diagnostics: 0	122	Compilation Started	P16F877A.c
diagnostics: 666	123	Compiled Successfully	P16F877A.c
diagnostics: 0	122	Compilation Started	__Lib_Delays.c
diagnostics: 123	123	Compiled Successfully	__Lib_Delays.c
diagnostics: 0	122	Compilation Started	main.c
diagnostics: 62	123	Compiled Successfully	main.c
diagnostics: 0	127	All files Compiled in 16 ms	 
hint: 0	1144	Used RAM (bytes): 41 (12%)  Free RAM (bytes): 311 (88%)	Used RAM (bytes): 41 (12%)  Free RAM (bytes): 311 (88%)
hint: 0	1144	Used ROM (program words): 630 (8%)  Free ROM (program words): 7562 (92%)	Used ROM (program words): 630 (8%)  Free ROM (program words): 7562 (92%)
diagnostics: 0	125	Project Linked Successfully	EEPROM_24C04.mcppi
diagnostics: 0	128	Linked in 47 ms	 
diagnostics: 0	129	Project 'EEPROM_24C04.mcppi' completed: 125 ms	 
diagnostics: 0	103	Finished successfully: 15 out 2014, 09:37:44	EEPROM_24C04.mcppi
