;  LST file generated by mikroListExporter - v.2.0 
; Date/Time: 15/10/2014 09:37:44
;----------------------------------------------

;Address Opcode 	ASM
0x0000	0x29E9      	GOTO       489
_Delay_1us:
;__Lib_Delays.c,7 :: 		void Delay_1us() {
;__Lib_Delays.c,8 :: 		Delay_us(1);
0x0003	0x0000      	NOP
0x0004	0x0000      	NOP
;__Lib_Delays.c,9 :: 		}
L_end_Delay_1us:
0x0005	0x0008      	RETURN
; end of _Delay_1us
_Delay_5500us:
;__Lib_Delays.c,31 :: 		void Delay_5500us() {
;__Lib_Delays.c,32 :: 		Delay_us(5500);
0x0006	0x300F      	MOVLW      15
0x0007	0x1283      	BCF        STATUS, 5
0x0008	0x1303      	BCF        STATUS, 6
0x0009	0x00FC      	MOVWF      R12
0x000A	0x3047      	MOVLW      71
0x000B	0x00FD      	MOVWF      R13
L_Delay_5500us5:
0x000C	0x0BFD      	DECFSZ     R13, 1
0x000D	0x280C      	GOTO       L_Delay_5500us5
0x000E	0x0BFC      	DECFSZ     R12, 1
0x000F	0x280C      	GOTO       L_Delay_5500us5
0x0010	0x0000      	NOP
0x0011	0x0000      	NOP
;__Lib_Delays.c,33 :: 		}
L_end_Delay_5500us:
0x0012	0x0008      	RETURN
; end of _Delay_5500us
_Delay_50us:
;__Lib_Delays.c,19 :: 		void Delay_50us() {
;__Lib_Delays.c,20 :: 		Delay_us(50);
0x0013	0x3021      	MOVLW      33
0x0014	0x1283      	BCF        STATUS, 5
0x0015	0x1303      	BCF        STATUS, 6
0x0016	0x00FD      	MOVWF      R13
L_Delay_50us2:
0x0017	0x0BFD      	DECFSZ     R13, 1
0x0018	0x2817      	GOTO       L_Delay_50us2
;__Lib_Delays.c,21 :: 		}
L_end_Delay_50us:
0x0019	0x0008      	RETURN
; end of _Delay_50us
_I2C1_Is_Idle:
;__Lib_I2C_c34.c,13 :: 		
;__Lib_I2C_c34.c,14 :: 		
0x001A	0x1683      	BSF        STATUS, 5
0x001B	0x1303      	BCF        STATUS, 6
0x001C	0x1914      	BTFSC      SSPSTAT, 2
0x001D	0x2828      	GOTO       L_I2C1_Is_Idle0
;__Lib_I2C_c34.c,15 :: 		
0x001E	0x301F      	MOVLW      31
0x001F	0x0511      	ANDWF      SSPCON2, 0
0x0020	0x00F1      	MOVWF      R1
0x0021	0x0871      	MOVF       R1, 0
0x0022	0x3A00      	XORLW      0
0x0023	0x1D03      	BTFSS      STATUS, 2
0x0024	0x2828      	GOTO       L_I2C1_Is_Idle1
;__Lib_I2C_c34.c,16 :: 		
0x0025	0x3001      	MOVLW      1
0x0026	0x00F0      	MOVWF      R0
0x0027	0x2829      	GOTO       L_end_I2C1_Is_Idle
L_I2C1_Is_Idle1:
L_I2C1_Is_Idle0:
;__Lib_I2C_c34.c,17 :: 		
0x0028	0x01F0      	CLRF       R0
;__Lib_I2C_c34.c,18 :: 		
L_end_I2C1_Is_Idle:
0x0029	0x0008      	RETURN
; end of _I2C1_Is_Idle
_Lcd_Cmd:
;__Lib_Lcd.c,18 :: 		
;__Lib_Lcd.c,20 :: 		
0x002A	0x1283      	BCF        STATUS, 5
0x002B	0x1303      	BCF        STATUS, 6
0x002C	0x1BC9      	BTFSC      FARG_Lcd_Cmd_out_char, 7
0x002D	0x2830      	GOTO       L__Lcd_Cmd21
0x002E	0x1388      	BCF        LCD_D7, BitPos(LCD_D7+0)
0x002F	0x2831      	GOTO       L__Lcd_Cmd22
L__Lcd_Cmd21:
0x0030	0x1788      	BSF        LCD_D7, BitPos(LCD_D7+0)
L__Lcd_Cmd22:
;__Lib_Lcd.c,21 :: 		
0x0031	0x1B49      	BTFSC      FARG_Lcd_Cmd_out_char, 6
0x0032	0x2835      	GOTO       L__Lcd_Cmd23
0x0033	0x1308      	BCF        LCD_D6, BitPos(LCD_D6+0)
0x0034	0x2836      	GOTO       L__Lcd_Cmd24
L__Lcd_Cmd23:
0x0035	0x1708      	BSF        LCD_D6, BitPos(LCD_D6+0)
L__Lcd_Cmd24:
;__Lib_Lcd.c,22 :: 		
0x0036	0x1AC9      	BTFSC      FARG_Lcd_Cmd_out_char, 5
0x0037	0x283A      	GOTO       L__Lcd_Cmd25
0x0038	0x1288      	BCF        LCD_D5, BitPos(LCD_D5+0)
0x0039	0x283B      	GOTO       L__Lcd_Cmd26
L__Lcd_Cmd25:
0x003A	0x1688      	BSF        LCD_D5, BitPos(LCD_D5+0)
L__Lcd_Cmd26:
;__Lib_Lcd.c,23 :: 		
0x003B	0x1A49      	BTFSC      FARG_Lcd_Cmd_out_char, 4
0x003C	0x283F      	GOTO       L__Lcd_Cmd27
0x003D	0x1208      	BCF        LCD_D4, BitPos(LCD_D4+0)
0x003E	0x2840      	GOTO       L__Lcd_Cmd28
L__Lcd_Cmd27:
0x003F	0x1608      	BSF        LCD_D4, BitPos(LCD_D4+0)
L__Lcd_Cmd28:
;__Lib_Lcd.c,25 :: 		
0x0040	0x183E      	BTFSC      __Lib_Lcd_cmd_status, BitPos(__Lib_Lcd_cmd_status+0)
0x0041	0x2844      	GOTO       L__Lcd_Cmd29
0x0042	0x1509      	BSF        LCD_RS, BitPos(LCD_RS+0)
0x0043	0x2845      	GOTO       L__Lcd_Cmd30
L__Lcd_Cmd29:
0x0044	0x1109      	BCF        LCD_RS, BitPos(LCD_RS+0)
L__Lcd_Cmd30:
;__Lib_Lcd.c,28 :: 		
0x0045	0x1489      	BSF        LCD_EN, BitPos(LCD_EN+0)
;__Lib_Lcd.c,29 :: 		
0x0046	0x2003      	CALL       _Delay_1us
;__Lib_Lcd.c,30 :: 		
0x0047	0x1089      	BCF        LCD_EN, BitPos(LCD_EN+0)
;__Lib_Lcd.c,33 :: 		
0x0048	0x19C9      	BTFSC      FARG_Lcd_Cmd_out_char, 3
0x0049	0x284C      	GOTO       L__Lcd_Cmd31
0x004A	0x1388      	BCF        LCD_D7, BitPos(LCD_D7+0)
0x004B	0x284D      	GOTO       L__Lcd_Cmd32
L__Lcd_Cmd31:
0x004C	0x1788      	BSF        LCD_D7, BitPos(LCD_D7+0)
L__Lcd_Cmd32:
;__Lib_Lcd.c,34 :: 		
0x004D	0x1949      	BTFSC      FARG_Lcd_Cmd_out_char, 2
0x004E	0x2851      	GOTO       L__Lcd_Cmd33
0x004F	0x1308      	BCF        LCD_D6, BitPos(LCD_D6+0)
0x0050	0x2852      	GOTO       L__Lcd_Cmd34
L__Lcd_Cmd33:
0x0051	0x1708      	BSF        LCD_D6, BitPos(LCD_D6+0)
L__Lcd_Cmd34:
;__Lib_Lcd.c,35 :: 		
0x0052	0x18C9      	BTFSC      FARG_Lcd_Cmd_out_char, 1
0x0053	0x2856      	GOTO       L__Lcd_Cmd35
0x0054	0x1288      	BCF        LCD_D5, BitPos(LCD_D5+0)
0x0055	0x2857      	GOTO       L__Lcd_Cmd36
L__Lcd_Cmd35:
0x0056	0x1688      	BSF        LCD_D5, BitPos(LCD_D5+0)
L__Lcd_Cmd36:
;__Lib_Lcd.c,36 :: 		
0x0057	0x1849      	BTFSC      FARG_Lcd_Cmd_out_char, 0
0x0058	0x285B      	GOTO       L__Lcd_Cmd37
0x0059	0x1208      	BCF        LCD_D4, BitPos(LCD_D4+0)
0x005A	0x285C      	GOTO       L__Lcd_Cmd38
L__Lcd_Cmd37:
0x005B	0x1608      	BSF        LCD_D4, BitPos(LCD_D4+0)
L__Lcd_Cmd38:
;__Lib_Lcd.c,38 :: 		
0x005C	0x183E      	BTFSC      __Lib_Lcd_cmd_status, BitPos(__Lib_Lcd_cmd_status+0)
0x005D	0x2860      	GOTO       L__Lcd_Cmd39
0x005E	0x1509      	BSF        LCD_RS, BitPos(LCD_RS+0)
0x005F	0x2861      	GOTO       L__Lcd_Cmd40
L__Lcd_Cmd39:
0x0060	0x1109      	BCF        LCD_RS, BitPos(LCD_RS+0)
L__Lcd_Cmd40:
;__Lib_Lcd.c,40 :: 		
0x0061	0x1489      	BSF        LCD_EN, BitPos(LCD_EN+0)
;__Lib_Lcd.c,41 :: 		
0x0062	0x2003      	CALL       _Delay_1us
;__Lib_Lcd.c,42 :: 		
0x0063	0x1089      	BCF        LCD_EN, BitPos(LCD_EN+0)
;__Lib_Lcd.c,44 :: 		
0x0064	0x1C3E      	BTFSS      __Lib_Lcd_cmd_status, BitPos(__Lib_Lcd_cmd_status+0)
0x0065	0x2868      	GOTO       L_Lcd_Cmd0
;__Lib_Lcd.c,45 :: 		
0x0066	0x2006      	CALL       _Delay_5500us
0x0067	0x2869      	GOTO       L_Lcd_Cmd1
L_Lcd_Cmd0:
;__Lib_Lcd.c,47 :: 		
0x0068	0x2013      	CALL       _Delay_50us
L_Lcd_Cmd1:
;__Lib_Lcd.c,48 :: 		
L_end_Lcd_Cmd:
0x0069	0x0008      	RETURN
; end of _Lcd_Cmd
_Lcd_Chr_CP:
;__Lib_Lcd.c,50 :: 		
;__Lib_Lcd.c,52 :: 		
0x006A	0x1283      	BCF        STATUS, 5
0x006B	0x1303      	BCF        STATUS, 6
0x006C	0x103E      	BCF        __Lib_Lcd_cmd_status, BitPos(__Lib_Lcd_cmd_status+0)
;__Lib_Lcd.c,53 :: 		
0x006D	0x0845      	MOVF       FARG_Lcd_Chr_CP_out_char, 0
0x006E	0x00C9      	MOVWF      FARG_Lcd_Cmd_out_char
0x006F	0x202A      	CALL       _Lcd_Cmd
;__Lib_Lcd.c,54 :: 		
0x0070	0x143E      	BSF        __Lib_Lcd_cmd_status, BitPos(__Lib_Lcd_cmd_status+0)
;__Lib_Lcd.c,55 :: 		
L_end_Lcd_Chr_CP:
0x0071	0x0008      	RETURN
; end of _Lcd_Chr_CP
_I2C1_Wr:
;__Lib_I2C_c34.c,68 :: 		
;__Lib_I2C_c34.c,70 :: 		
0x0072	0x1283      	BCF        STATUS, 5
0x0073	0x1303      	BCF        STATUS, 6
0x0074	0x118C      	BCF        PIR1, 3
;__Lib_I2C_c34.c,71 :: 		
0x0075	0x0845      	MOVF       FARG_I2C1_Wr_data_, 0
0x0076	0x0093      	MOVWF      SSPBUF
;__Lib_I2C_c34.c,73 :: 		
L_I2C1_Wr18:
0x0077	0x1683      	BSF        STATUS, 5
0x0078	0x1D14      	BTFSS      SSPSTAT, 2
0x0079	0x287B      	GOTO       L_I2C1_Wr19
;__Lib_I2C_c34.c,74 :: 		
0x007A	0x2877      	GOTO       L_I2C1_Wr18
L_I2C1_Wr19:
;__Lib_I2C_c34.c,76 :: 		
L_I2C1_Wr20:
0x007B	0x1283      	BCF        STATUS, 5
0x007C	0x198C      	BTFSC      PIR1, 3
0x007D	0x287F      	GOTO       L_I2C1_Wr21
;__Lib_I2C_c34.c,77 :: 		
0x007E	0x287B      	GOTO       L_I2C1_Wr20
L_I2C1_Wr21:
;__Lib_I2C_c34.c,79 :: 		
0x007F	0x1683      	BSF        STATUS, 5
0x0080	0x1B11      	BTFSC      SSPCON2, 6
0x0081	0x2884      	GOTO       L_I2C1_Wr22
;__Lib_I2C_c34.c,80 :: 		
0x0082	0x01F0      	CLRF       R0
0x0083	0x2887      	GOTO       L_end_I2C1_Wr
;__Lib_I2C_c34.c,81 :: 		
L_I2C1_Wr22:
;__Lib_I2C_c34.c,83 :: 		
0x0084	0x1511      	BSF        SSPCON2, 2
;__Lib_I2C_c34.c,84 :: 		
0x0085	0x3002      	MOVLW      2
0x0086	0x00F0      	MOVWF      R0
;__Lib_I2C_c34.c,86 :: 		
L_end_I2C1_Wr:
0x0087	0x0008      	RETURN
; end of _I2C1_Wr
_I2C1_Rd:
;__Lib_I2C_c34.c,44 :: 		
;__Lib_I2C_c34.c,47 :: 		
0x0088	0x1283      	BCF        STATUS, 5
0x0089	0x1303      	BCF        STATUS, 6
0x008A	0x118C      	BCF        PIR1, 3
;__Lib_I2C_c34.c,48 :: 		
0x008B	0x1683      	BSF        STATUS, 5
0x008C	0x1591      	BSF        SSPCON2, 3
;__Lib_I2C_c34.c,50 :: 		
L_I2C1_Rd12:
0x008D	0x1283      	BCF        STATUS, 5
0x008E	0x198C      	BTFSC      PIR1, 3
0x008F	0x2891      	GOTO       L_I2C1_Rd13
;__Lib_I2C_c34.c,51 :: 		
0x0090	0x288D      	GOTO       L_I2C1_Rd12
L_I2C1_Rd13:
;__Lib_I2C_c34.c,53 :: 		
0x0091	0x0813      	MOVF       SSPBUF, 0
0x0092	0x00F1      	MOVWF      R1
;__Lib_I2C_c34.c,54 :: 		
0x0093	0x0845      	MOVF       FARG_I2C1_Rd_ack, 0
0x0094	0x3A00      	XORLW      0
0x0095	0x1D03      	BTFSS      STATUS, 2
0x0096	0x289A      	GOTO       L_I2C1_Rd14
;__Lib_I2C_c34.c,55 :: 		
0x0097	0x1683      	BSF        STATUS, 5
0x0098	0x1691      	BSF        SSPCON2, 5
0x0099	0x289C      	GOTO       L_I2C1_Rd15
L_I2C1_Rd14:
0x009A	0x1683      	BSF        STATUS, 5
;__Lib_I2C_c34.c,57 :: 		
0x009B	0x1291      	BCF        SSPCON2, 5
L_I2C1_Rd15:
;__Lib_I2C_c34.c,59 :: 		
0x009C	0x1283      	BCF        STATUS, 5
0x009D	0x118C      	BCF        PIR1, 3
;__Lib_I2C_c34.c,60 :: 		
0x009E	0x1683      	BSF        STATUS, 5
0x009F	0x1611      	BSF        SSPCON2, 4
;__Lib_I2C_c34.c,62 :: 		
L_I2C1_Rd16:
0x00A0	0x1283      	BCF        STATUS, 5
0x00A1	0x198C      	BTFSC      PIR1, 3
0x00A2	0x28A4      	GOTO       L_I2C1_Rd17
;__Lib_I2C_c34.c,63 :: 		
0x00A3	0x28A0      	GOTO       L_I2C1_Rd16
L_I2C1_Rd17:
;__Lib_I2C_c34.c,65 :: 		
0x00A4	0x0871      	MOVF       R1, 0
0x00A5	0x00F0      	MOVWF      R0
;__Lib_I2C_c34.c,66 :: 		
L_end_I2C1_Rd:
0x00A6	0x0008      	RETURN
; end of _I2C1_Rd
_____DoICP:
;__Lib_System.c,6 :: 		
;__Lib_System.c,9 :: 		
0x00A7	0x1283      	BCF        STATUS, 5
0x00A8	0x1303      	BCF        STATUS, 6
0x00A9	0x0840      	MOVF       ___DoICPAddr+1, 0
0x00AA	0x008A      	MOVWF      PCLATH
;__Lib_System.c,10 :: 		
0x00AB	0x083F      	MOVF       ___DoICPAddr, 0
0x00AC	0x0082      	MOVWF      PCL
;__Lib_System.c,12 :: 		
L_end_____DoICP:
0x00AD	0x0008      	RETURN
; end of _____DoICP
_I2C1_Repeated_Start:
;__Lib_I2C_c34.c,38 :: 		
;__Lib_I2C_c34.c,39 :: 		
0x00AE	0x1683      	BSF        STATUS, 5
0x00AF	0x1303      	BCF        STATUS, 6
0x00B0	0x1491      	BSF        SSPCON2, 1
;__Lib_I2C_c34.c,40 :: 		
L_I2C1_Repeated_Start10:
0x00B1	0x1C91      	BTFSS      SSPCON2, 1
0x00B2	0x28B4      	GOTO       L_I2C1_Repeated_Start11
;__Lib_I2C_c34.c,41 :: 		
0x00B3	0x28B1      	GOTO       L_I2C1_Repeated_Start10
L_I2C1_Repeated_Start11:
;__Lib_I2C_c34.c,42 :: 		
L_end_I2C1_Repeated_Start:
0x00B4	0x0008      	RETURN
; end of _I2C1_Repeated_Start
_I2C1_Start:
;__Lib_I2C_c34.c,20 :: 		
;__Lib_I2C_c34.c,23 :: 		
0x00B5	0x1283      	BCF        STATUS, 5
0x00B6	0x1303      	BCF        STATUS, 6
0x00B7	0x01C5      	CLRF       I2C1_Start_j_L0
0x00B8	0x01C6      	CLRF       I2C1_Start_j_L0+1
L_I2C1_Start2:
0x00B9	0x0846      	MOVF       I2C1_Start_j_L0+1, 0
0x00BA	0x3C12      	SUBLW      18
0x00BB	0x1D03      	BTFSS      STATUS, 2
0x00BC	0x28BF      	GOTO       L__I2C1_Start27
0x00BD	0x0845      	MOVF       I2C1_Start_j_L0, 0
0x00BE	0x3C8E      	SUBLW      142
L__I2C1_Start27:
0x00BF	0x1C03      	BTFSS      STATUS, 0
0x00C0	0x28CB      	GOTO       L_I2C1_Start3
;__Lib_I2C_c34.c,24 :: 		
0x00C1	0x201A      	CALL       _I2C1_Is_Idle
0x00C2	0x0870      	MOVF       R0, 0
0x00C3	0x1903      	BTFSC      STATUS, 2
0x00C4	0x28C6      	GOTO       L_I2C1_Start5
;__Lib_I2C_c34.c,25 :: 		
0x00C5	0x28CB      	GOTO       L_I2C1_Start3
L_I2C1_Start5:
;__Lib_I2C_c34.c,23 :: 		
0x00C6	0x1283      	BCF        STATUS, 5
0x00C7	0x0AC5      	INCF       I2C1_Start_j_L0, 1
0x00C8	0x1903      	BTFSC      STATUS, 2
0x00C9	0x0AC6      	INCF       I2C1_Start_j_L0+1, 1
;__Lib_I2C_c34.c,26 :: 		
0x00CA	0x28B9      	GOTO       L_I2C1_Start2
L_I2C1_Start3:
0x00CB	0x1283      	BCF        STATUS, 5
;__Lib_I2C_c34.c,28 :: 		
0x00CC	0x3012      	MOVLW      18
0x00CD	0x0246      	SUBWF      I2C1_Start_j_L0+1, 0
0x00CE	0x1D03      	BTFSS      STATUS, 2
0x00CF	0x28D2      	GOTO       L__I2C1_Start28
0x00D0	0x308F      	MOVLW      143
0x00D1	0x0245      	SUBWF      I2C1_Start_j_L0, 0
L__I2C1_Start28:
0x00D2	0x1C03      	BTFSS      STATUS, 0
0x00D3	0x28D7      	GOTO       L_I2C1_Start6
;__Lib_I2C_c34.c,29 :: 		
0x00D4	0x307B      	MOVLW      123
0x00D5	0x00F0      	MOVWF      R0
0x00D6	0x28DD      	GOTO       L_end_I2C1_Start
L_I2C1_Start6:
;__Lib_I2C_c34.c,31 :: 		
0x00D7	0x1683      	BSF        STATUS, 5
0x00D8	0x1411      	BSF        SSPCON2, 0
;__Lib_I2C_c34.c,32 :: 		
L_I2C1_Start8:
0x00D9	0x1C11      	BTFSS      SSPCON2, 0
0x00DA	0x28DC      	GOTO       L_I2C1_Start9
;__Lib_I2C_c34.c,33 :: 		
0x00DB	0x28D9      	GOTO       L_I2C1_Start8
L_I2C1_Start9:
;__Lib_I2C_c34.c,34 :: 		
0x00DC	0x01F0      	CLRF       R0
;__Lib_I2C_c34.c,36 :: 		
L_end_I2C1_Start:
0x00DD	0x0008      	RETURN
; end of _I2C1_Start
_I2C1_Stop:
;__Lib_I2C_c34.c,89 :: 		
;__Lib_I2C_c34.c,90 :: 		
0x00DE	0x1683      	BSF        STATUS, 5
0x00DF	0x1303      	BCF        STATUS, 6
0x00E0	0x1511      	BSF        SSPCON2, 2
;__Lib_I2C_c34.c,91 :: 		
L_end_I2C1_Stop:
0x00E1	0x0008      	RETURN
; end of _I2C1_Stop
_I2C1_Init:
;__Lib_I2C_c34.c,4 :: 		
;__Lib_I2C_c34.c,5 :: 		
0x00E2	0x1683      	BSF        STATUS, 5
0x00E3	0x1303      	BCF        STATUS, 6
0x00E4	0x1314      	BCF        SSPSTAT, 6
;__Lib_I2C_c34.c,6 :: 		
0x00E5	0x1394      	BCF        SSPSTAT, 7
;__Lib_I2C_c34.c,7 :: 		
0x00E6	0x1607      	BSF        TRISC4_bit, BitPos(TRISC4_bit+0)
;__Lib_I2C_c34.c,8 :: 		
0x00E7	0x1587      	BSF        TRISC3_bit, BitPos(TRISC3_bit+0)
;__Lib_I2C_c34.c,9 :: 		
0x00E8	0x3038      	MOVLW      56
0x00E9	0x1283      	BCF        STATUS, 5
0x00EA	0x0094      	MOVWF      SSPCON
;__Lib_I2C_c34.c,11 :: 		
L_end_I2C1_Init:
0x00EB	0x0008      	RETURN
; end of _I2C1_Init
_Lcd_Chr:
;__Lib_Lcd.c,65 :: 		
;__Lib_Lcd.c,66 :: 		
0x00EC	0x28FE      	GOTO       L_Lcd_Chr4
;__Lib_Lcd.c,67 :: 		
L_Lcd_Chr6:
0x00ED	0x3080      	MOVLW      128
0x00EE	0x1283      	BCF        STATUS, 5
0x00EF	0x1303      	BCF        STATUS, 6
0x00F0	0x00C1      	MOVWF      FARG_Lcd_Chr_row
0x00F1	0x2911      	GOTO       L_Lcd_Chr5
;__Lib_Lcd.c,68 :: 		
L_Lcd_Chr7:
0x00F2	0x30C0      	MOVLW      192
0x00F3	0x00C1      	MOVWF      FARG_Lcd_Chr_row
0x00F4	0x2911      	GOTO       L_Lcd_Chr5
;__Lib_Lcd.c,69 :: 		
L_Lcd_Chr8:
0x00F5	0x3094      	MOVLW      148
0x00F6	0x00C1      	MOVWF      FARG_Lcd_Chr_row
0x00F7	0x2911      	GOTO       L_Lcd_Chr5
;__Lib_Lcd.c,70 :: 		
L_Lcd_Chr9:
0x00F8	0x30D4      	MOVLW      212
0x00F9	0x00C1      	MOVWF      FARG_Lcd_Chr_row
0x00FA	0x2911      	GOTO       L_Lcd_Chr5
;__Lib_Lcd.c,71 :: 		
L_Lcd_Chr10:
0x00FB	0x3080      	MOVLW      128
0x00FC	0x00C1      	MOVWF      FARG_Lcd_Chr_row
;__Lib_Lcd.c,72 :: 		
0x00FD	0x2911      	GOTO       L_Lcd_Chr5
L_Lcd_Chr4:
0x00FE	0x1283      	BCF        STATUS, 5
0x00FF	0x1303      	BCF        STATUS, 6
0x0100	0x0841      	MOVF       FARG_Lcd_Chr_row, 0
0x0101	0x3A01      	XORLW      1
0x0102	0x1903      	BTFSC      STATUS, 2
0x0103	0x28ED      	GOTO       L_Lcd_Chr6
0x0104	0x0841      	MOVF       FARG_Lcd_Chr_row, 0
0x0105	0x3A02      	XORLW      2
0x0106	0x1903      	BTFSC      STATUS, 2
0x0107	0x28F2      	GOTO       L_Lcd_Chr7
0x0108	0x0841      	MOVF       FARG_Lcd_Chr_row, 0
0x0109	0x3A03      	XORLW      3
0x010A	0x1903      	BTFSC      STATUS, 2
0x010B	0x28F5      	GOTO       L_Lcd_Chr8
0x010C	0x0841      	MOVF       FARG_Lcd_Chr_row, 0
0x010D	0x3A04      	XORLW      4
0x010E	0x1903      	BTFSC      STATUS, 2
0x010F	0x28F8      	GOTO       L_Lcd_Chr9
0x0110	0x28FB      	GOTO       L_Lcd_Chr10
L_Lcd_Chr5:
;__Lib_Lcd.c,74 :: 		
0x0111	0x0342      	DECF       FARG_Lcd_Chr_column, 0
0x0112	0x00F0      	MOVWF      R0
0x0113	0x0841      	MOVF       FARG_Lcd_Chr_row, 0
0x0114	0x07F0      	ADDWF      R0, 1
0x0115	0x0870      	MOVF       R0, 0
0x0116	0x00C1      	MOVWF      FARG_Lcd_Chr_row
;__Lib_Lcd.c,76 :: 		
0x0117	0x143E      	BSF        __Lib_Lcd_cmd_status, BitPos(__Lib_Lcd_cmd_status+0)
;__Lib_Lcd.c,77 :: 		
0x0118	0x0870      	MOVF       R0, 0
0x0119	0x00C9      	MOVWF      FARG_Lcd_Cmd_out_char
0x011A	0x202A      	CALL       _Lcd_Cmd
;__Lib_Lcd.c,79 :: 		
0x011B	0x103E      	BCF        __Lib_Lcd_cmd_status, BitPos(__Lib_Lcd_cmd_status+0)
;__Lib_Lcd.c,80 :: 		
0x011C	0x0843      	MOVF       FARG_Lcd_Chr_out_char, 0
0x011D	0x00C9      	MOVWF      FARG_Lcd_Cmd_out_char
0x011E	0x202A      	CALL       _Lcd_Cmd
;__Lib_Lcd.c,81 :: 		
0x011F	0x143E      	BSF        __Lib_Lcd_cmd_status, BitPos(__Lib_Lcd_cmd_status+0)
;__Lib_Lcd.c,82 :: 		
L_end_Lcd_Chr:
0x0120	0x0008      	RETURN
; end of _Lcd_Chr
_Escrita_24C04:
;main.c,45 :: 		void Escrita_24C04(unsigned char ucEndereco,unsigned char ucValor){
;main.c,46 :: 		I2C1_Init(100000);         // FREQUENCIA DE CLOCK
0x0121	0x3014      	MOVLW      20
0x0122	0x1683      	BSF        STATUS, 5
0x0123	0x1303      	BCF        STATUS, 6
0x0124	0x0093      	MOVWF      SSPADD
0x0125	0x20E2      	CALL       _I2C1_Init
;main.c,47 :: 		I2C1_Start();              // START NO BARRAMENTO I2C
0x0126	0x20B5      	CALL       _I2C1_Start
;main.c,48 :: 		I2C1_Wr(0xA0);             // ENDEREÁO DA MEMÛRIA NO HARDWARE DO KIT (W = 0)
0x0127	0x30A0      	MOVLW      160
0x0128	0x1283      	BCF        STATUS, 5
0x0129	0x1303      	BCF        STATUS, 6
0x012A	0x00C5      	MOVWF      FARG_I2C1_Wr_data_
0x012B	0x2072      	CALL       _I2C1_Wr
;main.c,49 :: 		I2C1_Wr(ucEndereco);       // ENDEREÁO DA EEPROM ONDE SER· SALVO O DADO
0x012C	0x1283      	BCF        STATUS, 5
0x012D	0x0841      	MOVF       FARG_Escrita_24C04_ucEndereco, 0
0x012E	0x00C5      	MOVWF      FARG_I2C1_Wr_data_
0x012F	0x2072      	CALL       _I2C1_Wr
;main.c,50 :: 		I2C1_Wr(ucValor);          // ESCREVE VALOR DA VARI·VEL 'UCVALOR' NA 24C04
0x0130	0x1283      	BCF        STATUS, 5
0x0131	0x0842      	MOVF       FARG_Escrita_24C04_ucValor, 0
0x0132	0x00C5      	MOVWF      FARG_I2C1_Wr_data_
0x0133	0x2072      	CALL       _I2C1_Wr
;main.c,51 :: 		I2C1_Stop();}              // FINALIZA A COMUNICAÁ„O I2C
0x0134	0x20DE      	CALL       _I2C1_Stop
L_end_Escrita_24C04:
0x0135	0x0008      	RETURN
; end of _Escrita_24C04
_Lcd_Out:
;__Lib_Lcd.c,184 :: 		
;__Lib_Lcd.c,187 :: 		
0x0136	0x2948      	GOTO       L_Lcd_Out11
;__Lib_Lcd.c,188 :: 		
L_Lcd_Out13:
0x0137	0x3080      	MOVLW      128
0x0138	0x1283      	BCF        STATUS, 5
0x0139	0x1303      	BCF        STATUS, 6
0x013A	0x00C1      	MOVWF      FARG_Lcd_Out_row
0x013B	0x295B      	GOTO       L_Lcd_Out12
;__Lib_Lcd.c,189 :: 		
L_Lcd_Out14:
0x013C	0x30C0      	MOVLW      192
0x013D	0x00C1      	MOVWF      FARG_Lcd_Out_row
0x013E	0x295B      	GOTO       L_Lcd_Out12
;__Lib_Lcd.c,190 :: 		
L_Lcd_Out15:
0x013F	0x3094      	MOVLW      148
0x0140	0x00C1      	MOVWF      FARG_Lcd_Out_row
0x0141	0x295B      	GOTO       L_Lcd_Out12
;__Lib_Lcd.c,191 :: 		
L_Lcd_Out16:
0x0142	0x30D4      	MOVLW      212
0x0143	0x00C1      	MOVWF      FARG_Lcd_Out_row
0x0144	0x295B      	GOTO       L_Lcd_Out12
;__Lib_Lcd.c,192 :: 		
L_Lcd_Out17:
0x0145	0x3080      	MOVLW      128
0x0146	0x00C1      	MOVWF      FARG_Lcd_Out_row
;__Lib_Lcd.c,193 :: 		
0x0147	0x295B      	GOTO       L_Lcd_Out12
L_Lcd_Out11:
0x0148	0x1283      	BCF        STATUS, 5
0x0149	0x1303      	BCF        STATUS, 6
0x014A	0x0841      	MOVF       FARG_Lcd_Out_row, 0
0x014B	0x3A01      	XORLW      1
0x014C	0x1903      	BTFSC      STATUS, 2
0x014D	0x2937      	GOTO       L_Lcd_Out13
0x014E	0x0841      	MOVF       FARG_Lcd_Out_row, 0
0x014F	0x3A02      	XORLW      2
0x0150	0x1903      	BTFSC      STATUS, 2
0x0151	0x293C      	GOTO       L_Lcd_Out14
0x0152	0x0841      	MOVF       FARG_Lcd_Out_row, 0
0x0153	0x3A03      	XORLW      3
0x0154	0x1903      	BTFSC      STATUS, 2
0x0155	0x293F      	GOTO       L_Lcd_Out15
0x0156	0x0841      	MOVF       FARG_Lcd_Out_row, 0
0x0157	0x3A04      	XORLW      4
0x0158	0x1903      	BTFSC      STATUS, 2
0x0159	0x2942      	GOTO       L_Lcd_Out16
0x015A	0x2945      	GOTO       L_Lcd_Out17
L_Lcd_Out12:
;__Lib_Lcd.c,194 :: 		
0x015B	0x0342      	DECF       FARG_Lcd_Out_column, 0
0x015C	0x00F0      	MOVWF      R0
0x015D	0x0841      	MOVF       FARG_Lcd_Out_row, 0
0x015E	0x07F0      	ADDWF      R0, 1
0x015F	0x0870      	MOVF       R0, 0
0x0160	0x00C1      	MOVWF      FARG_Lcd_Out_row
;__Lib_Lcd.c,196 :: 		
0x0161	0x0870      	MOVF       R0, 0
0x0162	0x00C9      	MOVWF      FARG_Lcd_Cmd_out_char
0x0163	0x202A      	CALL       _Lcd_Cmd
;__Lib_Lcd.c,197 :: 		
0x0164	0x103E      	BCF        __Lib_Lcd_cmd_status, BitPos(__Lib_Lcd_cmd_status+0)
;__Lib_Lcd.c,198 :: 		
0x0165	0x01C4      	CLRF       Lcd_Out_i_L0
;__Lib_Lcd.c,199 :: 		
L_Lcd_Out18:
0x0166	0x0844      	MOVF       Lcd_Out_i_L0, 0
0x0167	0x0743      	ADDWF      FARG_Lcd_Out_text, 0
0x0168	0x0084      	MOVWF      FSR
0x0169	0x0800      	MOVF       INDF, 0
0x016A	0x1903      	BTFSC      STATUS, 2
0x016B	0x2974      	GOTO       L_Lcd_Out19
;__Lib_Lcd.c,200 :: 		
0x016C	0x0844      	MOVF       Lcd_Out_i_L0, 0
0x016D	0x0743      	ADDWF      FARG_Lcd_Out_text, 0
0x016E	0x0084      	MOVWF      FSR
0x016F	0x0800      	MOVF       INDF, 0
0x0170	0x00C5      	MOVWF      FARG_Lcd_Chr_CP_out_char
0x0171	0x206A      	CALL       _Lcd_Chr_CP
0x0172	0x0AC4      	INCF       Lcd_Out_i_L0, 1
0x0173	0x2966      	GOTO       L_Lcd_Out18
L_Lcd_Out19:
;__Lib_Lcd.c,201 :: 		
0x0174	0x143E      	BSF        __Lib_Lcd_cmd_status, BitPos(__Lib_Lcd_cmd_status+0)
;__Lib_Lcd.c,202 :: 		
L_end_Lcd_Out:
0x0175	0x0008      	RETURN
; end of _Lcd_Out
_Lcd_Init:
;__Lib_Lcd.c,84 :: 		
;__Lib_Lcd.c,86 :: 		
0x0176	0x1683      	BSF        STATUS, 5
0x0177	0x1303      	BCF        STATUS, 6
0x0178	0x1089      	BCF        LCD_EN_Direction, BitPos(LCD_EN_Direction+0)
;__Lib_Lcd.c,87 :: 		
0x0179	0x1109      	BCF        LCD_RS_Direction, BitPos(LCD_RS_Direction+0)
;__Lib_Lcd.c,88 :: 		
0x017A	0x1208      	BCF        LCD_D4_Direction, BitPos(LCD_D4_Direction+0)
;__Lib_Lcd.c,89 :: 		
0x017B	0x1288      	BCF        LCD_D5_Direction, BitPos(LCD_D5_Direction+0)
;__Lib_Lcd.c,90 :: 		
0x017C	0x1308      	BCF        LCD_D6_Direction, BitPos(LCD_D6_Direction+0)
;__Lib_Lcd.c,91 :: 		
0x017D	0x1388      	BCF        LCD_D7_Direction, BitPos(LCD_D7_Direction+0)
;__Lib_Lcd.c,93 :: 		
0x017E	0x1283      	BCF        STATUS, 5
0x017F	0x1089      	BCF        LCD_EN, BitPos(LCD_EN+0)
;__Lib_Lcd.c,94 :: 		
0x0180	0x1109      	BCF        LCD_RS, BitPos(LCD_RS+0)
;__Lib_Lcd.c,95 :: 		
0x0181	0x1388      	BCF        LCD_D7, BitPos(LCD_D7+0)
;__Lib_Lcd.c,96 :: 		
0x0182	0x1308      	BCF        LCD_D6, BitPos(LCD_D6+0)
;__Lib_Lcd.c,97 :: 		
0x0183	0x1288      	BCF        LCD_D5, BitPos(LCD_D5+0)
;__Lib_Lcd.c,98 :: 		
0x0184	0x1208      	BCF        LCD_D4, BitPos(LCD_D4+0)
;__Lib_Lcd.c,100 :: 		
0x0185	0x2006      	CALL       _Delay_5500us
;__Lib_Lcd.c,101 :: 		
0x0186	0x2006      	CALL       _Delay_5500us
;__Lib_Lcd.c,102 :: 		
0x0187	0x2006      	CALL       _Delay_5500us
;__Lib_Lcd.c,105 :: 		
0x0188	0x1688      	BSF        LCD_D5, BitPos(LCD_D5+0)
;__Lib_Lcd.c,106 :: 		
0x0189	0x1608      	BSF        LCD_D4, BitPos(LCD_D4+0)
;__Lib_Lcd.c,107 :: 		
0x018A	0x1489      	BSF        LCD_EN, BitPos(LCD_EN+0)
;__Lib_Lcd.c,108 :: 		
0x018B	0x2003      	CALL       _Delay_1us
;__Lib_Lcd.c,109 :: 		
0x018C	0x1089      	BCF        LCD_EN, BitPos(LCD_EN+0)
;__Lib_Lcd.c,110 :: 		
0x018D	0x2006      	CALL       _Delay_5500us
;__Lib_Lcd.c,112 :: 		
0x018E	0x1489      	BSF        LCD_EN, BitPos(LCD_EN+0)
;__Lib_Lcd.c,113 :: 		
0x018F	0x2003      	CALL       _Delay_1us
;__Lib_Lcd.c,114 :: 		
0x0190	0x1089      	BCF        LCD_EN, BitPos(LCD_EN+0)
;__Lib_Lcd.c,115 :: 		
0x0191	0x2006      	CALL       _Delay_5500us
;__Lib_Lcd.c,117 :: 		
0x0192	0x1489      	BSF        LCD_EN, BitPos(LCD_EN+0)
;__Lib_Lcd.c,118 :: 		
0x0193	0x2003      	CALL       _Delay_1us
;__Lib_Lcd.c,119 :: 		
0x0194	0x1089      	BCF        LCD_EN, BitPos(LCD_EN+0)
;__Lib_Lcd.c,120 :: 		
0x0195	0x2006      	CALL       _Delay_5500us
;__Lib_Lcd.c,123 :: 		
0x0196	0x1208      	BCF        LCD_D4, BitPos(LCD_D4+0)
;__Lib_Lcd.c,124 :: 		
0x0197	0x1489      	BSF        LCD_EN, BitPos(LCD_EN+0)
;__Lib_Lcd.c,125 :: 		
0x0198	0x2003      	CALL       _Delay_1us
;__Lib_Lcd.c,126 :: 		
0x0199	0x1089      	BCF        LCD_EN, BitPos(LCD_EN+0)
;__Lib_Lcd.c,127 :: 		
0x019A	0x2006      	CALL       _Delay_5500us
;__Lib_Lcd.c,130 :: 		
0x019B	0x1489      	BSF        LCD_EN, BitPos(LCD_EN+0)
;__Lib_Lcd.c,131 :: 		
0x019C	0x2003      	CALL       _Delay_1us
;__Lib_Lcd.c,132 :: 		
0x019D	0x1089      	BCF        LCD_EN, BitPos(LCD_EN+0)
;__Lib_Lcd.c,134 :: 		
0x019E	0x1288      	BCF        LCD_D5, BitPos(LCD_D5+0)
;__Lib_Lcd.c,135 :: 		
0x019F	0x1788      	BSF        LCD_D7, BitPos(LCD_D7+0)
;__Lib_Lcd.c,136 :: 		
0x01A0	0x1489      	BSF        LCD_EN, BitPos(LCD_EN+0)
;__Lib_Lcd.c,137 :: 		
0x01A1	0x2003      	CALL       _Delay_1us
;__Lib_Lcd.c,138 :: 		
0x01A2	0x1089      	BCF        LCD_EN, BitPos(LCD_EN+0)
;__Lib_Lcd.c,139 :: 		
0x01A3	0x2006      	CALL       _Delay_5500us
;__Lib_Lcd.c,142 :: 		
0x01A4	0x1388      	BCF        LCD_D7, BitPos(LCD_D7+0)
;__Lib_Lcd.c,143 :: 		
0x01A5	0x1608      	BSF        LCD_D4, BitPos(LCD_D4+0)
;__Lib_Lcd.c,144 :: 		
0x01A6	0x1489      	BSF        LCD_EN, BitPos(LCD_EN+0)
;__Lib_Lcd.c,145 :: 		
0x01A7	0x2003      	CALL       _Delay_1us
;__Lib_Lcd.c,146 :: 		
0x01A8	0x1089      	BCF        LCD_EN, BitPos(LCD_EN+0)
;__Lib_Lcd.c,148 :: 		
0x01A9	0x1208      	BCF        LCD_D4, BitPos(LCD_D4+0)
;__Lib_Lcd.c,149 :: 		
0x01AA	0x1489      	BSF        LCD_EN, BitPos(LCD_EN+0)
;__Lib_Lcd.c,150 :: 		
0x01AB	0x2003      	CALL       _Delay_1us
;__Lib_Lcd.c,151 :: 		
0x01AC	0x1089      	BCF        LCD_EN, BitPos(LCD_EN+0)
;__Lib_Lcd.c,152 :: 		
0x01AD	0x2006      	CALL       _Delay_5500us
;__Lib_Lcd.c,155 :: 		
0x01AE	0x1489      	BSF        LCD_EN, BitPos(LCD_EN+0)
;__Lib_Lcd.c,156 :: 		
0x01AF	0x2003      	CALL       _Delay_1us
;__Lib_Lcd.c,157 :: 		
0x01B0	0x1089      	BCF        LCD_EN, BitPos(LCD_EN+0)
;__Lib_Lcd.c,159 :: 		
0x01B1	0x1608      	BSF        LCD_D4, BitPos(LCD_D4+0)
;__Lib_Lcd.c,160 :: 		
0x01B2	0x1489      	BSF        LCD_EN, BitPos(LCD_EN+0)
;__Lib_Lcd.c,161 :: 		
0x01B3	0x2003      	CALL       _Delay_1us
;__Lib_Lcd.c,162 :: 		
0x01B4	0x1089      	BCF        LCD_EN, BitPos(LCD_EN+0)
;__Lib_Lcd.c,163 :: 		
0x01B5	0x2006      	CALL       _Delay_5500us
;__Lib_Lcd.c,166 :: 		
0x01B6	0x1208      	BCF        LCD_D4, BitPos(LCD_D4+0)
;__Lib_Lcd.c,167 :: 		
0x01B7	0x1489      	BSF        LCD_EN, BitPos(LCD_EN+0)
;__Lib_Lcd.c,168 :: 		
0x01B8	0x2003      	CALL       _Delay_1us
;__Lib_Lcd.c,169 :: 		
0x01B9	0x1089      	BCF        LCD_EN, BitPos(LCD_EN+0)
;__Lib_Lcd.c,171 :: 		
0x01BA	0x1788      	BSF        LCD_D7, BitPos(LCD_D7+0)
;__Lib_Lcd.c,172 :: 		
0x01BB	0x1708      	BSF        LCD_D6, BitPos(LCD_D6+0)
;__Lib_Lcd.c,173 :: 		
0x01BC	0x1688      	BSF        LCD_D5, BitPos(LCD_D5+0)
;__Lib_Lcd.c,174 :: 		
0x01BD	0x1608      	BSF        LCD_D4, BitPos(LCD_D4+0)
;__Lib_Lcd.c,175 :: 		
0x01BE	0x1489      	BSF        LCD_EN, BitPos(LCD_EN+0)
;__Lib_Lcd.c,176 :: 		
0x01BF	0x2003      	CALL       _Delay_1us
;__Lib_Lcd.c,177 :: 		
0x01C0	0x1089      	BCF        LCD_EN, BitPos(LCD_EN+0)
;__Lib_Lcd.c,179 :: 		
0x01C1	0x2006      	CALL       _Delay_5500us
;__Lib_Lcd.c,181 :: 		
0x01C2	0x143E      	BSF        __Lib_Lcd_cmd_status, BitPos(__Lib_Lcd_cmd_status+0)
;__Lib_Lcd.c,182 :: 		
L_end_Lcd_Init:
0x01C3	0x0008      	RETURN
; end of _Lcd_Init
_Leitura_24C04:
;main.c,53 :: 		unsigned char Leitura_24C04(unsigned char ucEndereco){
;main.c,55 :: 		I2C1_Start();             // START NO BARRAMENTO I2C
0x01C4	0x20B5      	CALL       _I2C1_Start
;main.c,56 :: 		I2C1_Wr(0xA0);            // ENDEREÁO DA MEMÛRIA NO HARDWARE DO KIT (W = 0)
0x01C5	0x30A0      	MOVLW      160
0x01C6	0x1283      	BCF        STATUS, 5
0x01C7	0x1303      	BCF        STATUS, 6
0x01C8	0x00C5      	MOVWF      FARG_I2C1_Wr_data_
0x01C9	0x2072      	CALL       _I2C1_Wr
;main.c,57 :: 		I2C1_Wr(ucEndereco);      // ENDEREÁO DA EEPROM ONDE SER· LIDO O BYTE
0x01CA	0x1283      	BCF        STATUS, 5
0x01CB	0x0841      	MOVF       FARG_Leitura_24C04_ucEndereco, 0
0x01CC	0x00C5      	MOVWF      FARG_I2C1_Wr_data_
0x01CD	0x2072      	CALL       _I2C1_Wr
;main.c,58 :: 		I2C1_Repeated_Start();    // RE-START NO BARRAMENTO
0x01CE	0x20AE      	CALL       _I2C1_Repeated_Start
;main.c,59 :: 		I2C1_Wr(0xA1);            // ENDEREÁO DA MEMÛRIA NO HARDWARE DO KIT (W = 1)
0x01CF	0x30A1      	MOVLW      161
0x01D0	0x1283      	BCF        STATUS, 5
0x01D1	0x00C5      	MOVWF      FARG_I2C1_Wr_data_
0x01D2	0x2072      	CALL       _I2C1_Wr
;main.c,60 :: 		ucLeitura = I2C1_Rd(0u);  // LÍ O BYTE
0x01D3	0x1283      	BCF        STATUS, 5
0x01D4	0x01C5      	CLRF       FARG_I2C1_Rd_ack
0x01D5	0x2088      	CALL       _I2C1_Rd
0x01D6	0x0870      	MOVF       R0, 0
0x01D7	0x00C2      	MOVWF      Leitura_24C04_ucLeitura_L0
;main.c,61 :: 		I2C1_Stop();              // FINALIZA A COMUNICAÁ„O I2C
0x01D8	0x20DE      	CALL       _I2C1_Stop
;main.c,62 :: 		return(ucLeitura);}       // RETORNA VALOR DA LEITURA.
0x01D9	0x1283      	BCF        STATUS, 5
0x01DA	0x0842      	MOVF       Leitura_24C04_ucLeitura_L0, 0
0x01DB	0x00F0      	MOVWF      R0
L_end_Leitura_24C04:
0x01DC	0x0008      	RETURN
; end of _Leitura_24C04
___CC2DW:
;__Lib_System.c,134 :: 		
;__Lib_System.c,137 :: 		
_CC2D_Loop1:
;__Lib_System.c,139 :: 		
0x01DD	0x20A7      	CALL       _____DoICP
0x01DE	0x118A      	BCF        PCLATH, 3
0x01DF	0x120A      	BCF        PCLATH, 4
;__Lib_System.c,141 :: 		
0x01E0	0x0080      	MOVWF      INDF
;__Lib_System.c,142 :: 		
0x01E1	0x0A84      	INCF       FSR, 1
;__Lib_System.c,143 :: 		
0x01E2	0x0ABF      	INCF       ___DoICPAddr, 1
;__Lib_System.c,145 :: 		
0x01E3	0x1903      	BTFSC      STATUS, 2
;__Lib_System.c,146 :: 		
0x01E4	0x0AC0      	INCF       ___DoICPAddr+1, 1
;__Lib_System.c,147 :: 		
0x01E5	0x03F0      	DECF       R0, 1
;__Lib_System.c,149 :: 		
0x01E6	0x1D03      	BTFSS      STATUS, 2
;__Lib_System.c,150 :: 		
0x01E7	0x29DD      	GOTO       _CC2D_Loop1
;__Lib_System.c,152 :: 		
L_end___CC2DW:
0x01E8	0x0008      	RETURN
; end of ___CC2DW
_main:
0x01E9	0x3045      	MOVLW      69
0x01EA	0x1283      	BCF        STATUS, 5
0x01EB	0x1303      	BCF        STATUS, 6
0x01EC	0x00A0      	MOVWF      ?lstr1_main
0x01ED	0x3073      	MOVLW      115
0x01EE	0x00A1      	MOVWF      33
0x01EF	0x3063      	MOVLW      99
0x01F0	0x00A2      	MOVWF      34
0x01F1	0x3072      	MOVLW      114
0x01F2	0x00A3      	MOVWF      35
0x01F3	0x302E      	MOVLW      46
0x01F4	0x00A4      	MOVWF      36
0x01F5	0x3020      	MOVLW      32
0x01F6	0x00A5      	MOVWF      37
0x01F7	0x306E      	MOVLW      110
0x01F8	0x00A6      	MOVWF      38
0x01F9	0x3061      	MOVLW      97
0x01FA	0x00A7      	MOVWF      39
0x01FB	0x3020      	MOVLW      32
0x01FC	0x00A8      	MOVWF      40
0x01FD	0x3032      	MOVLW      50
0x01FE	0x00A9      	MOVWF      41
0x01FF	0x3034      	MOVLW      52
0x0200	0x00AA      	MOVWF      42
0x0201	0x3043      	MOVLW      67
0x0202	0x00AB      	MOVWF      43
0x0203	0x3030      	MOVLW      48
0x0204	0x00AC      	MOVWF      44
0x0205	0x3034      	MOVLW      52
0x0206	0x00AD      	MOVWF      45
0x0207	0x01AE      	CLRF       46
0x0208	0x304C      	MOVLW      76
0x0209	0x00AF      	MOVWF      ?lstr2_main
0x020A	0x3069      	MOVLW      105
0x020B	0x00B0      	MOVWF      48
0x020C	0x3064      	MOVLW      100
0x020D	0x00B1      	MOVWF      49
0x020E	0x306F      	MOVLW      111
0x020F	0x00B2      	MOVWF      50
0x0210	0x3020      	MOVLW      32
0x0211	0x00B3      	MOVWF      51
0x0212	0x3064      	MOVLW      100
0x0213	0x00B4      	MOVWF      52
0x0214	0x3061      	MOVLW      97
0x0215	0x00B5      	MOVWF      53
0x0216	0x3020      	MOVLW      32
0x0217	0x00B6      	MOVWF      54
0x0218	0x3032      	MOVLW      50
0x0219	0x00B7      	MOVWF      55
0x021A	0x3034      	MOVLW      52
0x021B	0x00B8      	MOVWF      56
0x021C	0x3043      	MOVLW      67
0x021D	0x00B9      	MOVWF      57
0x021E	0x3030      	MOVLW      48
0x021F	0x00BA      	MOVWF      58
0x0220	0x3034      	MOVLW      52
0x0221	0x00BB      	MOVWF      59
0x0222	0x01BC      	CLRF       60
;main.c,21 :: 		void main(){
;main.c,22 :: 		TRISB = 0;                        // DEFINE PORTB COMO SAIDA.
0x0223	0x1683      	BSF        STATUS, 5
0x0224	0x0186      	CLRF       TRISB
;main.c,23 :: 		TRISD = 0;                        // DEFINE PORTD COMO SAIDA.
0x0225	0x0188      	CLRF       TRISD
;main.c,24 :: 		TRISE = 0;                        // DEFINE PORTE COMO SAIDA.
0x0226	0x0189      	CLRF       TRISE
;main.c,25 :: 		ADCON1 = 0x0F;                    // CONFIGURA TODOS CANAIS COMO DIGITAL.
0x0227	0x300F      	MOVLW      15
0x0228	0x009F      	MOVWF      ADCON1
;main.c,27 :: 		Lcd_Init();   Lcd_Cmd(_LCD_CLEAR);   Lcd_Cmd(_LCD_CURSOR_OFF);
0x0229	0x2176      	CALL       _Lcd_Init
0x022A	0x3001      	MOVLW      1
0x022B	0x00C9      	MOVWF      FARG_Lcd_Cmd_out_char
0x022C	0x202A      	CALL       _Lcd_Cmd
0x022D	0x300C      	MOVLW      12
0x022E	0x00C9      	MOVWF      FARG_Lcd_Cmd_out_char
0x022F	0x202A      	CALL       _Lcd_Cmd
;main.c,29 :: 		Lcd_Out(1,1,"Escr. na 24C04");    // MOSTRA O ESTADO NO LCD.
0x0230	0x3001      	MOVLW      1
0x0231	0x00C1      	MOVWF      FARG_Lcd_Out_row
0x0232	0x3001      	MOVLW      1
0x0233	0x00C2      	MOVWF      FARG_Lcd_Out_column
0x0234	0x3020      	MOVLW      ?lstr1_main
0x0235	0x00C3      	MOVWF      FARG_Lcd_Out_text
0x0236	0x2136      	CALL       _Lcd_Out
;main.c,30 :: 		for(ucContador = 0; ucContador < 16; ucContador++){
0x0237	0x01BD      	CLRF       _ucContador
L_main0:
0x0238	0x3010      	MOVLW      16
0x0239	0x023D      	SUBWF      _ucContador, 0
0x023A	0x1803      	BTFSC      STATUS, 0
0x023B	0x2A52      	GOTO       L_main1
;main.c,35 :: 		Escrita_24C04(ucContador, 0x61 + ucContador);
0x023C	0x083D      	MOVF       _ucContador, 0
0x023D	0x00C1      	MOVWF      FARG_Escrita_24C04_ucEndereco
0x023E	0x083D      	MOVF       _ucContador, 0
0x023F	0x3E61      	ADDLW      97
0x0240	0x00C2      	MOVWF      FARG_Escrita_24C04_ucValor
0x0241	0x2121      	CALL       _Escrita_24C04
;main.c,37 :: 		Delay_ms(100);   }
0x0242	0x3002      	MOVLW      2
0x0243	0x00FB      	MOVWF      R11
0x0244	0x3004      	MOVLW      4
0x0245	0x00FC      	MOVWF      R12
0x0246	0x30BA      	MOVLW      186
0x0247	0x00FD      	MOVWF      R13
L_main3:
0x0248	0x0BFD      	DECFSZ     R13, 1
0x0249	0x2A48      	GOTO       L_main3
0x024A	0x0BFC      	DECFSZ     R12, 1
0x024B	0x2A48      	GOTO       L_main3
0x024C	0x0BFB      	DECFSZ     R11, 1
0x024D	0x2A48      	GOTO       L_main3
0x024E	0x0000      	NOP
;main.c,30 :: 		for(ucContador = 0; ucContador < 16; ucContador++){
0x024F	0x1283      	BCF        STATUS, 5
0x0250	0x0ABD      	INCF       _ucContador, 1
;main.c,37 :: 		Delay_ms(100);   }
0x0251	0x2A38      	GOTO       L_main0
L_main1:
;main.c,39 :: 		Lcd_Out(1,1,"Lido da 24C04");      // MOSTRA O ESTADO NO LCD.
0x0252	0x3001      	MOVLW      1
0x0253	0x00C1      	MOVWF      FARG_Lcd_Out_row
0x0254	0x3001      	MOVLW      1
0x0255	0x00C2      	MOVWF      FARG_Lcd_Out_column
0x0256	0x302F      	MOVLW      ?lstr2_main
0x0257	0x00C3      	MOVWF      FARG_Lcd_Out_text
0x0258	0x2136      	CALL       _Lcd_Out
;main.c,40 :: 		for(ucContador = 0; ucContador < 16; ucContador++){
0x0259	0x01BD      	CLRF       _ucContador
L_main4:
0x025A	0x3010      	MOVLW      16
0x025B	0x023D      	SUBWF      _ucContador, 0
0x025C	0x1803      	BTFSC      STATUS, 0
0x025D	0x2A77      	GOTO       L_main5
;main.c,41 :: 		Lcd_Chr(2, ucContador+1, Leitura_24C04(ucContador));
0x025E	0x083D      	MOVF       _ucContador, 0
0x025F	0x00C1      	MOVWF      FARG_Leitura_24C04_ucEndereco
0x0260	0x21C4      	CALL       _Leitura_24C04
0x0261	0x0870      	MOVF       R0, 0
0x0262	0x00C3      	MOVWF      FARG_Lcd_Chr_out_char
0x0263	0x3002      	MOVLW      2
0x0264	0x00C1      	MOVWF      FARG_Lcd_Chr_row
0x0265	0x0A3D      	INCF       _ucContador, 0
0x0266	0x00C2      	MOVWF      FARG_Lcd_Chr_column
0x0267	0x20EC      	CALL       _Lcd_Chr
;main.c,43 :: 		Delay_ms(100); }   while(1){};}                              // END MAIN
0x0268	0x3002      	MOVLW      2
0x0269	0x00FB      	MOVWF      R11
0x026A	0x3004      	MOVLW      4
0x026B	0x00FC      	MOVWF      R12
0x026C	0x30BA      	MOVLW      186
0x026D	0x00FD      	MOVWF      R13
L_main7:
0x026E	0x0BFD      	DECFSZ     R13, 1
0x026F	0x2A6E      	GOTO       L_main7
0x0270	0x0BFC      	DECFSZ     R12, 1
0x0271	0x2A6E      	GOTO       L_main7
0x0272	0x0BFB      	DECFSZ     R11, 1
0x0273	0x2A6E      	GOTO       L_main7
0x0274	0x0000      	NOP
;main.c,40 :: 		for(ucContador = 0; ucContador < 16; ucContador++){
0x0275	0x0ABD      	INCF       _ucContador, 1
;main.c,43 :: 		Delay_ms(100); }   while(1){};}                              // END MAIN
0x0276	0x2A5A      	GOTO       L_main4
L_main5:
L_main8:
0x0277	0x2A77      	GOTO       L_main8
L_end_main:
0x0278	0x2A78      	GOTO       $+0
; end of _main
Symbol List:
//** Routines locations **
//ADDRESS    SIZE    PROCEDURE
//----------------------------------------------
0x0003       [3]    _Delay_1us
0x0006      [13]    _Delay_5500us
0x0013       [7]    _Delay_50us
0x001A      [16]    _I2C1_Is_Idle
0x002A      [64]    _Lcd_Cmd
0x006A       [8]    _Lcd_Chr_CP
0x0072      [22]    _I2C1_Wr
0x0088      [31]    _I2C1_Rd
0x00A7       [7]    _____DoICP
0x00AE       [7]    _I2C1_Repeated_Start
0x00B5      [41]    _I2C1_Start
0x00DE       [4]    _I2C1_Stop
0x00E2      [10]    _I2C1_Init
0x00EC      [53]    _Lcd_Chr
0x0121      [21]    _Escrita_24C04
0x0136      [64]    _Lcd_Out
0x0176      [78]    _Lcd_Init
0x01C4      [25]    _Leitura_24C04
0x01DD      [12]    ___CC2DW
0x01E9     [144]    _main
//** Variables locations ** 
//ADDRESS    SIZE    VARIABLE
//----------------------------------------------
0x0000       [1]    INDF
0x0002       [1]    PCL
0x0003       [1]    STATUS
0x0004       [1]    FSR
0x0008       [0]    LCD_D7
0x0008       [0]    LCD_D4
0x0008       [0]    LCD_D5
0x0008       [0]    LCD_D6
0x0008       [0]    RD6_bit
0x0008       [0]    RD7_bit
0x0008       [0]    RD4_bit
0x0008       [0]    RD5_bit
0x0009       [0]    RE1_bit
0x0009       [0]    RE2_bit
0x0009       [0]    LCD_EN
0x0009       [0]    LCD_RS
0x000A       [1]    PCLATH
0x000C       [1]    PIR1
0x0013       [1]    SSPBUF
0x0014       [1]    SSPCON
0x0020      [15]    ?lstr1_main
0x002F      [14]    ?lstr2_main
0x003D       [1]    _ucContador
0x003E       [0]    __Lib_Lcd_cmd_status
0x003F       [2]    ___DoICPAddr
0x0041       [1]    FARG_Lcd_Out_row
0x0041       [1]    FARG_Lcd_Chr_row
0x0041       [1]    FARG_Leitura_24C04_ucEndereco
0x0041       [1]    FARG_Escrita_24C04_ucEndereco
0x0042       [1]    FARG_Escrita_24C04_ucValor
0x0042       [1]    FARG_Lcd_Chr_column
0x0042       [1]    FARG_Lcd_Out_column
0x0042       [1]    Leitura_24C04_ucLeitura_L0
0x0043       [1]    FARG_Lcd_Out_text
0x0043       [1]    FARG_Lcd_Chr_out_char
0x0044       [1]    Lcd_Out_i_L0
0x0045       [1]    FARG_I2C1_Wr_data_
0x0045       [1]    FARG_I2C1_Rd_ack
0x0045       [1]    FARG_Lcd_Chr_CP_out_char
0x0045       [2]    I2C1_Start_j_L0
0x0045       [4]    FARG_I2C1_Init_clock
0x0049       [1]    FARG_Lcd_Cmd_out_char
0x0070       [1]    R0
0x0071       [1]    R1
0x0072       [1]    R2
0x0073       [1]    R3
0x0074       [1]    R4
0x0075       [1]    R5
0x0076       [1]    R6
0x0077       [1]    R7
0x0078       [1]    R8
0x0079       [1]    R9
0x007A       [1]    R10
0x007B       [1]    R11
0x007C       [1]    R12
0x007D       [1]    R13
0x007E       [1]    R14
0x007F       [1]    R15
0x0086       [1]    TRISB
0x0087       [0]    TRISC3_bit
0x0087       [0]    TRISC4_bit
0x0088       [1]    TRISD
0x0088       [0]    LCD_D4_Direction
0x0088       [0]    LCD_D5_Direction
0x0088       [0]    TRISD5_bit
0x0088       [0]    TRISD7_bit
0x0088       [0]    TRISD6_bit
0x0088       [0]    LCD_D6_Direction
0x0088       [0]    LCD_D7_Direction
0x0088       [0]    TRISD4_bit
0x0089       [0]    TRISE2_bit
0x0089       [0]    TRISE1_bit
0x0089       [0]    LCD_RS_Direction
0x0089       [0]    LCD_EN_Direction
0x0089       [1]    TRISE
0x0091       [1]    SSPCON2
0x0093       [1]    SSPADD
0x0094       [1]    SSPSTAT
0x009F       [1]    ADCON1
//** Label List: ** 
//----------------------------------------------
  L_main0
  L_main1
  L_main2
  L_main3
  L_main4
  L_main5
  L_main6
  L_main7
  L_main8
  L_main9
  L_end_main
  _main
  L_end_Escrita_24C04
  _Escrita_24C04
  L_end_Leitura_24C04
  _Leitura_24C04
  L_Delay_10us0
  L_Delay_22us1
  L_Delay_50us2
  L_Delay_80us3
  L_Delay_500us4
  L_Delay_5500us5
  L_Delay_1ms6
  L_Delay_5ms7
  L_Delay_8ms8
  L_Delay_10ms9
  L_Delay_100ms10
  L_Delay_1sec11
  L_boot16_Delay_5ms12
  L_Delay_Cyc13
  L_Delay_Cyc14
  L_VDelay_ms15
  L_VDelay_ms16
  L_VDelay_ms17
  L_VDelay_Advanced_ms18
  L_VDelay_Advanced_ms19
  L_VDelay_Advanced_ms20
  L_end_Get_Fosc_kHz
  _Get_Fosc_kHz
  L_end_Delay_1us
  _Delay_1us
  L_end_Delay_10us
  _Delay_10us
  L_end_Delay_22us
  _Delay_22us
  L_end_Delay_50us
  _Delay_50us
  L_end_Delay_80us
  _Delay_80us
  L_end_Delay_500us
  _Delay_500us
  L_end_Delay_5500us
  _Delay_5500us
  L_end_Delay_1ms
  _Delay_1ms
  L_end_Delay_5ms
  _Delay_5ms
  L_end_Delay_8ms
  _Delay_8ms
  L_end_Delay_10ms
  _Delay_10ms
  L_end_Delay_100ms
  _Delay_100ms
  L_end_Delay_1sec
  _Delay_1sec
  L_end_boot16_Delay_5ms
  _boot16_Delay_5ms
  L_end_Delay_Cyc
  _Delay_Cyc
  L_end_VDelay_ms
  _VDelay_ms
  L__VDelay_ms38
  L__VDelay_ms39
  L__VDelay_ms40
  L_end_VDelay_Advanced_ms
  _VDelay_Advanced_ms
  L__VDelay_Advanced_ms42
  L__VDelay_Advanced_ms43
  L__VDelay_Advanced_ms44
  L_I2C1_Is_Idle0
  L_I2C1_Is_Idle1
  L_I2C1_Start2
  L_I2C1_Start3
  L_I2C1_Start4
  L_I2C1_Start5
  L_I2C1_Start6
  L_I2C1_Start7
  L_I2C1_Start8
  L_I2C1_Start9
  L_I2C1_Repeated_Start10
  L_I2C1_Repeated_Start11
  L_I2C1_Rd12
  L_I2C1_Rd13
  L_I2C1_Rd14
  L_I2C1_Rd15
  L_I2C1_Rd16
  L_I2C1_Rd17
  L_I2C1_Wr18
  L_I2C1_Wr19
  L_I2C1_Wr20
  L_I2C1_Wr21
  L_I2C1_Wr22
  L_I2C1_Wr23
  L_end_I2C1_Init
  _I2C1_Init
  L_end_I2C1_Is_Idle
  _I2C1_Is_Idle
  L_end_I2C1_Start
  _I2C1_Start
  L__I2C1_Start27
  L__I2C1_Start28
  L_end_I2C1_Repeated_Start
  _I2C1_Repeated_Start
  L_end_I2C1_Rd
  _I2C1_Rd
  L_end_I2C1_Wr
  _I2C1_Wr
  L_end_I2C1_Stop
  _I2C1_Stop
  L_Lcd_Cmd0
  L_Lcd_Cmd1
  L_Lcd_Out_CP2
  L_Lcd_Out_CP3
  L_Lcd_Chr4
  L_Lcd_Chr5
  L_Lcd_Chr6
  L_Lcd_Chr7
  L_Lcd_Chr8
  L_Lcd_Chr9
  L_Lcd_Chr10
  L_Lcd_Out11
  L_Lcd_Out12
  L_Lcd_Out13
  L_Lcd_Out14
  L_Lcd_Out15
  L_Lcd_Out16
  L_Lcd_Out17
  L_Lcd_Out18
  L_Lcd_Out19
  L_end_Lcd_Cmd
  _Lcd_Cmd
  L__Lcd_Cmd21
  L__Lcd_Cmd22
  L__Lcd_Cmd23
  L__Lcd_Cmd24
  L__Lcd_Cmd25
  L__Lcd_Cmd26
  L__Lcd_Cmd27
  L__Lcd_Cmd28
  L__Lcd_Cmd29
  L__Lcd_Cmd30
  L__Lcd_Cmd31
  L__Lcd_Cmd32
  L__Lcd_Cmd33
  L__Lcd_Cmd34
  L__Lcd_Cmd35
  L__Lcd_Cmd36
  L__Lcd_Cmd37
  L__Lcd_Cmd38
  L__Lcd_Cmd39
  L__Lcd_Cmd40
  L_end_Lcd_Chr_CP
  _Lcd_Chr_CP
  L_end_Lcd_Out_CP
  _Lcd_Out_CP
  L_end_Lcd_Chr
  _Lcd_Chr
  L_end_Lcd_Init
  _Lcd_Init
  L_end_Lcd_Out
  _Lcd_Out
  L_loopCA2AWs
  L_CA2AWend
  _CCA2AW_Loop1
  L_loopCS2Ss
  L_CS2Send
  _CCS2S_Loop1
  L_CCS2Send
  L_loopFZinSWs
  L_FZinSend
  _CC2D_Loop1
  L_end_____DoICP
  _____DoICP
  L_end_____DoIFC
  _____DoIFC
  L_end___CA2AW
  ___CA2AW
  L_end___CCA2AW
  ___CCA2AW
  L_end___CS2S
  ___CS2S
  L_end___CCS2S
  ___CCS2S
  L_end___FZinS
  ___FZinS
  L_end___CC2DW
  ___CC2DW
  L_end_Swap
  _Swap
