;  LST file generated by mikroListExporter - v.2.0 
; Date/Time: 05/09/2012 16:27:08
;----------------------------------------------

;Address Opcode 	ASM
0x0000	0x2816      	GOTO       22
_____DoICP:
;__Lib_System.c,6 :: 		
;__Lib_System.c,9 :: 		
0x0003	0x1283      	BCF        STATUS, 5
0x0004	0x1303      	BCF        STATUS, 6
0x0005	0x0821      	MOVF       ___DoICPAddr+1, 0
0x0006	0x008A      	MOVWF      PCLATH
;__Lib_System.c,10 :: 		
0x0007	0x0820      	MOVF       ___DoICPAddr, 0
0x0008	0x0082      	MOVWF      PCL
;__Lib_System.c,12 :: 		
L_end_____DoICP:
0x0009	0x0008      	RETURN
; end of _____DoICP
___CC2DW:
;__Lib_System.c,134 :: 		
;__Lib_System.c,137 :: 		
_CC2D_Loop1:
;__Lib_System.c,139 :: 		
0x000A	0x2003      	CALL       _____DoICP
0x000B	0x118A      	BCF        PCLATH, 3
0x000C	0x120A      	BCF        PCLATH, 4
;__Lib_System.c,141 :: 		
0x000D	0x0080      	MOVWF      INDF
;__Lib_System.c,142 :: 		
0x000E	0x0A84      	INCF       FSR, 1
;__Lib_System.c,143 :: 		
0x000F	0x0AA0      	INCF       ___DoICPAddr, 1
;__Lib_System.c,145 :: 		
0x0010	0x1903      	BTFSC      STATUS, 2
;__Lib_System.c,146 :: 		
0x0011	0x0AA1      	INCF       ___DoICPAddr+1, 1
;__Lib_System.c,147 :: 		
0x0012	0x03F0      	DECF       R0, 1
;__Lib_System.c,149 :: 		
0x0013	0x1D03      	BTFSS      STATUS, 2
;__Lib_System.c,150 :: 		
0x0014	0x280A      	GOTO       _CC2D_Loop1
;__Lib_System.c,152 :: 		
L_end___CC2DW:
0x0015	0x0008      	RETURN
; end of ___CC2DW
_main:
;AULA.c,42 :: 		void main() { // ABRE FUNCAO PRINCIPAL: MAIN
;AULA.c,43 :: 		ADCON1 = 0x06;           // CONFIGURA ENTRADAS AN COMO E/S DIGITAIS
0x0016	0x3006      	MOVLW      6
0x0017	0x1683      	BSF        STATUS, 5
0x0018	0x1303      	BCF        STATUS, 6
0x0019	0x009F      	MOVWF      ADCON1
;AULA.c,44 :: 		CMCON = 7;               // DESLIGA COMPARADORES
0x001A	0x3007      	MOVLW      7
0x001B	0x009C      	MOVWF      CMCON
;AULA.c,46 :: 		TRISA = 0b00000000;            PORTA = 0b00000000;
0x001C	0x0185      	CLRF       TRISA
0x001D	0x1283      	BCF        STATUS, 5
0x001E	0x0185      	CLRF       PORTA
;AULA.c,47 :: 		TRISB = 0b11111111;         // PORTB = 0b00000000;
0x001F	0x30FF      	MOVLW      255
0x0020	0x1683      	BSF        STATUS, 5
0x0021	0x0086      	MOVWF      TRISB
;AULA.c,48 :: 		TRISC = 0b00000000;            PORTC = 0b00000000;
0x0022	0x0187      	CLRF       TRISC
0x0023	0x1283      	BCF        STATUS, 5
0x0024	0x0187      	CLRF       PORTC
;AULA.c,49 :: 		TRISD = 0b00000000;            PORTD = 0b00000000;
0x0025	0x1683      	BSF        STATUS, 5
0x0026	0x0188      	CLRF       TRISD
0x0027	0x1283      	BCF        STATUS, 5
0x0028	0x0188      	CLRF       PORTD
;AULA.c,50 :: 		TRISE = 0b00000000;            PORTE = 0b00000000;
0x0029	0x1683      	BSF        STATUS, 5
0x002A	0x0189      	CLRF       TRISE
0x002B	0x1283      	BCF        STATUS, 5
0x002C	0x0189      	CLRF       PORTE
;AULA.c,52 :: 		RELE_1 = 0;         RELE_2 = 0;
0x002D	0x1007      	BCF        PORTC, 0
0x002E	0x1009      	BCF        PORTE, 0
;AULA.c,53 :: 		VENT = 0;           BUZZER = 1;
0x002F	0x1107      	BCF        PORTC, 2
0x0030	0x1487      	BSF        PORTC, 1
;AULA.c,54 :: 		LEDD0 = 0;          LEDD1 = 0;       LEDD2 = 0;        LEDD3 = 0;
0x0031	0x1008      	BCF        PORTD, 0
0x0032	0x1088      	BCF        PORTD, 1
0x0033	0x1108      	BCF        PORTD, 2
0x0034	0x1188      	BCF        PORTD, 3
;AULA.c,55 :: 		LEDD4 = 0;          LEDD5 = 0;       LEDD6 = 0;        LEDD7 = 0;
0x0035	0x1208      	BCF        PORTD, 4
0x0036	0x1288      	BCF        PORTD, 5
0x0037	0x1308      	BCF        PORTD, 6
0x0038	0x1388      	BCF        PORTD, 7
;AULA.c,56 :: 		while (1){
L_main0:
;AULA.c,57 :: 		RELE_1 =  !INT0;    // PRESSIONA LIGA
0x0039	0x1806      	BTFSC      PORTB, 0
0x003A	0x283D      	GOTO       L__main4
0x003B	0x1407      	BSF        PORTC, 0
0x003C	0x283E      	GOTO       L__main5
L__main4:
0x003D	0x1007      	BCF        PORTC, 0
L__main5:
;AULA.c,58 :: 		RELE_2 =  !INT1;    // PRESSIONA LIGA
0x003E	0x1886      	BTFSC      PORTB, 1
0x003F	0x2842      	GOTO       L__main6
0x0040	0x1409      	BSF        PORTE, 0
0x0041	0x2843      	GOTO       L__main7
L__main6:
0x0042	0x1009      	BCF        PORTE, 0
L__main7:
;AULA.c,59 :: 		VENT =    !INT2;    // PRESSIONA LIGA
0x0043	0x1906      	BTFSC      PORTB, 2
0x0044	0x2847      	GOTO       L__main8
0x0045	0x1507      	BSF        PORTC, 2
0x0046	0x2848      	GOTO       L__main9
L__main8:
0x0047	0x1107      	BCF        PORTC, 2
L__main9:
;AULA.c,60 :: 		BUZZER =   INT3;    // PRESSIONA LIGA
0x0048	0x1986      	BTFSC      PORTB, 3
0x0049	0x284C      	GOTO       L__main10
0x004A	0x1087      	BCF        PORTC, 1
0x004B	0x284D      	GOTO       L__main11
L__main10:
0x004C	0x1487      	BSF        PORTC, 1
L__main11:
;AULA.c,61 :: 		LEDD0 =   !INT4;    // PRESSIONA LIGA
0x004D	0x1A06      	BTFSC      PORTB, 4
0x004E	0x2851      	GOTO       L__main12
0x004F	0x1408      	BSF        PORTD, 0
0x0050	0x2852      	GOTO       L__main13
L__main12:
0x0051	0x1008      	BCF        PORTD, 0
L__main13:
;AULA.c,62 :: 		LEDD1 =    INT5;    // PRESSIONA DESLIGA
0x0052	0x1A86      	BTFSC      PORTB, 5
0x0053	0x2856      	GOTO       L__main14
0x0054	0x1088      	BCF        PORTD, 1
0x0055	0x2857      	GOTO       L__main15
L__main14:
0x0056	0x1488      	BSF        PORTD, 1
L__main15:
;AULA.c,63 :: 		LEDD2 =   !INT4;    // PRESSIONA LIGA
0x0057	0x1A06      	BTFSC      PORTB, 4
0x0058	0x285B      	GOTO       L__main16
0x0059	0x1508      	BSF        PORTD, 2
0x005A	0x285C      	GOTO       L__main17
L__main16:
0x005B	0x1108      	BCF        PORTD, 2
L__main17:
;AULA.c,64 :: 		LEDD3 =    INT5;    // PRESSIONA DESLIGA
0x005C	0x1A86      	BTFSC      PORTB, 5
0x005D	0x2860      	GOTO       L__main18
0x005E	0x1188      	BCF        PORTD, 3
0x005F	0x2861      	GOTO       L__main19
L__main18:
0x0060	0x1588      	BSF        PORTD, 3
L__main19:
;AULA.c,65 :: 		LEDD4 =   !INT4;    // PRESSIONA LIGA
0x0061	0x1A06      	BTFSC      PORTB, 4
0x0062	0x2865      	GOTO       L__main20
0x0063	0x1608      	BSF        PORTD, 4
0x0064	0x2866      	GOTO       L__main21
L__main20:
0x0065	0x1208      	BCF        PORTD, 4
L__main21:
;AULA.c,66 :: 		LEDD5 =    INT5;    // PRESSIONA DESLIGA
0x0066	0x1A86      	BTFSC      PORTB, 5
0x0067	0x286A      	GOTO       L__main22
0x0068	0x1288      	BCF        PORTD, 5
0x0069	0x286B      	GOTO       L__main23
L__main22:
0x006A	0x1688      	BSF        PORTD, 5
L__main23:
;AULA.c,67 :: 		LEDD6 =   !INT4;    // PRESSIONA LIGA
0x006B	0x1A06      	BTFSC      PORTB, 4
0x006C	0x286F      	GOTO       L__main24
0x006D	0x1708      	BSF        PORTD, 6
0x006E	0x2870      	GOTO       L__main25
L__main24:
0x006F	0x1308      	BCF        PORTD, 6
L__main25:
;AULA.c,68 :: 		LEDD7 =    INT5;    // PRESSIONA DESLIGA
0x0070	0x1A86      	BTFSC      PORTB, 5
0x0071	0x2874      	GOTO       L__main26
0x0072	0x1388      	BCF        PORTD, 7
0x0073	0x2875      	GOTO       L__main27
L__main26:
0x0074	0x1788      	BSF        PORTD, 7
L__main27:
;AULA.c,69 :: 		Delay_ms(50);}}
0x0075	0x3082      	MOVLW      130
0x0076	0x00FC      	MOVWF      R12
0x0077	0x30DD      	MOVLW      221
0x0078	0x00FD      	MOVWF      R13
L_main2:
0x0079	0x0BFD      	DECFSZ     R13, 1
0x007A	0x2879      	GOTO       L_main2
0x007B	0x0BFC      	DECFSZ     R12, 1
0x007C	0x2879      	GOTO       L_main2
0x007D	0x0000      	NOP
0x007E	0x0000      	NOP
0x007F	0x2839      	GOTO       L_main0
L_end_main:
0x0080	0x2880      	GOTO       $+0
; end of _main
Symbol List:
//** Routines locations **
//ADDRESS    SIZE    PROCEDURE
//----------------------------------------------
0x0003       [7]    _____DoICP
0x000A      [12]    ___CC2DW
0x0016     [107]    _main
//** Variables locations ** 
//ADDRESS    SIZE    VARIABLE
//----------------------------------------------
0x0000       [1]    INDF
0x0002       [1]    PCL
0x0003       [1]    STATUS
0x0004       [1]    FSR
0x0005       [1]    PORTA
0x0006       [1]    PORTB
0x0007       [1]    PORTC
0x0008       [1]    PORTD
0x0009       [1]    PORTE
0x000A       [1]    PCLATH
0x0020       [2]    ___DoICPAddr
0x0070       [1]    R0
0x0071       [1]    R1
0x0072       [1]    R2
0x0073       [1]    R3
0x0074       [1]    R4
0x0075       [1]    R5
0x0076       [1]    R6
0x0077       [1]    R7
0x0078       [1]    R8
0x0079       [1]    R9
0x007A       [1]    R10
0x007B       [1]    R11
0x007C       [1]    R12
0x007D       [1]    R13
0x007E       [1]    R14
0x007F       [1]    R15
0x0085       [1]    TRISA
0x0086       [1]    TRISB
0x0087       [1]    TRISC
0x0088       [1]    TRISD
0x0089       [1]    TRISE
0x009C       [1]    CMCON
0x009F       [1]    ADCON1
//** Label List: ** 
//----------------------------------------------
  L_main0
  L_main1
  L_main2
  L_end_main
  _main
  L__main4
  L__main5
  L__main6
  L__main7
  L__main8
  L__main9
  L__main10
  L__main11
  L__main12
  L__main13
  L__main14
  L__main15
  L__main16
  L__main17
  L__main18
  L__main19
  L__main20
  L__main21
  L__main22
  L__main23
  L__main24
  L__main25
  L__main26
  L__main27
  L_loopCA2AWs
  L_CA2AWend
  _CCA2AW_Loop1
  L_loopCS2Ss
  L_CS2Send
  _CCS2S_Loop1
  L_CCS2Send
  L_loopFZinSWs
  L_FZinSend
  _CC2D_Loop1
  L_end_____DoICP
  _____DoICP
  L_end_____DoIFC
  _____DoIFC
  L_end___CA2AW
  ___CA2AW
  L_end___CCA2AW
  ___CCA2AW
  L_end___CS2S
  ___CS2S
  L_end___CCS2S
  ___CCS2S
  L_end___FZinS
  ___FZinS
  L_end___CC2DW
  ___CC2DW
  L_end_Swap
  _Swap
