0	1	mikroCPIC1618.exe -MSF -DBG -pP16F877A -RA -DL -O11111114 -fo8 -N"C:\realronchi\1.PARTE-II\1.RTC\RTC.mcppi" -SP"C:\Users\Public\Documents\Mikroelektronika\mikroC PRO for PIC\defs\" -SP"C:\Users\Public\Documents\Mikroelektronika\mikroC PRO for PIC\Uses\P16\" -SP"C:\realronchi\1.PARTE-II\1.RTC\" -SP"E:\8.PICMICRO\CODEEX\0.MICROGENIOS\PIC16F877A\000.452\6.RTC\" -SP"W:\8.PICMICRO\CODEEX\0.MICROGENIOS\PIC18F452\0.CEV\6.RTC\" -SP"C:\Arquivos de programas\Mikroelektronika\mikroC PRO for PIC\defs\" -SP"C:\Arquivos de programas\Mikroelektronika\mikroC PRO for PIC\uses\P18\" -SP"Z:\Microgenios Arquivos\Arquivos de CDs\CD Kit PICgenios\Exemplos de Programas\Linguagem C - MikroC PRO\PIC18F4520\26 - RTC\" -SP"C:\Microgenios\Microcontroladores\PIC\Compiladores\MikroC\Programa\PRO\Exemplos\PIC18F4520\XX - RTC\" -SP"C:\Microgenios\Microcontroladores\PIC\Compiladores\MikroC\Programa\PRO\Exemplos\PIC18F4520\01 - PISCA_PISCA_PORTB\" -IP"W:\8.PICMICRO\CODEEX\0.MICROGENIOS\PIC18F452\0.CEV\6.RTC\" -IP"E:\8.PICMICRO\CODEEX\0.MICROGENIOS\PIC16F877A\000.452\6.RTC\" -IP"C:\realronchi\1.PARTE-II\1.RTC\" "MAIN.c" "__Lib_Math.mcl" "__Lib_MathDouble.mcl" "__Lib_System.mcl" "__Lib_Delays.mcl" "__Lib_CType.mcl" "__Lib_CString.mcl" "__Lib_CStdlib.mcl" "__Lib_CMath.mcl" "__Lib_MemManager.mcl" "__Lib_Conversions.mcl" "__Lib_Sprinti.mcl" "__Lib_Sprintl.mcl" "__Lib_Time.mcl" "__Lib_Trigonometry.mcl" "__Lib_Button.mcl" "__Lib_Keypad4x4.mcl" "__Lib_Manchester.mcl" "__Lib_OneWire.mcl" "__Lib_PS2.mcl" "__Lib_Sound.mcl" "__Lib_SoftI2C.mcl" "__Lib_SoftSPI.mcl" "__Lib_SoftUART.mcl" "__Lib_ADC_A_C.mcl" "__Lib_EEPROM.mcl" "__Lib_FLASH_RW.mcl" "__Lib_I2C_c34.mcl" "__Lib_PWM_c21.mcl" "__Lib_SPI_c345.mcl" "__Lib_UART_c67.mcl" "__Lib_PortExpander.mcl" "__Lib_CANSPI.mcl" "__Lib_CF.mcl" "__Lib_GlcdFonts.mcl" "__Lib_Glcd.mcl" "__Lib_LcdConsts.mcl" "__Lib_Lcd.mcl" "__Lib_RS485.mcl" "__Lib_S1D13700.mcl" "__Lib_T6963C.mcl" "__Lib_SPIGlcd.mcl" "__Lib_SPILcd.mcl" "__Lib_SPILcd8.mcl" "__Lib_SPIT6963C.mcl" "__Lib_EthEnc28j60.mcl" "__Lib_EthEnc24j600.mcl" "__Lib_TouchPanel.mcl"	 
warning: 0	1501	Specified search path does not exist: 'E:\8.PICMICRO\CODEEX\0.MICROGENIOS\PIC16F877A\000.452\6.RTC'	 
warning: 0	1501	Specified search path does not exist: 'W:\8.PICMICRO\CODEEX\0.MICROGENIOS\PIC18F452\0.CEV\6.RTC'	 
warning: 0	1501	Specified search path does not exist: 'C:\Arquivos de programas\Mikroelektronika\mikroC PRO for PIC\defs'	 
warning: 0	1501	Specified search path does not exist: 'C:\Arquivos de programas\Mikroelektronika\mikroC PRO for PIC\uses\P18'	 
warning: 0	1501	Specified search path does not exist: 'Z:\Microgenios Arquivos\Arquivos de CDs\CD Kit PICgenios\Exemplos de Programas\Linguagem C - MikroC PRO\PIC18F4520\26 - RTC'	 
warning: 0	1501	Specified search path does not exist: 'C:\Microgenios\Microcontroladores\PIC\Compiladores\MikroC\Programa\PRO\Exemplos\PIC18F4520\XX - RTC'	 
warning: 0	1501	Specified search path does not exist: 'C:\Microgenios\Microcontroladores\PIC\Compiladores\MikroC\Programa\PRO\Exemplos\PIC18F4520\01 - PISCA_PISCA_PORTB'	 
warning: 0	1502	Specified include path does not exist: 'W:\8.PICMICRO\CODEEX\0.MICROGENIOS\PIC18F452\0.CEV\6.RTC'	 
warning: 0	1502	Specified include path does not exist: 'E:\8.PICMICRO\CODEEX\0.MICROGENIOS\PIC16F877A\000.452\6.RTC'	 
hint: 0	1139	Available RAM: 352 [bytes], Available ROM: 8192 [bytes]	 
diagnostics: 0	122	Compilation Started	P16F877A.c
diagnostics: 666	123	Compiled Successfully	P16F877A.c
diagnostics: 0	122	Compilation Started	__Lib_Delays.c
diagnostics: 123	123	Compiled Successfully	__Lib_Delays.c
diagnostics: 0	122	Compilation Started	__Lib_MemManager.c
warning: 34	1508	Implicit conversion of int to ptr	__Lib_MemManager.c
diagnostics: 231	123	Compiled Successfully	__Lib_MemManager.c
diagnostics: 0	122	Compilation Started	__Lib_GlcdFonts.c
diagnostics: 1207	123	Compiled Successfully	__Lib_GlcdFonts.c
diagnostics: 0	122	Compilation Started	lcdmicrogenios.h
diagnostics: 136	123	Compiled Successfully	MAIN.c
hint: 62	1164	Variable 'ucValor1' has been eliminated by optimizer	MAIN.c
hint: 62	1164	Variable 'ucValor2' has been eliminated by optimizer	MAIN.c
diagnostics: 0	127	All files Compiled in 47 ms	 
hint: 0	1144	Used RAM (bytes): 92 (26%)  Free RAM (bytes): 260 (74%)	Used RAM (bytes): 92 (26%)  Free RAM (bytes): 260 (74%)
hint: 0	1144	Used ROM (program words): 1129 (14%)  Free ROM (program words): 7063 (86%)	Used ROM (program words): 1129 (14%)  Free ROM (program words): 7063 (86%)
diagnostics: 0	125	Project Linked Successfully	RTC.mcppi
diagnostics: 0	128	Linked in 78 ms	 
diagnostics: 0	129	Project 'RTC.mcppi' completed: 328 ms	 
diagnostics: 0	103	Finished successfully: 15 mai 2015, 20:27:32	RTC.mcppi
