;  LST file generated by mikroListExporter - v.2.0 
; Date/Time: 15/05/2015 20:27:32
;----------------------------------------------

;Address Opcode 	ASM
0x0000	0x2BEB      	GOTO       1003
_Delay_50us:
;__Lib_Delays.c,19 :: 		void Delay_50us() {
;__Lib_Delays.c,20 :: 		Delay_us(50);
0x0003	0x3021      	MOVLW      33
0x0004	0x1283      	BCF        STATUS, 5
0x0005	0x1303      	BCF        STATUS, 6
0x0006	0x00FD      	MOVWF      R13
L_Delay_50us2:
0x0007	0x0BFD      	DECFSZ     R13, 1
0x0008	0x2807      	GOTO       L_Delay_50us2
;__Lib_Delays.c,21 :: 		}
L_end_Delay_50us:
0x0009	0x0008      	RETURN
; end of _Delay_50us
_Delay_5500us:
;__Lib_Delays.c,31 :: 		void Delay_5500us() {
;__Lib_Delays.c,32 :: 		Delay_us(5500);
0x000A	0x300F      	MOVLW      15
0x000B	0x1283      	BCF        STATUS, 5
0x000C	0x1303      	BCF        STATUS, 6
0x000D	0x00FC      	MOVWF      R12
0x000E	0x3047      	MOVLW      71
0x000F	0x00FD      	MOVWF      R13
L_Delay_5500us5:
0x0010	0x0BFD      	DECFSZ     R13, 1
0x0011	0x2810      	GOTO       L_Delay_5500us5
0x0012	0x0BFC      	DECFSZ     R12, 1
0x0013	0x2810      	GOTO       L_Delay_5500us5
0x0014	0x0000      	NOP
0x0015	0x0000      	NOP
;__Lib_Delays.c,33 :: 		}
L_end_Delay_5500us:
0x0016	0x0008      	RETURN
; end of _Delay_5500us
_Delay_1us:
;__Lib_Delays.c,7 :: 		void Delay_1us() {
;__Lib_Delays.c,8 :: 		Delay_us(1);
0x0017	0x0000      	NOP
0x0018	0x0000      	NOP
;__Lib_Delays.c,9 :: 		}
L_end_Delay_1us:
0x0019	0x0008      	RETURN
; end of _Delay_1us
_Lcd_Cmd:
;__Lib_Lcd.c,18 :: 		
;__Lib_Lcd.c,20 :: 		
0x001A	0x1683      	BSF        STATUS, 5
0x001B	0x1303      	BCF        STATUS, 6
0x001C	0x1BAC      	BTFSC      FARG_Lcd_Cmd_out_char, 7
0x001D	0x2821      	GOTO       L__Lcd_Cmd21
0x001E	0x1283      	BCF        STATUS, 5
0x001F	0x1388      	BCF        LCD_D7, BitPos(LCD_D7+0)
0x0020	0x2823      	GOTO       L__Lcd_Cmd22
L__Lcd_Cmd21:
0x0021	0x1283      	BCF        STATUS, 5
0x0022	0x1788      	BSF        LCD_D7, BitPos(LCD_D7+0)
L__Lcd_Cmd22:
;__Lib_Lcd.c,21 :: 		
0x0023	0x1683      	BSF        STATUS, 5
0x0024	0x1B2C      	BTFSC      FARG_Lcd_Cmd_out_char, 6
0x0025	0x2829      	GOTO       L__Lcd_Cmd23
0x0026	0x1283      	BCF        STATUS, 5
0x0027	0x1308      	BCF        LCD_D6, BitPos(LCD_D6+0)
0x0028	0x282B      	GOTO       L__Lcd_Cmd24
L__Lcd_Cmd23:
0x0029	0x1283      	BCF        STATUS, 5
0x002A	0x1708      	BSF        LCD_D6, BitPos(LCD_D6+0)
L__Lcd_Cmd24:
;__Lib_Lcd.c,22 :: 		
0x002B	0x1683      	BSF        STATUS, 5
0x002C	0x1AAC      	BTFSC      FARG_Lcd_Cmd_out_char, 5
0x002D	0x2831      	GOTO       L__Lcd_Cmd25
0x002E	0x1283      	BCF        STATUS, 5
0x002F	0x1288      	BCF        LCD_D5, BitPos(LCD_D5+0)
0x0030	0x2833      	GOTO       L__Lcd_Cmd26
L__Lcd_Cmd25:
0x0031	0x1283      	BCF        STATUS, 5
0x0032	0x1688      	BSF        LCD_D5, BitPos(LCD_D5+0)
L__Lcd_Cmd26:
;__Lib_Lcd.c,23 :: 		
0x0033	0x1683      	BSF        STATUS, 5
0x0034	0x1A2C      	BTFSC      FARG_Lcd_Cmd_out_char, 4
0x0035	0x2839      	GOTO       L__Lcd_Cmd27
0x0036	0x1283      	BCF        STATUS, 5
0x0037	0x1208      	BCF        LCD_D4, BitPos(LCD_D4+0)
0x0038	0x283B      	GOTO       L__Lcd_Cmd28
L__Lcd_Cmd27:
0x0039	0x1283      	BCF        STATUS, 5
0x003A	0x1608      	BSF        LCD_D4, BitPos(LCD_D4+0)
L__Lcd_Cmd28:
;__Lib_Lcd.c,25 :: 		
0x003B	0x1868      	BTFSC      __Lib_Lcd_cmd_status, BitPos(__Lib_Lcd_cmd_status+0)
0x003C	0x283F      	GOTO       L__Lcd_Cmd29
0x003D	0x1509      	BSF        LCD_RS, BitPos(LCD_RS+0)
0x003E	0x2840      	GOTO       L__Lcd_Cmd30
L__Lcd_Cmd29:
0x003F	0x1109      	BCF        LCD_RS, BitPos(LCD_RS+0)
L__Lcd_Cmd30:
;__Lib_Lcd.c,28 :: 		
0x0040	0x1489      	BSF        LCD_EN, BitPos(LCD_EN+0)
;__Lib_Lcd.c,29 :: 		
0x0041	0x2017      	CALL       _Delay_1us
;__Lib_Lcd.c,30 :: 		
0x0042	0x1089      	BCF        LCD_EN, BitPos(LCD_EN+0)
;__Lib_Lcd.c,33 :: 		
0x0043	0x1683      	BSF        STATUS, 5
0x0044	0x19AC      	BTFSC      FARG_Lcd_Cmd_out_char, 3
0x0045	0x2849      	GOTO       L__Lcd_Cmd31
0x0046	0x1283      	BCF        STATUS, 5
0x0047	0x1388      	BCF        LCD_D7, BitPos(LCD_D7+0)
0x0048	0x284B      	GOTO       L__Lcd_Cmd32
L__Lcd_Cmd31:
0x0049	0x1283      	BCF        STATUS, 5
0x004A	0x1788      	BSF        LCD_D7, BitPos(LCD_D7+0)
L__Lcd_Cmd32:
;__Lib_Lcd.c,34 :: 		
0x004B	0x1683      	BSF        STATUS, 5
0x004C	0x192C      	BTFSC      FARG_Lcd_Cmd_out_char, 2
0x004D	0x2851      	GOTO       L__Lcd_Cmd33
0x004E	0x1283      	BCF        STATUS, 5
0x004F	0x1308      	BCF        LCD_D6, BitPos(LCD_D6+0)
0x0050	0x2853      	GOTO       L__Lcd_Cmd34
L__Lcd_Cmd33:
0x0051	0x1283      	BCF        STATUS, 5
0x0052	0x1708      	BSF        LCD_D6, BitPos(LCD_D6+0)
L__Lcd_Cmd34:
;__Lib_Lcd.c,35 :: 		
0x0053	0x1683      	BSF        STATUS, 5
0x0054	0x18AC      	BTFSC      FARG_Lcd_Cmd_out_char, 1
0x0055	0x2859      	GOTO       L__Lcd_Cmd35
0x0056	0x1283      	BCF        STATUS, 5
0x0057	0x1288      	BCF        LCD_D5, BitPos(LCD_D5+0)
0x0058	0x285B      	GOTO       L__Lcd_Cmd36
L__Lcd_Cmd35:
0x0059	0x1283      	BCF        STATUS, 5
0x005A	0x1688      	BSF        LCD_D5, BitPos(LCD_D5+0)
L__Lcd_Cmd36:
;__Lib_Lcd.c,36 :: 		
0x005B	0x1683      	BSF        STATUS, 5
0x005C	0x182C      	BTFSC      FARG_Lcd_Cmd_out_char, 0
0x005D	0x2861      	GOTO       L__Lcd_Cmd37
0x005E	0x1283      	BCF        STATUS, 5
0x005F	0x1208      	BCF        LCD_D4, BitPos(LCD_D4+0)
0x0060	0x2863      	GOTO       L__Lcd_Cmd38
L__Lcd_Cmd37:
0x0061	0x1283      	BCF        STATUS, 5
0x0062	0x1608      	BSF        LCD_D4, BitPos(LCD_D4+0)
L__Lcd_Cmd38:
;__Lib_Lcd.c,38 :: 		
0x0063	0x1868      	BTFSC      __Lib_Lcd_cmd_status, BitPos(__Lib_Lcd_cmd_status+0)
0x0064	0x2867      	GOTO       L__Lcd_Cmd39
0x0065	0x1509      	BSF        LCD_RS, BitPos(LCD_RS+0)
0x0066	0x2868      	GOTO       L__Lcd_Cmd40
L__Lcd_Cmd39:
0x0067	0x1109      	BCF        LCD_RS, BitPos(LCD_RS+0)
L__Lcd_Cmd40:
;__Lib_Lcd.c,40 :: 		
0x0068	0x1489      	BSF        LCD_EN, BitPos(LCD_EN+0)
;__Lib_Lcd.c,41 :: 		
0x0069	0x2017      	CALL       _Delay_1us
;__Lib_Lcd.c,42 :: 		
0x006A	0x1089      	BCF        LCD_EN, BitPos(LCD_EN+0)
;__Lib_Lcd.c,44 :: 		
0x006B	0x1C68      	BTFSS      __Lib_Lcd_cmd_status, BitPos(__Lib_Lcd_cmd_status+0)
0x006C	0x286F      	GOTO       L_Lcd_Cmd0
;__Lib_Lcd.c,45 :: 		
0x006D	0x200A      	CALL       _Delay_5500us
0x006E	0x2870      	GOTO       L_Lcd_Cmd1
L_Lcd_Cmd0:
;__Lib_Lcd.c,47 :: 		
0x006F	0x2003      	CALL       _Delay_50us
L_Lcd_Cmd1:
;__Lib_Lcd.c,48 :: 		
L_end_Lcd_Cmd:
0x0070	0x0008      	RETURN
; end of _Lcd_Cmd
_Mul_32x32_U:
;__Lib_Math.c,1774 :: 		
;__Lib_Math.c,1789 :: 		
0x0071	0x1283      	BCF        STATUS, 5
;__Lib_Math.c,1790 :: 		
0x0072	0x1303      	BCF        STATUS, 6
;__Lib_Math.c,1791 :: 		
0x0073	0x3022      	MOVLW      34
;__Lib_Math.c,1792 :: 		
0x0074	0x00FC      	MOVWF      R12
;__Lib_Math.c,1793 :: 		
0x0075	0x01F8      	CLRF       R8
;__Lib_Math.c,1794 :: 		
0x0076	0x01F9      	CLRF       R9
;__Lib_Math.c,1795 :: 		
0x0077	0x01FA      	CLRF       R10
;__Lib_Math.c,1796 :: 		
0x0078	0x01FB      	CLRF       R11
;__Lib_Math.c,1798 :: 		
_NEXT:
;__Lib_Math.c,1802 :: 		
0x0079	0x03FC      	DECF       R12, 1
;__Lib_Math.c,1803 :: 		
0x007A	0x1903      	BTFSC      STATUS, 2
;__Lib_Math.c,1804 :: 		
0x007B	0x28A7      	GOTO       _EXIT2
;__Lib_Math.c,1805 :: 		
0x007C	0x1003      	BCF        STATUS, 0
;__Lib_Math.c,1807 :: 		
_LOOP:
;__Lib_Math.c,1816 :: 		
0x007D	0x0CFB      	RRF        R11, 1
;__Lib_Math.c,1817 :: 		
0x007E	0x0CFA      	RRF        R10, 1
;__Lib_Math.c,1818 :: 		
0x007F	0x0CF9      	RRF        R9, 1
;__Lib_Math.c,1819 :: 		
0x0080	0x0CF8      	RRF        R8, 1
;__Lib_Math.c,1820 :: 		
0x0081	0x0CF3      	RRF        R3, 1
;__Lib_Math.c,1821 :: 		
0x0082	0x0CF2      	RRF        R2, 1
;__Lib_Math.c,1822 :: 		
0x0083	0x0CF1      	RRF        R1, 1
;__Lib_Math.c,1823 :: 		
0x0084	0x0CF0      	RRF        R0, 1
;__Lib_Math.c,1828 :: 		
0x0085	0x1C03      	BTFSS      STATUS, 0
;__Lib_Math.c,1829 :: 		
0x0086	0x2879      	GOTO       _NEXT
;__Lib_Math.c,1830 :: 		
0x0087	0x03FC      	DECF       R12, 1
;__Lib_Math.c,1831 :: 		
0x0088	0x1903      	BTFSC      STATUS, 2
;__Lib_Math.c,1832 :: 		
0x0089	0x2899      	GOTO       _EXIT1
;__Lib_Math.c,1839 :: 		
0x008A	0x0874      	MOVF       R4, 0
;__Lib_Math.c,1840 :: 		
0x008B	0x07F8      	ADDWF      R8, 1
;__Lib_Math.c,1841 :: 		
0x008C	0x0875      	MOVF       R5, 0
;__Lib_Math.c,1842 :: 		
0x008D	0x1803      	BTFSC      STATUS, 0
;__Lib_Math.c,1843 :: 		
0x008E	0x0F75      	INCFSZ     R5, 0
;__Lib_Math.c,1844 :: 		
0x008F	0x07F9      	ADDWF      R9, 1
;__Lib_Math.c,1845 :: 		
0x0090	0x0876      	MOVF       R6, 0
;__Lib_Math.c,1846 :: 		
0x0091	0x1803      	BTFSC      STATUS, 0
;__Lib_Math.c,1847 :: 		
0x0092	0x0F76      	INCFSZ     R6, 0
;__Lib_Math.c,1848 :: 		
0x0093	0x07FA      	ADDWF      R10, 1
;__Lib_Math.c,1849 :: 		
0x0094	0x0877      	MOVF       R7, 0
;__Lib_Math.c,1850 :: 		
0x0095	0x1803      	BTFSC      STATUS, 0
;__Lib_Math.c,1851 :: 		
0x0096	0x0F77      	INCFSZ     R7, 0
;__Lib_Math.c,1852 :: 		
0x0097	0x07FB      	ADDWF      R11, 1
;__Lib_Math.c,1854 :: 		
0x0098	0x287D      	GOTO       _LOOP
;__Lib_Math.c,1856 :: 		
_EXIT1:
;__Lib_Math.c,1861 :: 		
0x0099	0x0874      	MOVF       R4, 0
;__Lib_Math.c,1862 :: 		
0x009A	0x07F8      	ADDWF      R8, 1
;__Lib_Math.c,1863 :: 		
0x009B	0x0875      	MOVF       R5, 0
;__Lib_Math.c,1864 :: 		
0x009C	0x1803      	BTFSC      STATUS, 0
;__Lib_Math.c,1865 :: 		
0x009D	0x0F75      	INCFSZ     R5, 0
;__Lib_Math.c,1866 :: 		
0x009E	0x07F9      	ADDWF      R9, 1
;__Lib_Math.c,1867 :: 		
0x009F	0x0876      	MOVF       R6, 0
;__Lib_Math.c,1868 :: 		
0x00A0	0x1803      	BTFSC      STATUS, 0
;__Lib_Math.c,1869 :: 		
0x00A1	0x0F76      	INCFSZ     R6, 0
;__Lib_Math.c,1870 :: 		
0x00A2	0x07FA      	ADDWF      R10, 1
;__Lib_Math.c,1871 :: 		
0x00A3	0x0877      	MOVF       R7, 0
;__Lib_Math.c,1872 :: 		
0x00A4	0x1803      	BTFSC      STATUS, 0
;__Lib_Math.c,1873 :: 		
0x00A5	0x0F77      	INCFSZ     R7, 0
;__Lib_Math.c,1874 :: 		
0x00A6	0x07FB      	ADDWF      R11, 1
;__Lib_Math.c,1877 :: 		
_EXIT2:
;__Lib_Math.c,1879 :: 		
L_end_Mul_32x32_U:
0x00A7	0x0008      	RETURN
; end of _Mul_32x32_U
_Lcd_Chr:
;__Lib_Lcd.c,65 :: 		
;__Lib_Lcd.c,66 :: 		
0x00A8	0x28BA      	GOTO       L_Lcd_Chr4
;__Lib_Lcd.c,67 :: 		
L_Lcd_Chr6:
0x00A9	0x3080      	MOVLW      128
0x00AA	0x1683      	BSF        STATUS, 5
0x00AB	0x1303      	BCF        STATUS, 6
0x00AC	0x00A6      	MOVWF      FARG_Lcd_Chr_row
0x00AD	0x28CD      	GOTO       L_Lcd_Chr5
;__Lib_Lcd.c,68 :: 		
L_Lcd_Chr7:
0x00AE	0x30C0      	MOVLW      192
0x00AF	0x00A6      	MOVWF      FARG_Lcd_Chr_row
0x00B0	0x28CD      	GOTO       L_Lcd_Chr5
;__Lib_Lcd.c,69 :: 		
L_Lcd_Chr8:
0x00B1	0x3094      	MOVLW      148
0x00B2	0x00A6      	MOVWF      FARG_Lcd_Chr_row
0x00B3	0x28CD      	GOTO       L_Lcd_Chr5
;__Lib_Lcd.c,70 :: 		
L_Lcd_Chr9:
0x00B4	0x30D4      	MOVLW      212
0x00B5	0x00A6      	MOVWF      FARG_Lcd_Chr_row
0x00B6	0x28CD      	GOTO       L_Lcd_Chr5
;__Lib_Lcd.c,71 :: 		
L_Lcd_Chr10:
0x00B7	0x3080      	MOVLW      128
0x00B8	0x00A6      	MOVWF      FARG_Lcd_Chr_row
;__Lib_Lcd.c,72 :: 		
0x00B9	0x28CD      	GOTO       L_Lcd_Chr5
L_Lcd_Chr4:
0x00BA	0x1683      	BSF        STATUS, 5
0x00BB	0x1303      	BCF        STATUS, 6
0x00BC	0x0826      	MOVF       FARG_Lcd_Chr_row, 0
0x00BD	0x3A01      	XORLW      1
0x00BE	0x1903      	BTFSC      STATUS, 2
0x00BF	0x28A9      	GOTO       L_Lcd_Chr6
0x00C0	0x0826      	MOVF       FARG_Lcd_Chr_row, 0
0x00C1	0x3A02      	XORLW      2
0x00C2	0x1903      	BTFSC      STATUS, 2
0x00C3	0x28AE      	GOTO       L_Lcd_Chr7
0x00C4	0x0826      	MOVF       FARG_Lcd_Chr_row, 0
0x00C5	0x3A03      	XORLW      3
0x00C6	0x1903      	BTFSC      STATUS, 2
0x00C7	0x28B1      	GOTO       L_Lcd_Chr8
0x00C8	0x0826      	MOVF       FARG_Lcd_Chr_row, 0
0x00C9	0x3A04      	XORLW      4
0x00CA	0x1903      	BTFSC      STATUS, 2
0x00CB	0x28B4      	GOTO       L_Lcd_Chr9
0x00CC	0x28B7      	GOTO       L_Lcd_Chr10
L_Lcd_Chr5:
;__Lib_Lcd.c,74 :: 		
0x00CD	0x0327      	DECF       FARG_Lcd_Chr_column, 0
0x00CE	0x00F0      	MOVWF      R0
0x00CF	0x0826      	MOVF       FARG_Lcd_Chr_row, 0
0x00D0	0x07F0      	ADDWF      R0, 1
0x00D1	0x0870      	MOVF       R0, 0
0x00D2	0x00A6      	MOVWF      FARG_Lcd_Chr_row
;__Lib_Lcd.c,76 :: 		
0x00D3	0x1283      	BCF        STATUS, 5
0x00D4	0x1468      	BSF        __Lib_Lcd_cmd_status, BitPos(__Lib_Lcd_cmd_status+0)
;__Lib_Lcd.c,77 :: 		
0x00D5	0x0870      	MOVF       R0, 0
0x00D6	0x1683      	BSF        STATUS, 5
0x00D7	0x00AC      	MOVWF      FARG_Lcd_Cmd_out_char
0x00D8	0x201A      	CALL       _Lcd_Cmd
;__Lib_Lcd.c,79 :: 		
0x00D9	0x1068      	BCF        __Lib_Lcd_cmd_status, BitPos(__Lib_Lcd_cmd_status+0)
;__Lib_Lcd.c,80 :: 		
0x00DA	0x1683      	BSF        STATUS, 5
0x00DB	0x0828      	MOVF       FARG_Lcd_Chr_out_char, 0
0x00DC	0x00AC      	MOVWF      FARG_Lcd_Cmd_out_char
0x00DD	0x201A      	CALL       _Lcd_Cmd
;__Lib_Lcd.c,81 :: 		
0x00DE	0x1468      	BSF        __Lib_Lcd_cmd_status, BitPos(__Lib_Lcd_cmd_status+0)
;__Lib_Lcd.c,82 :: 		
L_end_Lcd_Chr:
0x00DF	0x0008      	RETURN
; end of _Lcd_Chr
_VDelay_ms:
;__Lib_Delays.c,82 :: 		void VDelay_ms(unsigned Time_ms){
;__Lib_Delays.c,84 :: 		NumberOfCyc = Clock_kHz()>>2; // this will be done by compiler, no asm will be genereated except that for assignment;
0x00E0	0x30D0      	MOVLW      208
0x00E1	0x1683      	BSF        STATUS, 5
0x00E2	0x1303      	BCF        STATUS, 6
0x00E3	0x00A8      	MOVWF      VDelay_ms_NumberOfCyc_L0
0x00E4	0x3007      	MOVLW      7
0x00E5	0x00A9      	MOVWF      VDelay_ms_NumberOfCyc_L0+1
0x00E6	0x01AA      	CLRF       VDelay_ms_NumberOfCyc_L0+2
0x00E7	0x01AB      	CLRF       VDelay_ms_NumberOfCyc_L0+3
;__Lib_Delays.c,85 :: 		NumberOfCyc *= Time_ms;
0x00E8	0x30D0      	MOVLW      208
0x00E9	0x00F0      	MOVWF      R0
0x00EA	0x3007      	MOVLW      7
0x00EB	0x00F1      	MOVWF      R0+1
0x00EC	0x3000      	MOVLW      0
0x00ED	0x00F2      	MOVWF      R0+2
0x00EE	0x3000      	MOVLW      0
0x00EF	0x00F3      	MOVWF      R0+3
0x00F0	0x0826      	MOVF       FARG_VDelay_ms_Time_ms, 0
0x00F1	0x00F4      	MOVWF      R4
0x00F2	0x0827      	MOVF       FARG_VDelay_ms_Time_ms+1, 0
0x00F3	0x00F5      	MOVWF      R4+1
0x00F4	0x01F6      	CLRF       R4+2
0x00F5	0x01F7      	CLRF       R4+3
0x00F6	0x2071      	CALL       _Mul_32x32_U
0x00F7	0x0870      	MOVF       R0, 0
0x00F8	0x1683      	BSF        STATUS, 5
0x00F9	0x00A8      	MOVWF      VDelay_ms_NumberOfCyc_L0
0x00FA	0x0871      	MOVF       R0+1, 0
0x00FB	0x00A9      	MOVWF      VDelay_ms_NumberOfCyc_L0+1
0x00FC	0x0872      	MOVF       R0+2, 0
0x00FD	0x00AA      	MOVWF      VDelay_ms_NumberOfCyc_L0+2
0x00FE	0x0873      	MOVF       R0+3, 0
0x00FF	0x00AB      	MOVWF      VDelay_ms_NumberOfCyc_L0+3
;__Lib_Delays.c,86 :: 		if (NumberOfCyc < 690)
0x0100	0x3000      	MOVLW      0
0x0101	0x0273      	SUBWF      R0+3, 0
0x0102	0x1D03      	BTFSS      STATUS, 2
0x0103	0x290E      	GOTO       L__VDelay_ms38
0x0104	0x3000      	MOVLW      0
0x0105	0x0272      	SUBWF      R0+2, 0
0x0106	0x1D03      	BTFSS      STATUS, 2
0x0107	0x290E      	GOTO       L__VDelay_ms38
0x0108	0x3002      	MOVLW      2
0x0109	0x0271      	SUBWF      R0+1, 0
0x010A	0x1D03      	BTFSS      STATUS, 2
0x010B	0x290E      	GOTO       L__VDelay_ms38
0x010C	0x30B2      	MOVLW      178
0x010D	0x0270      	SUBWF      R0, 0
L__VDelay_ms38:
0x010E	0x1803      	BTFSC      STATUS, 0
0x010F	0x2911      	GOTO       L_VDelay_ms15
;__Lib_Delays.c,87 :: 		return;
0x0110	0x2950      	GOTO       L_end_VDelay_ms
L_VDelay_ms15:
;__Lib_Delays.c,88 :: 		NumberOfCyc -= 690;
0x0111	0x30B2      	MOVLW      178
0x0112	0x00F0      	MOVWF      R0
0x0113	0x3002      	MOVLW      2
0x0114	0x00F1      	MOVWF      R0+1
0x0115	0x01F2      	CLRF       R0+2
0x0116	0x01F3      	CLRF       R0+3
0x0117	0x0870      	MOVF       R0, 0
0x0118	0x02A8      	SUBWF      VDelay_ms_NumberOfCyc_L0, 1
0x0119	0x0871      	MOVF       R0+1, 0
0x011A	0x1C03      	BTFSS      STATUS, 0
0x011B	0x0F71      	INCFSZ     R0+1, 0
0x011C	0x02A9      	SUBWF      VDelay_ms_NumberOfCyc_L0+1, 1
0x011D	0x0872      	MOVF       R0+2, 0
0x011E	0x1C03      	BTFSS      STATUS, 0
0x011F	0x0F72      	INCFSZ     R0+2, 0
0x0120	0x02AA      	SUBWF      VDelay_ms_NumberOfCyc_L0+2, 1
0x0121	0x0873      	MOVF       R0+3, 0
0x0122	0x1C03      	BTFSS      STATUS, 0
0x0123	0x0F73      	INCFSZ     R0+3, 0
0x0124	0x02AB      	SUBWF      VDelay_ms_NumberOfCyc_L0+3, 1
;__Lib_Delays.c,89 :: 		NumberOfCyc =  NumberOfCyc >> 5; // Dec and While below take around 32 instructions
0x0125	0x3005      	MOVLW      5
0x0126	0x00F0      	MOVWF      R0
0x0127	0x0870      	MOVF       R0, 0
L__VDelay_ms39:
0x0128	0x1903      	BTFSC      STATUS, 2
0x0129	0x2931      	GOTO       L__VDelay_ms40
0x012A	0x0CAB      	RRF        VDelay_ms_NumberOfCyc_L0+3, 1
0x012B	0x0CAA      	RRF        VDelay_ms_NumberOfCyc_L0+2, 1
0x012C	0x0CA9      	RRF        VDelay_ms_NumberOfCyc_L0+1, 1
0x012D	0x0CA8      	RRF        VDelay_ms_NumberOfCyc_L0, 1
0x012E	0x13AB      	BCF        VDelay_ms_NumberOfCyc_L0+3, 7
0x012F	0x3EFF      	ADDLW      255
0x0130	0x2928      	GOTO       L__VDelay_ms39
L__VDelay_ms40:
;__Lib_Delays.c,90 :: 		while (NumberOfCyc--)
L_VDelay_ms16:
0x0131	0x0828      	MOVF       VDelay_ms_NumberOfCyc_L0, 0
0x0132	0x00F0      	MOVWF      R0
0x0133	0x0829      	MOVF       VDelay_ms_NumberOfCyc_L0+1, 0
0x0134	0x00F1      	MOVWF      R0+1
0x0135	0x082A      	MOVF       VDelay_ms_NumberOfCyc_L0+2, 0
0x0136	0x00F2      	MOVWF      R0+2
0x0137	0x082B      	MOVF       VDelay_ms_NumberOfCyc_L0+3, 0
0x0138	0x00F3      	MOVWF      R0+3
0x0139	0x3001      	MOVLW      1
0x013A	0x02A8      	SUBWF      VDelay_ms_NumberOfCyc_L0, 1
0x013B	0x1C03      	BTFSS      STATUS, 0
0x013C	0x02A9      	SUBWF      VDelay_ms_NumberOfCyc_L0+1, 1
0x013D	0x1C03      	BTFSS      STATUS, 0
0x013E	0x02AA      	SUBWF      VDelay_ms_NumberOfCyc_L0+2, 1
0x013F	0x1C03      	BTFSS      STATUS, 0
0x0140	0x02AB      	SUBWF      VDelay_ms_NumberOfCyc_L0+3, 1
0x0141	0x0870      	MOVF       R0, 0
0x0142	0x0471      	IORWF      R0+1, 0
0x0143	0x0472      	IORWF      R0+2, 0
0x0144	0x0473      	IORWF      R0+3, 0
0x0145	0x1903      	BTFSC      STATUS, 2
0x0146	0x2950      	GOTO       L_VDelay_ms17
;__Lib_Delays.c,92 :: 		asm nop;
0x0147	0x0000      	NOP
;__Lib_Delays.c,93 :: 		asm nop;
0x0148	0x0000      	NOP
;__Lib_Delays.c,94 :: 		asm nop;
0x0149	0x0000      	NOP
;__Lib_Delays.c,95 :: 		asm nop;
0x014A	0x0000      	NOP
;__Lib_Delays.c,96 :: 		asm nop;
0x014B	0x0000      	NOP
;__Lib_Delays.c,97 :: 		asm nop;
0x014C	0x0000      	NOP
;__Lib_Delays.c,98 :: 		asm nop;
0x014D	0x0000      	NOP
;__Lib_Delays.c,99 :: 		asm nop;
0x014E	0x0000      	NOP
;__Lib_Delays.c,100 :: 		}
0x014F	0x2931      	GOTO       L_VDelay_ms16
L_VDelay_ms17:
;__Lib_Delays.c,101 :: 		}
L_end_VDelay_ms:
0x0150	0x0008      	RETURN
; end of _VDelay_ms
_I2C1_Is_Idle:
;__Lib_I2C_c34.c,13 :: 		
;__Lib_I2C_c34.c,14 :: 		
0x0151	0x1683      	BSF        STATUS, 5
0x0152	0x1303      	BCF        STATUS, 6
0x0153	0x1914      	BTFSC      SSPSTAT, 2
0x0154	0x295F      	GOTO       L_I2C1_Is_Idle0
;__Lib_I2C_c34.c,15 :: 		
0x0155	0x301F      	MOVLW      31
0x0156	0x0511      	ANDWF      SSPCON2, 0
0x0157	0x00F1      	MOVWF      R1
0x0158	0x0871      	MOVF       R1, 0
0x0159	0x3A00      	XORLW      0
0x015A	0x1D03      	BTFSS      STATUS, 2
0x015B	0x295F      	GOTO       L_I2C1_Is_Idle1
;__Lib_I2C_c34.c,16 :: 		
0x015C	0x3001      	MOVLW      1
0x015D	0x00F0      	MOVWF      R0
0x015E	0x2960      	GOTO       L_end_I2C1_Is_Idle
L_I2C1_Is_Idle1:
L_I2C1_Is_Idle0:
;__Lib_I2C_c34.c,17 :: 		
0x015F	0x01F0      	CLRF       R0
;__Lib_I2C_c34.c,18 :: 		
L_end_I2C1_Is_Idle:
0x0160	0x0008      	RETURN
; end of _I2C1_Is_Idle
_Lcd_Chr_CP:
;__Lib_Lcd.c,50 :: 		
;__Lib_Lcd.c,52 :: 		
0x0161	0x1283      	BCF        STATUS, 5
0x0162	0x1303      	BCF        STATUS, 6
0x0163	0x1068      	BCF        __Lib_Lcd_cmd_status, BitPos(__Lib_Lcd_cmd_status+0)
;__Lib_Lcd.c,53 :: 		
0x0164	0x1683      	BSF        STATUS, 5
0x0165	0x0826      	MOVF       FARG_Lcd_Chr_CP_out_char, 0
0x0166	0x00AC      	MOVWF      FARG_Lcd_Cmd_out_char
0x0167	0x201A      	CALL       _Lcd_Cmd
;__Lib_Lcd.c,54 :: 		
0x0168	0x1468      	BSF        __Lib_Lcd_cmd_status, BitPos(__Lib_Lcd_cmd_status+0)
;__Lib_Lcd.c,55 :: 		
L_end_Lcd_Chr_CP:
0x0169	0x0008      	RETURN
; end of _Lcd_Chr_CP
_I2C1_Rd:
;__Lib_I2C_c34.c,44 :: 		
;__Lib_I2C_c34.c,47 :: 		
0x016A	0x1283      	BCF        STATUS, 5
0x016B	0x1303      	BCF        STATUS, 6
0x016C	0x118C      	BCF        PIR1, 3
;__Lib_I2C_c34.c,48 :: 		
0x016D	0x1683      	BSF        STATUS, 5
0x016E	0x1591      	BSF        SSPCON2, 3
;__Lib_I2C_c34.c,50 :: 		
L_I2C1_Rd12:
0x016F	0x1283      	BCF        STATUS, 5
0x0170	0x198C      	BTFSC      PIR1, 3
0x0171	0x2973      	GOTO       L_I2C1_Rd13
;__Lib_I2C_c34.c,51 :: 		
0x0172	0x296F      	GOTO       L_I2C1_Rd12
L_I2C1_Rd13:
;__Lib_I2C_c34.c,53 :: 		
0x0173	0x0813      	MOVF       SSPBUF, 0
0x0174	0x00F1      	MOVWF      R1
;__Lib_I2C_c34.c,54 :: 		
0x0175	0x086C      	MOVF       FARG_I2C1_Rd_ack, 0
0x0176	0x3A00      	XORLW      0
0x0177	0x1D03      	BTFSS      STATUS, 2
0x0178	0x297C      	GOTO       L_I2C1_Rd14
;__Lib_I2C_c34.c,55 :: 		
0x0179	0x1683      	BSF        STATUS, 5
0x017A	0x1691      	BSF        SSPCON2, 5
0x017B	0x297E      	GOTO       L_I2C1_Rd15
L_I2C1_Rd14:
0x017C	0x1683      	BSF        STATUS, 5
;__Lib_I2C_c34.c,57 :: 		
0x017D	0x1291      	BCF        SSPCON2, 5
L_I2C1_Rd15:
;__Lib_I2C_c34.c,59 :: 		
0x017E	0x1283      	BCF        STATUS, 5
0x017F	0x118C      	BCF        PIR1, 3
;__Lib_I2C_c34.c,60 :: 		
0x0180	0x1683      	BSF        STATUS, 5
0x0181	0x1611      	BSF        SSPCON2, 4
;__Lib_I2C_c34.c,62 :: 		
L_I2C1_Rd16:
0x0182	0x1283      	BCF        STATUS, 5
0x0183	0x198C      	BTFSC      PIR1, 3
0x0184	0x2986      	GOTO       L_I2C1_Rd17
;__Lib_I2C_c34.c,63 :: 		
0x0185	0x2982      	GOTO       L_I2C1_Rd16
L_I2C1_Rd17:
;__Lib_I2C_c34.c,65 :: 		
0x0186	0x0871      	MOVF       R1, 0
0x0187	0x00F0      	MOVWF      R0
;__Lib_I2C_c34.c,66 :: 		
L_end_I2C1_Rd:
0x0188	0x0008      	RETURN
; end of _I2C1_Rd
_____DoICP:
;__Lib_System.c,6 :: 		
;__Lib_System.c,9 :: 		
0x0189	0x1283      	BCF        STATUS, 5
0x018A	0x1303      	BCF        STATUS, 6
0x018B	0x0864      	MOVF       ___DoICPAddr+1, 0
0x018C	0x008A      	MOVWF      PCLATH
;__Lib_System.c,10 :: 		
0x018D	0x0863      	MOVF       ___DoICPAddr, 0
0x018E	0x0082      	MOVWF      PCL
;__Lib_System.c,12 :: 		
L_end_____DoICP:
0x018F	0x0008      	RETURN
; end of _____DoICP
_Lcd_Out:
;__Lib_Lcd.c,184 :: 		
;__Lib_Lcd.c,187 :: 		
0x0190	0x29A2      	GOTO       L_Lcd_Out11
;__Lib_Lcd.c,188 :: 		
L_Lcd_Out13:
0x0191	0x3080      	MOVLW      128
0x0192	0x1283      	BCF        STATUS, 5
0x0193	0x1303      	BCF        STATUS, 6
0x0194	0x00EC      	MOVWF      FARG_Lcd_Out_row
0x0195	0x29B5      	GOTO       L_Lcd_Out12
;__Lib_Lcd.c,189 :: 		
L_Lcd_Out14:
0x0196	0x30C0      	MOVLW      192
0x0197	0x00EC      	MOVWF      FARG_Lcd_Out_row
0x0198	0x29B5      	GOTO       L_Lcd_Out12
;__Lib_Lcd.c,190 :: 		
L_Lcd_Out15:
0x0199	0x3094      	MOVLW      148
0x019A	0x00EC      	MOVWF      FARG_Lcd_Out_row
0x019B	0x29B5      	GOTO       L_Lcd_Out12
;__Lib_Lcd.c,191 :: 		
L_Lcd_Out16:
0x019C	0x30D4      	MOVLW      212
0x019D	0x00EC      	MOVWF      FARG_Lcd_Out_row
0x019E	0x29B5      	GOTO       L_Lcd_Out12
;__Lib_Lcd.c,192 :: 		
L_Lcd_Out17:
0x019F	0x3080      	MOVLW      128
0x01A0	0x00EC      	MOVWF      FARG_Lcd_Out_row
;__Lib_Lcd.c,193 :: 		
0x01A1	0x29B5      	GOTO       L_Lcd_Out12
L_Lcd_Out11:
0x01A2	0x1283      	BCF        STATUS, 5
0x01A3	0x1303      	BCF        STATUS, 6
0x01A4	0x086C      	MOVF       FARG_Lcd_Out_row, 0
0x01A5	0x3A01      	XORLW      1
0x01A6	0x1903      	BTFSC      STATUS, 2
0x01A7	0x2991      	GOTO       L_Lcd_Out13
0x01A8	0x086C      	MOVF       FARG_Lcd_Out_row, 0
0x01A9	0x3A02      	XORLW      2
0x01AA	0x1903      	BTFSC      STATUS, 2
0x01AB	0x2996      	GOTO       L_Lcd_Out14
0x01AC	0x086C      	MOVF       FARG_Lcd_Out_row, 0
0x01AD	0x3A03      	XORLW      3
0x01AE	0x1903      	BTFSC      STATUS, 2
0x01AF	0x2999      	GOTO       L_Lcd_Out15
0x01B0	0x086C      	MOVF       FARG_Lcd_Out_row, 0
0x01B1	0x3A04      	XORLW      4
0x01B2	0x1903      	BTFSC      STATUS, 2
0x01B3	0x299C      	GOTO       L_Lcd_Out16
0x01B4	0x299F      	GOTO       L_Lcd_Out17
L_Lcd_Out12:
;__Lib_Lcd.c,194 :: 		
0x01B5	0x036D      	DECF       FARG_Lcd_Out_column, 0
0x01B6	0x00F0      	MOVWF      R0
0x01B7	0x086C      	MOVF       FARG_Lcd_Out_row, 0
0x01B8	0x07F0      	ADDWF      R0, 1
0x01B9	0x0870      	MOVF       R0, 0
0x01BA	0x00EC      	MOVWF      FARG_Lcd_Out_row
;__Lib_Lcd.c,196 :: 		
0x01BB	0x0870      	MOVF       R0, 0
0x01BC	0x1683      	BSF        STATUS, 5
0x01BD	0x00AC      	MOVWF      FARG_Lcd_Cmd_out_char
0x01BE	0x201A      	CALL       _Lcd_Cmd
;__Lib_Lcd.c,197 :: 		
0x01BF	0x1068      	BCF        __Lib_Lcd_cmd_status, BitPos(__Lib_Lcd_cmd_status+0)
;__Lib_Lcd.c,198 :: 		
0x01C0	0x01EF      	CLRF       Lcd_Out_i_L0
;__Lib_Lcd.c,199 :: 		
L_Lcd_Out18:
0x01C1	0x086F      	MOVF       Lcd_Out_i_L0, 0
0x01C2	0x076E      	ADDWF      FARG_Lcd_Out_text, 0
0x01C3	0x0084      	MOVWF      FSR
0x01C4	0x0800      	MOVF       INDF, 0
0x01C5	0x1903      	BTFSC      STATUS, 2
0x01C6	0x29D0      	GOTO       L_Lcd_Out19
;__Lib_Lcd.c,200 :: 		
0x01C7	0x086F      	MOVF       Lcd_Out_i_L0, 0
0x01C8	0x076E      	ADDWF      FARG_Lcd_Out_text, 0
0x01C9	0x0084      	MOVWF      FSR
0x01CA	0x0800      	MOVF       INDF, 0
0x01CB	0x1683      	BSF        STATUS, 5
0x01CC	0x00A6      	MOVWF      FARG_Lcd_Chr_CP_out_char
0x01CD	0x2161      	CALL       _Lcd_Chr_CP
0x01CE	0x0AEF      	INCF       Lcd_Out_i_L0, 1
0x01CF	0x29C1      	GOTO       L_Lcd_Out18
L_Lcd_Out19:
;__Lib_Lcd.c,201 :: 		
0x01D0	0x1468      	BSF        __Lib_Lcd_cmd_status, BitPos(__Lib_Lcd_cmd_status+0)
;__Lib_Lcd.c,202 :: 		
L_end_Lcd_Out:
0x01D1	0x0008      	RETURN
; end of _Lcd_Out
_I2C1_Stop:
;__Lib_I2C_c34.c,89 :: 		
;__Lib_I2C_c34.c,90 :: 		
0x01D2	0x1683      	BSF        STATUS, 5
0x01D3	0x1303      	BCF        STATUS, 6
0x01D4	0x1511      	BSF        SSPCON2, 2
;__Lib_I2C_c34.c,91 :: 		
L_end_I2C1_Stop:
0x01D5	0x0008      	RETURN
; end of _I2C1_Stop
_I2C1_Start:
;__Lib_I2C_c34.c,20 :: 		
;__Lib_I2C_c34.c,23 :: 		
0x01D6	0x1283      	BCF        STATUS, 5
0x01D7	0x1303      	BCF        STATUS, 6
0x01D8	0x01EC      	CLRF       I2C1_Start_j_L0
0x01D9	0x01ED      	CLRF       I2C1_Start_j_L0+1
L_I2C1_Start2:
0x01DA	0x086D      	MOVF       I2C1_Start_j_L0+1, 0
0x01DB	0x3C12      	SUBLW      18
0x01DC	0x1D03      	BTFSS      STATUS, 2
0x01DD	0x29E0      	GOTO       L__I2C1_Start27
0x01DE	0x086C      	MOVF       I2C1_Start_j_L0, 0
0x01DF	0x3C8E      	SUBLW      142
L__I2C1_Start27:
0x01E0	0x1C03      	BTFSS      STATUS, 0
0x01E1	0x29EC      	GOTO       L_I2C1_Start3
;__Lib_I2C_c34.c,24 :: 		
0x01E2	0x2151      	CALL       _I2C1_Is_Idle
0x01E3	0x0870      	MOVF       R0, 0
0x01E4	0x1903      	BTFSC      STATUS, 2
0x01E5	0x29E7      	GOTO       L_I2C1_Start5
;__Lib_I2C_c34.c,25 :: 		
0x01E6	0x29EC      	GOTO       L_I2C1_Start3
L_I2C1_Start5:
;__Lib_I2C_c34.c,23 :: 		
0x01E7	0x1283      	BCF        STATUS, 5
0x01E8	0x0AEC      	INCF       I2C1_Start_j_L0, 1
0x01E9	0x1903      	BTFSC      STATUS, 2
0x01EA	0x0AED      	INCF       I2C1_Start_j_L0+1, 1
;__Lib_I2C_c34.c,26 :: 		
0x01EB	0x29DA      	GOTO       L_I2C1_Start2
L_I2C1_Start3:
0x01EC	0x1283      	BCF        STATUS, 5
;__Lib_I2C_c34.c,28 :: 		
0x01ED	0x3012      	MOVLW      18
0x01EE	0x026D      	SUBWF      I2C1_Start_j_L0+1, 0
0x01EF	0x1D03      	BTFSS      STATUS, 2
0x01F0	0x29F3      	GOTO       L__I2C1_Start28
0x01F1	0x308F      	MOVLW      143
0x01F2	0x026C      	SUBWF      I2C1_Start_j_L0, 0
L__I2C1_Start28:
0x01F3	0x1C03      	BTFSS      STATUS, 0
0x01F4	0x29F8      	GOTO       L_I2C1_Start6
;__Lib_I2C_c34.c,29 :: 		
0x01F5	0x307B      	MOVLW      123
0x01F6	0x00F0      	MOVWF      R0
0x01F7	0x29FE      	GOTO       L_end_I2C1_Start
L_I2C1_Start6:
;__Lib_I2C_c34.c,31 :: 		
0x01F8	0x1683      	BSF        STATUS, 5
0x01F9	0x1411      	BSF        SSPCON2, 0
;__Lib_I2C_c34.c,32 :: 		
L_I2C1_Start8:
0x01FA	0x1C11      	BTFSS      SSPCON2, 0
0x01FB	0x29FD      	GOTO       L_I2C1_Start9
;__Lib_I2C_c34.c,33 :: 		
0x01FC	0x29FA      	GOTO       L_I2C1_Start8
L_I2C1_Start9:
;__Lib_I2C_c34.c,34 :: 		
0x01FD	0x01F0      	CLRF       R0
;__Lib_I2C_c34.c,36 :: 		
L_end_I2C1_Start:
0x01FE	0x0008      	RETURN
; end of _I2C1_Start
_I2C1_Init:
;__Lib_I2C_c34.c,4 :: 		
;__Lib_I2C_c34.c,5 :: 		
0x01FF	0x1683      	BSF        STATUS, 5
0x0200	0x1303      	BCF        STATUS, 6
0x0201	0x1314      	BCF        SSPSTAT, 6
;__Lib_I2C_c34.c,6 :: 		
0x0202	0x1394      	BCF        SSPSTAT, 7
;__Lib_I2C_c34.c,7 :: 		
0x0203	0x1607      	BSF        TRISC4_bit, BitPos(TRISC4_bit+0)
;__Lib_I2C_c34.c,8 :: 		
0x0204	0x1587      	BSF        TRISC3_bit, BitPos(TRISC3_bit+0)
;__Lib_I2C_c34.c,9 :: 		
0x0205	0x3038      	MOVLW      56
0x0206	0x1283      	BCF        STATUS, 5
0x0207	0x0094      	MOVWF      SSPCON
;__Lib_I2C_c34.c,11 :: 		
L_end_I2C1_Init:
0x0208	0x0008      	RETURN
; end of _I2C1_Init
_I2C1_Repeated_Start:
;__Lib_I2C_c34.c,38 :: 		
;__Lib_I2C_c34.c,39 :: 		
0x0209	0x1683      	BSF        STATUS, 5
0x020A	0x1303      	BCF        STATUS, 6
0x020B	0x1491      	BSF        SSPCON2, 1
;__Lib_I2C_c34.c,40 :: 		
L_I2C1_Repeated_Start10:
0x020C	0x1C91      	BTFSS      SSPCON2, 1
0x020D	0x2A0F      	GOTO       L_I2C1_Repeated_Start11
;__Lib_I2C_c34.c,41 :: 		
0x020E	0x2A0C      	GOTO       L_I2C1_Repeated_Start10
L_I2C1_Repeated_Start11:
;__Lib_I2C_c34.c,42 :: 		
L_end_I2C1_Repeated_Start:
0x020F	0x0008      	RETURN
; end of _I2C1_Repeated_Start
_Converte_BCD:
;MAIN.c,61 :: 		unsigned char ucColuna,unsigned char ucValor) {
;MAIN.c,63 :: 		ucValor1 = (ucValor >> 4  ) + '0';
0x0210	0x1283      	BCF        STATUS, 5
0x0211	0x1303      	BCF        STATUS, 6
0x0212	0x086E      	MOVF       FARG_Converte_BCD_ucValor, 0
0x0213	0x1683      	BSF        STATUS, 5
0x0214	0x00A8      	MOVWF      FARG_Lcd_Chr_out_char
0x0215	0x0CA8      	RRF        FARG_Lcd_Chr_out_char, 1
0x0216	0x13A8      	BCF        FARG_Lcd_Chr_out_char, 7
0x0217	0x0CA8      	RRF        FARG_Lcd_Chr_out_char, 1
0x0218	0x13A8      	BCF        FARG_Lcd_Chr_out_char, 7
0x0219	0x0CA8      	RRF        FARG_Lcd_Chr_out_char, 1
0x021A	0x13A8      	BCF        FARG_Lcd_Chr_out_char, 7
0x021B	0x0CA8      	RRF        FARG_Lcd_Chr_out_char, 1
0x021C	0x13A8      	BCF        FARG_Lcd_Chr_out_char, 7
0x021D	0x3030      	MOVLW      48
0x021E	0x07A8      	ADDWF      FARG_Lcd_Chr_out_char, 1
;MAIN.c,65 :: 		Lcd_Chr(ucLinha,ucColuna,ucValor1);   // ESCREVE CARACTERE NO LCD
0x021F	0x1283      	BCF        STATUS, 5
0x0220	0x086C      	MOVF       FARG_Converte_BCD_ucLinha, 0
0x0221	0x1683      	BSF        STATUS, 5
0x0222	0x00A6      	MOVWF      FARG_Lcd_Chr_row
0x0223	0x1283      	BCF        STATUS, 5
0x0224	0x086D      	MOVF       FARG_Converte_BCD_ucColuna, 0
0x0225	0x1683      	BSF        STATUS, 5
0x0226	0x00A7      	MOVWF      FARG_Lcd_Chr_column
0x0227	0x20A8      	CALL       _Lcd_Chr
;MAIN.c,66 :: 		ucValor2 = (ucValor & 0x0F) + '0';
0x0228	0x300F      	MOVLW      15
0x0229	0x056E      	ANDWF      FARG_Converte_BCD_ucValor, 0
0x022A	0x1683      	BSF        STATUS, 5
0x022B	0x00A6      	MOVWF      FARG_Lcd_Chr_CP_out_char
0x022C	0x3030      	MOVLW      48
0x022D	0x07A6      	ADDWF      FARG_Lcd_Chr_CP_out_char, 1
;MAIN.c,68 :: 		Lcd_Chr_CP(ucValor2);}                // ESCREVE CARACTERE NO LCD
0x022E	0x2161      	CALL       _Lcd_Chr_CP
L_end_Converte_BCD:
0x022F	0x0008      	RETURN
; end of _Converte_BCD
_BeepBeep:
;MAIN.c,40 :: 		void BeepBeep(unsigned int nTimes, unsigned int tHigh, unsigned int tLow){
;MAIN.c,41 :: 		for (i = 0; i < nTimes; i++){
0x0230	0x1283      	BCF        STATUS, 5
0x0231	0x1303      	BCF        STATUS, 6
0x0232	0x01D2      	CLRF       _i
0x0233	0x01D3      	CLRF       _i+1
L_BeepBeep0:
0x0234	0x1683      	BSF        STATUS, 5
0x0235	0x0821      	MOVF       FARG_BeepBeep_nTimes+1, 0
0x0236	0x1283      	BCF        STATUS, 5
0x0237	0x0253      	SUBWF      _i+1, 0
0x0238	0x1D03      	BTFSS      STATUS, 2
0x0239	0x2A3E      	GOTO       L__BeepBeep25
0x023A	0x1683      	BSF        STATUS, 5
0x023B	0x0820      	MOVF       FARG_BeepBeep_nTimes, 0
0x023C	0x1283      	BCF        STATUS, 5
0x023D	0x0252      	SUBWF      _i, 0
L__BeepBeep25:
0x023E	0x1803      	BTFSC      STATUS, 0
0x023F	0x2A54      	GOTO       L_BeepBeep1
;MAIN.c,42 :: 		BUZZER = 0;      VDelay_ms(tHigh);     BUZZER = 1;    VDelay_ms(tLow);}}
0x0240	0x1087      	BCF        PORTC, 1
0x0241	0x1683      	BSF        STATUS, 5
0x0242	0x0822      	MOVF       FARG_BeepBeep_tHigh, 0
0x0243	0x00A6      	MOVWF      FARG_VDelay_ms_Time_ms
0x0244	0x0823      	MOVF       FARG_BeepBeep_tHigh+1, 0
0x0245	0x00A7      	MOVWF      FARG_VDelay_ms_Time_ms+1
0x0246	0x20E0      	CALL       _VDelay_ms
0x0247	0x1283      	BCF        STATUS, 5
0x0248	0x1487      	BSF        PORTC, 1
0x0249	0x1683      	BSF        STATUS, 5
0x024A	0x0824      	MOVF       FARG_BeepBeep_tLow, 0
0x024B	0x00A6      	MOVWF      FARG_VDelay_ms_Time_ms
0x024C	0x0825      	MOVF       FARG_BeepBeep_tLow+1, 0
0x024D	0x00A7      	MOVWF      FARG_VDelay_ms_Time_ms+1
0x024E	0x20E0      	CALL       _VDelay_ms
;MAIN.c,41 :: 		for (i = 0; i < nTimes; i++){
0x024F	0x1283      	BCF        STATUS, 5
0x0250	0x0AD2      	INCF       _i, 1
0x0251	0x1903      	BTFSC      STATUS, 2
0x0252	0x0AD3      	INCF       _i+1, 1
;MAIN.c,42 :: 		BUZZER = 0;      VDelay_ms(tHigh);     BUZZER = 1;    VDelay_ms(tLow);}}
0x0253	0x2A34      	GOTO       L_BeepBeep0
L_BeepBeep1:
L_end_BeepBeep:
0x0254	0x0008      	RETURN
; end of _BeepBeep
_I2C1_Wr:
;__Lib_I2C_c34.c,68 :: 		
;__Lib_I2C_c34.c,70 :: 		
0x0255	0x1283      	BCF        STATUS, 5
0x0256	0x1303      	BCF        STATUS, 6
0x0257	0x118C      	BCF        PIR1, 3
;__Lib_I2C_c34.c,71 :: 		
0x0258	0x086C      	MOVF       FARG_I2C1_Wr_data_, 0
0x0259	0x0093      	MOVWF      SSPBUF
;__Lib_I2C_c34.c,73 :: 		
L_I2C1_Wr18:
0x025A	0x1683      	BSF        STATUS, 5
0x025B	0x1D14      	BTFSS      SSPSTAT, 2
0x025C	0x2A5E      	GOTO       L_I2C1_Wr19
;__Lib_I2C_c34.c,74 :: 		
0x025D	0x2A5A      	GOTO       L_I2C1_Wr18
L_I2C1_Wr19:
;__Lib_I2C_c34.c,76 :: 		
L_I2C1_Wr20:
0x025E	0x1283      	BCF        STATUS, 5
0x025F	0x198C      	BTFSC      PIR1, 3
0x0260	0x2A62      	GOTO       L_I2C1_Wr21
;__Lib_I2C_c34.c,77 :: 		
0x0261	0x2A5E      	GOTO       L_I2C1_Wr20
L_I2C1_Wr21:
;__Lib_I2C_c34.c,79 :: 		
0x0262	0x1683      	BSF        STATUS, 5
0x0263	0x1B11      	BTFSC      SSPCON2, 6
0x0264	0x2A67      	GOTO       L_I2C1_Wr22
;__Lib_I2C_c34.c,80 :: 		
0x0265	0x01F0      	CLRF       R0
0x0266	0x2A6A      	GOTO       L_end_I2C1_Wr
;__Lib_I2C_c34.c,81 :: 		
L_I2C1_Wr22:
;__Lib_I2C_c34.c,83 :: 		
0x0267	0x1511      	BSF        SSPCON2, 2
;__Lib_I2C_c34.c,84 :: 		
0x0268	0x3002      	MOVLW      2
0x0269	0x00F0      	MOVWF      R0
;__Lib_I2C_c34.c,86 :: 		
L_end_I2C1_Wr:
0x026A	0x0008      	RETURN
; end of _I2C1_Wr
_Encontra_Dia_Semana:
;MAIN.c,107 :: 		void Encontra_Dia_Semana() {
;MAIN.c,108 :: 		switch (ucDia_Semana) {
0x026B	0x2A83      	GOTO       L_Encontra_Dia_Semana6
;MAIN.c,109 :: 		case 01: ucTexto = "DOMINGO"; break; // CASO DIAS_SEMANA = 01
L_Encontra_Dia_Semana8:
0x026C	0x3020      	MOVLW      ?lstr1_MAIN
0x026D	0x1283      	BCF        STATUS, 5
0x026E	0x1303      	BCF        STATUS, 6
0x026F	0x00E1      	MOVWF      _ucTexto
0x0270	0x2A9E      	GOTO       L_Encontra_Dia_Semana7
;MAIN.c,110 :: 		case 02: ucTexto = "SEGUNDA"; break; // CASO DIAS_SEMANA = 02
L_Encontra_Dia_Semana9:
0x0271	0x3035      	MOVLW      ?lstr2_MAIN
0x0272	0x00E1      	MOVWF      _ucTexto
0x0273	0x2A9E      	GOTO       L_Encontra_Dia_Semana7
;MAIN.c,111 :: 		case 03: ucTexto = "TERCA";   break; // CASO DIAS_SEMANA = 03
L_Encontra_Dia_Semana10:
0x0274	0x302F      	MOVLW      ?lstr3_MAIN
0x0275	0x00E1      	MOVWF      _ucTexto
0x0276	0x2A9E      	GOTO       L_Encontra_Dia_Semana7
;MAIN.c,112 :: 		case 04: ucTexto = "QUARTA";  break; // CASO DIAS_SEMANA = 04
L_Encontra_Dia_Semana11:
0x0277	0x3028      	MOVLW      ?lstr4_MAIN
0x0278	0x00E1      	MOVWF      _ucTexto
0x0279	0x2A9E      	GOTO       L_Encontra_Dia_Semana7
;MAIN.c,113 :: 		case 05: ucTexto = "QUINTA";  break; // CASO DIAS_SEMANA = 05
L_Encontra_Dia_Semana12:
0x027A	0x303D      	MOVLW      ?lstr5_MAIN
0x027B	0x00E1      	MOVWF      _ucTexto
0x027C	0x2A9E      	GOTO       L_Encontra_Dia_Semana7
;MAIN.c,114 :: 		case 06: ucTexto = "SEXTA";   break; // CASO DIAS_SEMANA = 06
L_Encontra_Dia_Semana13:
0x027D	0x305B      	MOVLW      ?lstr6_MAIN
0x027E	0x00E1      	MOVWF      _ucTexto
0x027F	0x2A9E      	GOTO       L_Encontra_Dia_Semana7
;MAIN.c,115 :: 		default: ucTexto = "SABADO";}}       // SE NãO FOR NENHUM DESSES
L_Encontra_Dia_Semana14:
0x0280	0x3054      	MOVLW      ?lstr7_MAIN
0x0281	0x00E1      	MOVWF      _ucTexto
0x0282	0x2A9E      	GOTO       L_Encontra_Dia_Semana7
L_Encontra_Dia_Semana6:
0x0283	0x1283      	BCF        STATUS, 5
0x0284	0x1303      	BCF        STATUS, 6
0x0285	0x0862      	MOVF       _ucDia_Semana, 0
0x0286	0x3A01      	XORLW      1
0x0287	0x1903      	BTFSC      STATUS, 2
0x0288	0x2A6C      	GOTO       L_Encontra_Dia_Semana8
0x0289	0x0862      	MOVF       _ucDia_Semana, 0
0x028A	0x3A02      	XORLW      2
0x028B	0x1903      	BTFSC      STATUS, 2
0x028C	0x2A71      	GOTO       L_Encontra_Dia_Semana9
0x028D	0x0862      	MOVF       _ucDia_Semana, 0
0x028E	0x3A03      	XORLW      3
0x028F	0x1903      	BTFSC      STATUS, 2
0x0290	0x2A74      	GOTO       L_Encontra_Dia_Semana10
0x0291	0x0862      	MOVF       _ucDia_Semana, 0
0x0292	0x3A04      	XORLW      4
0x0293	0x1903      	BTFSC      STATUS, 2
0x0294	0x2A77      	GOTO       L_Encontra_Dia_Semana11
0x0295	0x0862      	MOVF       _ucDia_Semana, 0
0x0296	0x3A05      	XORLW      5
0x0297	0x1903      	BTFSC      STATUS, 2
0x0298	0x2A7A      	GOTO       L_Encontra_Dia_Semana12
0x0299	0x0862      	MOVF       _ucDia_Semana, 0
0x029A	0x3A06      	XORLW      6
0x029B	0x1903      	BTFSC      STATUS, 2
0x029C	0x2A7D      	GOTO       L_Encontra_Dia_Semana13
0x029D	0x2A80      	GOTO       L_Encontra_Dia_Semana14
L_Encontra_Dia_Semana7:
L_end_Encontra_Dia_Semana:
0x029E	0x0008      	RETURN
; end of _Encontra_Dia_Semana
_Leitura_RTC:
;MAIN.c,70 :: 		void Leitura_RTC() {          // ROTINA DE LEITURA DO DS1307
;MAIN.c,71 :: 		I2C1_Start();              // INICIA COMUNICAçãO I2C
0x029F	0x21D6      	CALL       _I2C1_Start
;MAIN.c,72 :: 		I2C1_Wr(0xD0);
0x02A0	0x30D0      	MOVLW      208
0x02A1	0x1283      	BCF        STATUS, 5
0x02A2	0x1303      	BCF        STATUS, 6
0x02A3	0x00EC      	MOVWF      FARG_I2C1_Wr_data_
0x02A4	0x2255      	CALL       _I2C1_Wr
;MAIN.c,74 :: 		I2C1_Wr(0);
0x02A5	0x1283      	BCF        STATUS, 5
0x02A6	0x01EC      	CLRF       FARG_I2C1_Wr_data_
0x02A7	0x2255      	CALL       _I2C1_Wr
;MAIN.c,76 :: 		I2C1_Repeated_Start();     // ISSUE I2C SIGNAL REPEATED START
0x02A8	0x2209      	CALL       _I2C1_Repeated_Start
;MAIN.c,77 :: 		I2C1_Wr(0xD1);
0x02A9	0x30D1      	MOVLW      209
0x02AA	0x1283      	BCF        STATUS, 5
0x02AB	0x00EC      	MOVWF      FARG_I2C1_Wr_data_
0x02AC	0x2255      	CALL       _I2C1_Wr
;MAIN.c,79 :: 		ucSegundo = I2C1_Rd(1);
0x02AD	0x3001      	MOVLW      1
0x02AE	0x1283      	BCF        STATUS, 5
0x02AF	0x00EC      	MOVWF      FARG_I2C1_Rd_ack
0x02B0	0x216A      	CALL       _I2C1_Rd
0x02B1	0x0870      	MOVF       R0, 0
0x02B2	0x00EB      	MOVWF      _ucSegundo
;MAIN.c,81 :: 		ucMinuto = I2C1_Rd(1);     // Lê O SEGUNDO BYTE(MINUTOS)
0x02B3	0x3001      	MOVLW      1
0x02B4	0x00EC      	MOVWF      FARG_I2C1_Rd_ack
0x02B5	0x216A      	CALL       _I2C1_Rd
0x02B6	0x0870      	MOVF       R0, 0
0x02B7	0x00EA      	MOVWF      _ucMinuto
;MAIN.c,82 :: 		ucHora = I2C1_Rd(1);       // Lê O TERCEIRO BYTE(HORAS)
0x02B8	0x3001      	MOVLW      1
0x02B9	0x00EC      	MOVWF      FARG_I2C1_Rd_ack
0x02BA	0x216A      	CALL       _I2C1_Rd
0x02BB	0x0870      	MOVF       R0, 0
0x02BC	0x00E9      	MOVWF      _ucHora
;MAIN.c,83 :: 		ucDia_Semana = I2C1_Rd(1);
0x02BD	0x3001      	MOVLW      1
0x02BE	0x00EC      	MOVWF      FARG_I2C1_Rd_ack
0x02BF	0x216A      	CALL       _I2C1_Rd
0x02C0	0x0870      	MOVF       R0, 0
0x02C1	0x00E2      	MOVWF      _ucDia_Semana
;MAIN.c,84 :: 		ucDia = I2C1_Rd(1);
0x02C2	0x3001      	MOVLW      1
0x02C3	0x00EC      	MOVWF      FARG_I2C1_Rd_ack
0x02C4	0x216A      	CALL       _I2C1_Rd
0x02C5	0x0870      	MOVF       R0, 0
0x02C6	0x00E7      	MOVWF      _ucDia
;MAIN.c,85 :: 		ucMes = I2C1_Rd(1);
0x02C7	0x3001      	MOVLW      1
0x02C8	0x00EC      	MOVWF      FARG_I2C1_Rd_ack
0x02C9	0x216A      	CALL       _I2C1_Rd
0x02CA	0x0870      	MOVF       R0, 0
0x02CB	0x00E6      	MOVWF      _ucMes
;MAIN.c,86 :: 		ucAno = I2C1_Rd(0);
0x02CC	0x01EC      	CLRF       FARG_I2C1_Rd_ack
0x02CD	0x216A      	CALL       _I2C1_Rd
0x02CE	0x0870      	MOVF       R0, 0
0x02CF	0x00E5      	MOVWF      _ucAno
;MAIN.c,88 :: 		I2C1_Stop();}              // FINALIZA COMUNICAçãO I2C
0x02D0	0x21D2      	CALL       _I2C1_Stop
L_end_Leitura_RTC:
0x02D1	0x0008      	RETURN
; end of _Leitura_RTC
_Grava_RTC:
;MAIN.c,91 :: 		void Grava_RTC(){
;MAIN.c,92 :: 		I2C1_Init(100000);     // INICIA I2C COM FREQUENCIA DE 100 kHz
0x02D2	0x3014      	MOVLW      20
0x02D3	0x1683      	BSF        STATUS, 5
0x02D4	0x1303      	BCF        STATUS, 6
0x02D5	0x0093      	MOVWF      SSPADD
0x02D6	0x21FF      	CALL       _I2C1_Init
;MAIN.c,93 :: 		I2C1_Start();          // INICIA A COMUNICAçãO I2C
0x02D7	0x21D6      	CALL       _I2C1_Start
;MAIN.c,94 :: 		I2C1_Wr(0xD0);
0x02D8	0x30D0      	MOVLW      208
0x02D9	0x1283      	BCF        STATUS, 5
0x02DA	0x1303      	BCF        STATUS, 6
0x02DB	0x00EC      	MOVWF      FARG_I2C1_Wr_data_
0x02DC	0x2255      	CALL       _I2C1_Wr
;MAIN.c,96 :: 		I2C1_Wr(0);
0x02DD	0x1283      	BCF        STATUS, 5
0x02DE	0x01EC      	CLRF       FARG_I2C1_Wr_data_
0x02DF	0x2255      	CALL       _I2C1_Wr
;MAIN.c,98 :: 		I2C1_Wr(0x00);         // INICIA COM 55 SEGUNDOS.
0x02E0	0x1283      	BCF        STATUS, 5
0x02E1	0x01EC      	CLRF       FARG_I2C1_Wr_data_
0x02E2	0x2255      	CALL       _I2C1_Wr
;MAIN.c,99 :: 		I2C1_Wr(0x30);         // INICIA COM 58 MINUTOS.
0x02E3	0x3030      	MOVLW      48
0x02E4	0x1283      	BCF        STATUS, 5
0x02E5	0x00EC      	MOVWF      FARG_I2C1_Wr_data_
0x02E6	0x2255      	CALL       _I2C1_Wr
;MAIN.c,100 :: 		I2C1_Wr(0x09);         // INICIA COM 23 h (FORMATO 24 HORAS).
0x02E7	0x3009      	MOVLW      9
0x02E8	0x1283      	BCF        STATUS, 5
0x02E9	0x00EC      	MOVWF      FARG_I2C1_Wr_data_
0x02EA	0x2255      	CALL       _I2C1_Wr
;MAIN.c,101 :: 		I2C1_Wr(0x03);         // INICIA COM TERçA-FEIRA
0x02EB	0x3003      	MOVLW      3
0x02EC	0x1283      	BCF        STATUS, 5
0x02ED	0x00EC      	MOVWF      FARG_I2C1_Wr_data_
0x02EE	0x2255      	CALL       _I2C1_Wr
;MAIN.c,102 :: 		I2C1_Wr(0x28);         // INICIA COM DIA 24
0x02EF	0x3028      	MOVLW      40
0x02F0	0x1283      	BCF        STATUS, 5
0x02F1	0x00EC      	MOVWF      FARG_I2C1_Wr_data_
0x02F2	0x2255      	CALL       _I2C1_Wr
;MAIN.c,103 :: 		I2C1_Wr(0x09);         // INICIA COM MêS 12
0x02F3	0x3009      	MOVLW      9
0x02F4	0x1283      	BCF        STATUS, 5
0x02F5	0x00EC      	MOVWF      FARG_I2C1_Wr_data_
0x02F6	0x2255      	CALL       _I2C1_Wr
;MAIN.c,104 :: 		I2C1_Wr(0x94);         // INICIA COM ANO 2014
0x02F7	0x3094      	MOVLW      148
0x02F8	0x1283      	BCF        STATUS, 5
0x02F9	0x00EC      	MOVWF      FARG_I2C1_Wr_data_
0x02FA	0x2255      	CALL       _I2C1_Wr
;MAIN.c,105 :: 		I2C1_Stop();}          // FINALIZA COMUNICAçãO I2C
0x02FB	0x21D2      	CALL       _I2C1_Stop
L_end_Grava_RTC:
0x02FC	0x0008      	RETURN
; end of _Grava_RTC
_Lcd_Init:
;__Lib_Lcd.c,84 :: 		
;__Lib_Lcd.c,86 :: 		
0x02FD	0x1683      	BSF        STATUS, 5
0x02FE	0x1303      	BCF        STATUS, 6
0x02FF	0x1089      	BCF        LCD_EN_Direction, BitPos(LCD_EN_Direction+0)
;__Lib_Lcd.c,87 :: 		
0x0300	0x1109      	BCF        LCD_RS_Direction, BitPos(LCD_RS_Direction+0)
;__Lib_Lcd.c,88 :: 		
0x0301	0x1208      	BCF        LCD_D4_Direction, BitPos(LCD_D4_Direction+0)
;__Lib_Lcd.c,89 :: 		
0x0302	0x1288      	BCF        LCD_D5_Direction, BitPos(LCD_D5_Direction+0)
;__Lib_Lcd.c,90 :: 		
0x0303	0x1308      	BCF        LCD_D6_Direction, BitPos(LCD_D6_Direction+0)
;__Lib_Lcd.c,91 :: 		
0x0304	0x1388      	BCF        LCD_D7_Direction, BitPos(LCD_D7_Direction+0)
;__Lib_Lcd.c,93 :: 		
0x0305	0x1283      	BCF        STATUS, 5
0x0306	0x1089      	BCF        LCD_EN, BitPos(LCD_EN+0)
;__Lib_Lcd.c,94 :: 		
0x0307	0x1109      	BCF        LCD_RS, BitPos(LCD_RS+0)
;__Lib_Lcd.c,95 :: 		
0x0308	0x1388      	BCF        LCD_D7, BitPos(LCD_D7+0)
;__Lib_Lcd.c,96 :: 		
0x0309	0x1308      	BCF        LCD_D6, BitPos(LCD_D6+0)
;__Lib_Lcd.c,97 :: 		
0x030A	0x1288      	BCF        LCD_D5, BitPos(LCD_D5+0)
;__Lib_Lcd.c,98 :: 		
0x030B	0x1208      	BCF        LCD_D4, BitPos(LCD_D4+0)
;__Lib_Lcd.c,100 :: 		
0x030C	0x200A      	CALL       _Delay_5500us
;__Lib_Lcd.c,101 :: 		
0x030D	0x200A      	CALL       _Delay_5500us
;__Lib_Lcd.c,102 :: 		
0x030E	0x200A      	CALL       _Delay_5500us
;__Lib_Lcd.c,105 :: 		
0x030F	0x1688      	BSF        LCD_D5, BitPos(LCD_D5+0)
;__Lib_Lcd.c,106 :: 		
0x0310	0x1608      	BSF        LCD_D4, BitPos(LCD_D4+0)
;__Lib_Lcd.c,107 :: 		
0x0311	0x1489      	BSF        LCD_EN, BitPos(LCD_EN+0)
;__Lib_Lcd.c,108 :: 		
0x0312	0x2017      	CALL       _Delay_1us
;__Lib_Lcd.c,109 :: 		
0x0313	0x1089      	BCF        LCD_EN, BitPos(LCD_EN+0)
;__Lib_Lcd.c,110 :: 		
0x0314	0x200A      	CALL       _Delay_5500us
;__Lib_Lcd.c,112 :: 		
0x0315	0x1489      	BSF        LCD_EN, BitPos(LCD_EN+0)
;__Lib_Lcd.c,113 :: 		
0x0316	0x2017      	CALL       _Delay_1us
;__Lib_Lcd.c,114 :: 		
0x0317	0x1089      	BCF        LCD_EN, BitPos(LCD_EN+0)
;__Lib_Lcd.c,115 :: 		
0x0318	0x200A      	CALL       _Delay_5500us
;__Lib_Lcd.c,117 :: 		
0x0319	0x1489      	BSF        LCD_EN, BitPos(LCD_EN+0)
;__Lib_Lcd.c,118 :: 		
0x031A	0x2017      	CALL       _Delay_1us
;__Lib_Lcd.c,119 :: 		
0x031B	0x1089      	BCF        LCD_EN, BitPos(LCD_EN+0)
;__Lib_Lcd.c,120 :: 		
0x031C	0x200A      	CALL       _Delay_5500us
;__Lib_Lcd.c,123 :: 		
0x031D	0x1208      	BCF        LCD_D4, BitPos(LCD_D4+0)
;__Lib_Lcd.c,124 :: 		
0x031E	0x1489      	BSF        LCD_EN, BitPos(LCD_EN+0)
;__Lib_Lcd.c,125 :: 		
0x031F	0x2017      	CALL       _Delay_1us
;__Lib_Lcd.c,126 :: 		
0x0320	0x1089      	BCF        LCD_EN, BitPos(LCD_EN+0)
;__Lib_Lcd.c,127 :: 		
0x0321	0x200A      	CALL       _Delay_5500us
;__Lib_Lcd.c,130 :: 		
0x0322	0x1489      	BSF        LCD_EN, BitPos(LCD_EN+0)
;__Lib_Lcd.c,131 :: 		
0x0323	0x2017      	CALL       _Delay_1us
;__Lib_Lcd.c,132 :: 		
0x0324	0x1089      	BCF        LCD_EN, BitPos(LCD_EN+0)
;__Lib_Lcd.c,134 :: 		
0x0325	0x1288      	BCF        LCD_D5, BitPos(LCD_D5+0)
;__Lib_Lcd.c,135 :: 		
0x0326	0x1788      	BSF        LCD_D7, BitPos(LCD_D7+0)
;__Lib_Lcd.c,136 :: 		
0x0327	0x1489      	BSF        LCD_EN, BitPos(LCD_EN+0)
;__Lib_Lcd.c,137 :: 		
0x0328	0x2017      	CALL       _Delay_1us
;__Lib_Lcd.c,138 :: 		
0x0329	0x1089      	BCF        LCD_EN, BitPos(LCD_EN+0)
;__Lib_Lcd.c,139 :: 		
0x032A	0x200A      	CALL       _Delay_5500us
;__Lib_Lcd.c,142 :: 		
0x032B	0x1388      	BCF        LCD_D7, BitPos(LCD_D7+0)
;__Lib_Lcd.c,143 :: 		
0x032C	0x1608      	BSF        LCD_D4, BitPos(LCD_D4+0)
;__Lib_Lcd.c,144 :: 		
0x032D	0x1489      	BSF        LCD_EN, BitPos(LCD_EN+0)
;__Lib_Lcd.c,145 :: 		
0x032E	0x2017      	CALL       _Delay_1us
;__Lib_Lcd.c,146 :: 		
0x032F	0x1089      	BCF        LCD_EN, BitPos(LCD_EN+0)
;__Lib_Lcd.c,148 :: 		
0x0330	0x1208      	BCF        LCD_D4, BitPos(LCD_D4+0)
;__Lib_Lcd.c,149 :: 		
0x0331	0x1489      	BSF        LCD_EN, BitPos(LCD_EN+0)
;__Lib_Lcd.c,150 :: 		
0x0332	0x2017      	CALL       _Delay_1us
;__Lib_Lcd.c,151 :: 		
0x0333	0x1089      	BCF        LCD_EN, BitPos(LCD_EN+0)
;__Lib_Lcd.c,152 :: 		
0x0334	0x200A      	CALL       _Delay_5500us
;__Lib_Lcd.c,155 :: 		
0x0335	0x1489      	BSF        LCD_EN, BitPos(LCD_EN+0)
;__Lib_Lcd.c,156 :: 		
0x0336	0x2017      	CALL       _Delay_1us
;__Lib_Lcd.c,157 :: 		
0x0337	0x1089      	BCF        LCD_EN, BitPos(LCD_EN+0)
;__Lib_Lcd.c,159 :: 		
0x0338	0x1608      	BSF        LCD_D4, BitPos(LCD_D4+0)
;__Lib_Lcd.c,160 :: 		
0x0339	0x1489      	BSF        LCD_EN, BitPos(LCD_EN+0)
;__Lib_Lcd.c,161 :: 		
0x033A	0x2017      	CALL       _Delay_1us
;__Lib_Lcd.c,162 :: 		
0x033B	0x1089      	BCF        LCD_EN, BitPos(LCD_EN+0)
;__Lib_Lcd.c,163 :: 		
0x033C	0x200A      	CALL       _Delay_5500us
;__Lib_Lcd.c,166 :: 		
0x033D	0x1208      	BCF        LCD_D4, BitPos(LCD_D4+0)
;__Lib_Lcd.c,167 :: 		
0x033E	0x1489      	BSF        LCD_EN, BitPos(LCD_EN+0)
;__Lib_Lcd.c,168 :: 		
0x033F	0x2017      	CALL       _Delay_1us
;__Lib_Lcd.c,169 :: 		
0x0340	0x1089      	BCF        LCD_EN, BitPos(LCD_EN+0)
;__Lib_Lcd.c,171 :: 		
0x0341	0x1788      	BSF        LCD_D7, BitPos(LCD_D7+0)
;__Lib_Lcd.c,172 :: 		
0x0342	0x1708      	BSF        LCD_D6, BitPos(LCD_D6+0)
;__Lib_Lcd.c,173 :: 		
0x0343	0x1688      	BSF        LCD_D5, BitPos(LCD_D5+0)
;__Lib_Lcd.c,174 :: 		
0x0344	0x1608      	BSF        LCD_D4, BitPos(LCD_D4+0)
;__Lib_Lcd.c,175 :: 		
0x0345	0x1489      	BSF        LCD_EN, BitPos(LCD_EN+0)
;__Lib_Lcd.c,176 :: 		
0x0346	0x2017      	CALL       _Delay_1us
;__Lib_Lcd.c,177 :: 		
0x0347	0x1089      	BCF        LCD_EN, BitPos(LCD_EN+0)
;__Lib_Lcd.c,179 :: 		
0x0348	0x200A      	CALL       _Delay_5500us
;__Lib_Lcd.c,181 :: 		
0x0349	0x1468      	BSF        __Lib_Lcd_cmd_status, BitPos(__Lib_Lcd_cmd_status+0)
;__Lib_Lcd.c,182 :: 		
L_end_Lcd_Init:
0x034A	0x0008      	RETURN
; end of _Lcd_Init
_Display_LCD:
;MAIN.c,117 :: 		void Display_LCD() {     // MOSTRA VALORES NO LCD E TOCA BUZZER PERIODICAMENTE
;MAIN.c,118 :: 		Lcd_Out(1,1,"(Hora)");
0x034B	0x3001      	MOVLW      1
0x034C	0x1283      	BCF        STATUS, 5
0x034D	0x1303      	BCF        STATUS, 6
0x034E	0x00EC      	MOVWF      FARG_Lcd_Out_row
0x034F	0x3001      	MOVLW      1
0x0350	0x00ED      	MOVWF      FARG_Lcd_Out_column
0x0351	0x304B      	MOVLW      ?lstr8_MAIN
0x0352	0x00EE      	MOVWF      FARG_Lcd_Out_text
0x0353	0x2190      	CALL       _Lcd_Out
;MAIN.c,119 :: 		Converte_BCD(1,7,ucHora);     // CONVERSãO DA VARIáVEL HORAS PARA BCD
0x0354	0x3001      	MOVLW      1
0x0355	0x00EC      	MOVWF      FARG_Converte_BCD_ucLinha
0x0356	0x3007      	MOVLW      7
0x0357	0x00ED      	MOVWF      FARG_Converte_BCD_ucColuna
0x0358	0x0869      	MOVF       _ucHora, 0
0x0359	0x00EE      	MOVWF      FARG_Converte_BCD_ucValor
0x035A	0x2210      	CALL       _Converte_BCD
;MAIN.c,120 :: 		Lcd_Chr_CP(':');              // ESCREVE NO LCD
0x035B	0x303A      	MOVLW      58
0x035C	0x1683      	BSF        STATUS, 5
0x035D	0x00A6      	MOVWF      FARG_Lcd_Chr_CP_out_char
0x035E	0x2161      	CALL       _Lcd_Chr_CP
;MAIN.c,121 :: 		Converte_BCD(1,10,ucMinuto);  // CONVERSãO DA VARIáVEL MINUTO PARA BCD
0x035F	0x3001      	MOVLW      1
0x0360	0x00EC      	MOVWF      FARG_Converte_BCD_ucLinha
0x0361	0x300A      	MOVLW      10
0x0362	0x00ED      	MOVWF      FARG_Converte_BCD_ucColuna
0x0363	0x086A      	MOVF       _ucMinuto, 0
0x0364	0x00EE      	MOVWF      FARG_Converte_BCD_ucValor
0x0365	0x2210      	CALL       _Converte_BCD
;MAIN.c,122 :: 		Lcd_Chr_CP(':');              // ESCREVE NO LCD
0x0366	0x303A      	MOVLW      58
0x0367	0x1683      	BSF        STATUS, 5
0x0368	0x00A6      	MOVWF      FARG_Lcd_Chr_CP_out_char
0x0369	0x2161      	CALL       _Lcd_Chr_CP
;MAIN.c,123 :: 		Converte_BCD(1,13,ucSegundo); // CONVERSãO DA VARIáVEL SEGUNDO PARA BCD
0x036A	0x3001      	MOVLW      1
0x036B	0x00EC      	MOVWF      FARG_Converte_BCD_ucLinha
0x036C	0x300D      	MOVLW      13
0x036D	0x00ED      	MOVWF      FARG_Converte_BCD_ucColuna
0x036E	0x086B      	MOVF       _ucSegundo, 0
0x036F	0x00EE      	MOVWF      FARG_Converte_BCD_ucValor
0x0370	0x2210      	CALL       _Converte_BCD
;MAIN.c,124 :: 		if (ucHora == 0x00 && ucMinuto == 0x00 && ucSegundo == 0x00)
0x0371	0x0869      	MOVF       _ucHora, 0
0x0372	0x3A00      	XORLW      0
0x0373	0x1D03      	BTFSS      STATUS, 2
0x0374	0x2B8A      	GOTO       L_Display_LCD17
0x0375	0x086A      	MOVF       _ucMinuto, 0
0x0376	0x3A00      	XORLW      0
0x0377	0x1D03      	BTFSS      STATUS, 2
0x0378	0x2B8A      	GOTO       L_Display_LCD17
0x0379	0x086B      	MOVF       _ucSegundo, 0
0x037A	0x3A00      	XORLW      0
0x037B	0x1D03      	BTFSS      STATUS, 2
0x037C	0x2B8A      	GOTO       L_Display_LCD17
L__Display_LCD23:
;MAIN.c,125 :: 		BeepBeep(1,50,150);                                        // TOCA BUZZER HORA
0x037D	0x3001      	MOVLW      1
0x037E	0x1683      	BSF        STATUS, 5
0x037F	0x00A0      	MOVWF      FARG_BeepBeep_nTimes
0x0380	0x3000      	MOVLW      0
0x0381	0x00A1      	MOVWF      FARG_BeepBeep_nTimes+1
0x0382	0x3032      	MOVLW      50
0x0383	0x00A2      	MOVWF      FARG_BeepBeep_tHigh
0x0384	0x3000      	MOVLW      0
0x0385	0x00A3      	MOVWF      FARG_BeepBeep_tHigh+1
0x0386	0x3096      	MOVLW      150
0x0387	0x00A4      	MOVWF      FARG_BeepBeep_tLow
0x0388	0x01A5      	CLRF       FARG_BeepBeep_tLow+1
0x0389	0x2230      	CALL       _BeepBeep
L_Display_LCD17:
;MAIN.c,126 :: 		if (ucMinuto == 0x00 && ucSegundo == 0x00)
0x038A	0x086A      	MOVF       _ucMinuto, 0
0x038B	0x3A00      	XORLW      0
0x038C	0x1D03      	BTFSS      STATUS, 2
0x038D	0x2BA0      	GOTO       L_Display_LCD20
0x038E	0x086B      	MOVF       _ucSegundo, 0
0x038F	0x3A00      	XORLW      0
0x0390	0x1D03      	BTFSS      STATUS, 2
0x0391	0x2BA0      	GOTO       L_Display_LCD20
L__Display_LCD22:
;MAIN.c,127 :: 		BeepBeep( 1,25,100);                                        // TOCA BUZZER MIN
0x0392	0x3001      	MOVLW      1
0x0393	0x1683      	BSF        STATUS, 5
0x0394	0x00A0      	MOVWF      FARG_BeepBeep_nTimes
0x0395	0x3000      	MOVLW      0
0x0396	0x00A1      	MOVWF      FARG_BeepBeep_nTimes+1
0x0397	0x3019      	MOVLW      25
0x0398	0x00A2      	MOVWF      FARG_BeepBeep_tHigh
0x0399	0x3000      	MOVLW      0
0x039A	0x00A3      	MOVWF      FARG_BeepBeep_tHigh+1
0x039B	0x3064      	MOVLW      100
0x039C	0x00A4      	MOVWF      FARG_BeepBeep_tLow
0x039D	0x3000      	MOVLW      0
0x039E	0x00A5      	MOVWF      FARG_BeepBeep_tLow+1
0x039F	0x2230      	CALL       _BeepBeep
L_Display_LCD20:
;MAIN.c,128 :: 		if (ucSegundo == 0x00) BeepBeep( 1,15, 50);                 // TOCA BUZZER SEG
0x03A0	0x086B      	MOVF       _ucSegundo, 0
0x03A1	0x3A00      	XORLW      0
0x03A2	0x1D03      	BTFSS      STATUS, 2
0x03A3	0x2BB2      	GOTO       L_Display_LCD21
0x03A4	0x3001      	MOVLW      1
0x03A5	0x1683      	BSF        STATUS, 5
0x03A6	0x00A0      	MOVWF      FARG_BeepBeep_nTimes
0x03A7	0x3000      	MOVLW      0
0x03A8	0x00A1      	MOVWF      FARG_BeepBeep_nTimes+1
0x03A9	0x300F      	MOVLW      15
0x03AA	0x00A2      	MOVWF      FARG_BeepBeep_tHigh
0x03AB	0x3000      	MOVLW      0
0x03AC	0x00A3      	MOVWF      FARG_BeepBeep_tHigh+1
0x03AD	0x3032      	MOVLW      50
0x03AE	0x00A4      	MOVWF      FARG_BeepBeep_tLow
0x03AF	0x3000      	MOVLW      0
0x03B0	0x00A5      	MOVWF      FARG_BeepBeep_tLow+1
0x03B1	0x2230      	CALL       _BeepBeep
L_Display_LCD21:
;MAIN.c,129 :: 		Lcd_Out(2,1,"(Data)");
0x03B2	0x3002      	MOVLW      2
0x03B3	0x00EC      	MOVWF      FARG_Lcd_Out_row
0x03B4	0x3001      	MOVLW      1
0x03B5	0x00ED      	MOVWF      FARG_Lcd_Out_column
0x03B6	0x3044      	MOVLW      ?lstr9_MAIN
0x03B7	0x00EE      	MOVWF      FARG_Lcd_Out_text
0x03B8	0x2190      	CALL       _Lcd_Out
;MAIN.c,130 :: 		Converte_BCD(2,7,ucDia);      // CONVERSãO DA VARIáVEL DIA PARA BCD
0x03B9	0x3002      	MOVLW      2
0x03BA	0x00EC      	MOVWF      FARG_Converte_BCD_ucLinha
0x03BB	0x3007      	MOVLW      7
0x03BC	0x00ED      	MOVWF      FARG_Converte_BCD_ucColuna
0x03BD	0x0867      	MOVF       _ucDia, 0
0x03BE	0x00EE      	MOVWF      FARG_Converte_BCD_ucValor
0x03BF	0x2210      	CALL       _Converte_BCD
;MAIN.c,131 :: 		Lcd_Chr_CP('/');              // ESCREVE NO LCD
0x03C0	0x302F      	MOVLW      47
0x03C1	0x1683      	BSF        STATUS, 5
0x03C2	0x00A6      	MOVWF      FARG_Lcd_Chr_CP_out_char
0x03C3	0x2161      	CALL       _Lcd_Chr_CP
;MAIN.c,132 :: 		Converte_BCD(2,10,ucMes);     // CONVERSãO DA VARIáVEL MES PARA BCD
0x03C4	0x3002      	MOVLW      2
0x03C5	0x00EC      	MOVWF      FARG_Converte_BCD_ucLinha
0x03C6	0x300A      	MOVLW      10
0x03C7	0x00ED      	MOVWF      FARG_Converte_BCD_ucColuna
0x03C8	0x0866      	MOVF       _ucMes, 0
0x03C9	0x00EE      	MOVWF      FARG_Converte_BCD_ucValor
0x03CA	0x2210      	CALL       _Converte_BCD
;MAIN.c,133 :: 		Lcd_Chr_CP('/');              // ESCREVE NO LCD
0x03CB	0x302F      	MOVLW      47
0x03CC	0x1683      	BSF        STATUS, 5
0x03CD	0x00A6      	MOVWF      FARG_Lcd_Chr_CP_out_char
0x03CE	0x2161      	CALL       _Lcd_Chr_CP
;MAIN.c,134 :: 		Converte_BCD(2,13,ucAno);     // CONVERSãO DA VARIáVEL ANO PARA BCD
0x03CF	0x3002      	MOVLW      2
0x03D0	0x00EC      	MOVWF      FARG_Converte_BCD_ucLinha
0x03D1	0x300D      	MOVLW      13
0x03D2	0x00ED      	MOVWF      FARG_Converte_BCD_ucColuna
0x03D3	0x0865      	MOVF       _ucAno, 0
0x03D4	0x00EE      	MOVWF      FARG_Converte_BCD_ucValor
0x03D5	0x2210      	CALL       _Converte_BCD
;MAIN.c,135 :: 		Encontra_Dia_Semana();
0x03D6	0x226B      	CALL       _Encontra_Dia_Semana
;MAIN.c,136 :: 		Lcd_Out(3,1,ucTexto);}        // MOSTRA DIA DA SEMANA
0x03D7	0x3003      	MOVLW      3
0x03D8	0x00EC      	MOVWF      FARG_Lcd_Out_row
0x03D9	0x3001      	MOVLW      1
0x03DA	0x00ED      	MOVWF      FARG_Lcd_Out_column
0x03DB	0x0861      	MOVF       _ucTexto, 0
0x03DC	0x00EE      	MOVWF      FARG_Lcd_Out_text
0x03DD	0x2190      	CALL       _Lcd_Out
L_end_Display_LCD:
0x03DE	0x0008      	RETURN
; end of _Display_LCD
___CC2DW:
;__Lib_System.c,134 :: 		
;__Lib_System.c,137 :: 		
_CC2D_Loop1:
;__Lib_System.c,139 :: 		
0x03DF	0x2189      	CALL       _____DoICP
0x03E0	0x118A      	BCF        PCLATH, 3
0x03E1	0x120A      	BCF        PCLATH, 4
;__Lib_System.c,141 :: 		
0x03E2	0x0080      	MOVWF      INDF
;__Lib_System.c,142 :: 		
0x03E3	0x0A84      	INCF       FSR, 1
;__Lib_System.c,143 :: 		
0x03E4	0x0AE3      	INCF       ___DoICPAddr, 1
;__Lib_System.c,145 :: 		
0x03E5	0x1903      	BTFSC      STATUS, 2
;__Lib_System.c,146 :: 		
0x03E6	0x0AE4      	INCF       ___DoICPAddr+1, 1
;__Lib_System.c,147 :: 		
0x03E7	0x03F0      	DECF       R0, 1
;__Lib_System.c,149 :: 		
0x03E8	0x1D03      	BTFSS      STATUS, 2
;__Lib_System.c,150 :: 		
0x03E9	0x2BDF      	GOTO       _CC2D_Loop1
;__Lib_System.c,152 :: 		
L_end___CC2DW:
0x03EA	0x0008      	RETURN
; end of ___CC2DW
_main:
0x03EB	0x2464      	CALL       1124
;MAIN.c,44 :: 		void main(){
;MAIN.c,45 :: 		ADCON1= 0X07;             // TORNA TODOS OS PINOS A/D COMO I/O DE USO GERAL
0x03EC	0x3007      	MOVLW      7
0x03ED	0x1683      	BSF        STATUS, 5
0x03EE	0x1303      	BCF        STATUS, 6
0x03EF	0x009F      	MOVWF      ADCON1
;MAIN.c,46 :: 		TRISA = 0;                                // DEFINE PORTA,B,C,D,E
0x03F0	0x0185      	CLRF       TRISA
;MAIN.c,47 :: 		TRISB = 0;   TRISC = 0;   TRISD = 0;   TRISE = 0;
0x03F1	0x0186      	CLRF       TRISB
0x03F2	0x0187      	CLRF       TRISC
0x03F3	0x0188      	CLRF       TRISD
0x03F4	0x0189      	CLRF       TRISE
;MAIN.c,48 :: 		TRISC.RC1 = 0;            BUZZER = 1;     // BUZZER LOW ACTIVE
0x03F5	0x1087      	BCF        TRISC, 1
0x03F6	0x1283      	BCF        STATUS, 5
0x03F7	0x1487      	BSF        PORTC, 1
;MAIN.c,49 :: 		Lcd_Init();                               // INICIALIZA LCD NO MODO 4 BIT
0x03F8	0x22FD      	CALL       _Lcd_Init
;MAIN.c,50 :: 		Lcd_Cmd(_LCD_CLEAR);                      // APAGA MOSTRADOR
0x03F9	0x3001      	MOVLW      1
0x03FA	0x1683      	BSF        STATUS, 5
0x03FB	0x00AC      	MOVWF      FARG_Lcd_Cmd_out_char
0x03FC	0x201A      	CALL       _Lcd_Cmd
;MAIN.c,51 :: 		Lcd_Cmd(_LCD_CURSOR_OFF);                 // DESLIGA CURSOR
0x03FD	0x300C      	MOVLW      12
0x03FE	0x1683      	BSF        STATUS, 5
0x03FF	0x00AC      	MOVWF      FARG_Lcd_Cmd_out_char
0x0400	0x201A      	CALL       _Lcd_Cmd
;MAIN.c,52 :: 		Grava_RTC();
0x0401	0x22D2      	CALL       _Grava_RTC
;MAIN.c,53 :: 		BeepBeep(3,15,150);                       // TOCA BUZZER NO INICIO
0x0402	0x3003      	MOVLW      3
0x0403	0x00A0      	MOVWF      FARG_BeepBeep_nTimes
0x0404	0x3000      	MOVLW      0
0x0405	0x00A1      	MOVWF      FARG_BeepBeep_nTimes+1
0x0406	0x300F      	MOVLW      15
0x0407	0x00A2      	MOVWF      FARG_BeepBeep_tHigh
0x0408	0x3000      	MOVLW      0
0x0409	0x00A3      	MOVWF      FARG_BeepBeep_tHigh+1
0x040A	0x3096      	MOVLW      150
0x040B	0x00A4      	MOVWF      FARG_BeepBeep_tLow
0x040C	0x01A5      	CLRF       FARG_BeepBeep_tLow+1
0x040D	0x2230      	CALL       _BeepBeep
;MAIN.c,54 :: 		while(1){
L_main3:
;MAIN.c,55 :: 		Display_LCD();     // ESCREVE NO MOSTRADOR LCD O VALOR
0x040E	0x234B      	CALL       _Display_LCD
;MAIN.c,56 :: 		Leitura_RTC();     // EFETUA LEITURA DE SEGUNDO, MINUTO E HORAS DO DS1307
0x040F	0x229F      	CALL       _Leitura_RTC
;MAIN.c,57 :: 		Delay_ms(200);}}   // AGUARDA 200 milisegundos
0x0410	0x3003      	MOVLW      3
0x0411	0x00FB      	MOVWF      R11
0x0412	0x3008      	MOVLW      8
0x0413	0x00FC      	MOVWF      R12
0x0414	0x3077      	MOVLW      119
0x0415	0x00FD      	MOVWF      R13
L_main5:
0x0416	0x0BFD      	DECFSZ     R13, 1
0x0417	0x2C16      	GOTO       L_main5
0x0418	0x0BFC      	DECFSZ     R12, 1
0x0419	0x2C16      	GOTO       L_main5
0x041A	0x0BFB      	DECFSZ     R11, 1
0x041B	0x2C16      	GOTO       L_main5
0x041C	0x2C0E      	GOTO       L_main3
L_end_main:
0x041D	0x2C1D      	GOTO       $+0
; end of _main
0x0464	0x3020      	MOVLW      32
0x0465	0x0084      	MOVWF      FSR
0x0466	0x3041      	MOVLW      65
0x0467	0x1283      	BCF        STATUS, 5
0x0468	0x1303      	BCF        STATUS, 6
0x0469	0x00F0      	MOVWF      R0
0x046A	0x3023      	MOVLW      35
0x046B	0x00E3      	MOVWF      ___DoICPAddr
0x046C	0x3004      	MOVLW      4
0x046D	0x00E4      	MOVWF      100
0x046E	0x23DF      	CALL       991
0x046F	0x0008      	RETURN
;MAIN.c,0 :: ?ICS?lstr1_MAIN
0x0423	0x3444 ;?ICS?lstr1_MAIN+0
0x0424	0x344F ;?ICS?lstr1_MAIN+1
0x0425	0x344D ;?ICS?lstr1_MAIN+2
0x0426	0x3449 ;?ICS?lstr1_MAIN+3
0x0427	0x344E ;?ICS?lstr1_MAIN+4
0x0428	0x3447 ;?ICS?lstr1_MAIN+5
0x0429	0x344F ;?ICS?lstr1_MAIN+6
0x042A	0x3400 ;?ICS?lstr1_MAIN+7
; end of ?ICS?lstr1_MAIN
;MAIN.c,0 :: ?ICS?lstr4_MAIN
0x042B	0x3451 ;?ICS?lstr4_MAIN+0
0x042C	0x3455 ;?ICS?lstr4_MAIN+1
0x042D	0x3441 ;?ICS?lstr4_MAIN+2
0x042E	0x3452 ;?ICS?lstr4_MAIN+3
0x042F	0x3454 ;?ICS?lstr4_MAIN+4
0x0430	0x3441 ;?ICS?lstr4_MAIN+5
0x0431	0x3400 ;?ICS?lstr4_MAIN+6
; end of ?ICS?lstr4_MAIN
;MAIN.c,0 :: ?ICS?lstr3_MAIN
0x0432	0x3454 ;?ICS?lstr3_MAIN+0
0x0433	0x3445 ;?ICS?lstr3_MAIN+1
0x0434	0x3452 ;?ICS?lstr3_MAIN+2
0x0435	0x3443 ;?ICS?lstr3_MAIN+3
0x0436	0x3441 ;?ICS?lstr3_MAIN+4
0x0437	0x3400 ;?ICS?lstr3_MAIN+5
; end of ?ICS?lstr3_MAIN
;MAIN.c,0 :: ?ICS?lstr2_MAIN
0x0438	0x3453 ;?ICS?lstr2_MAIN+0
0x0439	0x3445 ;?ICS?lstr2_MAIN+1
0x043A	0x3447 ;?ICS?lstr2_MAIN+2
0x043B	0x3455 ;?ICS?lstr2_MAIN+3
0x043C	0x344E ;?ICS?lstr2_MAIN+4
0x043D	0x3444 ;?ICS?lstr2_MAIN+5
0x043E	0x3441 ;?ICS?lstr2_MAIN+6
0x043F	0x3400 ;?ICS?lstr2_MAIN+7
; end of ?ICS?lstr2_MAIN
;MAIN.c,0 :: ?ICS?lstr5_MAIN
0x0440	0x3451 ;?ICS?lstr5_MAIN+0
0x0441	0x3455 ;?ICS?lstr5_MAIN+1
0x0442	0x3449 ;?ICS?lstr5_MAIN+2
0x0443	0x344E ;?ICS?lstr5_MAIN+3
0x0444	0x3454 ;?ICS?lstr5_MAIN+4
0x0445	0x3441 ;?ICS?lstr5_MAIN+5
0x0446	0x3400 ;?ICS?lstr5_MAIN+6
; end of ?ICS?lstr5_MAIN
;MAIN.c,0 :: ?ICS?lstr9_MAIN
0x0447	0x3428 ;?ICS?lstr9_MAIN+0
0x0448	0x3444 ;?ICS?lstr9_MAIN+1
0x0449	0x3461 ;?ICS?lstr9_MAIN+2
0x044A	0x3474 ;?ICS?lstr9_MAIN+3
0x044B	0x3461 ;?ICS?lstr9_MAIN+4
0x044C	0x3429 ;?ICS?lstr9_MAIN+5
0x044D	0x3400 ;?ICS?lstr9_MAIN+6
; end of ?ICS?lstr9_MAIN
;MAIN.c,0 :: ?ICS?lstr8_MAIN
0x044E	0x3428 ;?ICS?lstr8_MAIN+0
0x044F	0x3448 ;?ICS?lstr8_MAIN+1
0x0450	0x346F ;?ICS?lstr8_MAIN+2
0x0451	0x3472 ;?ICS?lstr8_MAIN+3
0x0452	0x3461 ;?ICS?lstr8_MAIN+4
0x0453	0x3429 ;?ICS?lstr8_MAIN+5
0x0454	0x3400 ;?ICS?lstr8_MAIN+6
; end of ?ICS?lstr8_MAIN
;MAIN.c,0 :: ?ICS_i
0x0455	0x3400 ;?ICS_i+0
0x0456	0x3400 ;?ICS_i+1
; end of ?ICS_i
;MAIN.c,0 :: ?ICS?lstr7_MAIN
0x0457	0x3453 ;?ICS?lstr7_MAIN+0
0x0458	0x3441 ;?ICS?lstr7_MAIN+1
0x0459	0x3442 ;?ICS?lstr7_MAIN+2
0x045A	0x3441 ;?ICS?lstr7_MAIN+3
0x045B	0x3444 ;?ICS?lstr7_MAIN+4
0x045C	0x344F ;?ICS?lstr7_MAIN+5
0x045D	0x3400 ;?ICS?lstr7_MAIN+6
; end of ?ICS?lstr7_MAIN
;MAIN.c,0 :: ?ICS?lstr6_MAIN
0x045E	0x3453 ;?ICS?lstr6_MAIN+0
0x045F	0x3445 ;?ICS?lstr6_MAIN+1
0x0460	0x3458 ;?ICS?lstr6_MAIN+2
0x0461	0x3454 ;?ICS?lstr6_MAIN+3
0x0462	0x3441 ;?ICS?lstr6_MAIN+4
0x0463	0x3400 ;?ICS?lstr6_MAIN+5
; end of ?ICS?lstr6_MAIN
Symbol List:
//** Routines locations **
//ADDRESS    SIZE    PROCEDURE
//----------------------------------------------
0x0003       [7]    _Delay_50us
0x000A      [13]    _Delay_5500us
0x0017       [3]    _Delay_1us
0x001A      [87]    _Lcd_Cmd
0x0071      [55]    _Mul_32x32_U
0x00A8      [56]    _Lcd_Chr
0x00E0     [113]    _VDelay_ms
0x0151      [16]    _I2C1_Is_Idle
0x0161       [9]    _Lcd_Chr_CP
0x016A      [31]    _I2C1_Rd
0x0189       [7]    _____DoICP
0x0190      [66]    _Lcd_Out
0x01D2       [4]    _I2C1_Stop
0x01D6      [41]    _I2C1_Start
0x01FF      [10]    _I2C1_Init
0x0209       [7]    _I2C1_Repeated_Start
0x0210      [32]    _Converte_BCD
0x0230      [37]    _BeepBeep
0x0255      [22]    _I2C1_Wr
0x026B      [52]    _Encontra_Dia_Semana
0x029F      [51]    _Leitura_RTC
0x02D2      [43]    _Grava_RTC
0x02FD      [78]    _Lcd_Init
0x034B     [148]    _Display_LCD
0x03DF      [12]    ___CC2DW
0x03EB      [50]    _main
//** Variables locations ** 
//ADDRESS    SIZE    VARIABLE
//----------------------------------------------
0x0000       [1]    INDF
0x0002       [1]    PCL
0x0003       [1]    STATUS
0x0004       [1]    FSR
0x0007       [1]    PORTC
0x0008       [0]    LCD_D6
0x0008       [0]    LCD_D7
0x0008       [0]    LCD_D4
0x0008       [0]    LCD_D5
0x0008       [0]    RD5_bit
0x0008       [0]    RD6_bit
0x0008       [0]    RD7_bit
0x0008       [0]    RD4_bit
0x0009       [0]    RE1_bit
0x0009       [0]    RE2_bit
0x0009       [0]    LCD_RS
0x0009       [0]    LCD_EN
0x000A       [1]    PCLATH
0x000C       [1]    PIR1
0x0013       [1]    SSPBUF
0x0014       [1]    SSPCON
0x0020       [8]    ?lstr1_MAIN
0x0028       [7]    ?lstr4_MAIN
0x002F       [6]    ?lstr3_MAIN
0x0035       [8]    ?lstr2_MAIN
0x003D       [7]    ?lstr5_MAIN
0x0044       [7]    ?lstr9_MAIN
0x004B       [7]    ?lstr8_MAIN
0x0052       [2]    _i
0x0054       [7]    ?lstr7_MAIN
0x005B       [6]    ?lstr6_MAIN
0x0061       [1]    _ucTexto
0x0062       [1]    _ucDia_Semana
0x0063       [2]    ___DoICPAddr
0x0065       [1]    _ucAno
0x0066       [1]    _ucMes
0x0067       [1]    _ucDia
0x0068       [0]    __Lib_Lcd_cmd_status
0x0069       [1]    _ucHora
0x006A       [1]    _ucMinuto
0x006B       [1]    _ucSegundo
0x006C       [1]    FARG_Converte_BCD_ucLinha
0x006C       [1]    FARG_I2C1_Rd_ack
0x006C       [4]    FARG_I2C1_Init_clock
0x006C       [1]    FARG_Lcd_Out_row
0x006C       [2]    I2C1_Start_j_L0
0x006C       [1]    FARG_I2C1_Wr_data_
0x006D       [1]    FARG_Converte_BCD_ucColuna
0x006D       [1]    FARG_Lcd_Out_column
0x006E       [1]    FARG_Converte_BCD_ucValor
0x006E       [1]    FARG_Lcd_Out_text
0x006F       [1]    Lcd_Out_i_L0
0x0070       [1]    R0
0x0071       [1]    R1
0x0072       [1]    R2
0x0073       [1]    R3
0x0074       [1]    R4
0x0075       [1]    R5
0x0076       [1]    R6
0x0077       [1]    R7
0x0078       [1]    R8
0x0079       [1]    R9
0x007A       [1]    R10
0x007B       [1]    R11
0x007C       [1]    R12
0x007D       [1]    R13
0x007E       [1]    R14
0x007F       [1]    R15
0x0085       [1]    TRISA
0x0086       [1]    TRISB
0x0087       [0]    TRISC3_bit
0x0087       [0]    TRISC4_bit
0x0087       [1]    TRISC
0x0088       [0]    LCD_D6_Direction
0x0088       [0]    LCD_D7_Direction
0x0088       [0]    LCD_D5_Direction
0x0088       [0]    TRISD6_bit
0x0088       [0]    TRISD5_bit
0x0088       [0]    TRISD4_bit
0x0088       [1]    TRISD
0x0088       [0]    TRISD7_bit
0x0088       [0]    LCD_D4_Direction
0x0089       [0]    LCD_RS_Direction
0x0089       [0]    LCD_EN_Direction
0x0089       [0]    TRISE2_bit
0x0089       [0]    TRISE1_bit
0x0089       [1]    TRISE
0x0091       [1]    SSPCON2
0x0093       [1]    SSPADD
0x0094       [1]    SSPSTAT
0x009F       [1]    ADCON1
0x00A0       [2]    FARG_BeepBeep_nTimes
0x00A2       [2]    FARG_BeepBeep_tHigh
0x00A4       [2]    FARG_BeepBeep_tLow
0x00A6       [1]    FARG_Lcd_Chr_row
0x00A6       [1]    FARG_Lcd_Chr_CP_out_char
0x00A6       [2]    FARG_VDelay_ms_Time_ms
0x00A7       [1]    FARG_Lcd_Chr_column
0x00A8       [1]    FARG_Lcd_Chr_out_char
0x00A8       [4]    VDelay_ms_NumberOfCyc_L0
0x00AC       [1]    FARG_Lcd_Cmd_out_char
//** Constants locations ** 
//ADDRESS    SIZE    CONSTANT
//----------------------------------------------
0x0423       [8]    ?ICS?lstr1_MAIN
0x042B       [7]    ?ICS?lstr4_MAIN
0x0432       [6]    ?ICS?lstr3_MAIN
0x0438       [8]    ?ICS?lstr2_MAIN
0x0440       [7]    ?ICS?lstr5_MAIN
0x0447       [7]    ?ICS?lstr9_MAIN
0x044E       [7]    ?ICS?lstr8_MAIN
0x0455       [2]    ?ICS_i
0x0457       [7]    ?ICS?lstr7_MAIN
0x045E       [6]    ?ICS?lstr6_MAIN
//** Label List: ** 
//----------------------------------------------
  L_BeepBeep0
  L_BeepBeep1
  L_BeepBeep2
  L_main3
  L_main4
  L_main5
  L_Encontra_Dia_Semana6
  L_Encontra_Dia_Semana7
  L_Encontra_Dia_Semana8
  L_Encontra_Dia_Semana9
  L_Encontra_Dia_Semana10
  L_Encontra_Dia_Semana11
  L_Encontra_Dia_Semana12
  L_Encontra_Dia_Semana13
  L_Encontra_Dia_Semana14
  L_Display_LCD15
  L_Display_LCD16
  L_Display_LCD17
  L_Display_LCD18
  L_Display_LCD19
  L_Display_LCD20
  L_Display_LCD21
  L__Display_LCD22
  L__Display_LCD23
  L_end_BeepBeep
  _BeepBeep
  L__BeepBeep25
  L_end_main
  _main
  L_end_Converte_BCD
  _Converte_BCD
  L_end_Leitura_RTC
  _Leitura_RTC
  L_end_Grava_RTC
  _Grava_RTC
  L_end_Encontra_Dia_Semana
  _Encontra_Dia_Semana
  L_end_Display_LCD
  _Display_LCD
  L_Delay_10us0
  L_Delay_22us1
  L_Delay_50us2
  L_Delay_80us3
  L_Delay_500us4
  L_Delay_5500us5
  L_Delay_1ms6
  L_Delay_5ms7
  L_Delay_8ms8
  L_Delay_10ms9
  L_Delay_100ms10
  L_Delay_1sec11
  L_boot16_Delay_5ms12
  L_Delay_Cyc13
  L_Delay_Cyc14
  L_VDelay_ms15
  L_VDelay_ms16
  L_VDelay_ms17
  L_VDelay_Advanced_ms18
  L_VDelay_Advanced_ms19
  L_VDelay_Advanced_ms20
  L_end_Get_Fosc_kHz
  _Get_Fosc_kHz
  L_end_Delay_1us
  _Delay_1us
  L_end_Delay_10us
  _Delay_10us
  L_end_Delay_22us
  _Delay_22us
  L_end_Delay_50us
  _Delay_50us
  L_end_Delay_80us
  _Delay_80us
  L_end_Delay_500us
  _Delay_500us
  L_end_Delay_5500us
  _Delay_5500us
  L_end_Delay_1ms
  _Delay_1ms
  L_end_Delay_5ms
  _Delay_5ms
  L_end_Delay_8ms
  _Delay_8ms
  L_end_Delay_10ms
  _Delay_10ms
  L_end_Delay_100ms
  _Delay_100ms
  L_end_Delay_1sec
  _Delay_1sec
  L_end_boot16_Delay_5ms
  _boot16_Delay_5ms
  L_end_Delay_Cyc
  _Delay_Cyc
  L_end_VDelay_ms
  _VDelay_ms
  L__VDelay_ms38
  L__VDelay_ms39
  L__VDelay_ms40
  L_end_VDelay_Advanced_ms
  _VDelay_Advanced_ms
  L__VDelay_Advanced_ms42
  L__VDelay_Advanced_ms43
  L__VDelay_Advanced_ms44
  L_I2C1_Is_Idle0
  L_I2C1_Is_Idle1
  L_I2C1_Start2
  L_I2C1_Start3
  L_I2C1_Start4
  L_I2C1_Start5
  L_I2C1_Start6
  L_I2C1_Start7
  L_I2C1_Start8
  L_I2C1_Start9
  L_I2C1_Repeated_Start10
  L_I2C1_Repeated_Start11
  L_I2C1_Rd12
  L_I2C1_Rd13
  L_I2C1_Rd14
  L_I2C1_Rd15
  L_I2C1_Rd16
  L_I2C1_Rd17
  L_I2C1_Wr18
  L_I2C1_Wr19
  L_I2C1_Wr20
  L_I2C1_Wr21
  L_I2C1_Wr22
  L_I2C1_Wr23
  L_end_I2C1_Init
  _I2C1_Init
  L_end_I2C1_Is_Idle
  _I2C1_Is_Idle
  L_end_I2C1_Start
  _I2C1_Start
  L__I2C1_Start27
  L__I2C1_Start28
  L_end_I2C1_Repeated_Start
  _I2C1_Repeated_Start
  L_end_I2C1_Rd
  _I2C1_Rd
  L_end_I2C1_Wr
  _I2C1_Wr
  L_end_I2C1_Stop
  _I2C1_Stop
  L_Lcd_Cmd0
  L_Lcd_Cmd1
  L_Lcd_Out_CP2
  L_Lcd_Out_CP3
  L_Lcd_Chr4
  L_Lcd_Chr5
  L_Lcd_Chr6
  L_Lcd_Chr7
  L_Lcd_Chr8
  L_Lcd_Chr9
  L_Lcd_Chr10
  L_Lcd_Out11
  L_Lcd_Out12
  L_Lcd_Out13
  L_Lcd_Out14
  L_Lcd_Out15
  L_Lcd_Out16
  L_Lcd_Out17
  L_Lcd_Out18
  L_Lcd_Out19
  L_end_Lcd_Cmd
  _Lcd_Cmd
  L__Lcd_Cmd21
  L__Lcd_Cmd22
  L__Lcd_Cmd23
  L__Lcd_Cmd24
  L__Lcd_Cmd25
  L__Lcd_Cmd26
  L__Lcd_Cmd27
  L__Lcd_Cmd28
  L__Lcd_Cmd29
  L__Lcd_Cmd30
  L__Lcd_Cmd31
  L__Lcd_Cmd32
  L__Lcd_Cmd33
  L__Lcd_Cmd34
  L__Lcd_Cmd35
  L__Lcd_Cmd36
  L__Lcd_Cmd37
  L__Lcd_Cmd38
  L__Lcd_Cmd39
  L__Lcd_Cmd40
  L_end_Lcd_Chr_CP
  _Lcd_Chr_CP
  L_end_Lcd_Out_CP
  _Lcd_Out_CP
  L_end_Lcd_Chr
  _Lcd_Chr
  L_end_Lcd_Init
  _Lcd_Init
  L_end_Lcd_Out
  _Lcd_Out
  L_Div_16x16_S0
  L_Div_16x16_S1
  LOOPS3232A
  SADD22LA
  SOK22LA
  SADD22L8
  SOK22L8
  LOOPS3232B
  SADD22LB
  SOK22LB
  SADD22L16
  SOK22L16
  LOOPS3232C
  SADD22LC
  SOK22LC
  SADD22L24
  SOK22L24
  LOOPS3232D
  SADD22LD
  SOK22LD
  SOK22L
  L_Div_32x32_S6
  L_Div_32x32_S7
  L_Div_32x32_S8
  L_Div_32x32_S9
  FXD3232S
  END_ALL
  CA3232S
  C3232SX
  C3232SX1
  C3232S
  C3232S2
  C3232SX4
  C3232SOK
  C3232SX3
  C3232SX2
  avoid_comfrem
  LOOPU3232A
  UADD22LA
  UOK22LA
  UADD22L8
  UOK22L8
  LOOPU3232B
  UADD22LB
  UOK22LB
  UADD22L16
  UOK22L16
  LOOPU3232C
  UADD22LC
  UOK22LC
  UADD22L24
  UOK22L24
  LOOPU3232D
  UADD22LD
  UOK22LD
  UOK22L
  _NEXT
  _EXIT2
  _LOOP
  _EXIT1
  _IF_FIRST
  _IF_SECOND
  _INVERCE_FIRST
  _MULT
  _INBERSE_SECOND
  _EXIT
  L_end_Mul_8x8_U
  _Mul_8x8_U
  L_end_Mul_16x16_U
  _Mul_16x16_U
  L_end_Div_8x8_U
  _Div_8x8_U
  L_end_Div_16x16_U
  _Div_16x16_U
  L_end_Mul_8x8_S
  _Mul_8x8_S
  L_end_Mul_16x16_S
  _Mul_16x16_S
  L_end_Div_16x16_S_L
  _Div_16x16_S_L
  L_end_Div_16x16_S
  _Div_16x16_S
  L_end_Div_8x8_S
  _Div_8x8_S
  L_end_SDIV3232L
  _SDIV3232L
  L_end_COMFREM
  _COMFREM
  L_end_Div_32x32_S
  _Div_32x32_S
  L_end_Div_32x32_U
  _Div_32x32_U
  L_end_Mul_32x32_U
  _Mul_32x32_U
  L_end_Mul_32x32_S
  _Mul_32x32_S
  L_loopCA2AWs
  L_CA2AWend
  _CCA2AW_Loop1
  L_loopCS2Ss
  L_CS2Send
  _CCS2S_Loop1
  L_CCS2Send
  L_loopFZinSWs
  L_FZinSend
  _CC2D_Loop1
  L_end_____DoICP
  _____DoICP
  L_end_____DoIFC
  _____DoIFC
  L_end___CA2AW
  ___CA2AW
  L_end___CCA2AW
  ___CCA2AW
  L_end___CS2S
  ___CS2S
  L_end___CCS2S
  ___CCS2S
  L_end___FZinS
  ___FZinS
  L_end___CC2DW
  ___CC2DW
  L_end_Swap
  _Swap
