;  LST file generated by mikroListExporter - v.2.0 
; Date/Time: 12/05/2015 10:35:59
;----------------------------------------------

;Address Opcode 	ASM
0x0000	0x2964      	GOTO       356
_Delay_1us:
;__Lib_Delays.c,7 :: 		void Delay_1us() {
;__Lib_Delays.c,8 :: 		Delay_us(1);
0x0003	0x0000      	NOP
;__Lib_Delays.c,9 :: 		}
L_end_Delay_1us:
0x0004	0x0008      	RETURN
; end of _Delay_1us
_Delay_50us:
;__Lib_Delays.c,19 :: 		void Delay_50us() {
;__Lib_Delays.c,20 :: 		Delay_us(50);
0x0005	0x3010      	MOVLW      16
0x0006	0x1283      	BCF        STATUS, 5
0x0007	0x1303      	BCF        STATUS, 6
0x0008	0x00FD      	MOVWF      R13
L_Delay_50us2:
0x0009	0x0BFD      	DECFSZ     R13, 1
0x000A	0x2809      	GOTO       L_Delay_50us2
0x000B	0x0000      	NOP
;__Lib_Delays.c,21 :: 		}
L_end_Delay_50us:
0x000C	0x0008      	RETURN
; end of _Delay_50us
_Delay_5500us:
;__Lib_Delays.c,31 :: 		void Delay_5500us() {
;__Lib_Delays.c,32 :: 		Delay_us(5500);
0x000D	0x3008      	MOVLW      8
0x000E	0x1283      	BCF        STATUS, 5
0x000F	0x1303      	BCF        STATUS, 6
0x0010	0x00FC      	MOVWF      R12
0x0011	0x3023      	MOVLW      35
0x0012	0x00FD      	MOVWF      R13
L_Delay_5500us5:
0x0013	0x0BFD      	DECFSZ     R13, 1
0x0014	0x2813      	GOTO       L_Delay_5500us5
0x0015	0x0BFC      	DECFSZ     R12, 1
0x0016	0x2813      	GOTO       L_Delay_5500us5
;__Lib_Delays.c,33 :: 		}
L_end_Delay_5500us:
0x0017	0x0008      	RETURN
; end of _Delay_5500us
_Lcd_Cmd:
;__Lib_Lcd.c,18 :: 		
;__Lib_Lcd.c,20 :: 		
0x0018	0x1683      	BSF        STATUS, 5
0x0019	0x1303      	BCF        STATUS, 6
0x001A	0x1BDD      	BTFSC      FARG_Lcd_Cmd_out_char, 7
0x001B	0x281F      	GOTO       L__Lcd_Cmd21
0x001C	0x1283      	BCF        STATUS, 5
0x001D	0x1386      	BCF        LCD_D7, BitPos(LCD_D7+0)
0x001E	0x2821      	GOTO       L__Lcd_Cmd22
L__Lcd_Cmd21:
0x001F	0x1283      	BCF        STATUS, 5
0x0020	0x1786      	BSF        LCD_D7, BitPos(LCD_D7+0)
L__Lcd_Cmd22:
;__Lib_Lcd.c,21 :: 		
0x0021	0x1683      	BSF        STATUS, 5
0x0022	0x1B5D      	BTFSC      FARG_Lcd_Cmd_out_char, 6
0x0023	0x2827      	GOTO       L__Lcd_Cmd23
0x0024	0x1283      	BCF        STATUS, 5
0x0025	0x1306      	BCF        LCD_D6, BitPos(LCD_D6+0)
0x0026	0x2829      	GOTO       L__Lcd_Cmd24
L__Lcd_Cmd23:
0x0027	0x1283      	BCF        STATUS, 5
0x0028	0x1706      	BSF        LCD_D6, BitPos(LCD_D6+0)
L__Lcd_Cmd24:
;__Lib_Lcd.c,22 :: 		
0x0029	0x1683      	BSF        STATUS, 5
0x002A	0x1ADD      	BTFSC      FARG_Lcd_Cmd_out_char, 5
0x002B	0x282F      	GOTO       L__Lcd_Cmd25
0x002C	0x1283      	BCF        STATUS, 5
0x002D	0x1286      	BCF        LCD_D5, BitPos(LCD_D5+0)
0x002E	0x2831      	GOTO       L__Lcd_Cmd26
L__Lcd_Cmd25:
0x002F	0x1283      	BCF        STATUS, 5
0x0030	0x1686      	BSF        LCD_D5, BitPos(LCD_D5+0)
L__Lcd_Cmd26:
;__Lib_Lcd.c,23 :: 		
0x0031	0x1683      	BSF        STATUS, 5
0x0032	0x1A5D      	BTFSC      FARG_Lcd_Cmd_out_char, 4
0x0033	0x2837      	GOTO       L__Lcd_Cmd27
0x0034	0x1283      	BCF        STATUS, 5
0x0035	0x1206      	BCF        LCD_D4, BitPos(LCD_D4+0)
0x0036	0x2839      	GOTO       L__Lcd_Cmd28
L__Lcd_Cmd27:
0x0037	0x1283      	BCF        STATUS, 5
0x0038	0x1606      	BSF        LCD_D4, BitPos(LCD_D4+0)
L__Lcd_Cmd28:
;__Lib_Lcd.c,25 :: 		
0x0039	0x1683      	BSF        STATUS, 5
0x003A	0x1833      	BTFSC      __Lib_Lcd_cmd_status, BitPos(__Lib_Lcd_cmd_status+0)
0x003B	0x283F      	GOTO       L__Lcd_Cmd29
0x003C	0x1283      	BCF        STATUS, 5
0x003D	0x1405      	BSF        LCD_RS, BitPos(LCD_RS+0)
0x003E	0x2841      	GOTO       L__Lcd_Cmd30
L__Lcd_Cmd29:
0x003F	0x1283      	BCF        STATUS, 5
0x0040	0x1005      	BCF        LCD_RS, BitPos(LCD_RS+0)
L__Lcd_Cmd30:
;__Lib_Lcd.c,28 :: 		
0x0041	0x1485      	BSF        LCD_EN, BitPos(LCD_EN+0)
;__Lib_Lcd.c,29 :: 		
0x0042	0x2003      	CALL       _Delay_1us
;__Lib_Lcd.c,30 :: 		
0x0043	0x1085      	BCF        LCD_EN, BitPos(LCD_EN+0)
;__Lib_Lcd.c,33 :: 		
0x0044	0x1683      	BSF        STATUS, 5
0x0045	0x19DD      	BTFSC      FARG_Lcd_Cmd_out_char, 3
0x0046	0x284A      	GOTO       L__Lcd_Cmd31
0x0047	0x1283      	BCF        STATUS, 5
0x0048	0x1386      	BCF        LCD_D7, BitPos(LCD_D7+0)
0x0049	0x284C      	GOTO       L__Lcd_Cmd32
L__Lcd_Cmd31:
0x004A	0x1283      	BCF        STATUS, 5
0x004B	0x1786      	BSF        LCD_D7, BitPos(LCD_D7+0)
L__Lcd_Cmd32:
;__Lib_Lcd.c,34 :: 		
0x004C	0x1683      	BSF        STATUS, 5
0x004D	0x195D      	BTFSC      FARG_Lcd_Cmd_out_char, 2
0x004E	0x2852      	GOTO       L__Lcd_Cmd33
0x004F	0x1283      	BCF        STATUS, 5
0x0050	0x1306      	BCF        LCD_D6, BitPos(LCD_D6+0)
0x0051	0x2854      	GOTO       L__Lcd_Cmd34
L__Lcd_Cmd33:
0x0052	0x1283      	BCF        STATUS, 5
0x0053	0x1706      	BSF        LCD_D6, BitPos(LCD_D6+0)
L__Lcd_Cmd34:
;__Lib_Lcd.c,35 :: 		
0x0054	0x1683      	BSF        STATUS, 5
0x0055	0x18DD      	BTFSC      FARG_Lcd_Cmd_out_char, 1
0x0056	0x285A      	GOTO       L__Lcd_Cmd35
0x0057	0x1283      	BCF        STATUS, 5
0x0058	0x1286      	BCF        LCD_D5, BitPos(LCD_D5+0)
0x0059	0x285C      	GOTO       L__Lcd_Cmd36
L__Lcd_Cmd35:
0x005A	0x1283      	BCF        STATUS, 5
0x005B	0x1686      	BSF        LCD_D5, BitPos(LCD_D5+0)
L__Lcd_Cmd36:
;__Lib_Lcd.c,36 :: 		
0x005C	0x1683      	BSF        STATUS, 5
0x005D	0x185D      	BTFSC      FARG_Lcd_Cmd_out_char, 0
0x005E	0x2862      	GOTO       L__Lcd_Cmd37
0x005F	0x1283      	BCF        STATUS, 5
0x0060	0x1206      	BCF        LCD_D4, BitPos(LCD_D4+0)
0x0061	0x2864      	GOTO       L__Lcd_Cmd38
L__Lcd_Cmd37:
0x0062	0x1283      	BCF        STATUS, 5
0x0063	0x1606      	BSF        LCD_D4, BitPos(LCD_D4+0)
L__Lcd_Cmd38:
;__Lib_Lcd.c,38 :: 		
0x0064	0x1683      	BSF        STATUS, 5
0x0065	0x1833      	BTFSC      __Lib_Lcd_cmd_status, BitPos(__Lib_Lcd_cmd_status+0)
0x0066	0x286A      	GOTO       L__Lcd_Cmd39
0x0067	0x1283      	BCF        STATUS, 5
0x0068	0x1405      	BSF        LCD_RS, BitPos(LCD_RS+0)
0x0069	0x286C      	GOTO       L__Lcd_Cmd40
L__Lcd_Cmd39:
0x006A	0x1283      	BCF        STATUS, 5
0x006B	0x1005      	BCF        LCD_RS, BitPos(LCD_RS+0)
L__Lcd_Cmd40:
;__Lib_Lcd.c,40 :: 		
0x006C	0x1485      	BSF        LCD_EN, BitPos(LCD_EN+0)
;__Lib_Lcd.c,41 :: 		
0x006D	0x2003      	CALL       _Delay_1us
;__Lib_Lcd.c,42 :: 		
0x006E	0x1085      	BCF        LCD_EN, BitPos(LCD_EN+0)
;__Lib_Lcd.c,44 :: 		
0x006F	0x1683      	BSF        STATUS, 5
0x0070	0x1C33      	BTFSS      __Lib_Lcd_cmd_status, BitPos(__Lib_Lcd_cmd_status+0)
0x0071	0x2874      	GOTO       L_Lcd_Cmd0
;__Lib_Lcd.c,45 :: 		
0x0072	0x200D      	CALL       _Delay_5500us
0x0073	0x2875      	GOTO       L_Lcd_Cmd1
L_Lcd_Cmd0:
;__Lib_Lcd.c,47 :: 		
0x0074	0x2005      	CALL       _Delay_50us
L_Lcd_Cmd1:
;__Lib_Lcd.c,48 :: 		
L_end_Lcd_Cmd:
0x0075	0x0008      	RETURN
; end of _Lcd_Cmd
_Lcd_Chr_CP:
;__Lib_Lcd.c,50 :: 		
;__Lib_Lcd.c,52 :: 		
0x0076	0x1683      	BSF        STATUS, 5
0x0077	0x1303      	BCF        STATUS, 6
0x0078	0x1033      	BCF        __Lib_Lcd_cmd_status, BitPos(__Lib_Lcd_cmd_status+0)
;__Lib_Lcd.c,53 :: 		
0x0079	0x085C      	MOVF       FARG_Lcd_Chr_CP_out_char, 0
0x007A	0x00DD      	MOVWF      FARG_Lcd_Cmd_out_char
0x007B	0x2018      	CALL       _Lcd_Cmd
;__Lib_Lcd.c,54 :: 		
0x007C	0x1683      	BSF        STATUS, 5
0x007D	0x1433      	BSF        __Lib_Lcd_cmd_status, BitPos(__Lib_Lcd_cmd_status+0)
;__Lib_Lcd.c,55 :: 		
L_end_Lcd_Chr_CP:
0x007E	0x0008      	RETURN
; end of _Lcd_Chr_CP
_____DoICP:
;__Lib_System.c,6 :: 		
;__Lib_System.c,9 :: 		
0x007F	0x1683      	BSF        STATUS, 5
0x0080	0x1303      	BCF        STATUS, 6
0x0081	0x0832      	MOVF       ___DoICPAddr+1, 0
0x0082	0x008A      	MOVWF      PCLATH
;__Lib_System.c,10 :: 		
0x0083	0x0831      	MOVF       ___DoICPAddr, 0
0x0084	0x0082      	MOVWF      PCL
;__Lib_System.c,12 :: 		
L_end_____DoICP:
0x0085	0x0008      	RETURN
; end of _____DoICP
_EEPROM_Write:
;__Lib_EEPROM.c,16 :: 		
;__Lib_EEPROM.c,20 :: 		
L_EEPROM_Write0:
0x0086	0x1683      	BSF        STATUS, 5
0x0087	0x1303      	BCF        STATUS, 6
0x0088	0x1C9C      	BTFSS      EECON1, 1
0x0089	0x288C      	GOTO       L_EEPROM_Write1
0x008A	0x0000      	NOP
0x008B	0x2886      	GOTO       L_EEPROM_Write0
L_EEPROM_Write1:
;__Lib_EEPROM.c,21 :: 		
0x008C	0x0858      	MOVF       FARG_EEPROM_Write_Address, 0
0x008D	0x009B      	MOVWF      EEADR
;__Lib_EEPROM.c,22 :: 		
0x008E	0x0859      	MOVF       FARG_EEPROM_Write_data_, 0
0x008F	0x009A      	MOVWF      EEDATA
;__Lib_EEPROM.c,23 :: 		
0x0090	0x139C      	BCF        EECON1, 7
;__Lib_EEPROM.c,24 :: 		
0x0091	0x151C      	BSF        EECON1, 2
;__Lib_EEPROM.c,26 :: 		
0x0092	0x080B      	MOVF       INTCON, 0
0x0093	0x00F0      	MOVWF      R0
;__Lib_EEPROM.c,29 :: 		
0x0094	0x138B      	BCF        INTCON, 7
;__Lib_EEPROM.c,30 :: 		
0x0095	0x3055      	MOVLW      85
0x0096	0x009D      	MOVWF      EECON2
;__Lib_EEPROM.c,31 :: 		
0x0097	0x30AA      	MOVLW      170
0x0098	0x009D      	MOVWF      EECON2
;__Lib_EEPROM.c,32 :: 		
0x0099	0x149C      	BSF        EECON1, 1
;__Lib_EEPROM.c,36 :: 		
0x009A	0x1BF0      	BTFSC      R0, 7
0x009B	0x289E      	GOTO       L__EEPROM_Write4
0x009C	0x138B      	BCF        INTCON, 7
0x009D	0x289F      	GOTO       L__EEPROM_Write5
L__EEPROM_Write4:
0x009E	0x178B      	BSF        INTCON, 7
L__EEPROM_Write5:
;__Lib_EEPROM.c,37 :: 		
0x009F	0x111C      	BCF        EECON1, 2
;__Lib_EEPROM.c,38 :: 		
L_end_EEPROM_Write:
0x00A0	0x0008      	RETURN
; end of _EEPROM_Write
_EEPROM_Read:
;__Lib_EEPROM.c,4 :: 		
;__Lib_EEPROM.c,5 :: 		
0x00A1	0x1683      	BSF        STATUS, 5
0x00A2	0x1303      	BCF        STATUS, 6
0x00A3	0x0858      	MOVF       FARG_EEPROM_Read_Address, 0
0x00A4	0x009B      	MOVWF      EEADR
;__Lib_EEPROM.c,6 :: 		
0x00A5	0x139C      	BCF        EECON1, 7
;__Lib_EEPROM.c,12 :: 		
0x00A6	0x141C      	BSF        EECON1, 0
;__Lib_EEPROM.c,13 :: 		
0x00A7	0x081A      	MOVF       EEDATA, 0
0x00A8	0x00F0      	MOVWF      R0
;__Lib_EEPROM.c,14 :: 		
L_end_EEPROM_Read:
0x00A9	0x0008      	RETURN
; end of _EEPROM_Read
_Debounce:
;Internal_EEPROM.c,34 :: 		void Debounce(){
;Internal_EEPROM.c,35 :: 		Delay_ms(100);}
0x00AA	0x3082      	MOVLW      130
0x00AB	0x1283      	BCF        STATUS, 5
0x00AC	0x1303      	BCF        STATUS, 6
0x00AD	0x00FC      	MOVWF      R12
0x00AE	0x30DD      	MOVLW      221
0x00AF	0x00FD      	MOVWF      R13
L_Debounce1:
0x00B0	0x0BFD      	DECFSZ     R13, 1
0x00B1	0x28B0      	GOTO       L_Debounce1
0x00B2	0x0BFC      	DECFSZ     R12, 1
0x00B3	0x28B0      	GOTO       L_Debounce1
0x00B4	0x0000      	NOP
0x00B5	0x0000      	NOP
L_end_Debounce:
0x00B6	0x0008      	RETURN
; end of _Debounce
_Lcd_Init:
;__Lib_Lcd.c,84 :: 		
;__Lib_Lcd.c,86 :: 		
0x00B7	0x1683      	BSF        STATUS, 5
0x00B8	0x1303      	BCF        STATUS, 6
0x00B9	0x1085      	BCF        LCD_EN_Direction, BitPos(LCD_EN_Direction+0)
;__Lib_Lcd.c,87 :: 		
0x00BA	0x1005      	BCF        LCD_RS_Direction, BitPos(LCD_RS_Direction+0)
;__Lib_Lcd.c,88 :: 		
0x00BB	0x1206      	BCF        LCD_D4_Direction, BitPos(LCD_D4_Direction+0)
;__Lib_Lcd.c,89 :: 		
0x00BC	0x1286      	BCF        LCD_D5_Direction, BitPos(LCD_D5_Direction+0)
;__Lib_Lcd.c,90 :: 		
0x00BD	0x1306      	BCF        LCD_D6_Direction, BitPos(LCD_D6_Direction+0)
;__Lib_Lcd.c,91 :: 		
0x00BE	0x1386      	BCF        LCD_D7_Direction, BitPos(LCD_D7_Direction+0)
;__Lib_Lcd.c,93 :: 		
0x00BF	0x1283      	BCF        STATUS, 5
0x00C0	0x1085      	BCF        LCD_EN, BitPos(LCD_EN+0)
;__Lib_Lcd.c,94 :: 		
0x00C1	0x1005      	BCF        LCD_RS, BitPos(LCD_RS+0)
;__Lib_Lcd.c,95 :: 		
0x00C2	0x1386      	BCF        LCD_D7, BitPos(LCD_D7+0)
;__Lib_Lcd.c,96 :: 		
0x00C3	0x1306      	BCF        LCD_D6, BitPos(LCD_D6+0)
;__Lib_Lcd.c,97 :: 		
0x00C4	0x1286      	BCF        LCD_D5, BitPos(LCD_D5+0)
;__Lib_Lcd.c,98 :: 		
0x00C5	0x1206      	BCF        LCD_D4, BitPos(LCD_D4+0)
;__Lib_Lcd.c,100 :: 		
0x00C6	0x200D      	CALL       _Delay_5500us
;__Lib_Lcd.c,101 :: 		
0x00C7	0x200D      	CALL       _Delay_5500us
;__Lib_Lcd.c,102 :: 		
0x00C8	0x200D      	CALL       _Delay_5500us
;__Lib_Lcd.c,105 :: 		
0x00C9	0x1686      	BSF        LCD_D5, BitPos(LCD_D5+0)
;__Lib_Lcd.c,106 :: 		
0x00CA	0x1606      	BSF        LCD_D4, BitPos(LCD_D4+0)
;__Lib_Lcd.c,107 :: 		
0x00CB	0x1485      	BSF        LCD_EN, BitPos(LCD_EN+0)
;__Lib_Lcd.c,108 :: 		
0x00CC	0x2003      	CALL       _Delay_1us
;__Lib_Lcd.c,109 :: 		
0x00CD	0x1085      	BCF        LCD_EN, BitPos(LCD_EN+0)
;__Lib_Lcd.c,110 :: 		
0x00CE	0x200D      	CALL       _Delay_5500us
;__Lib_Lcd.c,112 :: 		
0x00CF	0x1485      	BSF        LCD_EN, BitPos(LCD_EN+0)
;__Lib_Lcd.c,113 :: 		
0x00D0	0x2003      	CALL       _Delay_1us
;__Lib_Lcd.c,114 :: 		
0x00D1	0x1085      	BCF        LCD_EN, BitPos(LCD_EN+0)
;__Lib_Lcd.c,115 :: 		
0x00D2	0x200D      	CALL       _Delay_5500us
;__Lib_Lcd.c,117 :: 		
0x00D3	0x1485      	BSF        LCD_EN, BitPos(LCD_EN+0)
;__Lib_Lcd.c,118 :: 		
0x00D4	0x2003      	CALL       _Delay_1us
;__Lib_Lcd.c,119 :: 		
0x00D5	0x1085      	BCF        LCD_EN, BitPos(LCD_EN+0)
;__Lib_Lcd.c,120 :: 		
0x00D6	0x200D      	CALL       _Delay_5500us
;__Lib_Lcd.c,123 :: 		
0x00D7	0x1206      	BCF        LCD_D4, BitPos(LCD_D4+0)
;__Lib_Lcd.c,124 :: 		
0x00D8	0x1485      	BSF        LCD_EN, BitPos(LCD_EN+0)
;__Lib_Lcd.c,125 :: 		
0x00D9	0x2003      	CALL       _Delay_1us
;__Lib_Lcd.c,126 :: 		
0x00DA	0x1085      	BCF        LCD_EN, BitPos(LCD_EN+0)
;__Lib_Lcd.c,127 :: 		
0x00DB	0x200D      	CALL       _Delay_5500us
;__Lib_Lcd.c,130 :: 		
0x00DC	0x1485      	BSF        LCD_EN, BitPos(LCD_EN+0)
;__Lib_Lcd.c,131 :: 		
0x00DD	0x2003      	CALL       _Delay_1us
;__Lib_Lcd.c,132 :: 		
0x00DE	0x1085      	BCF        LCD_EN, BitPos(LCD_EN+0)
;__Lib_Lcd.c,134 :: 		
0x00DF	0x1286      	BCF        LCD_D5, BitPos(LCD_D5+0)
;__Lib_Lcd.c,135 :: 		
0x00E0	0x1786      	BSF        LCD_D7, BitPos(LCD_D7+0)
;__Lib_Lcd.c,136 :: 		
0x00E1	0x1485      	BSF        LCD_EN, BitPos(LCD_EN+0)
;__Lib_Lcd.c,137 :: 		
0x00E2	0x2003      	CALL       _Delay_1us
;__Lib_Lcd.c,138 :: 		
0x00E3	0x1085      	BCF        LCD_EN, BitPos(LCD_EN+0)
;__Lib_Lcd.c,139 :: 		
0x00E4	0x200D      	CALL       _Delay_5500us
;__Lib_Lcd.c,142 :: 		
0x00E5	0x1386      	BCF        LCD_D7, BitPos(LCD_D7+0)
;__Lib_Lcd.c,143 :: 		
0x00E6	0x1606      	BSF        LCD_D4, BitPos(LCD_D4+0)
;__Lib_Lcd.c,144 :: 		
0x00E7	0x1485      	BSF        LCD_EN, BitPos(LCD_EN+0)
;__Lib_Lcd.c,145 :: 		
0x00E8	0x2003      	CALL       _Delay_1us
;__Lib_Lcd.c,146 :: 		
0x00E9	0x1085      	BCF        LCD_EN, BitPos(LCD_EN+0)
;__Lib_Lcd.c,148 :: 		
0x00EA	0x1206      	BCF        LCD_D4, BitPos(LCD_D4+0)
;__Lib_Lcd.c,149 :: 		
0x00EB	0x1485      	BSF        LCD_EN, BitPos(LCD_EN+0)
;__Lib_Lcd.c,150 :: 		
0x00EC	0x2003      	CALL       _Delay_1us
;__Lib_Lcd.c,151 :: 		
0x00ED	0x1085      	BCF        LCD_EN, BitPos(LCD_EN+0)
;__Lib_Lcd.c,152 :: 		
0x00EE	0x200D      	CALL       _Delay_5500us
;__Lib_Lcd.c,155 :: 		
0x00EF	0x1485      	BSF        LCD_EN, BitPos(LCD_EN+0)
;__Lib_Lcd.c,156 :: 		
0x00F0	0x2003      	CALL       _Delay_1us
;__Lib_Lcd.c,157 :: 		
0x00F1	0x1085      	BCF        LCD_EN, BitPos(LCD_EN+0)
;__Lib_Lcd.c,159 :: 		
0x00F2	0x1606      	BSF        LCD_D4, BitPos(LCD_D4+0)
;__Lib_Lcd.c,160 :: 		
0x00F3	0x1485      	BSF        LCD_EN, BitPos(LCD_EN+0)
;__Lib_Lcd.c,161 :: 		
0x00F4	0x2003      	CALL       _Delay_1us
;__Lib_Lcd.c,162 :: 		
0x00F5	0x1085      	BCF        LCD_EN, BitPos(LCD_EN+0)
;__Lib_Lcd.c,163 :: 		
0x00F6	0x200D      	CALL       _Delay_5500us
;__Lib_Lcd.c,166 :: 		
0x00F7	0x1206      	BCF        LCD_D4, BitPos(LCD_D4+0)
;__Lib_Lcd.c,167 :: 		
0x00F8	0x1485      	BSF        LCD_EN, BitPos(LCD_EN+0)
;__Lib_Lcd.c,168 :: 		
0x00F9	0x2003      	CALL       _Delay_1us
;__Lib_Lcd.c,169 :: 		
0x00FA	0x1085      	BCF        LCD_EN, BitPos(LCD_EN+0)
;__Lib_Lcd.c,171 :: 		
0x00FB	0x1786      	BSF        LCD_D7, BitPos(LCD_D7+0)
;__Lib_Lcd.c,172 :: 		
0x00FC	0x1706      	BSF        LCD_D6, BitPos(LCD_D6+0)
;__Lib_Lcd.c,173 :: 		
0x00FD	0x1686      	BSF        LCD_D5, BitPos(LCD_D5+0)
;__Lib_Lcd.c,174 :: 		
0x00FE	0x1606      	BSF        LCD_D4, BitPos(LCD_D4+0)
;__Lib_Lcd.c,175 :: 		
0x00FF	0x1485      	BSF        LCD_EN, BitPos(LCD_EN+0)
;__Lib_Lcd.c,176 :: 		
0x0100	0x2003      	CALL       _Delay_1us
;__Lib_Lcd.c,177 :: 		
0x0101	0x1085      	BCF        LCD_EN, BitPos(LCD_EN+0)
;__Lib_Lcd.c,179 :: 		
0x0102	0x200D      	CALL       _Delay_5500us
;__Lib_Lcd.c,181 :: 		
0x0103	0x1683      	BSF        STATUS, 5
0x0104	0x1433      	BSF        __Lib_Lcd_cmd_status, BitPos(__Lib_Lcd_cmd_status+0)
;__Lib_Lcd.c,182 :: 		
L_end_Lcd_Init:
0x0105	0x0008      	RETURN
; end of _Lcd_Init
_Delay2s:
;Internal_EEPROM.c,32 :: 		void Delay2s(){
;Internal_EEPROM.c,33 :: 		Delay_ms(2000);}
0x0106	0x300B      	MOVLW      11
0x0107	0x1283      	BCF        STATUS, 5
0x0108	0x1303      	BCF        STATUS, 6
0x0109	0x00FB      	MOVWF      R11
0x010A	0x3026      	MOVLW      38
0x010B	0x00FC      	MOVWF      R12
0x010C	0x305D      	MOVLW      93
0x010D	0x00FD      	MOVWF      R13
L_Delay2s0:
0x010E	0x0BFD      	DECFSZ     R13, 1
0x010F	0x290E      	GOTO       L_Delay2s0
0x0110	0x0BFC      	DECFSZ     R12, 1
0x0111	0x290E      	GOTO       L_Delay2s0
0x0112	0x0BFB      	DECFSZ     R11, 1
0x0113	0x290E      	GOTO       L_Delay2s0
0x0114	0x0000      	NOP
0x0115	0x0000      	NOP
L_end_Delay2s:
0x0116	0x0008      	RETURN
; end of _Delay2s
_Lcd_Out:
;__Lib_Lcd.c,184 :: 		
;__Lib_Lcd.c,187 :: 		
0x0117	0x2929      	GOTO       L_Lcd_Out11
;__Lib_Lcd.c,188 :: 		
L_Lcd_Out13:
0x0118	0x3080      	MOVLW      128
0x0119	0x1683      	BSF        STATUS, 5
0x011A	0x1303      	BCF        STATUS, 6
0x011B	0x00D8      	MOVWF      FARG_Lcd_Out_row
0x011C	0x293C      	GOTO       L_Lcd_Out12
;__Lib_Lcd.c,189 :: 		
L_Lcd_Out14:
0x011D	0x30C0      	MOVLW      192
0x011E	0x00D8      	MOVWF      FARG_Lcd_Out_row
0x011F	0x293C      	GOTO       L_Lcd_Out12
;__Lib_Lcd.c,190 :: 		
L_Lcd_Out15:
0x0120	0x3094      	MOVLW      148
0x0121	0x00D8      	MOVWF      FARG_Lcd_Out_row
0x0122	0x293C      	GOTO       L_Lcd_Out12
;__Lib_Lcd.c,191 :: 		
L_Lcd_Out16:
0x0123	0x30D4      	MOVLW      212
0x0124	0x00D8      	MOVWF      FARG_Lcd_Out_row
0x0125	0x293C      	GOTO       L_Lcd_Out12
;__Lib_Lcd.c,192 :: 		
L_Lcd_Out17:
0x0126	0x3080      	MOVLW      128
0x0127	0x00D8      	MOVWF      FARG_Lcd_Out_row
;__Lib_Lcd.c,193 :: 		
0x0128	0x293C      	GOTO       L_Lcd_Out12
L_Lcd_Out11:
0x0129	0x1683      	BSF        STATUS, 5
0x012A	0x1303      	BCF        STATUS, 6
0x012B	0x0858      	MOVF       FARG_Lcd_Out_row, 0
0x012C	0x3A01      	XORLW      1
0x012D	0x1903      	BTFSC      STATUS, 2
0x012E	0x2918      	GOTO       L_Lcd_Out13
0x012F	0x0858      	MOVF       FARG_Lcd_Out_row, 0
0x0130	0x3A02      	XORLW      2
0x0131	0x1903      	BTFSC      STATUS, 2
0x0132	0x291D      	GOTO       L_Lcd_Out14
0x0133	0x0858      	MOVF       FARG_Lcd_Out_row, 0
0x0134	0x3A03      	XORLW      3
0x0135	0x1903      	BTFSC      STATUS, 2
0x0136	0x2920      	GOTO       L_Lcd_Out15
0x0137	0x0858      	MOVF       FARG_Lcd_Out_row, 0
0x0138	0x3A04      	XORLW      4
0x0139	0x1903      	BTFSC      STATUS, 2
0x013A	0x2923      	GOTO       L_Lcd_Out16
0x013B	0x2926      	GOTO       L_Lcd_Out17
L_Lcd_Out12:
;__Lib_Lcd.c,194 :: 		
0x013C	0x0359      	DECF       FARG_Lcd_Out_column, 0
0x013D	0x00F0      	MOVWF      R0
0x013E	0x0858      	MOVF       FARG_Lcd_Out_row, 0
0x013F	0x07F0      	ADDWF      R0, 1
0x0140	0x0870      	MOVF       R0, 0
0x0141	0x00D8      	MOVWF      FARG_Lcd_Out_row
;__Lib_Lcd.c,196 :: 		
0x0142	0x0870      	MOVF       R0, 0
0x0143	0x00DD      	MOVWF      FARG_Lcd_Cmd_out_char
0x0144	0x2018      	CALL       _Lcd_Cmd
;__Lib_Lcd.c,197 :: 		
0x0145	0x1683      	BSF        STATUS, 5
0x0146	0x1033      	BCF        __Lib_Lcd_cmd_status, BitPos(__Lib_Lcd_cmd_status+0)
;__Lib_Lcd.c,198 :: 		
0x0147	0x01DB      	CLRF       Lcd_Out_i_L0
;__Lib_Lcd.c,199 :: 		
L_Lcd_Out18:
0x0148	0x085B      	MOVF       Lcd_Out_i_L0, 0
0x0149	0x075A      	ADDWF      FARG_Lcd_Out_text, 0
0x014A	0x0084      	MOVWF      FSR
0x014B	0x0800      	MOVF       INDF, 0
0x014C	0x1903      	BTFSC      STATUS, 2
0x014D	0x2956      	GOTO       L_Lcd_Out19
;__Lib_Lcd.c,200 :: 		
0x014E	0x085B      	MOVF       Lcd_Out_i_L0, 0
0x014F	0x075A      	ADDWF      FARG_Lcd_Out_text, 0
0x0150	0x0084      	MOVWF      FSR
0x0151	0x0800      	MOVF       INDF, 0
0x0152	0x00DC      	MOVWF      FARG_Lcd_Chr_CP_out_char
0x0153	0x2076      	CALL       _Lcd_Chr_CP
0x0154	0x0ADB      	INCF       Lcd_Out_i_L0, 1
0x0155	0x2948      	GOTO       L_Lcd_Out18
L_Lcd_Out19:
;__Lib_Lcd.c,201 :: 		
0x0156	0x1433      	BSF        __Lib_Lcd_cmd_status, BitPos(__Lib_Lcd_cmd_status+0)
;__Lib_Lcd.c,202 :: 		
L_end_Lcd_Out:
0x0157	0x0008      	RETURN
; end of _Lcd_Out
___CC2DW:
;__Lib_System.c,134 :: 		
;__Lib_System.c,137 :: 		
_CC2D_Loop1:
;__Lib_System.c,139 :: 		
0x0158	0x207F      	CALL       _____DoICP
0x0159	0x118A      	BCF        PCLATH, 3
0x015A	0x120A      	BCF        PCLATH, 4
;__Lib_System.c,141 :: 		
0x015B	0x0080      	MOVWF      INDF
;__Lib_System.c,142 :: 		
0x015C	0x0A84      	INCF       FSR, 1
;__Lib_System.c,143 :: 		
0x015D	0x0AB1      	INCF       ___DoICPAddr, 1
;__Lib_System.c,145 :: 		
0x015E	0x1903      	BTFSC      STATUS, 2
;__Lib_System.c,146 :: 		
0x015F	0x0AB2      	INCF       ___DoICPAddr+1, 1
;__Lib_System.c,147 :: 		
0x0160	0x03F0      	DECF       R0, 1
;__Lib_System.c,149 :: 		
0x0161	0x1D03      	BTFSS      STATUS, 2
;__Lib_System.c,150 :: 		
0x0162	0x2958      	GOTO       _CC2D_Loop1
;__Lib_System.c,152 :: 		
L_end___CC2DW:
0x0163	0x0008      	RETURN
; end of ___CC2DW
_main:
0x0164	0x22BE      	CALL       702
;Internal_EEPROM.c,36 :: 		void main() {
;Internal_EEPROM.c,37 :: 		PORTB = 0;  PORTA = 0;    TRISB = 0b00001111;    TRISA = 0b00100000;
0x0165	0x1283      	BCF        STATUS, 5
0x0166	0x1303      	BCF        STATUS, 6
0x0167	0x0186      	CLRF       PORTB
0x0168	0x0185      	CLRF       PORTA
0x0169	0x300F      	MOVLW      15
0x016A	0x1683      	BSF        STATUS, 5
0x016B	0x0086      	MOVWF      TRISB
0x016C	0x3020      	MOVLW      32
0x016D	0x0085      	MOVWF      TRISA
;Internal_EEPROM.c,38 :: 		CMCON=0x07; Lcd_Init();            // Initialize LCD
0x016E	0x3007      	MOVLW      7
0x016F	0x1283      	BCF        STATUS, 5
0x0170	0x009F      	MOVWF      CMCON
0x0171	0x20B7      	CALL       _Lcd_Init
;Internal_EEPROM.c,39 :: 		Lcd_Cmd(_LCD_CLEAR);               // Clear LCD
0x0172	0x3001      	MOVLW      1
0x0173	0x00DD      	MOVWF      FARG_Lcd_Cmd_out_char
0x0174	0x2018      	CALL       _Lcd_Cmd
;Internal_EEPROM.c,40 :: 		Lcd_Cmd(_LCD_CURSOR_OFF);          // Turn cursor off
0x0175	0x300C      	MOVLW      12
0x0176	0x1683      	BSF        STATUS, 5
0x0177	0x00DD      	MOVWF      FARG_Lcd_Cmd_out_char
0x0178	0x2018      	CALL       _Lcd_Cmd
;Internal_EEPROM.c,41 :: 		Lcd_Out(1, 1, "Lab 13: Testing"); Lcd_Out(2, 1, "internal EEPROM");
0x0179	0x3001      	MOVLW      1
0x017A	0x1683      	BSF        STATUS, 5
0x017B	0x00D8      	MOVWF      FARG_Lcd_Out_row
0x017C	0x3001      	MOVLW      1
0x017D	0x00D9      	MOVWF      FARG_Lcd_Out_column
0x017E	0x304C      	MOVLW      76
0x017F	0x00B8      	MOVWF      ?lstr1_Internal_EEPROM
0x0180	0x3061      	MOVLW      97
0x0181	0x00B9      	MOVWF      ?lstr1_Internal_EEPROM+1
0x0182	0x3062      	MOVLW      98
0x0183	0x00BA      	MOVWF      ?lstr1_Internal_EEPROM+2
0x0184	0x3020      	MOVLW      32
0x0185	0x00BB      	MOVWF      ?lstr1_Internal_EEPROM+3
0x0186	0x3031      	MOVLW      49
0x0187	0x00BC      	MOVWF      ?lstr1_Internal_EEPROM+4
0x0188	0x3033      	MOVLW      51
0x0189	0x00BD      	MOVWF      ?lstr1_Internal_EEPROM+5
0x018A	0x303A      	MOVLW      58
0x018B	0x00BE      	MOVWF      ?lstr1_Internal_EEPROM+6
0x018C	0x3020      	MOVLW      32
0x018D	0x00BF      	MOVWF      ?lstr1_Internal_EEPROM+7
0x018E	0x3054      	MOVLW      84
0x018F	0x00C0      	MOVWF      ?lstr1_Internal_EEPROM+8
0x0190	0x3065      	MOVLW      101
0x0191	0x00C1      	MOVWF      ?lstr1_Internal_EEPROM+9
0x0192	0x3073      	MOVLW      115
0x0193	0x00C2      	MOVWF      ?lstr1_Internal_EEPROM+10
0x0194	0x3074      	MOVLW      116
0x0195	0x00C3      	MOVWF      ?lstr1_Internal_EEPROM+11
0x0196	0x3069      	MOVLW      105
0x0197	0x00C4      	MOVWF      ?lstr1_Internal_EEPROM+12
0x0198	0x306E      	MOVLW      110
0x0199	0x00C5      	MOVWF      ?lstr1_Internal_EEPROM+13
0x019A	0x3067      	MOVLW      103
0x019B	0x00C6      	MOVWF      ?lstr1_Internal_EEPROM+14
0x019C	0x01C7      	CLRF       ?lstr1_Internal_EEPROM+15
0x019D	0x30B8      	MOVLW      ?lstr1_Internal_EEPROM
0x019E	0x00DA      	MOVWF      FARG_Lcd_Out_text
0x019F	0x2117      	CALL       _Lcd_Out
0x01A0	0x3002      	MOVLW      2
0x01A1	0x00D8      	MOVWF      FARG_Lcd_Out_row
0x01A2	0x3001      	MOVLW      1
0x01A3	0x00D9      	MOVWF      FARG_Lcd_Out_column
0x01A4	0x3069      	MOVLW      105
0x01A5	0x00C8      	MOVWF      ?lstr2_Internal_EEPROM
0x01A6	0x306E      	MOVLW      110
0x01A7	0x00C9      	MOVWF      ?lstr2_Internal_EEPROM+1
0x01A8	0x3074      	MOVLW      116
0x01A9	0x00CA      	MOVWF      ?lstr2_Internal_EEPROM+2
0x01AA	0x3065      	MOVLW      101
0x01AB	0x00CB      	MOVWF      ?lstr2_Internal_EEPROM+3
0x01AC	0x3072      	MOVLW      114
0x01AD	0x00CC      	MOVWF      ?lstr2_Internal_EEPROM+4
0x01AE	0x306E      	MOVLW      110
0x01AF	0x00CD      	MOVWF      ?lstr2_Internal_EEPROM+5
0x01B0	0x3061      	MOVLW      97
0x01B1	0x00CE      	MOVWF      ?lstr2_Internal_EEPROM+6
0x01B2	0x306C      	MOVLW      108
0x01B3	0x00CF      	MOVWF      ?lstr2_Internal_EEPROM+7
0x01B4	0x3020      	MOVLW      32
0x01B5	0x00D0      	MOVWF      ?lstr2_Internal_EEPROM+8
0x01B6	0x3045      	MOVLW      69
0x01B7	0x00D1      	MOVWF      ?lstr2_Internal_EEPROM+9
0x01B8	0x3045      	MOVLW      69
0x01B9	0x00D2      	MOVWF      ?lstr2_Internal_EEPROM+10
0x01BA	0x3050      	MOVLW      80
0x01BB	0x00D3      	MOVWF      ?lstr2_Internal_EEPROM+11
0x01BC	0x3052      	MOVLW      82
0x01BD	0x00D4      	MOVWF      ?lstr2_Internal_EEPROM+12
0x01BE	0x304F      	MOVLW      79
0x01BF	0x00D5      	MOVWF      ?lstr2_Internal_EEPROM+13
0x01C0	0x304D      	MOVLW      77
0x01C1	0x00D6      	MOVWF      ?lstr2_Internal_EEPROM+14
0x01C2	0x01D7      	CLRF       ?lstr2_Internal_EEPROM+15
0x01C3	0x30C8      	MOVLW      ?lstr2_Internal_EEPROM
0x01C4	0x00DA      	MOVWF      FARG_Lcd_Out_text
0x01C5	0x2117      	CALL       _Lcd_Out
;Internal_EEPROM.c,42 :: 		Delay2s();
0x01C6	0x2106      	CALL       _Delay2s
;Internal_EEPROM.c,43 :: 		start:
___main_start:
;Internal_EEPROM.c,44 :: 		Lcd_Cmd(_LCD_CLEAR);
0x01C7	0x3001      	MOVLW      1
0x01C8	0x1683      	BSF        STATUS, 5
0x01C9	0x00DD      	MOVWF      FARG_Lcd_Cmd_out_char
0x01CA	0x2018      	CALL       _Lcd_Cmd
;Internal_EEPROM.c,45 :: 		Lcd_Out(1,1,message1);             // Write message1 in 1st row
0x01CB	0x3001      	MOVLW      1
0x01CC	0x1683      	BSF        STATUS, 5
0x01CD	0x00D8      	MOVWF      FARG_Lcd_Out_row
0x01CE	0x3001      	MOVLW      1
0x01CF	0x00D9      	MOVWF      FARG_Lcd_Out_column
0x01D0	0x3020      	MOVLW      _message1
0x01D1	0x00DA      	MOVWF      FARG_Lcd_Out_text
0x01D2	0x2117      	CALL       _Lcd_Out
;Internal_EEPROM.c,46 :: 		Lcd_Out(1,8,message2);
0x01D3	0x3001      	MOVLW      1
0x01D4	0x00D8      	MOVWF      FARG_Lcd_Out_row
0x01D5	0x3008      	MOVLW      8
0x01D6	0x00D9      	MOVWF      FARG_Lcd_Out_column
0x01D7	0x3030      	MOVLW      _message2
0x01D8	0x00DA      	MOVWF      FARG_Lcd_Out_text
0x01D9	0x2117      	CALL       _Lcd_Out
;Internal_EEPROM.c,47 :: 		Lcd_Out(2,1,message3);
0x01DA	0x3002      	MOVLW      2
0x01DB	0x00D8      	MOVWF      FARG_Lcd_Out_row
0x01DC	0x3001      	MOVLW      1
0x01DD	0x00D9      	MOVWF      FARG_Lcd_Out_column
0x01DE	0x3027      	MOVLW      _message3
0x01DF	0x00DA      	MOVWF      FARG_Lcd_Out_text
0x01E0	0x2117      	CALL       _Lcd_Out
;Internal_EEPROM.c,48 :: 		do{  // READ OPERATION
L_main2:
;Internal_EEPROM.c,49 :: 		if (!SW1) {
0x01E1	0x1283      	BCF        STATUS, 5
0x01E2	0x1806      	BTFSC      RB0_bit, BitPos(RB0_bit+0)
0x01E3	0x2A0E      	GOTO       L_main5
;Internal_EEPROM.c,50 :: 		Debounce();
0x01E4	0x20AA      	CALL       _Debounce
;Internal_EEPROM.c,51 :: 		Lcd_Cmd(_LCD_CLEAR);
0x01E5	0x3001      	MOVLW      1
0x01E6	0x1683      	BSF        STATUS, 5
0x01E7	0x00DD      	MOVWF      FARG_Lcd_Cmd_out_char
0x01E8	0x2018      	CALL       _Lcd_Cmd
;Internal_EEPROM.c,52 :: 		Lcd_Out(1,1,message5);
0x01E9	0x3001      	MOVLW      1
0x01EA	0x1683      	BSF        STATUS, 5
0x01EB	0x00D8      	MOVWF      FARG_Lcd_Out_row
0x01EC	0x3001      	MOVLW      1
0x01ED	0x00D9      	MOVWF      FARG_Lcd_Out_column
0x01EE	0x3066      	MOVLW      _message5
0x01EF	0x00DA      	MOVWF      FARG_Lcd_Out_text
0x01F0	0x2117      	CALL       _Lcd_Out
;Internal_EEPROM.c,53 :: 		ADD = 0;
0x01F1	0x01B4      	CLRF       _ADD
0x01F2	0x01B5      	CLRF       _ADD+1
;Internal_EEPROM.c,54 :: 		for (i=0; i<16; i++) {
0x01F3	0x01B6      	CLRF       _i
L_main6:
0x01F4	0x3010      	MOVLW      16
0x01F5	0x0236      	SUBWF      _i, 0
0x01F6	0x1803      	BTFSC      STATUS, 0
0x01F7	0x2A05      	GOTO       L_main7
;Internal_EEPROM.c,55 :: 		temp = EEPROM_Read(ADD+i);
0x01F8	0x0836      	MOVF       _i, 0
0x01F9	0x0734      	ADDWF      _ADD, 0
0x01FA	0x00D8      	MOVWF      FARG_EEPROM_Read_Address
0x01FB	0x20A1      	CALL       _EEPROM_Read
0x01FC	0x0870      	MOVF       R0, 0
0x01FD	0x00B7      	MOVWF      _temp
;Internal_EEPROM.c,56 :: 		Edata[i] = temp;      }
0x01FE	0x0836      	MOVF       _i, 0
0x01FF	0x3EA0      	ADDLW      _Edata
0x0200	0x0084      	MOVWF      FSR
0x0201	0x0870      	MOVF       R0, 0
0x0202	0x0080      	MOVWF      INDF
;Internal_EEPROM.c,54 :: 		for (i=0; i<16; i++) {
0x0203	0x0AB6      	INCF       _i, 1
;Internal_EEPROM.c,56 :: 		Edata[i] = temp;      }
0x0204	0x29F4      	GOTO       L_main6
L_main7:
;Internal_EEPROM.c,57 :: 		Lcd_Out(2,1,Edata);
0x0205	0x3002      	MOVLW      2
0x0206	0x00D8      	MOVWF      FARG_Lcd_Out_row
0x0207	0x3001      	MOVLW      1
0x0208	0x00D9      	MOVWF      FARG_Lcd_Out_column
0x0209	0x30A0      	MOVLW      _Edata
0x020A	0x00DA      	MOVWF      FARG_Lcd_Out_text
0x020B	0x2117      	CALL       _Lcd_Out
;Internal_EEPROM.c,58 :: 		Delay2s();
0x020C	0x2106      	CALL       _Delay2s
;Internal_EEPROM.c,59 :: 		goto start;   }
0x020D	0x29C7      	GOTO       ___main_start
L_main5:
;Internal_EEPROM.c,60 :: 		if (!SW2) {    // WRITE OPERATION
0x020E	0x1886      	BTFSC      RB1_bit, BitPos(RB1_bit+0)
0x020F	0x2A35      	GOTO       L_main9
;Internal_EEPROM.c,61 :: 		Debounce();
0x0210	0x20AA      	CALL       _Debounce
;Internal_EEPROM.c,62 :: 		ADD = 0;
0x0211	0x1683      	BSF        STATUS, 5
0x0212	0x01B4      	CLRF       _ADD
0x0213	0x01B5      	CLRF       _ADD+1
;Internal_EEPROM.c,63 :: 		for (i=0; i<16; i++) {
0x0214	0x01B6      	CLRF       _i
L_main10:
0x0215	0x3010      	MOVLW      16
0x0216	0x0236      	SUBWF      _i, 0
0x0217	0x1803      	BTFSC      STATUS, 0
0x0218	0x2A28      	GOTO       L_main11
;Internal_EEPROM.c,64 :: 		temp = message7[i];
0x0219	0x0836      	MOVF       _i, 0
0x021A	0x3E48      	ADDLW      _message7
0x021B	0x0084      	MOVWF      FSR
0x021C	0x0800      	MOVF       INDF, 0
0x021D	0x00F0      	MOVWF      R0
0x021E	0x0870      	MOVF       R0, 0
0x021F	0x00B7      	MOVWF      _temp
;Internal_EEPROM.c,65 :: 		EEPROM_Write(ADD+i,temp);      }
0x0220	0x0836      	MOVF       _i, 0
0x0221	0x0734      	ADDWF      _ADD, 0
0x0222	0x00D8      	MOVWF      FARG_EEPROM_Write_Address
0x0223	0x0870      	MOVF       R0, 0
0x0224	0x00D9      	MOVWF      FARG_EEPROM_Write_data_
0x0225	0x2086      	CALL       _EEPROM_Write
;Internal_EEPROM.c,63 :: 		for (i=0; i<16; i++) {
0x0226	0x0AB6      	INCF       _i, 1
;Internal_EEPROM.c,65 :: 		EEPROM_Write(ADD+i,temp);      }
0x0227	0x2A15      	GOTO       L_main10
L_main11:
;Internal_EEPROM.c,66 :: 		Lcd_Cmd(_LCD_CLEAR);
0x0228	0x3001      	MOVLW      1
0x0229	0x00DD      	MOVWF      FARG_Lcd_Cmd_out_char
0x022A	0x2018      	CALL       _Lcd_Cmd
;Internal_EEPROM.c,67 :: 		Lcd_Out(1,1,message4);
0x022B	0x3001      	MOVLW      1
0x022C	0x1683      	BSF        STATUS, 5
0x022D	0x00D8      	MOVWF      FARG_Lcd_Out_row
0x022E	0x3001      	MOVLW      1
0x022F	0x00D9      	MOVWF      FARG_Lcd_Out_column
0x0230	0x3038      	MOVLW      _message4
0x0231	0x00DA      	MOVWF      FARG_Lcd_Out_text
0x0232	0x2117      	CALL       _Lcd_Out
;Internal_EEPROM.c,68 :: 		Delay2s();
0x0233	0x2106      	CALL       _Delay2s
;Internal_EEPROM.c,69 :: 		goto start;   }
0x0234	0x29C7      	GOTO       ___main_start
L_main9:
;Internal_EEPROM.c,70 :: 		if (!SW3) {    // DELETE OPERATION
0x0235	0x1906      	BTFSC      RB2_bit, BitPos(RB2_bit+0)
0x0236	0x2A55      	GOTO       L_main13
;Internal_EEPROM.c,71 :: 		Debounce();
0x0237	0x20AA      	CALL       _Debounce
;Internal_EEPROM.c,72 :: 		Lcd_Cmd(_LCD_CLEAR);
0x0238	0x3001      	MOVLW      1
0x0239	0x1683      	BSF        STATUS, 5
0x023A	0x00DD      	MOVWF      FARG_Lcd_Cmd_out_char
0x023B	0x2018      	CALL       _Lcd_Cmd
;Internal_EEPROM.c,73 :: 		Lcd_Out(1,1,message6);
0x023C	0x3001      	MOVLW      1
0x023D	0x1683      	BSF        STATUS, 5
0x023E	0x00D8      	MOVWF      FARG_Lcd_Out_row
0x023F	0x3001      	MOVLW      1
0x0240	0x00D9      	MOVWF      FARG_Lcd_Out_column
0x0241	0x3059      	MOVLW      _message6
0x0242	0x00DA      	MOVWF      FARG_Lcd_Out_text
0x0243	0x2117      	CALL       _Lcd_Out
;Internal_EEPROM.c,74 :: 		for (i=0; i<16; i++) {
0x0244	0x01B6      	CLRF       _i
L_main14:
0x0245	0x3010      	MOVLW      16
0x0246	0x0236      	SUBWF      _i, 0
0x0247	0x1803      	BTFSC      STATUS, 0
0x0248	0x2A53      	GOTO       L_main15
;Internal_EEPROM.c,75 :: 		temp = '0';
0x0249	0x3030      	MOVLW      48
0x024A	0x00B7      	MOVWF      _temp
;Internal_EEPROM.c,76 :: 		EEPROM_Write(ADD+i, temp);      }
0x024B	0x0836      	MOVF       _i, 0
0x024C	0x0734      	ADDWF      _ADD, 0
0x024D	0x00D8      	MOVWF      FARG_EEPROM_Write_Address
0x024E	0x3030      	MOVLW      48
0x024F	0x00D9      	MOVWF      FARG_EEPROM_Write_data_
0x0250	0x2086      	CALL       _EEPROM_Write
;Internal_EEPROM.c,74 :: 		for (i=0; i<16; i++) {
0x0251	0x0AB6      	INCF       _i, 1
;Internal_EEPROM.c,76 :: 		EEPROM_Write(ADD+i, temp);      }
0x0252	0x2A45      	GOTO       L_main14
L_main15:
;Internal_EEPROM.c,77 :: 		Delay2s() ;
0x0253	0x2106      	CALL       _Delay2s
;Internal_EEPROM.c,78 :: 		goto start;   } } while(1);}
0x0254	0x29C7      	GOTO       ___main_start
L_main13:
0x0255	0x29E1      	GOTO       L_main2
L_end_main:
0x0256	0x2A56      	GOTO       $+0
; end of _main
0x02BE	0x3020      	MOVLW      32
0x02BF	0x0084      	MOVWF      FSR
0x02C0	0x3050      	MOVLW      80
0x02C1	0x1283      	BCF        STATUS, 5
0x02C2	0x1303      	BCF        STATUS, 6
0x02C3	0x00F0      	MOVWF      R0
0x02C4	0x305C      	MOVLW      92
0x02C5	0x1683      	BSF        STATUS, 5
0x02C6	0x00B1      	MOVWF      ___DoICPAddr
0x02C7	0x3002      	MOVLW      2
0x02C8	0x00B2      	MOVWF      178
0x02C9	0x2158      	CALL       344
0x02CA	0x30A0      	MOVLW      160
0x02CB	0x0084      	MOVWF      FSR
0x02CC	0x3011      	MOVLW      17
0x02CD	0x00F0      	MOVWF      R0
0x02CE	0x30AC      	MOVLW      172
0x02CF	0x1683      	BSF        STATUS, 5
0x02D0	0x00B1      	MOVWF      ___DoICPAddr
0x02D1	0x3002      	MOVLW      2
0x02D2	0x00B2      	MOVWF      178
0x02D3	0x2158      	CALL       344
0x02D4	0x0008      	RETURN
;Internal_EEPROM.c,0 :: ?ICS_message1
0x025C	0x3431 ;?ICS_message1+0
0x025D	0x342E ;?ICS_message1+1
0x025E	0x3452 ;?ICS_message1+2
0x025F	0x3445 ;?ICS_message1+3
0x0260	0x3441 ;?ICS_message1+4
0x0261	0x3444 ;?ICS_message1+5
0x0262	0x3400 ;?ICS_message1+6
; end of ?ICS_message1
;Internal_EEPROM.c,0 :: ?ICS_message3
0x0263	0x3433 ;?ICS_message3+0
0x0264	0x342E ;?ICS_message3+1
0x0265	0x3444 ;?ICS_message3+2
0x0266	0x3465 ;?ICS_message3+3
0x0267	0x346C ;?ICS_message3+4
0x0268	0x3465 ;?ICS_message3+5
0x0269	0x3474 ;?ICS_message3+6
0x026A	0x3465 ;?ICS_message3+7
0x026B	0x3400 ;?ICS_message3+8
; end of ?ICS_message3
;Internal_EEPROM.c,0 :: ?ICS_message2
0x026C	0x3432 ;?ICS_message2+0
0x026D	0x342E ;?ICS_message2+1
0x026E	0x3457 ;?ICS_message2+2
0x026F	0x3452 ;?ICS_message2+3
0x0270	0x3449 ;?ICS_message2+4
0x0271	0x3454 ;?ICS_message2+5
0x0272	0x3445 ;?ICS_message2+6
0x0273	0x3400 ;?ICS_message2+7
; end of ?ICS_message2
;Internal_EEPROM.c,0 :: ?ICS_message4
0x0274	0x3457 ;?ICS_message4+0
0x0275	0x3452 ;?ICS_message4+1
0x0276	0x3449 ;?ICS_message4+2
0x0277	0x3454 ;?ICS_message4+3
0x0278	0x3445 ;?ICS_message4+4
0x0279	0x3420 ;?ICS_message4+5
0x027A	0x3443 ;?ICS_message4+6
0x027B	0x344F ;?ICS_message4+7
0x027C	0x344D ;?ICS_message4+8
0x027D	0x3450 ;?ICS_message4+9
0x027E	0x344C ;?ICS_message4+10
0x027F	0x3445 ;?ICS_message4+11
0x0280	0x3454 ;?ICS_message4+12
0x0281	0x3445 ;?ICS_message4+13
0x0282	0x3444 ;?ICS_message4+14
0x0283	0x3400 ;?ICS_message4+15
; end of ?ICS_message4
;Internal_EEPROM.c,0 :: ?ICS_message7
0x0284	0x3445 ;?ICS_message7+0
0x0285	0x346D ;?ICS_message7+1
0x0286	0x3462 ;?ICS_message7+2
0x0287	0x3465 ;?ICS_message7+3
0x0288	0x3464 ;?ICS_message7+4
0x0289	0x3464 ;?ICS_message7+5
0x028A	0x3465 ;?ICS_message7+6
0x028B	0x3464 ;?ICS_message7+7
0x028C	0x342D ;?ICS_message7+8
0x028D	0x344C ;?ICS_message7+9
0x028E	0x3461 ;?ICS_message7+10
0x028F	0x3462 ;?ICS_message7+11
0x0290	0x342E ;?ICS_message7+12
0x0291	0x3463 ;?ICS_message7+13
0x0292	0x346F ;?ICS_message7+14
0x0293	0x346D ;?ICS_message7+15
0x0294	0x3400 ;?ICS_message7+16
; end of ?ICS_message7
;Internal_EEPROM.c,0 :: ?ICS_message6
0x0295	0x3444 ;?ICS_message6+0
0x0296	0x3461 ;?ICS_message6+1
0x0297	0x3474 ;?ICS_message6+2
0x0298	0x3461 ;?ICS_message6+3
0x0299	0x3420 ;?ICS_message6+4
0x029A	0x3444 ;?ICS_message6+5
0x029B	0x3465 ;?ICS_message6+6
0x029C	0x346C ;?ICS_message6+7
0x029D	0x3465 ;?ICS_message6+8
0x029E	0x3474 ;?ICS_message6+9
0x029F	0x3465 ;?ICS_message6+10
0x02A0	0x3464 ;?ICS_message6+11
0x02A1	0x3400 ;?ICS_message6+12
; end of ?ICS_message6
;Internal_EEPROM.c,0 :: ?ICS_message5
0x02A2	0x3452 ;?ICS_message5+0
0x02A3	0x3465 ;?ICS_message5+1
0x02A4	0x3461 ;?ICS_message5+2
0x02A5	0x3464 ;?ICS_message5+3
0x02A6	0x3420 ;?ICS_message5+4
0x02A7	0x3444 ;?ICS_message5+5
0x02A8	0x3461 ;?ICS_message5+6
0x02A9	0x3474 ;?ICS_message5+7
0x02AA	0x3461 ;?ICS_message5+8
0x02AB	0x3400 ;?ICS_message5+9
; end of ?ICS_message5
;Internal_EEPROM.c,0 :: ?ICS_Edata
0x02AC	0x3430 ;?ICS_Edata+0
0x02AD	0x3430 ;?ICS_Edata+1
0x02AE	0x3430 ;?ICS_Edata+2
0x02AF	0x3430 ;?ICS_Edata+3
0x02B0	0x3430 ;?ICS_Edata+4
0x02B1	0x3430 ;?ICS_Edata+5
0x02B2	0x3430 ;?ICS_Edata+6
0x02B3	0x3430 ;?ICS_Edata+7
0x02B4	0x3430 ;?ICS_Edata+8
0x02B5	0x3430 ;?ICS_Edata+9
0x02B6	0x3430 ;?ICS_Edata+10
0x02B7	0x3430 ;?ICS_Edata+11
0x02B8	0x3430 ;?ICS_Edata+12
0x02B9	0x3430 ;?ICS_Edata+13
0x02BA	0x3430 ;?ICS_Edata+14
0x02BB	0x3430 ;?ICS_Edata+15
0x02BC	0x3400 ;?ICS_Edata+16
; end of ?ICS_Edata
Symbol List:
//** Routines locations **
//ADDRESS    SIZE    PROCEDURE
//----------------------------------------------
0x0003       [2]    _Delay_1us
0x0005       [8]    _Delay_50us
0x000D      [11]    _Delay_5500us
0x0018      [94]    _Lcd_Cmd
0x0076       [9]    _Lcd_Chr_CP
0x007F       [7]    _____DoICP
0x0086      [27]    _EEPROM_Write
0x00A1       [9]    _EEPROM_Read
0x00AA      [13]    _Debounce
0x00B7      [79]    _Lcd_Init
0x0106      [17]    _Delay2s
0x0117      [65]    _Lcd_Out
0x0158      [12]    ___CC2DW
0x0164     [242]    _main
//** Variables locations ** 
//ADDRESS    SIZE    VARIABLE
//----------------------------------------------
0x0000       [1]    INDF
0x0002       [1]    PCL
0x0003       [1]    STATUS
0x0004       [1]    FSR
0x0005       [0]    LCD_RS
0x0005       [1]    PORTA
0x0005       [0]    RA1_bit
0x0005       [0]    RA0_bit
0x0005       [0]    LCD_EN
0x0006       [0]    SW1
0x0006       [0]    SW2
0x0006       [0]    SW3
0x0006       [0]    LCD_D7
0x0006       [0]    LCD_D4
0x0006       [0]    LCD_D5
0x0006       [0]    LCD_D6
0x0006       [0]    RB1_bit
0x0006       [0]    RB6_bit
0x0006       [0]    RB0_bit
0x0006       [0]    RB7_bit
0x0006       [0]    RB5_bit
0x0006       [1]    PORTB
0x0006       [0]    RB4_bit
0x0006       [0]    RB2_bit
0x000A       [1]    PCLATH
0x000B       [1]    INTCON
0x001F       [1]    CMCON
0x0020       [7]    _message1
0x0027       [9]    _message3
0x0030       [8]    _message2
0x0038      [16]    _message4
0x0048      [17]    _message7
0x0059      [13]    _message6
0x0066      [10]    _message5
0x0070       [1]    R0
0x0071       [1]    R1
0x0072       [1]    R2
0x0073       [1]    R3
0x0074       [1]    R4
0x0075       [1]    R5
0x0076       [1]    R6
0x0077       [1]    R7
0x0078       [1]    R8
0x0079       [1]    R9
0x007A       [1]    R10
0x007B       [1]    R11
0x007C       [1]    R12
0x007D       [1]    R13
0x007E       [1]    R14
0x007F       [1]    R15
0x0085       [0]    TRISA1_bit
0x0085       [0]    TRISA0_bit
0x0085       [0]    LCD_EN_Direction
0x0085       [0]    LCD_RS_Direction
0x0085       [1]    TRISA
0x0086       [0]    TRISB7_bit
0x0086       [0]    TRISB6_bit
0x0086       [0]    TRISB5_bit
0x0086       [0]    LCD_D5_Direction
0x0086       [0]    LCD_D6_Direction
0x0086       [0]    LCD_D7_Direction
0x0086       [0]    TRISB4_bit
0x0086       [0]    LCD_D4_Direction
0x0086       [1]    TRISB
0x009A       [1]    EEDATA
0x009B       [1]    EEADR
0x009C       [1]    EECON1
0x009D       [1]    EECON2
0x00A0      [17]    _Edata
0x00B1       [2]    ___DoICPAddr
0x00B3       [0]    __Lib_Lcd_cmd_status
0x00B4       [2]    _ADD
0x00B6       [1]    _i
0x00B7       [1]    _temp
0x00B8      [16]    ?lstr1_Internal_EEPROM
0x00C8      [16]    ?lstr2_Internal_EEPROM
0x00D8       [1]    FARG_EEPROM_Read_Address
0x00D8       [1]    FARG_EEPROM_Write_Address
0x00D8       [1]    FARG_Lcd_Out_row
0x00D9       [1]    FARG_EEPROM_Write_data_
0x00D9       [1]    FARG_Lcd_Out_column
0x00DA       [1]    FARG_Lcd_Out_text
0x00DB       [1]    Lcd_Out_i_L0
0x00DC       [1]    FARG_Lcd_Chr_CP_out_char
0x00DD       [1]    FARG_Lcd_Cmd_out_char
//** Constants locations ** 
//ADDRESS    SIZE    CONSTANT
//----------------------------------------------
0x025C       [7]    ?ICS_message1
0x0263       [9]    ?ICS_message3
0x026C       [8]    ?ICS_message2
0x0274      [16]    ?ICS_message4
0x0284      [17]    ?ICS_message7
0x0295      [13]    ?ICS_message6
0x02A2      [10]    ?ICS_message5
0x02AC      [17]    ?ICS_Edata
//** Label List: ** 
//----------------------------------------------
  L_Delay2s0
  L_Debounce1
  ___main_start
  L_main2
  L_main3
  L_main4
  L_main5
  L_main6
  L_main7
  L_main8
  L_main9
  L_main10
  L_main11
  L_main12
  L_main13
  L_main14
  L_main15
  L_main16
  L_end_Delay2s
  _Delay2s
  L_end_Debounce
  _Debounce
  L_end_main
  _main
  L_Delay_10us0
  L_Delay_22us1
  L_Delay_50us2
  L_Delay_80us3
  L_Delay_500us4
  L_Delay_5500us5
  L_Delay_1ms6
  L_Delay_5ms7
  L_Delay_8ms8
  L_Delay_10ms9
  L_Delay_100ms10
  L_Delay_1sec11
  L_boot16_Delay_5ms12
  L_Delay_Cyc13
  L_Delay_Cyc14
  L_VDelay_ms15
  L_VDelay_ms16
  L_VDelay_ms17
  L_VDelay_Advanced_ms18
  L_VDelay_Advanced_ms19
  L_VDelay_Advanced_ms20
  L_end_Get_Fosc_kHz
  _Get_Fosc_kHz
  L_end_Delay_1us
  _Delay_1us
  L_end_Delay_10us
  _Delay_10us
  L_end_Delay_22us
  _Delay_22us
  L_end_Delay_50us
  _Delay_50us
  L_end_Delay_80us
  _Delay_80us
  L_end_Delay_500us
  _Delay_500us
  L_end_Delay_5500us
  _Delay_5500us
  L_end_Delay_1ms
  _Delay_1ms
  L_end_Delay_5ms
  _Delay_5ms
  L_end_Delay_8ms
  _Delay_8ms
  L_end_Delay_10ms
  _Delay_10ms
  L_end_Delay_100ms
  _Delay_100ms
  L_end_Delay_1sec
  _Delay_1sec
  L_end_boot16_Delay_5ms
  _boot16_Delay_5ms
  L_end_Delay_Cyc
  _Delay_Cyc
  L_end_VDelay_ms
  _VDelay_ms
  L__VDelay_ms38
  L__VDelay_ms39
  L__VDelay_ms40
  L_end_VDelay_Advanced_ms
  _VDelay_Advanced_ms
  L__VDelay_Advanced_ms42
  L__VDelay_Advanced_ms43
  L__VDelay_Advanced_ms44
  L_EEPROM_Write0
  L_EEPROM_Write1
  L_end_EEPROM_Read
  _EEPROM_Read
  L_end_EEPROM_Write
  _EEPROM_Write
  L__EEPROM_Write4
  L__EEPROM_Write5
  L_Lcd_Cmd0
  L_Lcd_Cmd1
  L_Lcd_Out_CP2
  L_Lcd_Out_CP3
  L_Lcd_Chr4
  L_Lcd_Chr5
  L_Lcd_Chr6
  L_Lcd_Chr7
  L_Lcd_Chr8
  L_Lcd_Chr9
  L_Lcd_Chr10
  L_Lcd_Out11
  L_Lcd_Out12
  L_Lcd_Out13
  L_Lcd_Out14
  L_Lcd_Out15
  L_Lcd_Out16
  L_Lcd_Out17
  L_Lcd_Out18
  L_Lcd_Out19
  L_end_Lcd_Cmd
  _Lcd_Cmd
  L__Lcd_Cmd21
  L__Lcd_Cmd22
  L__Lcd_Cmd23
  L__Lcd_Cmd24
  L__Lcd_Cmd25
  L__Lcd_Cmd26
  L__Lcd_Cmd27
  L__Lcd_Cmd28
  L__Lcd_Cmd29
  L__Lcd_Cmd30
  L__Lcd_Cmd31
  L__Lcd_Cmd32
  L__Lcd_Cmd33
  L__Lcd_Cmd34
  L__Lcd_Cmd35
  L__Lcd_Cmd36
  L__Lcd_Cmd37
  L__Lcd_Cmd38
  L__Lcd_Cmd39
  L__Lcd_Cmd40
  L_end_Lcd_Chr_CP
  _Lcd_Chr_CP
  L_end_Lcd_Out_CP
  _Lcd_Out_CP
  L_end_Lcd_Chr
  _Lcd_Chr
  L_end_Lcd_Init
  _Lcd_Init
  L_end_Lcd_Out
  _Lcd_Out
  L_loopCA2AWs
  L_CA2AWend
  _CCA2AW_Loop1
  L_loopCS2Ss
  L_CS2Send
  _CCS2S_Loop1
  L_CCS2Send
  L_loopFZinSWs
  L_FZinSend
  _CC2D_Loop1
  L_end_____DoICP
  _____DoICP
  L_end_____DoIFC
  _____DoIFC
  L_end___CA2AW
  ___CA2AW
  L_end___CCA2AW
  ___CCA2AW
  L_end___CS2S
  ___CS2S
  L_end___CCS2S
  ___CCS2S
  L_end___FZinS
  ___FZinS
  L_end___CC2DW
  ___CC2DW
  L_end_Swap
  _Swap
