0	1	mikroCPIC1618.exe -MSF -DBG -pP16F628A -RA -GC -Y -DL -O11111115 -fo4 -N"H:\0.DSC\2014.2\4.MPU\LAB\CODE\InternalEEPROM\Internal_EEPROM.mcppi" -SP"C:\Users\Public\Documents\Mikroelektronika\mikroC PRO for PIC\defs\" -SP"C:\Users\Public\Documents\Mikroelektronika\mikroC PRO for PIC\Uses\P16\" -SP"H:\0.DSC\2014.2\4.MPU\LAB\CODE\InternalEEPROM\" -SP"W:\0.DSC\2014.2\4.MPU\LAB\CODE\InternalEEPROM\" -SP"C:\Users\ceviana.CATOLICASC\Desktop\6_MCUs\_LAB\CODE\InternalEEPROM\" -SP"C:\Program Files\Mikroelektronika\mikroC PRO for PIC\defs\" -SP"C:\Program Files\Mikroelektronika\mikroC PRO for PIC\Uses\P16\" -SP"C:\Documents and Settings\Administrator\Desktop\EmbeddedLab\MikroC\PIC16F628A\InternalEEPROM\" "Internal_EEPROM.c" "__Lib_Math.mcl" "__Lib_MathDouble.mcl" "__Lib_System.mcl" "__Lib_Delays.mcl" "__Lib_CType.mcl" "__Lib_CString.mcl" "__Lib_CStdlib.mcl" "__Lib_CMath.mcl" "__Lib_Conversions.mcl" "__Lib_Sprinti.mcl" "__Lib_Sprintl.mcl" "__Lib_Time.mcl" "__Lib_Trigonometry.mcl" "__Lib_Button.mcl" "__Lib_Keypad4x4.mcl" "__Lib_Manchester.mcl" "__Lib_OneWire.mcl" "__Lib_PS2.mcl" "__Lib_Sound.mcl" "__Lib_SoftI2C.mcl" "__Lib_SoftSPI.mcl" "__Lib_SoftUART.mcl" "__Lib_EEPROM.mcl" "__Lib_PWM_b3.mcl" "__Lib_UART_b21.mcl" "__Lib_CF.mcl" "__Lib_GlcdFonts.mcl" "__Lib_Glcd.mcl" "__Lib_LcdConsts.mcl" "__Lib_Lcd.mcl" "__Lib_RS485.mcl" "__Lib_T6963C.mcl"	 
warning: 0	1501	Specified search path does not exist: 'W:\0.DSC\2014.2\4.MPU\LAB\CODE\InternalEEPROM'	 
warning: 0	1501	Specified search path does not exist: 'C:\Users\ceviana.CATOLICASC\Desktop\6_MCUs\_LAB\CODE\InternalEEPROM'	 
warning: 0	1501	Specified search path does not exist: 'C:\Program Files\Mikroelektronika\mikroC PRO for PIC\defs'	 
warning: 0	1501	Specified search path does not exist: 'C:\Program Files\Mikroelektronika\mikroC PRO for PIC\Uses\P16'	 
warning: 0	1501	Specified search path does not exist: 'C:\Documents and Settings\Administrator\Desktop\EmbeddedLab\MikroC\PIC16F628A\InternalEEPROM'	 
hint: 0	1139	Available RAM: 208 [bytes], Available ROM: 2048 [bytes]	 
diagnostics: 0	122	Compilation Started	P16F628A.c
diagnostics: 373	123	Compiled Successfully	P16F628A.c
diagnostics: 0	122	Compilation Started	__Lib_Delays.c
diagnostics: 123	123	Compiled Successfully	__Lib_Delays.c
diagnostics: 0	122	Compilation Started	__Lib_GlcdFonts.c
diagnostics: 1207	123	Compiled Successfully	__Lib_GlcdFonts.c
diagnostics: 0	122	Compilation Started	Internal_EEPROM.c
diagnostics: 78	123	Compiled Successfully	Internal_EEPROM.c
diagnostics: 0	127	All files Compiled in 31 ms	 
hint: 0	1144	Used RAM (bytes): 141 (68%)  Free RAM (bytes): 67 (32%)	Used RAM (bytes): 141 (68%)  Free RAM (bytes): 67 (32%)
hint: 0	1144	Used ROM (program words): 719 (35%)  Free ROM (program words): 1329 (65%)	Used ROM (program words): 719 (35%)  Free ROM (program words): 1329 (65%)
diagnostics: 0	125	Project Linked Successfully	Internal_EEPROM.mcppi
hint: 0	1004	COFF file successfully generated	COFF file successfully generated
diagnostics: 0	128	Linked in 172 ms	 
diagnostics: 0	129	Project 'Internal_EEPROM.mcppi' completed: 578 ms	 
diagnostics: 0	103	Finished successfully: 12 mai 2015, 10:35:59	Internal_EEPROM.mcppi
