;  LST file generated by mikroListExporter - v.2.0 
; Date/Time: 15/05/2015 19:36:29
;----------------------------------------------

;Address Opcode 	ASM
0x0000	0x2A75      	GOTO       629
_Delay_1us:
;__Lib_Delays.c,7 :: 		void Delay_1us() {
;__Lib_Delays.c,8 :: 		Delay_us(1);
0x0003	0x0000      	NOP
0x0004	0x0000      	NOP
;__Lib_Delays.c,9 :: 		}
L_end_Delay_1us:
0x0005	0x0008      	RETURN
; end of _Delay_1us
_Delay_5500us:
;__Lib_Delays.c,31 :: 		void Delay_5500us() {
;__Lib_Delays.c,32 :: 		Delay_us(5500);
0x0006	0x300F      	MOVLW      15
0x0007	0x1283      	BCF        STATUS, 5
0x0008	0x1303      	BCF        STATUS, 6
0x0009	0x00FC      	MOVWF      R12
0x000A	0x3047      	MOVLW      71
0x000B	0x00FD      	MOVWF      R13
L_Delay_5500us5:
0x000C	0x0BFD      	DECFSZ     R13, 1
0x000D	0x280C      	GOTO       L_Delay_5500us5
0x000E	0x0BFC      	DECFSZ     R12, 1
0x000F	0x280C      	GOTO       L_Delay_5500us5
0x0010	0x0000      	NOP
0x0011	0x0000      	NOP
;__Lib_Delays.c,33 :: 		}
L_end_Delay_5500us:
0x0012	0x0008      	RETURN
; end of _Delay_5500us
_Delay_50us:
;__Lib_Delays.c,19 :: 		void Delay_50us() {
;__Lib_Delays.c,20 :: 		Delay_us(50);
0x0013	0x3021      	MOVLW      33
0x0014	0x1283      	BCF        STATUS, 5
0x0015	0x1303      	BCF        STATUS, 6
0x0016	0x00FD      	MOVWF      R13
L_Delay_50us2:
0x0017	0x0BFD      	DECFSZ     R13, 1
0x0018	0x2817      	GOTO       L_Delay_50us2
;__Lib_Delays.c,21 :: 		}
L_end_Delay_50us:
0x0019	0x0008      	RETURN
; end of _Delay_50us
_Lcd_Cmd:
;__Lib_Lcd.c,18 :: 		
;__Lib_Lcd.c,20 :: 		
0x001A	0x1283      	BCF        STATUS, 5
0x001B	0x1303      	BCF        STATUS, 6
0x001C	0x1BE0      	BTFSC      FARG_Lcd_Cmd_out_char, 7
0x001D	0x2820      	GOTO       L__Lcd_Cmd21
0x001E	0x1388      	BCF        LCD_D7, BitPos(LCD_D7+0)
0x001F	0x2821      	GOTO       L__Lcd_Cmd22
L__Lcd_Cmd21:
0x0020	0x1788      	BSF        LCD_D7, BitPos(LCD_D7+0)
L__Lcd_Cmd22:
;__Lib_Lcd.c,21 :: 		
0x0021	0x1B60      	BTFSC      FARG_Lcd_Cmd_out_char, 6
0x0022	0x2825      	GOTO       L__Lcd_Cmd23
0x0023	0x1308      	BCF        LCD_D6, BitPos(LCD_D6+0)
0x0024	0x2826      	GOTO       L__Lcd_Cmd24
L__Lcd_Cmd23:
0x0025	0x1708      	BSF        LCD_D6, BitPos(LCD_D6+0)
L__Lcd_Cmd24:
;__Lib_Lcd.c,22 :: 		
0x0026	0x1AE0      	BTFSC      FARG_Lcd_Cmd_out_char, 5
0x0027	0x282A      	GOTO       L__Lcd_Cmd25
0x0028	0x1288      	BCF        LCD_D5, BitPos(LCD_D5+0)
0x0029	0x282B      	GOTO       L__Lcd_Cmd26
L__Lcd_Cmd25:
0x002A	0x1688      	BSF        LCD_D5, BitPos(LCD_D5+0)
L__Lcd_Cmd26:
;__Lib_Lcd.c,23 :: 		
0x002B	0x1A60      	BTFSC      FARG_Lcd_Cmd_out_char, 4
0x002C	0x282F      	GOTO       L__Lcd_Cmd27
0x002D	0x1208      	BCF        LCD_D4, BitPos(LCD_D4+0)
0x002E	0x2830      	GOTO       L__Lcd_Cmd28
L__Lcd_Cmd27:
0x002F	0x1608      	BSF        LCD_D4, BitPos(LCD_D4+0)
L__Lcd_Cmd28:
;__Lib_Lcd.c,25 :: 		
0x0030	0x1847      	BTFSC      __Lib_Lcd_cmd_status, BitPos(__Lib_Lcd_cmd_status+0)
0x0031	0x2834      	GOTO       L__Lcd_Cmd29
0x0032	0x1509      	BSF        LCD_RS, BitPos(LCD_RS+0)
0x0033	0x2835      	GOTO       L__Lcd_Cmd30
L__Lcd_Cmd29:
0x0034	0x1109      	BCF        LCD_RS, BitPos(LCD_RS+0)
L__Lcd_Cmd30:
;__Lib_Lcd.c,28 :: 		
0x0035	0x1489      	BSF        LCD_EN, BitPos(LCD_EN+0)
;__Lib_Lcd.c,29 :: 		
0x0036	0x2003      	CALL       _Delay_1us
;__Lib_Lcd.c,30 :: 		
0x0037	0x1089      	BCF        LCD_EN, BitPos(LCD_EN+0)
;__Lib_Lcd.c,33 :: 		
0x0038	0x19E0      	BTFSC      FARG_Lcd_Cmd_out_char, 3
0x0039	0x283C      	GOTO       L__Lcd_Cmd31
0x003A	0x1388      	BCF        LCD_D7, BitPos(LCD_D7+0)
0x003B	0x283D      	GOTO       L__Lcd_Cmd32
L__Lcd_Cmd31:
0x003C	0x1788      	BSF        LCD_D7, BitPos(LCD_D7+0)
L__Lcd_Cmd32:
;__Lib_Lcd.c,34 :: 		
0x003D	0x1960      	BTFSC      FARG_Lcd_Cmd_out_char, 2
0x003E	0x2841      	GOTO       L__Lcd_Cmd33
0x003F	0x1308      	BCF        LCD_D6, BitPos(LCD_D6+0)
0x0040	0x2842      	GOTO       L__Lcd_Cmd34
L__Lcd_Cmd33:
0x0041	0x1708      	BSF        LCD_D6, BitPos(LCD_D6+0)
L__Lcd_Cmd34:
;__Lib_Lcd.c,35 :: 		
0x0042	0x18E0      	BTFSC      FARG_Lcd_Cmd_out_char, 1
0x0043	0x2846      	GOTO       L__Lcd_Cmd35
0x0044	0x1288      	BCF        LCD_D5, BitPos(LCD_D5+0)
0x0045	0x2847      	GOTO       L__Lcd_Cmd36
L__Lcd_Cmd35:
0x0046	0x1688      	BSF        LCD_D5, BitPos(LCD_D5+0)
L__Lcd_Cmd36:
;__Lib_Lcd.c,36 :: 		
0x0047	0x1860      	BTFSC      FARG_Lcd_Cmd_out_char, 0
0x0048	0x284B      	GOTO       L__Lcd_Cmd37
0x0049	0x1208      	BCF        LCD_D4, BitPos(LCD_D4+0)
0x004A	0x284C      	GOTO       L__Lcd_Cmd38
L__Lcd_Cmd37:
0x004B	0x1608      	BSF        LCD_D4, BitPos(LCD_D4+0)
L__Lcd_Cmd38:
;__Lib_Lcd.c,38 :: 		
0x004C	0x1847      	BTFSC      __Lib_Lcd_cmd_status, BitPos(__Lib_Lcd_cmd_status+0)
0x004D	0x2850      	GOTO       L__Lcd_Cmd39
0x004E	0x1509      	BSF        LCD_RS, BitPos(LCD_RS+0)
0x004F	0x2851      	GOTO       L__Lcd_Cmd40
L__Lcd_Cmd39:
0x0050	0x1109      	BCF        LCD_RS, BitPos(LCD_RS+0)
L__Lcd_Cmd40:
;__Lib_Lcd.c,40 :: 		
0x0051	0x1489      	BSF        LCD_EN, BitPos(LCD_EN+0)
;__Lib_Lcd.c,41 :: 		
0x0052	0x2003      	CALL       _Delay_1us
;__Lib_Lcd.c,42 :: 		
0x0053	0x1089      	BCF        LCD_EN, BitPos(LCD_EN+0)
;__Lib_Lcd.c,44 :: 		
0x0054	0x1C47      	BTFSS      __Lib_Lcd_cmd_status, BitPos(__Lib_Lcd_cmd_status+0)
0x0055	0x2858      	GOTO       L_Lcd_Cmd0
;__Lib_Lcd.c,45 :: 		
0x0056	0x2006      	CALL       _Delay_5500us
0x0057	0x2859      	GOTO       L_Lcd_Cmd1
L_Lcd_Cmd0:
;__Lib_Lcd.c,47 :: 		
0x0058	0x2013      	CALL       _Delay_50us
L_Lcd_Cmd1:
;__Lib_Lcd.c,48 :: 		
L_end_Lcd_Cmd:
0x0059	0x0008      	RETURN
; end of _Lcd_Cmd
_Div_16x16_U:
;__Lib_Math.c,215 :: 		
;__Lib_Math.c,222 :: 		
0x005A	0x1283      	BCF        STATUS, 5
;__Lib_Math.c,223 :: 		
0x005B	0x1303      	BCF        STATUS, 6
;__Lib_Math.c,224 :: 		
0x005C	0x01F8      	CLRF       R8
;__Lib_Math.c,225 :: 		
0x005D	0x01F9      	CLRF       R9
;__Lib_Math.c,226 :: 		
0x005E	0x3010      	MOVLW      16
;__Lib_Math.c,227 :: 		
0x005F	0x00FC      	MOVWF      R12
;__Lib_Math.c,228 :: 		
0x0060	0x0D71      	RLF        R1, 0
;__Lib_Math.c,229 :: 		
0x0061	0x0DF8      	RLF        R8, 1
;__Lib_Math.c,230 :: 		
0x0062	0x0DF9      	RLF        R9, 1
;__Lib_Math.c,231 :: 		
0x0063	0x0874      	MOVF       R4, 0
;__Lib_Math.c,232 :: 		
0x0064	0x02F8      	SUBWF      R8, 1
;__Lib_Math.c,233 :: 		
0x0065	0x0875      	MOVF       R5, 0
;__Lib_Math.c,234 :: 		
0x0066	0x1C03      	BTFSS      STATUS, 0
;__Lib_Math.c,235 :: 		
0x0067	0x0F75      	INCFSZ     R5, 0
;__Lib_Math.c,236 :: 		
0x0068	0x02F9      	SUBWF      R9, 1
;__Lib_Math.c,237 :: 		
0x0069	0x1803      	BTFSC      STATUS, 0
;__Lib_Math.c,238 :: 		
0x006A	0x2872      	GOTO       $+8
;__Lib_Math.c,239 :: 		
0x006B	0x0874      	MOVF       R4, 0
;__Lib_Math.c,240 :: 		
0x006C	0x07F8      	ADDWF      R8, 1
;__Lib_Math.c,241 :: 		
0x006D	0x0875      	MOVF       R5, 0
;__Lib_Math.c,242 :: 		
0x006E	0x1803      	BTFSC      STATUS, 0
;__Lib_Math.c,243 :: 		
0x006F	0x0F75      	INCFSZ     R5, 0
;__Lib_Math.c,244 :: 		
0x0070	0x07F9      	ADDWF      R9, 1
;__Lib_Math.c,245 :: 		
0x0071	0x1003      	BCF        STATUS, 0
;__Lib_Math.c,246 :: 		
0x0072	0x0DF0      	RLF        R0, 1
;__Lib_Math.c,247 :: 		
0x0073	0x0DF1      	RLF        R1, 1
;__Lib_Math.c,248 :: 		
0x0074	0x0BFC      	DECFSZ     R12, 1
;__Lib_Math.c,249 :: 		
0x0075	0x2860      	GOTO       $-21
;__Lib_Math.c,251 :: 		
L_end_Div_16x16_U:
0x0076	0x0008      	RETURN
; end of _Div_16x16_U
_Lcd_Chr_CP:
;__Lib_Lcd.c,50 :: 		
;__Lib_Lcd.c,52 :: 		
0x0077	0x1283      	BCF        STATUS, 5
0x0078	0x1303      	BCF        STATUS, 6
0x0079	0x1047      	BCF        __Lib_Lcd_cmd_status, BitPos(__Lib_Lcd_cmd_status+0)
;__Lib_Lcd.c,53 :: 		
0x007A	0x085B      	MOVF       FARG_Lcd_Chr_CP_out_char, 0
0x007B	0x00E0      	MOVWF      FARG_Lcd_Cmd_out_char
0x007C	0x201A      	CALL       _Lcd_Cmd
;__Lib_Lcd.c,54 :: 		
0x007D	0x1447      	BSF        __Lib_Lcd_cmd_status, BitPos(__Lib_Lcd_cmd_status+0)
;__Lib_Lcd.c,55 :: 		
L_end_Lcd_Chr_CP:
0x007E	0x0008      	RETURN
; end of _Lcd_Chr_CP
_Lcd_Chr:
;__Lib_Lcd.c,65 :: 		
;__Lib_Lcd.c,66 :: 		
0x007F	0x2891      	GOTO       L_Lcd_Chr4
;__Lib_Lcd.c,67 :: 		
L_Lcd_Chr6:
0x0080	0x3080      	MOVLW      128
0x0081	0x1283      	BCF        STATUS, 5
0x0082	0x1303      	BCF        STATUS, 6
0x0083	0x00DB      	MOVWF      FARG_Lcd_Chr_row
0x0084	0x28A4      	GOTO       L_Lcd_Chr5
;__Lib_Lcd.c,68 :: 		
L_Lcd_Chr7:
0x0085	0x30C0      	MOVLW      192
0x0086	0x00DB      	MOVWF      FARG_Lcd_Chr_row
0x0087	0x28A4      	GOTO       L_Lcd_Chr5
;__Lib_Lcd.c,69 :: 		
L_Lcd_Chr8:
0x0088	0x3094      	MOVLW      148
0x0089	0x00DB      	MOVWF      FARG_Lcd_Chr_row
0x008A	0x28A4      	GOTO       L_Lcd_Chr5
;__Lib_Lcd.c,70 :: 		
L_Lcd_Chr9:
0x008B	0x30D4      	MOVLW      212
0x008C	0x00DB      	MOVWF      FARG_Lcd_Chr_row
0x008D	0x28A4      	GOTO       L_Lcd_Chr5
;__Lib_Lcd.c,71 :: 		
L_Lcd_Chr10:
0x008E	0x3080      	MOVLW      128
0x008F	0x00DB      	MOVWF      FARG_Lcd_Chr_row
;__Lib_Lcd.c,72 :: 		
0x0090	0x28A4      	GOTO       L_Lcd_Chr5
L_Lcd_Chr4:
0x0091	0x1283      	BCF        STATUS, 5
0x0092	0x1303      	BCF        STATUS, 6
0x0093	0x085B      	MOVF       FARG_Lcd_Chr_row, 0
0x0094	0x3A01      	XORLW      1
0x0095	0x1903      	BTFSC      STATUS, 2
0x0096	0x2880      	GOTO       L_Lcd_Chr6
0x0097	0x085B      	MOVF       FARG_Lcd_Chr_row, 0
0x0098	0x3A02      	XORLW      2
0x0099	0x1903      	BTFSC      STATUS, 2
0x009A	0x2885      	GOTO       L_Lcd_Chr7
0x009B	0x085B      	MOVF       FARG_Lcd_Chr_row, 0
0x009C	0x3A03      	XORLW      3
0x009D	0x1903      	BTFSC      STATUS, 2
0x009E	0x2888      	GOTO       L_Lcd_Chr8
0x009F	0x085B      	MOVF       FARG_Lcd_Chr_row, 0
0x00A0	0x3A04      	XORLW      4
0x00A1	0x1903      	BTFSC      STATUS, 2
0x00A2	0x288B      	GOTO       L_Lcd_Chr9
0x00A3	0x288E      	GOTO       L_Lcd_Chr10
L_Lcd_Chr5:
;__Lib_Lcd.c,74 :: 		
0x00A4	0x035C      	DECF       FARG_Lcd_Chr_column, 0
0x00A5	0x00F0      	MOVWF      R0
0x00A6	0x085B      	MOVF       FARG_Lcd_Chr_row, 0
0x00A7	0x07F0      	ADDWF      R0, 1
0x00A8	0x0870      	MOVF       R0, 0
0x00A9	0x00DB      	MOVWF      FARG_Lcd_Chr_row
;__Lib_Lcd.c,76 :: 		
0x00AA	0x1447      	BSF        __Lib_Lcd_cmd_status, BitPos(__Lib_Lcd_cmd_status+0)
;__Lib_Lcd.c,77 :: 		
0x00AB	0x0870      	MOVF       R0, 0
0x00AC	0x00E0      	MOVWF      FARG_Lcd_Cmd_out_char
0x00AD	0x201A      	CALL       _Lcd_Cmd
;__Lib_Lcd.c,79 :: 		
0x00AE	0x1047      	BCF        __Lib_Lcd_cmd_status, BitPos(__Lib_Lcd_cmd_status+0)
;__Lib_Lcd.c,80 :: 		
0x00AF	0x085D      	MOVF       FARG_Lcd_Chr_out_char, 0
0x00B0	0x00E0      	MOVWF      FARG_Lcd_Cmd_out_char
0x00B1	0x201A      	CALL       _Lcd_Cmd
;__Lib_Lcd.c,81 :: 		
0x00B2	0x1447      	BSF        __Lib_Lcd_cmd_status, BitPos(__Lib_Lcd_cmd_status+0)
;__Lib_Lcd.c,82 :: 		
L_end_Lcd_Chr:
0x00B3	0x0008      	RETURN
; end of _Lcd_Chr
_Delay_22us:
;__Lib_Delays.c,15 :: 		void Delay_22us() {
;__Lib_Delays.c,16 :: 		Delay_us(22);
0x00B4	0x300E      	MOVLW      14
0x00B5	0x1283      	BCF        STATUS, 5
0x00B6	0x1303      	BCF        STATUS, 6
0x00B7	0x00FD      	MOVWF      R13
L_Delay_22us1:
0x00B8	0x0BFD      	DECFSZ     R13, 1
0x00B9	0x28B8      	GOTO       L_Delay_22us1
0x00BA	0x0000      	NOP
;__Lib_Delays.c,17 :: 		}
L_end_Delay_22us:
0x00BB	0x0008      	RETURN
; end of _Delay_22us
_____DoICP:
;__Lib_System.c,6 :: 		
;__Lib_System.c,9 :: 		
0x00BC	0x1283      	BCF        STATUS, 5
0x00BD	0x1303      	BCF        STATUS, 6
0x00BE	0x083D      	MOVF       ___DoICPAddr+1, 0
0x00BF	0x008A      	MOVWF      PCLATH
;__Lib_System.c,10 :: 		
0x00C0	0x083C      	MOVF       ___DoICPAddr, 0
0x00C1	0x0082      	MOVWF      PCL
;__Lib_System.c,12 :: 		
L_end_____DoICP:
0x00C2	0x0008      	RETURN
; end of _____DoICP
_WordToStr:
;__Lib_Conversions.c,84 :: 		
;__Lib_Conversions.c,89 :: 		
0x00C3	0x1283      	BCF        STATUS, 5
0x00C4	0x1303      	BCF        STATUS, 6
0x00C5	0x01DE      	CLRF       WordToStr_len_L0
L_WordToStr6:
0x00C6	0x3005      	MOVLW      5
0x00C7	0x025E      	SUBWF      WordToStr_len_L0, 0
0x00C8	0x1803      	BTFSC      STATUS, 0
0x00C9	0x28D1      	GOTO       L_WordToStr7
;__Lib_Conversions.c,90 :: 		
0x00CA	0x085E      	MOVF       WordToStr_len_L0, 0
0x00CB	0x075D      	ADDWF      FARG_WordToStr_output, 0
0x00CC	0x0084      	MOVWF      FSR
0x00CD	0x3020      	MOVLW      32
0x00CE	0x0080      	MOVWF      INDF
;__Lib_Conversions.c,89 :: 		
0x00CF	0x0ADE      	INCF       WordToStr_len_L0, 1
;__Lib_Conversions.c,90 :: 		
0x00D0	0x28C6      	GOTO       L_WordToStr6
L_WordToStr7:
;__Lib_Conversions.c,91 :: 		
0x00D1	0x085E      	MOVF       WordToStr_len_L0, 0
0x00D2	0x075D      	ADDWF      FARG_WordToStr_output, 0
0x00D3	0x0084      	MOVWF      FSR
0x00D4	0x0180      	CLRF       INDF
0x00D5	0x03DE      	DECF       WordToStr_len_L0, 1
;__Lib_Conversions.c,93 :: 		
L_WordToStr9:
;__Lib_Conversions.c,94 :: 		
0x00D6	0x085E      	MOVF       WordToStr_len_L0, 0
0x00D7	0x075D      	ADDWF      FARG_WordToStr_output, 0
0x00D8	0x00DF      	MOVWF      FLOC__WordToStr
0x00D9	0x300A      	MOVLW      10
0x00DA	0x00F4      	MOVWF      R4
0x00DB	0x01F5      	CLRF       R4+1
0x00DC	0x085B      	MOVF       FARG_WordToStr_input, 0
0x00DD	0x00F0      	MOVWF      R0
0x00DE	0x085C      	MOVF       FARG_WordToStr_input+1, 0
0x00DF	0x00F1      	MOVWF      R0+1
0x00E0	0x205A      	CALL       _Div_16x16_U
0x00E1	0x0878      	MOVF       R8, 0
0x00E2	0x00F0      	MOVWF      R0
0x00E3	0x0879      	MOVF       R8+1, 0
0x00E4	0x00F1      	MOVWF      R0+1
0x00E5	0x3030      	MOVLW      48
0x00E6	0x07F0      	ADDWF      R0, 1
0x00E7	0x085F      	MOVF       FLOC__WordToStr, 0
0x00E8	0x0084      	MOVWF      FSR
0x00E9	0x0870      	MOVF       R0, 0
0x00EA	0x0080      	MOVWF      INDF
;__Lib_Conversions.c,95 :: 		
0x00EB	0x300A      	MOVLW      10
0x00EC	0x00F4      	MOVWF      R4
0x00ED	0x01F5      	CLRF       R4+1
0x00EE	0x085B      	MOVF       FARG_WordToStr_input, 0
0x00EF	0x00F0      	MOVWF      R0
0x00F0	0x085C      	MOVF       FARG_WordToStr_input+1, 0
0x00F1	0x00F1      	MOVWF      R0+1
0x00F2	0x205A      	CALL       _Div_16x16_U
0x00F3	0x0870      	MOVF       R0, 0
0x00F4	0x00DB      	MOVWF      FARG_WordToStr_input
0x00F5	0x0871      	MOVF       R0+1, 0
0x00F6	0x00DC      	MOVWF      FARG_WordToStr_input+1
;__Lib_Conversions.c,96 :: 		
0x00F7	0x3000      	MOVLW      0
0x00F8	0x0671      	XORWF      R0+1, 0
0x00F9	0x1D03      	BTFSS      STATUS, 2
0x00FA	0x28FD      	GOTO       L__WordToStr109
0x00FB	0x3000      	MOVLW      0
0x00FC	0x0670      	XORWF      R0, 0
L__WordToStr109:
0x00FD	0x1D03      	BTFSS      STATUS, 2
0x00FE	0x2900      	GOTO       L_WordToStr11
;__Lib_Conversions.c,97 :: 		
0x00FF	0x2902      	GOTO       L_WordToStr10
L_WordToStr11:
;__Lib_Conversions.c,98 :: 		
0x0100	0x03DE      	DECF       WordToStr_len_L0, 1
;__Lib_Conversions.c,99 :: 		
0x0101	0x28D6      	GOTO       L_WordToStr9
L_WordToStr10:
;__Lib_Conversions.c,100 :: 		
L_end_WordToStr:
0x0102	0x0008      	RETURN
; end of _WordToStr
_Lcd_Out:
;__Lib_Lcd.c,184 :: 		
;__Lib_Lcd.c,187 :: 		
0x0103	0x2915      	GOTO       L_Lcd_Out11
;__Lib_Lcd.c,188 :: 		
L_Lcd_Out13:
0x0104	0x3080      	MOVLW      128
0x0105	0x1283      	BCF        STATUS, 5
0x0106	0x1303      	BCF        STATUS, 6
0x0107	0x00D2      	MOVWF      FARG_Lcd_Out_row
0x0108	0x2928      	GOTO       L_Lcd_Out12
;__Lib_Lcd.c,189 :: 		
L_Lcd_Out14:
0x0109	0x30C0      	MOVLW      192
0x010A	0x00D2      	MOVWF      FARG_Lcd_Out_row
0x010B	0x2928      	GOTO       L_Lcd_Out12
;__Lib_Lcd.c,190 :: 		
L_Lcd_Out15:
0x010C	0x3094      	MOVLW      148
0x010D	0x00D2      	MOVWF      FARG_Lcd_Out_row
0x010E	0x2928      	GOTO       L_Lcd_Out12
;__Lib_Lcd.c,191 :: 		
L_Lcd_Out16:
0x010F	0x30D4      	MOVLW      212
0x0110	0x00D2      	MOVWF      FARG_Lcd_Out_row
0x0111	0x2928      	GOTO       L_Lcd_Out12
;__Lib_Lcd.c,192 :: 		
L_Lcd_Out17:
0x0112	0x3080      	MOVLW      128
0x0113	0x00D2      	MOVWF      FARG_Lcd_Out_row
;__Lib_Lcd.c,193 :: 		
0x0114	0x2928      	GOTO       L_Lcd_Out12
L_Lcd_Out11:
0x0115	0x1283      	BCF        STATUS, 5
0x0116	0x1303      	BCF        STATUS, 6
0x0117	0x0852      	MOVF       FARG_Lcd_Out_row, 0
0x0118	0x3A01      	XORLW      1
0x0119	0x1903      	BTFSC      STATUS, 2
0x011A	0x2904      	GOTO       L_Lcd_Out13
0x011B	0x0852      	MOVF       FARG_Lcd_Out_row, 0
0x011C	0x3A02      	XORLW      2
0x011D	0x1903      	BTFSC      STATUS, 2
0x011E	0x2909      	GOTO       L_Lcd_Out14
0x011F	0x0852      	MOVF       FARG_Lcd_Out_row, 0
0x0120	0x3A03      	XORLW      3
0x0121	0x1903      	BTFSC      STATUS, 2
0x0122	0x290C      	GOTO       L_Lcd_Out15
0x0123	0x0852      	MOVF       FARG_Lcd_Out_row, 0
0x0124	0x3A04      	XORLW      4
0x0125	0x1903      	BTFSC      STATUS, 2
0x0126	0x290F      	GOTO       L_Lcd_Out16
0x0127	0x2912      	GOTO       L_Lcd_Out17
L_Lcd_Out12:
;__Lib_Lcd.c,194 :: 		
0x0128	0x0353      	DECF       FARG_Lcd_Out_column, 0
0x0129	0x00F0      	MOVWF      R0
0x012A	0x0852      	MOVF       FARG_Lcd_Out_row, 0
0x012B	0x07F0      	ADDWF      R0, 1
0x012C	0x0870      	MOVF       R0, 0
0x012D	0x00D2      	MOVWF      FARG_Lcd_Out_row
;__Lib_Lcd.c,196 :: 		
0x012E	0x0870      	MOVF       R0, 0
0x012F	0x00E0      	MOVWF      FARG_Lcd_Cmd_out_char
0x0130	0x201A      	CALL       _Lcd_Cmd
;__Lib_Lcd.c,197 :: 		
0x0131	0x1047      	BCF        __Lib_Lcd_cmd_status, BitPos(__Lib_Lcd_cmd_status+0)
;__Lib_Lcd.c,198 :: 		
0x0132	0x01D5      	CLRF       Lcd_Out_i_L0
;__Lib_Lcd.c,199 :: 		
L_Lcd_Out18:
0x0133	0x0855      	MOVF       Lcd_Out_i_L0, 0
0x0134	0x0754      	ADDWF      FARG_Lcd_Out_text, 0
0x0135	0x0084      	MOVWF      FSR
0x0136	0x0800      	MOVF       INDF, 0
0x0137	0x1903      	BTFSC      STATUS, 2
0x0138	0x2941      	GOTO       L_Lcd_Out19
;__Lib_Lcd.c,200 :: 		
0x0139	0x0855      	MOVF       Lcd_Out_i_L0, 0
0x013A	0x0754      	ADDWF      FARG_Lcd_Out_text, 0
0x013B	0x0084      	MOVWF      FSR
0x013C	0x0800      	MOVF       INDF, 0
0x013D	0x00DB      	MOVWF      FARG_Lcd_Chr_CP_out_char
0x013E	0x2077      	CALL       _Lcd_Chr_CP
0x013F	0x0AD5      	INCF       Lcd_Out_i_L0, 1
0x0140	0x2933      	GOTO       L_Lcd_Out18
L_Lcd_Out19:
;__Lib_Lcd.c,201 :: 		
0x0141	0x1447      	BSF        __Lib_Lcd_cmd_status, BitPos(__Lib_Lcd_cmd_status+0)
;__Lib_Lcd.c,202 :: 		
L_end_Lcd_Out:
0x0142	0x0008      	RETURN
; end of _Lcd_Out
_IntToStr:
;__Lib_Conversions.c,146 :: 		
;__Lib_Conversions.c,152 :: 		
0x0143	0x1283      	BCF        STATUS, 5
0x0144	0x1303      	BCF        STATUS, 6
0x0145	0x01D7      	CLRF       IntToStr_negative_L0
0x0146	0x01D8      	CLRF       IntToStr_negative_L0+1
;__Lib_Conversions.c,153 :: 		
0x0147	0x0852      	MOVF       FARG_IntToStr_input, 0
0x0148	0x00D9      	MOVWF      IntToStr_inword_L0
0x0149	0x0853      	MOVF       FARG_IntToStr_input+1, 0
0x014A	0x00DA      	MOVWF      IntToStr_inword_L0+1
;__Lib_Conversions.c,154 :: 		
0x014B	0x3080      	MOVLW      128
0x014C	0x0653      	XORWF      FARG_IntToStr_input+1, 0
0x014D	0x00F0      	MOVWF      R0
0x014E	0x3080      	MOVLW      128
0x014F	0x0270      	SUBWF      R0, 0
0x0150	0x1D03      	BTFSS      STATUS, 2
0x0151	0x2954      	GOTO       L__IntToStr115
0x0152	0x3000      	MOVLW      0
0x0153	0x0252      	SUBWF      FARG_IntToStr_input, 0
L__IntToStr115:
0x0154	0x1803      	BTFSC      STATUS, 0
0x0155	0x2962      	GOTO       L_IntToStr23
;__Lib_Conversions.c,155 :: 		
0x0156	0x3001      	MOVLW      1
0x0157	0x00D7      	MOVWF      IntToStr_negative_L0
0x0158	0x3000      	MOVLW      0
0x0159	0x00D8      	MOVWF      IntToStr_negative_L0+1
;__Lib_Conversions.c,156 :: 		
0x015A	0x0852      	MOVF       FARG_IntToStr_input, 0
0x015B	0x3C00      	SUBLW      0
0x015C	0x00D9      	MOVWF      IntToStr_inword_L0
0x015D	0x0853      	MOVF       FARG_IntToStr_input+1, 0
0x015E	0x1C03      	BTFSS      STATUS, 0
0x015F	0x3E01      	ADDLW      1
0x0160	0x01DA      	CLRF       IntToStr_inword_L0+1
0x0161	0x02DA      	SUBWF      IntToStr_inword_L0+1, 1
;__Lib_Conversions.c,157 :: 		
L_IntToStr23:
;__Lib_Conversions.c,158 :: 		
0x0162	0x0859      	MOVF       IntToStr_inword_L0, 0
0x0163	0x00DB      	MOVWF      FARG_WordToStr_input
0x0164	0x085A      	MOVF       IntToStr_inword_L0+1, 0
0x0165	0x00DC      	MOVWF      FARG_WordToStr_input+1
0x0166	0x0854      	MOVF       FARG_IntToStr_output, 0
0x0167	0x00DD      	MOVWF      FARG_WordToStr_output
0x0168	0x20C3      	CALL       _WordToStr
;__Lib_Conversions.c,160 :: 		
0x0169	0x3006      	MOVLW      6
0x016A	0x00D5      	MOVWF      IntToStr_i_L0
0x016B	0x3000      	MOVLW      0
0x016C	0x00D6      	MOVWF      IntToStr_i_L0+1
;__Lib_Conversions.c,161 :: 		
L_IntToStr24:
0x016D	0x0856      	MOVF       IntToStr_i_L0+1, 0
0x016E	0x3C00      	SUBLW      0
0x016F	0x1D03      	BTFSS      STATUS, 2
0x0170	0x2973      	GOTO       L__IntToStr116
0x0171	0x0855      	MOVF       IntToStr_i_L0, 0
0x0172	0x3C00      	SUBLW      0
L__IntToStr116:
0x0173	0x1803      	BTFSC      STATUS, 0
0x0174	0x298E      	GOTO       L_IntToStr25
;__Lib_Conversions.c,162 :: 		
0x0175	0x0855      	MOVF       IntToStr_i_L0, 0
0x0176	0x0754      	ADDWF      FARG_IntToStr_output, 0
0x0177	0x00F2      	MOVWF      R2
0x0178	0x3001      	MOVLW      1
0x0179	0x0255      	SUBWF      IntToStr_i_L0, 0
0x017A	0x00F0      	MOVWF      R0
0x017B	0x3000      	MOVLW      0
0x017C	0x1C03      	BTFSS      STATUS, 0
0x017D	0x3E01      	ADDLW      1
0x017E	0x0256      	SUBWF      IntToStr_i_L0+1, 0
0x017F	0x00F1      	MOVWF      R0+1
0x0180	0x0870      	MOVF       R0, 0
0x0181	0x0754      	ADDWF      FARG_IntToStr_output, 0
0x0182	0x0084      	MOVWF      FSR
0x0183	0x0800      	MOVF       INDF, 0
0x0184	0x00F0      	MOVWF      R0
0x0185	0x0872      	MOVF       R2, 0
0x0186	0x0084      	MOVWF      FSR
0x0187	0x0870      	MOVF       R0, 0
0x0188	0x0080      	MOVWF      INDF
;__Lib_Conversions.c,163 :: 		
0x0189	0x3001      	MOVLW      1
0x018A	0x02D5      	SUBWF      IntToStr_i_L0, 1
0x018B	0x1C03      	BTFSS      STATUS, 0
0x018C	0x03D6      	DECF       IntToStr_i_L0+1, 1
;__Lib_Conversions.c,164 :: 		
0x018D	0x296D      	GOTO       L_IntToStr24
L_IntToStr25:
;__Lib_Conversions.c,165 :: 		
0x018E	0x0854      	MOVF       FARG_IntToStr_output, 0
0x018F	0x0084      	MOVWF      FSR
0x0190	0x3020      	MOVLW      32
0x0191	0x0080      	MOVWF      INDF
;__Lib_Conversions.c,166 :: 		
0x0192	0x0857      	MOVF       IntToStr_negative_L0, 0
0x0193	0x0458      	IORWF      IntToStr_negative_L0+1, 0
0x0194	0x1903      	BTFSC      STATUS, 2
0x0195	0x29AC      	GOTO       L_IntToStr26
;__Lib_Conversions.c,167 :: 		
0x0196	0x01D5      	CLRF       IntToStr_i_L0
0x0197	0x01D6      	CLRF       IntToStr_i_L0+1
;__Lib_Conversions.c,168 :: 		
L_IntToStr27:
0x0198	0x0855      	MOVF       IntToStr_i_L0, 0
0x0199	0x0754      	ADDWF      FARG_IntToStr_output, 0
0x019A	0x0084      	MOVWF      FSR
0x019B	0x0800      	MOVF       INDF, 0
0x019C	0x3A20      	XORLW      32
0x019D	0x1D03      	BTFSS      STATUS, 2
0x019E	0x29A3      	GOTO       L_IntToStr28
0x019F	0x0AD5      	INCF       IntToStr_i_L0, 1
0x01A0	0x1903      	BTFSC      STATUS, 2
0x01A1	0x0AD6      	INCF       IntToStr_i_L0+1, 1
0x01A2	0x2998      	GOTO       L_IntToStr27
L_IntToStr28:
;__Lib_Conversions.c,169 :: 		
0x01A3	0x3001      	MOVLW      1
0x01A4	0x02D5      	SUBWF      IntToStr_i_L0, 1
0x01A5	0x1C03      	BTFSS      STATUS, 0
0x01A6	0x03D6      	DECF       IntToStr_i_L0+1, 1
;__Lib_Conversions.c,170 :: 		
0x01A7	0x0855      	MOVF       IntToStr_i_L0, 0
0x01A8	0x0754      	ADDWF      FARG_IntToStr_output, 0
0x01A9	0x0084      	MOVWF      FSR
0x01AA	0x302D      	MOVLW      45
0x01AB	0x0080      	MOVWF      INDF
L_IntToStr26:
;__Lib_Conversions.c,171 :: 		
L_end_IntToStr:
0x01AC	0x0008      	RETURN
; end of _IntToStr
_CustomChar:
;MAIN.c,15 :: 		void CustomChar(char pos_row, char pos_char) {
;MAIN.c,17 :: 		Lcd_Cmd(64);
0x01AD	0x3040      	MOVLW      64
0x01AE	0x1283      	BCF        STATUS, 5
0x01AF	0x1303      	BCF        STATUS, 6
0x01B0	0x00E0      	MOVWF      FARG_Lcd_Cmd_out_char
0x01B1	0x201A      	CALL       _Lcd_Cmd
;MAIN.c,18 :: 		for (i = 0; i<=7; i++) Lcd_Chr_CP(character[i]);
0x01B2	0x01D4      	CLRF       CustomChar_i_L0
L_CustomChar0:
0x01B3	0x0854      	MOVF       CustomChar_i_L0, 0
0x01B4	0x3C07      	SUBLW      7
0x01B5	0x1C03      	BTFSS      STATUS, 0
0x01B6	0x29C9      	GOTO       L_CustomChar1
0x01B7	0x0854      	MOVF       CustomChar_i_L0, 0
0x01B8	0x3E1B      	ADDLW      _character
0x01B9	0x00F0      	MOVWF      R0
0x01BA	0x3003      	MOVLW      hi_addr(_character)
0x01BB	0x1803      	BTFSC      STATUS, 0
0x01BC	0x3E01      	ADDLW      1
0x01BD	0x00F1      	MOVWF      R0+1
0x01BE	0x0870      	MOVF       R0, 0
0x01BF	0x00BC      	MOVWF      ___DoICPAddr
0x01C0	0x0871      	MOVF       R0+1, 0
0x01C1	0x00BD      	MOVWF      ___DoICPAddr+1
0x01C2	0x20BC      	CALL       _____DoICP
0x01C3	0x118A      	BCF        PCLATH, 3
0x01C4	0x120A      	BCF        PCLATH, 4
0x01C5	0x00DB      	MOVWF      FARG_Lcd_Chr_CP_out_char
0x01C6	0x2077      	CALL       _Lcd_Chr_CP
0x01C7	0x0AD4      	INCF       CustomChar_i_L0, 1
0x01C8	0x29B3      	GOTO       L_CustomChar0
L_CustomChar1:
;MAIN.c,19 :: 		Lcd_Cmd(_LCD_RETURN_HOME);
0x01C9	0x3002      	MOVLW      2
0x01CA	0x00E0      	MOVWF      FARG_Lcd_Cmd_out_char
0x01CB	0x201A      	CALL       _Lcd_Cmd
;MAIN.c,20 :: 		Lcd_Chr(pos_row, pos_char, 0);
0x01CC	0x0852      	MOVF       FARG_CustomChar_pos_row, 0
0x01CD	0x00DB      	MOVWF      FARG_Lcd_Chr_row
0x01CE	0x0853      	MOVF       FARG_CustomChar_pos_char, 0
0x01CF	0x00DC      	MOVWF      FARG_Lcd_Chr_column
0x01D0	0x01DD      	CLRF       FARG_Lcd_Chr_out_char
0x01D1	0x207F      	CALL       _Lcd_Chr
;MAIN.c,21 :: 		}
L_end_CustomChar:
0x01D2	0x0008      	RETURN
; end of _CustomChar
_ADC_Read:
;__Lib_ADC_A_C.c,45 :: 		
;__Lib_ADC_A_C.c,47 :: 		
0x01D3	0x1283      	BCF        STATUS, 5
0x01D4	0x1303      	BCF        STATUS, 6
0x01D5	0x019F      	CLRF       ADCON0
;__Lib_ADC_A_C.c,48 :: 		
0x01D6	0x30C0      	MOVLW      192
0x01D7	0x049F      	IORWF      ADCON0, 1
;__Lib_ADC_A_C.c,49 :: 		
0x01D8	0x1683      	BSF        STATUS, 5
0x01D9	0x171F      	BSF        ADCON1, 6
;__Lib_ADC_A_C.c,50 :: 		
0x01DA	0x179F      	BSF        ADCON1, 7
;__Lib_ADC_A_C.c,51 :: 		
0x01DB	0x1283      	BCF        STATUS, 5
0x01DC	0x0852      	MOVF       FARG_ADC_Read_channel, 0
0x01DD	0x00F0      	MOVWF      R0
0x01DE	0x0DF0      	RLF        R0, 1
0x01DF	0x1070      	BCF        R0, 0
0x01E0	0x0DF0      	RLF        R0, 1
0x01E1	0x1070      	BCF        R0, 0
0x01E2	0x0DF0      	RLF        R0, 1
0x01E3	0x1070      	BCF        R0, 0
0x01E4	0x0870      	MOVF       R0, 0
0x01E5	0x049F      	IORWF      ADCON0, 1
;__Lib_ADC_A_C.c,54 :: 		
0x01E6	0x141F      	BSF        ADCON0, 0
;__Lib_ADC_A_C.c,57 :: 		
0x01E7	0x20B4      	CALL       _Delay_22us
;__Lib_ADC_A_C.c,60 :: 		
0x01E8	0x151F      	BSF        ADCON0, 2
;__Lib_ADC_A_C.c,63 :: 		
L_ADC_Read2:
0x01E9	0x1D1F      	BTFSS      ADCON0, 2
0x01EA	0x29ED      	GOTO       L_ADC_Read3
;__Lib_ADC_A_C.c,64 :: 		
0x01EB	0x0000      	NOP
0x01EC	0x29E9      	GOTO       L_ADC_Read2
L_ADC_Read3:
;__Lib_ADC_A_C.c,67 :: 		
0x01ED	0x101F      	BCF        ADCON0, 0
;__Lib_ADC_A_C.c,70 :: 		
0x01EE	0x081E      	MOVF       ADRESH, 0
0x01EF	0x00F1      	MOVWF      R0+1
0x01F0	0x01F0      	CLRF       R0
0x01F1	0x1683      	BSF        STATUS, 5
0x01F2	0x081E      	MOVF       ADRESL, 0
0x01F3	0x04F0      	IORWF      R0, 1
0x01F4	0x3000      	MOVLW      0
0x01F5	0x04F1      	IORWF      R0+1, 1
;__Lib_ADC_A_C.c,71 :: 		
L_end_ADC_Read:
0x01F6	0x0008      	RETURN
; end of _ADC_Read
_ADC_Init:
;__Lib_ADC_A_C.c,9 :: 		
;__Lib_ADC_A_C.c,10 :: 		
0x01F7	0x30FF      	MOVLW      _ADC_Get_Sample
0x01F8	0x1283      	BCF        STATUS, 5
0x01F9	0x1303      	BCF        STATUS, 6
0x01FA	0x00C8      	MOVWF      _ADC_Get_Sample_Ptr
0x01FB	0x30FF      	MOVLW      hi_addr(_ADC_Get_Sample)
0x01FC	0x00C9      	MOVWF      _ADC_Get_Sample_Ptr+1
0x01FD	0x30FF      	MOVLW      FARG_ADC_Get_Sample_channel
0x01FE	0x00CA      	MOVWF      _ADC_Get_Sample_Ptr+2
0x01FF	0x30FF      	MOVLW      hi_addr(FARG_ADC_Get_Sample_channel)
;__Lib_ADC_A_C.c,12 :: 		
0x0200	0x019F      	CLRF       ADCON0
;__Lib_ADC_A_C.c,13 :: 		
0x0201	0x30C0      	MOVLW      192
0x0202	0x049F      	IORWF      ADCON0, 1
;__Lib_ADC_A_C.c,14 :: 		
0x0203	0x1683      	BSF        STATUS, 5
0x0204	0x171F      	BSF        ADCON1, 6
;__Lib_ADC_A_C.c,15 :: 		
0x0205	0x179F      	BSF        ADCON1, 7
;__Lib_ADC_A_C.c,18 :: 		
0x0206	0x1283      	BCF        STATUS, 5
0x0207	0x141F      	BSF        ADCON0, 0
;__Lib_ADC_A_C.c,19 :: 		
L_end_ADC_Init:
0x0208	0x0008      	RETURN
; end of _ADC_Init
_Lcd_Init:
;__Lib_Lcd.c,84 :: 		
;__Lib_Lcd.c,86 :: 		
0x0209	0x1683      	BSF        STATUS, 5
0x020A	0x1303      	BCF        STATUS, 6
0x020B	0x1089      	BCF        LCD_EN_Direction, BitPos(LCD_EN_Direction+0)
;__Lib_Lcd.c,87 :: 		
0x020C	0x1109      	BCF        LCD_RS_Direction, BitPos(LCD_RS_Direction+0)
;__Lib_Lcd.c,88 :: 		
0x020D	0x1208      	BCF        LCD_D4_Direction, BitPos(LCD_D4_Direction+0)
;__Lib_Lcd.c,89 :: 		
0x020E	0x1288      	BCF        LCD_D5_Direction, BitPos(LCD_D5_Direction+0)
;__Lib_Lcd.c,90 :: 		
0x020F	0x1308      	BCF        LCD_D6_Direction, BitPos(LCD_D6_Direction+0)
;__Lib_Lcd.c,91 :: 		
0x0210	0x1388      	BCF        LCD_D7_Direction, BitPos(LCD_D7_Direction+0)
;__Lib_Lcd.c,93 :: 		
0x0211	0x1283      	BCF        STATUS, 5
0x0212	0x1089      	BCF        LCD_EN, BitPos(LCD_EN+0)
;__Lib_Lcd.c,94 :: 		
0x0213	0x1109      	BCF        LCD_RS, BitPos(LCD_RS+0)
;__Lib_Lcd.c,95 :: 		
0x0214	0x1388      	BCF        LCD_D7, BitPos(LCD_D7+0)
;__Lib_Lcd.c,96 :: 		
0x0215	0x1308      	BCF        LCD_D6, BitPos(LCD_D6+0)
;__Lib_Lcd.c,97 :: 		
0x0216	0x1288      	BCF        LCD_D5, BitPos(LCD_D5+0)
;__Lib_Lcd.c,98 :: 		
0x0217	0x1208      	BCF        LCD_D4, BitPos(LCD_D4+0)
;__Lib_Lcd.c,100 :: 		
0x0218	0x2006      	CALL       _Delay_5500us
;__Lib_Lcd.c,101 :: 		
0x0219	0x2006      	CALL       _Delay_5500us
;__Lib_Lcd.c,102 :: 		
0x021A	0x2006      	CALL       _Delay_5500us
;__Lib_Lcd.c,105 :: 		
0x021B	0x1688      	BSF        LCD_D5, BitPos(LCD_D5+0)
;__Lib_Lcd.c,106 :: 		
0x021C	0x1608      	BSF        LCD_D4, BitPos(LCD_D4+0)
;__Lib_Lcd.c,107 :: 		
0x021D	0x1489      	BSF        LCD_EN, BitPos(LCD_EN+0)
;__Lib_Lcd.c,108 :: 		
0x021E	0x2003      	CALL       _Delay_1us
;__Lib_Lcd.c,109 :: 		
0x021F	0x1089      	BCF        LCD_EN, BitPos(LCD_EN+0)
;__Lib_Lcd.c,110 :: 		
0x0220	0x2006      	CALL       _Delay_5500us
;__Lib_Lcd.c,112 :: 		
0x0221	0x1489      	BSF        LCD_EN, BitPos(LCD_EN+0)
;__Lib_Lcd.c,113 :: 		
0x0222	0x2003      	CALL       _Delay_1us
;__Lib_Lcd.c,114 :: 		
0x0223	0x1089      	BCF        LCD_EN, BitPos(LCD_EN+0)
;__Lib_Lcd.c,115 :: 		
0x0224	0x2006      	CALL       _Delay_5500us
;__Lib_Lcd.c,117 :: 		
0x0225	0x1489      	BSF        LCD_EN, BitPos(LCD_EN+0)
;__Lib_Lcd.c,118 :: 		
0x0226	0x2003      	CALL       _Delay_1us
;__Lib_Lcd.c,119 :: 		
0x0227	0x1089      	BCF        LCD_EN, BitPos(LCD_EN+0)
;__Lib_Lcd.c,120 :: 		
0x0228	0x2006      	CALL       _Delay_5500us
;__Lib_Lcd.c,123 :: 		
0x0229	0x1208      	BCF        LCD_D4, BitPos(LCD_D4+0)
;__Lib_Lcd.c,124 :: 		
0x022A	0x1489      	BSF        LCD_EN, BitPos(LCD_EN+0)
;__Lib_Lcd.c,125 :: 		
0x022B	0x2003      	CALL       _Delay_1us
;__Lib_Lcd.c,126 :: 		
0x022C	0x1089      	BCF        LCD_EN, BitPos(LCD_EN+0)
;__Lib_Lcd.c,127 :: 		
0x022D	0x2006      	CALL       _Delay_5500us
;__Lib_Lcd.c,130 :: 		
0x022E	0x1489      	BSF        LCD_EN, BitPos(LCD_EN+0)
;__Lib_Lcd.c,131 :: 		
0x022F	0x2003      	CALL       _Delay_1us
;__Lib_Lcd.c,132 :: 		
0x0230	0x1089      	BCF        LCD_EN, BitPos(LCD_EN+0)
;__Lib_Lcd.c,134 :: 		
0x0231	0x1288      	BCF        LCD_D5, BitPos(LCD_D5+0)
;__Lib_Lcd.c,135 :: 		
0x0232	0x1788      	BSF        LCD_D7, BitPos(LCD_D7+0)
;__Lib_Lcd.c,136 :: 		
0x0233	0x1489      	BSF        LCD_EN, BitPos(LCD_EN+0)
;__Lib_Lcd.c,137 :: 		
0x0234	0x2003      	CALL       _Delay_1us
;__Lib_Lcd.c,138 :: 		
0x0235	0x1089      	BCF        LCD_EN, BitPos(LCD_EN+0)
;__Lib_Lcd.c,139 :: 		
0x0236	0x2006      	CALL       _Delay_5500us
;__Lib_Lcd.c,142 :: 		
0x0237	0x1388      	BCF        LCD_D7, BitPos(LCD_D7+0)
;__Lib_Lcd.c,143 :: 		
0x0238	0x1608      	BSF        LCD_D4, BitPos(LCD_D4+0)
;__Lib_Lcd.c,144 :: 		
0x0239	0x1489      	BSF        LCD_EN, BitPos(LCD_EN+0)
;__Lib_Lcd.c,145 :: 		
0x023A	0x2003      	CALL       _Delay_1us
;__Lib_Lcd.c,146 :: 		
0x023B	0x1089      	BCF        LCD_EN, BitPos(LCD_EN+0)
;__Lib_Lcd.c,148 :: 		
0x023C	0x1208      	BCF        LCD_D4, BitPos(LCD_D4+0)
;__Lib_Lcd.c,149 :: 		
0x023D	0x1489      	BSF        LCD_EN, BitPos(LCD_EN+0)
;__Lib_Lcd.c,150 :: 		
0x023E	0x2003      	CALL       _Delay_1us
;__Lib_Lcd.c,151 :: 		
0x023F	0x1089      	BCF        LCD_EN, BitPos(LCD_EN+0)
;__Lib_Lcd.c,152 :: 		
0x0240	0x2006      	CALL       _Delay_5500us
;__Lib_Lcd.c,155 :: 		
0x0241	0x1489      	BSF        LCD_EN, BitPos(LCD_EN+0)
;__Lib_Lcd.c,156 :: 		
0x0242	0x2003      	CALL       _Delay_1us
;__Lib_Lcd.c,157 :: 		
0x0243	0x1089      	BCF        LCD_EN, BitPos(LCD_EN+0)
;__Lib_Lcd.c,159 :: 		
0x0244	0x1608      	BSF        LCD_D4, BitPos(LCD_D4+0)
;__Lib_Lcd.c,160 :: 		
0x0245	0x1489      	BSF        LCD_EN, BitPos(LCD_EN+0)
;__Lib_Lcd.c,161 :: 		
0x0246	0x2003      	CALL       _Delay_1us
;__Lib_Lcd.c,162 :: 		
0x0247	0x1089      	BCF        LCD_EN, BitPos(LCD_EN+0)
;__Lib_Lcd.c,163 :: 		
0x0248	0x2006      	CALL       _Delay_5500us
;__Lib_Lcd.c,166 :: 		
0x0249	0x1208      	BCF        LCD_D4, BitPos(LCD_D4+0)
;__Lib_Lcd.c,167 :: 		
0x024A	0x1489      	BSF        LCD_EN, BitPos(LCD_EN+0)
;__Lib_Lcd.c,168 :: 		
0x024B	0x2003      	CALL       _Delay_1us
;__Lib_Lcd.c,169 :: 		
0x024C	0x1089      	BCF        LCD_EN, BitPos(LCD_EN+0)
;__Lib_Lcd.c,171 :: 		
0x024D	0x1788      	BSF        LCD_D7, BitPos(LCD_D7+0)
;__Lib_Lcd.c,172 :: 		
0x024E	0x1708      	BSF        LCD_D6, BitPos(LCD_D6+0)
;__Lib_Lcd.c,173 :: 		
0x024F	0x1688      	BSF        LCD_D5, BitPos(LCD_D5+0)
;__Lib_Lcd.c,174 :: 		
0x0250	0x1608      	BSF        LCD_D4, BitPos(LCD_D4+0)
;__Lib_Lcd.c,175 :: 		
0x0251	0x1489      	BSF        LCD_EN, BitPos(LCD_EN+0)
;__Lib_Lcd.c,176 :: 		
0x0252	0x2003      	CALL       _Delay_1us
;__Lib_Lcd.c,177 :: 		
0x0253	0x1089      	BCF        LCD_EN, BitPos(LCD_EN+0)
;__Lib_Lcd.c,179 :: 		
0x0254	0x2006      	CALL       _Delay_5500us
;__Lib_Lcd.c,181 :: 		
0x0255	0x1447      	BSF        __Lib_Lcd_cmd_status, BitPos(__Lib_Lcd_cmd_status+0)
;__Lib_Lcd.c,182 :: 		
L_end_Lcd_Init:
0x0256	0x0008      	RETURN
; end of _Lcd_Init
_Lcd_Out_CP:
;__Lib_Lcd.c,57 :: 		
;__Lib_Lcd.c,58 :: 		
0x0257	0x1283      	BCF        STATUS, 5
0x0258	0x1303      	BCF        STATUS, 6
0x0259	0x01D3      	CLRF       Lcd_Out_CP_i_L0
;__Lib_Lcd.c,60 :: 		
L_Lcd_Out_CP2:
0x025A	0x0853      	MOVF       Lcd_Out_CP_i_L0, 0
0x025B	0x0752      	ADDWF      FARG_Lcd_Out_CP_text, 0
0x025C	0x0084      	MOVWF      FSR
0x025D	0x0800      	MOVF       INDF, 0
0x025E	0x1903      	BTFSC      STATUS, 2
0x025F	0x2A68      	GOTO       L_Lcd_Out_CP3
;__Lib_Lcd.c,61 :: 		
0x0260	0x0853      	MOVF       Lcd_Out_CP_i_L0, 0
0x0261	0x0752      	ADDWF      FARG_Lcd_Out_CP_text, 0
0x0262	0x0084      	MOVWF      FSR
0x0263	0x0800      	MOVF       INDF, 0
0x0264	0x00DB      	MOVWF      FARG_Lcd_Chr_CP_out_char
0x0265	0x2077      	CALL       _Lcd_Chr_CP
0x0266	0x0AD3      	INCF       Lcd_Out_CP_i_L0, 1
;__Lib_Lcd.c,62 :: 		
0x0267	0x2A5A      	GOTO       L_Lcd_Out_CP2
L_Lcd_Out_CP3:
;__Lib_Lcd.c,63 :: 		
L_end_Lcd_Out_CP:
0x0268	0x0008      	RETURN
; end of _Lcd_Out_CP
___CC2DW:
;__Lib_System.c,134 :: 		
;__Lib_System.c,137 :: 		
_CC2D_Loop1:
;__Lib_System.c,139 :: 		
0x0269	0x20BC      	CALL       _____DoICP
0x026A	0x118A      	BCF        PCLATH, 3
0x026B	0x120A      	BCF        PCLATH, 4
;__Lib_System.c,141 :: 		
0x026C	0x0080      	MOVWF      INDF
;__Lib_System.c,142 :: 		
0x026D	0x0A84      	INCF       FSR, 1
;__Lib_System.c,143 :: 		
0x026E	0x0ABC      	INCF       ___DoICPAddr, 1
;__Lib_System.c,145 :: 		
0x026F	0x1903      	BTFSC      STATUS, 2
;__Lib_System.c,146 :: 		
0x0270	0x0ABD      	INCF       ___DoICPAddr+1, 1
;__Lib_System.c,147 :: 		
0x0271	0x03F0      	DECF       R0, 1
;__Lib_System.c,149 :: 		
0x0272	0x1D03      	BTFSS      STATUS, 2
;__Lib_System.c,150 :: 		
0x0273	0x2A69      	GOTO       _CC2D_Loop1
;__Lib_System.c,152 :: 		
L_end___CC2DW:
0x0274	0x0008      	RETURN
; end of ___CC2DW
_main:
0x0275	0x3043      	MOVLW      67
0x0276	0x1283      	BCF        STATUS, 5
0x0277	0x1303      	BCF        STATUS, 6
0x0278	0x00A0      	MOVWF      ?lstr1_MAIN
0x0279	0x304F      	MOVLW      79
0x027A	0x00A1      	MOVWF      33
0x027B	0x3055      	MOVLW      85
0x027C	0x00A2      	MOVWF      34
0x027D	0x304E      	MOVLW      78
0x027E	0x00A3      	MOVWF      35
0x027F	0x3054      	MOVLW      84
0x0280	0x00A4      	MOVWF      36
0x0281	0x3053      	MOVLW      83
0x0282	0x00A5      	MOVWF      37
0x0283	0x302E      	MOVLW      46
0x0284	0x00A6      	MOVWF      38
0x0285	0x302E      	MOVLW      46
0x0286	0x00A7      	MOVWF      39
0x0287	0x303A      	MOVLW      58
0x0288	0x00A8      	MOVWF      40
0x0289	0x3020      	MOVLW      32
0x028A	0x00A9      	MOVWF      41
0x028B	0x01AA      	CLRF       42
0x028C	0x30A0      	MOVLW      160
0x028D	0x00AB      	MOVWF      ?lstr2_MAIN
0x028E	0x3020      	MOVLW      32
0x028F	0x00AC      	MOVWF      44
0x0290	0x30A0      	MOVLW      160
0x0291	0x00AD      	MOVWF      45
0x0292	0x3020      	MOVLW      32
0x0293	0x00AE      	MOVWF      46
0x0294	0x30A0      	MOVLW      160
0x0295	0x00AF      	MOVWF      47
0x0296	0x3020      	MOVLW      32
0x0297	0x00B0      	MOVWF      48
0x0298	0x30A0      	MOVLW      160
0x0299	0x00B1      	MOVWF      49
0x029A	0x3020      	MOVLW      32
0x029B	0x00B2      	MOVWF      50
0x029C	0x30A0      	MOVLW      160
0x029D	0x00B3      	MOVWF      51
0x029E	0x3020      	MOVLW      32
0x029F	0x00B4      	MOVWF      52
0x02A0	0x30A0      	MOVLW      160
0x02A1	0x00B5      	MOVWF      53
0x02A2	0x3020      	MOVLW      32
0x02A3	0x00B6      	MOVWF      54
0x02A4	0x30A0      	MOVLW      160
0x02A5	0x00B7      	MOVWF      55
0x02A6	0x3020      	MOVLW      32
0x02A7	0x00B8      	MOVWF      56
0x02A8	0x30A0      	MOVLW      160
0x02A9	0x00B9      	MOVWF      57
0x02AA	0x3020      	MOVLW      32
0x02AB	0x00BA      	MOVWF      58
0x02AC	0x01BB      	CLRF       59
;MAIN.c,22 :: 		void main(){
;MAIN.c,23 :: 		ADCON1 = 0b00001110;             // HABILITA CANAL AN0 E AN1
0x02AD	0x300E      	MOVLW      14
0x02AE	0x1683      	BSF        STATUS, 5
0x02AF	0x009F      	MOVWF      ADCON1
;MAIN.c,24 :: 		TRISA.RA0 = 1;
0x02B0	0x1405      	BSF        TRISA, 0
;MAIN.c,25 :: 		Lcd_Init ();                     // START LCD
0x02B1	0x2209      	CALL       _Lcd_Init
;MAIN.c,26 :: 		Lcd_Cmd(_Lcd_Clear);             // CLEAR LCD
0x02B2	0x3001      	MOVLW      1
0x02B3	0x00E0      	MOVWF      FARG_Lcd_Cmd_out_char
0x02B4	0x201A      	CALL       _Lcd_Cmd
;MAIN.c,27 :: 		Lcd_Cmd(_LCD_CURSOR_OFF);        // TURN LCD'S CURSOR OFF
0x02B5	0x300C      	MOVLW      12
0x02B6	0x00E0      	MOVWF      FARG_Lcd_Cmd_out_char
0x02B7	0x201A      	CALL       _Lcd_Cmd
;MAIN.c,28 :: 		ADC_Init();
0x02B8	0x21F7      	CALL       _ADC_Init
;MAIN.c,29 :: 		while(1){
L_main3:
;MAIN.c,30 :: 		adc_rd = ADC_Read(0);            // GET ADC VALUE FROM 1ST CHANNEL
0x02B9	0x01D2      	CLRF       FARG_ADC_Read_channel
0x02BA	0x21D3      	CALL       _ADC_Read
0x02BB	0x0870      	MOVF       R0, 0
0x02BC	0x1283      	BCF        STATUS, 5
0x02BD	0x00C5      	MOVWF      _adc_rd
0x02BE	0x0871      	MOVF       R0+1, 0
0x02BF	0x00C6      	MOVWF      _adc_rd+1
;MAIN.c,31 :: 		IntToStr(adc_rd, adcprint);                            // CONVERSION TO STRING
0x02C0	0x0870      	MOVF       R0, 0
0x02C1	0x00D2      	MOVWF      FARG_IntToStr_input
0x02C2	0x0871      	MOVF       R0+1, 0
0x02C3	0x00D3      	MOVWF      FARG_IntToStr_input+1
0x02C4	0x303E      	MOVLW      _adcprint
0x02C5	0x00D4      	MOVWF      FARG_IntToStr_output
0x02C6	0x2143      	CALL       _IntToStr
;MAIN.c,32 :: 		Lcd_out(1,1,"COUNTS..: ");
0x02C7	0x3001      	MOVLW      1
0x02C8	0x00D2      	MOVWF      FARG_Lcd_Out_row
0x02C9	0x3001      	MOVLW      1
0x02CA	0x00D3      	MOVWF      FARG_Lcd_Out_column
0x02CB	0x3020      	MOVLW      ?lstr1_MAIN
0x02CC	0x00D4      	MOVWF      FARG_Lcd_Out_text
0x02CD	0x2103      	CALL       _Lcd_Out
;MAIN.c,33 :: 		Lcd_Out_Cp(adcprint);                     // PRINTS ADC STEPS IN LCD FIRST ROW
0x02CE	0x303E      	MOVLW      _adcprint
0x02CF	0x00D2      	MOVWF      FARG_Lcd_Out_CP_text
0x02D0	0x2257      	CALL       _Lcd_Out_CP
;MAIN.c,34 :: 		if (diff != adc_rd){
0x02D1	0x084C      	MOVF       _diff+1, 0
0x02D2	0x0646      	XORWF      _adc_rd+1, 0
0x02D3	0x1D03      	BTFSS      STATUS, 2
0x02D4	0x2AD7      	GOTO       L__main12
0x02D5	0x0845      	MOVF       _adc_rd, 0
0x02D6	0x064B      	XORWF      _diff, 0
L__main12:
0x02D7	0x1903      	BTFSC      STATUS, 2
0x02D8	0x2B07      	GOTO       L_main5
;MAIN.c,35 :: 		BarSegmentNum = adc_rd /(1023 / 16);
0x02D9	0x303F      	MOVLW      63
0x02DA	0x00F4      	MOVWF      R4
0x02DB	0x3000      	MOVLW      0
0x02DC	0x00F5      	MOVWF      R4+1
0x02DD	0x0845      	MOVF       _adc_rd, 0
0x02DE	0x00F0      	MOVWF      R0
0x02DF	0x0846      	MOVF       _adc_rd+1, 0
0x02E0	0x00F1      	MOVWF      R0+1
0x02E1	0x205A      	CALL       _Div_16x16_U
0x02E2	0x0870      	MOVF       R0, 0
0x02E3	0x00CD      	MOVWF      _BarSegmentNum
0x02E4	0x0871      	MOVF       R0+1, 0
0x02E5	0x00CE      	MOVWF      _BarSegmentNum+1
0x02E6	0x01CF      	CLRF       _BarSegmentNum+2
0x02E7	0x01D0      	CLRF       _BarSegmentNum+3
;MAIN.c,37 :: 		Lcd_out(2,1,"                ");    // CLEARS LCD SECOND ROW
0x02E8	0x3002      	MOVLW      2
0x02E9	0x00D2      	MOVWF      FARG_Lcd_Out_row
0x02EA	0x3001      	MOVLW      1
0x02EB	0x00D3      	MOVWF      FARG_Lcd_Out_column
0x02EC	0x302B      	MOVLW      ?lstr2_MAIN
0x02ED	0x00D4      	MOVWF      FARG_Lcd_Out_text
0x02EE	0x2103      	CALL       _Lcd_Out
;MAIN.c,38 :: 		for (i = 0; i < BarSegmentNum; i++){
0x02EF	0x01D1      	CLRF       _i
L_main6:
0x02F0	0x0850      	MOVF       _BarSegmentNum+3, 0
0x02F1	0x3C00      	SUBLW      0
0x02F2	0x1D03      	BTFSS      STATUS, 2
0x02F3	0x2AFE      	GOTO       L__main13
0x02F4	0x084F      	MOVF       _BarSegmentNum+2, 0
0x02F5	0x3C00      	SUBLW      0
0x02F6	0x1D03      	BTFSS      STATUS, 2
0x02F7	0x2AFE      	GOTO       L__main13
0x02F8	0x084E      	MOVF       _BarSegmentNum+1, 0
0x02F9	0x3C00      	SUBLW      0
0x02FA	0x1D03      	BTFSS      STATUS, 2
0x02FB	0x2AFE      	GOTO       L__main13
0x02FC	0x084D      	MOVF       _BarSegmentNum, 0
0x02FD	0x0251      	SUBWF      _i, 0
L__main13:
0x02FE	0x1803      	BTFSC      STATUS, 0
0x02FF	0x2B07      	GOTO       L_main7
;MAIN.c,40 :: 		CustomChar(2, i+1);}}         // PRINT CUSTOM CHARACTER FOR BARGRAPH SEGMENT
0x0300	0x3002      	MOVLW      2
0x0301	0x00D2      	MOVWF      FARG_CustomChar_pos_row
0x0302	0x0A51      	INCF       _i, 0
0x0303	0x00D3      	MOVWF      FARG_CustomChar_pos_char
0x0304	0x21AD      	CALL       _CustomChar
;MAIN.c,38 :: 		for (i = 0; i < BarSegmentNum; i++){
0x0305	0x0AD1      	INCF       _i, 1
;MAIN.c,40 :: 		CustomChar(2, i+1);}}         // PRINT CUSTOM CHARACTER FOR BARGRAPH SEGMENT
0x0306	0x2AF0      	GOTO       L_main6
L_main7:
L_main5:
;MAIN.c,41 :: 		Delay_ms(750);                 // STABILIZE LCD DISPLAY
0x0307	0x3008      	MOVLW      8
0x0308	0x00FB      	MOVWF      R11
0x0309	0x309D      	MOVLW      157
0x030A	0x00FC      	MOVWF      R12
0x030B	0x3005      	MOVLW      5
0x030C	0x00FD      	MOVWF      R13
L_main9:
0x030D	0x0BFD      	DECFSZ     R13, 1
0x030E	0x2B0D      	GOTO       L_main9
0x030F	0x0BFC      	DECFSZ     R12, 1
0x0310	0x2B0D      	GOTO       L_main9
0x0311	0x0BFB      	DECFSZ     R11, 1
0x0312	0x2B0D      	GOTO       L_main9
0x0313	0x0000      	NOP
0x0314	0x0000      	NOP
;MAIN.c,42 :: 		diff = adc_rd;
0x0315	0x0845      	MOVF       _adc_rd, 0
0x0316	0x00CB      	MOVWF      _diff
0x0317	0x0846      	MOVF       _adc_rd+1, 0
0x0318	0x00CC      	MOVWF      _diff+1
;MAIN.c,43 :: 		}                              // END WHILE
0x0319	0x2AB9      	GOTO       L_main3
;MAIN.c,44 :: 		}                              // END MAIN
L_end_main:
0x031A	0x2B1A      	GOTO       $+0
; end of _main
;MAIN.c,14 :: _character
0x031B	0x341F ;_character+0
0x031C	0x341F ;_character+1
0x031D	0x341F ;_character+2
0x031E	0x341F ;_character+3
0x031F	0x341F ;_character+4
0x0320	0x341F ;_character+5
0x0321	0x341F ;_character+6
0x0322	0x341F ;_character+7
; end of _character
Symbol List:
//** Routines locations **
//ADDRESS    SIZE    PROCEDURE
//----------------------------------------------
0x0003       [3]    _Delay_1us
0x0006      [13]    _Delay_5500us
0x0013       [7]    _Delay_50us
0x001A      [64]    _Lcd_Cmd
0x005A      [29]    _Div_16x16_U
0x0077       [8]    _Lcd_Chr_CP
0x007F      [53]    _Lcd_Chr
0x00B4       [8]    _Delay_22us
0x00BC       [7]    _____DoICP
0x00C3      [64]    _WordToStr
0x0103      [64]    _Lcd_Out
0x0143     [106]    _IntToStr
0x01AD      [38]    _CustomChar
0x01D3      [36]    _ADC_Read
0x01F7      [18]    _ADC_Init
0x0209      [78]    _Lcd_Init
0x0257      [18]    _Lcd_Out_CP
0x0269      [12]    ___CC2DW
0x0275     [166]    _main
//** Variables locations ** 
//ADDRESS    SIZE    VARIABLE
//----------------------------------------------
0x0000       [1]    INDF
0x0002       [1]    PCL
0x0003       [1]    STATUS
0x0004       [1]    FSR
0x0008       [0]    RD5_bit
0x0008       [0]    LCD_D5
0x0008       [0]    RD4_bit
0x0008       [0]    RD7_bit
0x0008       [0]    LCD_D6
0x0008       [0]    RD6_bit
0x0008       [0]    LCD_D7
0x0008       [0]    LCD_D4
0x0009       [0]    LCD_RS
0x0009       [0]    RE2_bit
0x0009       [0]    LCD_EN
0x0009       [0]    RE1_bit
0x000A       [1]    PCLATH
0x001E       [1]    ADRESH
0x001F       [1]    ADCON0
0x0020      [11]    ?lstr1_MAIN
0x002B      [17]    ?lstr2_MAIN
0x003C       [2]    ___DoICPAddr
0x003E       [7]    _adcprint
0x0045       [2]    _adc_rd
0x0047       [0]    __Lib_Lcd_cmd_status
0x0048       [3]    _ADC_Get_Sample_Ptr
0x004B       [2]    _diff
0x004D       [4]    _BarSegmentNum
0x0051       [1]    _i
0x0052       [1]    FARG_ADC_Read_channel
0x0052       [1]    FARG_Lcd_Out_row
0x0052       [1]    FARG_Lcd_Out_CP_text
0x0052       [1]    FARG_CustomChar_pos_row
0x0052       [2]    FARG_IntToStr_input
0x0053       [1]    FARG_Lcd_Out_column
0x0053       [1]    Lcd_Out_CP_i_L0
0x0053       [1]    FARG_CustomChar_pos_char
0x0054       [1]    CustomChar_i_L0
0x0054       [1]    FARG_Lcd_Out_text
0x0054       [1]    FARG_IntToStr_output
0x0055       [1]    Lcd_Out_i_L0
0x0055       [2]    IntToStr_i_L0
0x0057       [2]    IntToStr_negative_L0
0x0059       [2]    IntToStr_inword_L0
0x005B       [1]    FARG_Lcd_Chr_row
0x005B       [2]    FARG_WordToStr_input
0x005B       [1]    FARG_Lcd_Chr_CP_out_char
0x005C       [1]    FARG_Lcd_Chr_column
0x005D       [1]    FARG_Lcd_Chr_out_char
0x005D       [1]    FARG_WordToStr_output
0x005E       [1]    WordToStr_len_L0
0x005F       [1]    FLOC__WordToStr
0x0060       [1]    FARG_Lcd_Cmd_out_char
0x0070       [1]    R0
0x0071       [1]    R1
0x0072       [1]    R2
0x0073       [1]    R3
0x0074       [1]    R4
0x0075       [1]    R5
0x0076       [1]    R6
0x0077       [1]    R7
0x0078       [1]    R8
0x0079       [1]    R9
0x007A       [1]    R10
0x007B       [1]    R11
0x007C       [1]    R12
0x007D       [1]    R13
0x007E       [1]    R14
0x007F       [1]    R15
0x0085       [1]    TRISA
0x0088       [0]    TRISD7_bit
0x0088       [0]    TRISD5_bit
0x0088       [0]    TRISD6_bit
0x0088       [0]    LCD_D4_Direction
0x0088       [0]    LCD_D6_Direction
0x0088       [0]    TRISD4_bit
0x0088       [0]    LCD_D5_Direction
0x0088       [0]    LCD_D7_Direction
0x0089       [0]    TRISE2_bit
0x0089       [0]    LCD_EN_Direction
0x0089       [0]    LCD_RS_Direction
0x0089       [0]    TRISE1_bit
0x009E       [1]    ADRESL
0x009F       [1]    ADCON1
//** Constants locations ** 
//ADDRESS    SIZE    CONSTANT
//----------------------------------------------
0x031B       [8]    _character
//** Label List: ** 
//----------------------------------------------
  L_CustomChar0
  L_CustomChar1
  L_CustomChar2
  L_main3
  L_main4
  L_main5
  L_main6
  L_main7
  L_main8
  L_main9
  L_end_CustomChar
  _CustomChar
  L_end_main
  _main
  L__main12
  L__main13
  L_ADC_Get_Sample0
  L_ADC_Get_Sample1
  L_ADC_Read2
  L_ADC_Read3
  L_end_ADC_Init
  _ADC_Init
  L_end_ADC_Get_Sample
  _ADC_Get_Sample
  L_end_ADC_Read
  _ADC_Read
  L_ByteToStr0
  L_ByteToStr1
  L_ByteToStr2
  L_ByteToStr3
  L_ByteToStr4
  L_ByteToStr5
  L_WordToStr6
  L_WordToStr7
  L_WordToStr8
  L_WordToStr9
  L_WordToStr10
  L_WordToStr11
  L_WordToStrWithZeros12
  L_WordToStrWithZeros13
  L_WordToStrWithZeros14
  L_WordToStrWithZeros15
  L_WordToStrWithZeros16
  L_ShortToStr17
  L_ShortToStr18
  L_ShortToStr19
  L_ShortToStr20
  L_ShortToStr21
  L_ShortToStr22
  L_IntToStr23
  L_IntToStr24
  L_IntToStr25
  L_IntToStr26
  L_IntToStr27
  L_IntToStr28
  L_IntToStrWithZeros29
  L_IntToStrWithZeros30
  L_IntToStrWithZeros31
  L_IntToStrWithZeros32
  L_IntToStrWithZeros33
  L_IntToStrWithZeros34
  L_IntToStrWithZeros35
  L_IntToStrWithZeros36
  L_IntToStrWithZeros37
  L_LongWordToStr38
  L_LongWordToStr39
  L_LongWordToStr40
  L_LongWordToStr41
  L_LongWordToStr42
  L_LongWordToStr43
  L_LongWordToStrWithZeros44
  L_LongWordToStrWithZeros45
  L_LongWordToStrWithZeros46
  L_LongWordToStrWithZeros47
  L_LongWordToStrWithZeros48
  L_LongToStr49
  L_LongToStr50
  L_LongToStr51
  L_LongToStr52
  L_LongToStr53
  L_LongToStr54
  L_LongIntToStrWithZeros55
  L_LongIntToStrWithZeros56
  L_LongIntToStrWithZeros57
  L_LongIntToStrWithZeros58
  L_LongIntToStrWithZeros59
  L_LongIntToStrWithZeros60
  L_LongIntToStrWithZeros61
  L_LongIntToStrWithZeros62
  L_LongIntToStrWithZeros63
  L_Dec2Bcd64
  L_Dec2Bcd65
  L_Rtrim66
  L_Rtrim67
  L_Rtrim68
  L_Rtrim69
  L_Ltrim70
  L_Ltrim71
  L_Ltrim72
  L_Ltrim73
  L_Ltrim74
  L_Ltrim75
  L_FloatToStr76
  L_FloatToStr77
  L_FloatToStr78
  L_FloatToStr79
  L_FloatToStr80
  L_FloatToStr81
  L_FloatToStr82
  L_FloatToStr83
  L_FloatToStr84
  L_FloatToStr85
  L_FloatToStr86
  L_FloatToStr87
  L_FloatToStr88
  L_FloatToStr89
  L_FloatToStr90
  L_FloatToStr91
  L_FloatToStr92
  L_FloatToStr93
  L_FloatToStr94
  L_FloatToStr95
  L_FloatToStr96
  L_FloatToStr97
  L__Rtrim98
  L__Ltrim99
  L__FloatToStr100
  L_end_ByteToHex
  _ByteToHex
  L_end_ShortToHex
  _ShortToHex
  L_end_WordToHex
  _WordToHex
  L_end_IntToHex
  _IntToHex
  L_end_LongWordToHex
  _LongWordToHex
  L_end_LongIntToHex
  _LongIntToHex
  L_end_ByteToStr
  _ByteToStr
  L_end_WordToStr
  _WordToStr
  L__WordToStr109
  L_end_WordToStrWithZeros
  _WordToStrWithZeros
  L__WordToStrWithZeros111
  L_end_ShortToStr
  _ShortToStr
  L__ShortToStr113
  L_end_IntToStr
  _IntToStr
  L__IntToStr115
  L__IntToStr116
  L_end_IntToStrWithZeros
  _IntToStrWithZeros
  L__IntToStrWithZeros118
  L__IntToStrWithZeros119
  L__IntToStrWithZeros120
  L_end_LongWordToStr
  _LongWordToStr
  L__LongWordToStr122
  L__LongWordToStr123
  L_end_LongWordToStrWithZeros
  _LongWordToStrWithZeros
  L__LongWordToStrWithZeros125
  L_end_LongToStr
  _LongToStr
  L__LongToStr127
  L__LongToStr128
  L_end_LongIntToStrWithZeros
  _LongIntToStrWithZeros
  L__LongIntToStrWithZeros130
  L__LongIntToStrWithZeros131
  L__LongIntToStrWithZeros132
  L_end_Dec2Bcd
  _Dec2Bcd
  L_end_Bcd2Dec
  _Bcd2Dec
  L_end_Bcd2Dec16
  _Bcd2Dec16
  L__Bcd2Dec16136
  L__Bcd2Dec16137
  L_end_Dec2Bcd16
  _Dec2Bcd16
  L__Dec2Bcd16139
  L__Dec2Bcd16140
  L_end_Rtrim
  _Rtrim
  L_end_Ltrim
  _Ltrim
  L_end_FloatToStr
  _FloatToStr
  L__FloatToStr144
  L__FloatToStr145
  L__FloatToStr146
  L__FloatToStr147
  L__FloatToStr148
  L_Delay_10us0
  L_Delay_22us1
  L_Delay_50us2
  L_Delay_80us3
  L_Delay_500us4
  L_Delay_5500us5
  L_Delay_1ms6
  L_Delay_5ms7
  L_Delay_8ms8
  L_Delay_10ms9
  L_Delay_100ms10
  L_Delay_1sec11
  L_boot16_Delay_5ms12
  L_Delay_Cyc13
  L_Delay_Cyc14
  L_VDelay_ms15
  L_VDelay_ms16
  L_VDelay_ms17
  L_VDelay_Advanced_ms18
  L_VDelay_Advanced_ms19
  L_VDelay_Advanced_ms20
  L_end_Get_Fosc_kHz
  _Get_Fosc_kHz
  L_end_Delay_1us
  _Delay_1us
  L_end_Delay_10us
  _Delay_10us
  L_end_Delay_22us
  _Delay_22us
  L_end_Delay_50us
  _Delay_50us
  L_end_Delay_80us
  _Delay_80us
  L_end_Delay_500us
  _Delay_500us
  L_end_Delay_5500us
  _Delay_5500us
  L_end_Delay_1ms
  _Delay_1ms
  L_end_Delay_5ms
  _Delay_5ms
  L_end_Delay_8ms
  _Delay_8ms
  L_end_Delay_10ms
  _Delay_10ms
  L_end_Delay_100ms
  _Delay_100ms
  L_end_Delay_1sec
  _Delay_1sec
  L_end_boot16_Delay_5ms
  _boot16_Delay_5ms
  L_end_Delay_Cyc
  _Delay_Cyc
  L_end_VDelay_ms
  _VDelay_ms
  L__VDelay_ms38
  L__VDelay_ms39
  L__VDelay_ms40
  L_end_VDelay_Advanced_ms
  _VDelay_Advanced_ms
  L__VDelay_Advanced_ms42
  L__VDelay_Advanced_ms43
  L__VDelay_Advanced_ms44
  L_Lcd_Cmd0
  L_Lcd_Cmd1
  L_Lcd_Out_CP2
  L_Lcd_Out_CP3
  L_Lcd_Chr4
  L_Lcd_Chr5
  L_Lcd_Chr6
  L_Lcd_Chr7
  L_Lcd_Chr8
  L_Lcd_Chr9
  L_Lcd_Chr10
  L_Lcd_Out11
  L_Lcd_Out12
  L_Lcd_Out13
  L_Lcd_Out14
  L_Lcd_Out15
  L_Lcd_Out16
  L_Lcd_Out17
  L_Lcd_Out18
  L_Lcd_Out19
  L_end_Lcd_Cmd
  _Lcd_Cmd
  L__Lcd_Cmd21
  L__Lcd_Cmd22
  L__Lcd_Cmd23
  L__Lcd_Cmd24
  L__Lcd_Cmd25
  L__Lcd_Cmd26
  L__Lcd_Cmd27
  L__Lcd_Cmd28
  L__Lcd_Cmd29
  L__Lcd_Cmd30
  L__Lcd_Cmd31
  L__Lcd_Cmd32
  L__Lcd_Cmd33
  L__Lcd_Cmd34
  L__Lcd_Cmd35
  L__Lcd_Cmd36
  L__Lcd_Cmd37
  L__Lcd_Cmd38
  L__Lcd_Cmd39
  L__Lcd_Cmd40
  L_end_Lcd_Chr_CP
  _Lcd_Chr_CP
  L_end_Lcd_Out_CP
  _Lcd_Out_CP
  L_end_Lcd_Chr
  _Lcd_Chr
  L_end_Lcd_Init
  _Lcd_Init
  L_end_Lcd_Out
  _Lcd_Out
  L_Div_16x16_S0
  L_Div_16x16_S1
  LOOPS3232A
  SADD22LA
  SOK22LA
  SADD22L8
  SOK22L8
  LOOPS3232B
  SADD22LB
  SOK22LB
  SADD22L16
  SOK22L16
  LOOPS3232C
  SADD22LC
  SOK22LC
  SADD22L24
  SOK22L24
  LOOPS3232D
  SADD22LD
  SOK22LD
  SOK22L
  L_Div_32x32_S6
  L_Div_32x32_S7
  L_Div_32x32_S8
  L_Div_32x32_S9
  FXD3232S
  END_ALL
  CA3232S
  C3232SX
  C3232SX1
  C3232S
  C3232S2
  C3232SX4
  C3232SOK
  C3232SX3
  C3232SX2
  avoid_comfrem
  LOOPU3232A
  UADD22LA
  UOK22LA
  UADD22L8
  UOK22L8
  LOOPU3232B
  UADD22LB
  UOK22LB
  UADD22L16
  UOK22L16
  LOOPU3232C
  UADD22LC
  UOK22LC
  UADD22L24
  UOK22L24
  LOOPU3232D
  UADD22LD
  UOK22LD
  UOK22L
  _NEXT
  _EXIT2
  _LOOP
  _EXIT1
  _IF_FIRST
  _IF_SECOND
  _INVERCE_FIRST
  _MULT
  _INBERSE_SECOND
  _EXIT
  L_end_Mul_8x8_U
  _Mul_8x8_U
  L_end_Mul_16x16_U
  _Mul_16x16_U
  L_end_Div_8x8_U
  _Div_8x8_U
  L_end_Div_16x16_U
  _Div_16x16_U
  L_end_Mul_8x8_S
  _Mul_8x8_S
  L_end_Mul_16x16_S
  _Mul_16x16_S
  L_end_Div_16x16_S_L
  _Div_16x16_S_L
  L_end_Div_16x16_S
  _Div_16x16_S
  L_end_Div_8x8_S
  _Div_8x8_S
  L_end_SDIV3232L
  _SDIV3232L
  L_end_COMFREM
  _COMFREM
  L_end_Div_32x32_S
  _Div_32x32_S
  L_end_Div_32x32_U
  _Div_32x32_U
  L_end_Mul_32x32_U
  _Mul_32x32_U
  L_end_Mul_32x32_S
  _Mul_32x32_S
  L_loopCA2AWs
  L_CA2AWend
  _CCA2AW_Loop1
  L_loopCS2Ss
  L_CS2Send
  _CCS2S_Loop1
  L_CCS2Send
  L_loopFZinSWs
  L_FZinSend
  _CC2D_Loop1
  L_end_____DoICP
  _____DoICP
  L_end_____DoIFC
  _____DoIFC
  L_end___CA2AW
  ___CA2AW
  L_end___CCA2AW
  ___CCA2AW
  L_end___CS2S
  ___CS2S
  L_end___CCS2S
  ___CCS2S
  L_end___FZinS
  ___FZinS
  L_end___CC2DW
  ___CC2DW
  L_end_Swap
  _Swap
