;  LST file generated by mikroListExporter - v.2.0 
; Date/Time: 17/04/2015 20:24:07
;----------------------------------------------

;Address Opcode 	ASM
0x0000	0x29B6      	GOTO       438
_Mul_16x16_U:
;__Lib_Math.c,136 :: 		
;__Lib_Math.c,143 :: 		
0x0003	0x1283      	BCF        STATUS, 5
;__Lib_Math.c,144 :: 		
0x0004	0x1303      	BCF        STATUS, 6
;__Lib_Math.c,145 :: 		
0x0005	0x01FB      	CLRF       R11
;__Lib_Math.c,146 :: 		
0x0006	0x01FA      	CLRF       R10
;__Lib_Math.c,147 :: 		
0x0007	0x01F9      	CLRF       R9
;__Lib_Math.c,148 :: 		
0x0008	0x3080      	MOVLW      128
;__Lib_Math.c,149 :: 		
0x0009	0x00F8      	MOVWF      R8
;__Lib_Math.c,150 :: 		
0x000A	0x0CF1      	RRF        R1, 1
;__Lib_Math.c,151 :: 		
0x000B	0x0CF0      	RRF        R0, 1
;__Lib_Math.c,152 :: 		
0x000C	0x1C03      	BTFSS      STATUS, 0
;__Lib_Math.c,153 :: 		
0x000D	0x2817      	GOTO       $+10
;__Lib_Math.c,154 :: 		
0x000E	0x0874      	MOVF       R4, 0
;__Lib_Math.c,155 :: 		
0x000F	0x07F9      	ADDWF      R9, 1
;__Lib_Math.c,156 :: 		
0x0010	0x0875      	MOVF       R5, 0
;__Lib_Math.c,157 :: 		
0x0011	0x1803      	BTFSC      STATUS, 0
;__Lib_Math.c,158 :: 		
0x0012	0x0F75      	INCFSZ     R5, 0
;__Lib_Math.c,159 :: 		
0x0013	0x07FA      	ADDWF      R10, 1
;__Lib_Math.c,160 :: 		
0x0014	0x1803      	BTFSC      STATUS, 0
;__Lib_Math.c,161 :: 		
0x0015	0x0AFB      	INCF       R11, 1
;__Lib_Math.c,162 :: 		
0x0016	0x1003      	BCF        STATUS, 0
;__Lib_Math.c,163 :: 		
0x0017	0x1FF0      	BTFSS      R0, 7
;__Lib_Math.c,164 :: 		
0x0018	0x281F      	GOTO       $+7
;__Lib_Math.c,165 :: 		
0x0019	0x0874      	MOVF       R4, 0
;__Lib_Math.c,166 :: 		
0x001A	0x07FA      	ADDWF      R10, 1
;__Lib_Math.c,167 :: 		
0x001B	0x0875      	MOVF       R5, 0
;__Lib_Math.c,168 :: 		
0x001C	0x1803      	BTFSC      STATUS, 0
;__Lib_Math.c,169 :: 		
0x001D	0x0F75      	INCFSZ     R5, 0
;__Lib_Math.c,170 :: 		
0x001E	0x07FB      	ADDWF      R11, 1
;__Lib_Math.c,171 :: 		
0x001F	0x0CFB      	RRF        R11, 1
;__Lib_Math.c,172 :: 		
0x0020	0x0CFA      	RRF        R10, 1
;__Lib_Math.c,173 :: 		
0x0021	0x0CF9      	RRF        R9, 1
;__Lib_Math.c,174 :: 		
0x0022	0x0CF8      	RRF        R8, 1
;__Lib_Math.c,175 :: 		
0x0023	0x1C03      	BTFSS      STATUS, 0
;__Lib_Math.c,176 :: 		
0x0024	0x280A      	GOTO       $-26
;__Lib_Math.c,177 :: 		
0x0025	0x087B      	MOVF       R11, 0
;__Lib_Math.c,178 :: 		
0x0026	0x00F3      	MOVWF      R3
;__Lib_Math.c,179 :: 		
0x0027	0x087A      	MOVF       R10, 0
;__Lib_Math.c,180 :: 		
0x0028	0x00F2      	MOVWF      R2
;__Lib_Math.c,181 :: 		
0x0029	0x0879      	MOVF       R9, 0
;__Lib_Math.c,182 :: 		
0x002A	0x00F1      	MOVWF      R1
;__Lib_Math.c,183 :: 		
0x002B	0x0878      	MOVF       R8, 0
;__Lib_Math.c,184 :: 		
0x002C	0x00F0      	MOVWF      R0
;__Lib_Math.c,187 :: 		
L_end_Mul_16x16_U:
0x002D	0x0008      	RETURN
; end of _Mul_16x16_U
_Mul_32x32_U:
;__Lib_Math.c,1774 :: 		
;__Lib_Math.c,1789 :: 		
0x002E	0x1283      	BCF        STATUS, 5
;__Lib_Math.c,1790 :: 		
0x002F	0x1303      	BCF        STATUS, 6
;__Lib_Math.c,1791 :: 		
0x0030	0x3022      	MOVLW      34
;__Lib_Math.c,1792 :: 		
0x0031	0x00FC      	MOVWF      R12
;__Lib_Math.c,1793 :: 		
0x0032	0x01F8      	CLRF       R8
;__Lib_Math.c,1794 :: 		
0x0033	0x01F9      	CLRF       R9
;__Lib_Math.c,1795 :: 		
0x0034	0x01FA      	CLRF       R10
;__Lib_Math.c,1796 :: 		
0x0035	0x01FB      	CLRF       R11
;__Lib_Math.c,1798 :: 		
_NEXT:
;__Lib_Math.c,1802 :: 		
0x0036	0x03FC      	DECF       R12, 1
;__Lib_Math.c,1803 :: 		
0x0037	0x1903      	BTFSC      STATUS, 2
;__Lib_Math.c,1804 :: 		
0x0038	0x2864      	GOTO       _EXIT2
;__Lib_Math.c,1805 :: 		
0x0039	0x1003      	BCF        STATUS, 0
;__Lib_Math.c,1807 :: 		
_LOOP:
;__Lib_Math.c,1816 :: 		
0x003A	0x0CFB      	RRF        R11, 1
;__Lib_Math.c,1817 :: 		
0x003B	0x0CFA      	RRF        R10, 1
;__Lib_Math.c,1818 :: 		
0x003C	0x0CF9      	RRF        R9, 1
;__Lib_Math.c,1819 :: 		
0x003D	0x0CF8      	RRF        R8, 1
;__Lib_Math.c,1820 :: 		
0x003E	0x0CF3      	RRF        R3, 1
;__Lib_Math.c,1821 :: 		
0x003F	0x0CF2      	RRF        R2, 1
;__Lib_Math.c,1822 :: 		
0x0040	0x0CF1      	RRF        R1, 1
;__Lib_Math.c,1823 :: 		
0x0041	0x0CF0      	RRF        R0, 1
;__Lib_Math.c,1828 :: 		
0x0042	0x1C03      	BTFSS      STATUS, 0
;__Lib_Math.c,1829 :: 		
0x0043	0x2836      	GOTO       _NEXT
;__Lib_Math.c,1830 :: 		
0x0044	0x03FC      	DECF       R12, 1
;__Lib_Math.c,1831 :: 		
0x0045	0x1903      	BTFSC      STATUS, 2
;__Lib_Math.c,1832 :: 		
0x0046	0x2856      	GOTO       _EXIT1
;__Lib_Math.c,1839 :: 		
0x0047	0x0874      	MOVF       R4, 0
;__Lib_Math.c,1840 :: 		
0x0048	0x07F8      	ADDWF      R8, 1
;__Lib_Math.c,1841 :: 		
0x0049	0x0875      	MOVF       R5, 0
;__Lib_Math.c,1842 :: 		
0x004A	0x1803      	BTFSC      STATUS, 0
;__Lib_Math.c,1843 :: 		
0x004B	0x0F75      	INCFSZ     R5, 0
;__Lib_Math.c,1844 :: 		
0x004C	0x07F9      	ADDWF      R9, 1
;__Lib_Math.c,1845 :: 		
0x004D	0x0876      	MOVF       R6, 0
;__Lib_Math.c,1846 :: 		
0x004E	0x1803      	BTFSC      STATUS, 0
;__Lib_Math.c,1847 :: 		
0x004F	0x0F76      	INCFSZ     R6, 0
;__Lib_Math.c,1848 :: 		
0x0050	0x07FA      	ADDWF      R10, 1
;__Lib_Math.c,1849 :: 		
0x0051	0x0877      	MOVF       R7, 0
;__Lib_Math.c,1850 :: 		
0x0052	0x1803      	BTFSC      STATUS, 0
;__Lib_Math.c,1851 :: 		
0x0053	0x0F77      	INCFSZ     R7, 0
;__Lib_Math.c,1852 :: 		
0x0054	0x07FB      	ADDWF      R11, 1
;__Lib_Math.c,1854 :: 		
0x0055	0x283A      	GOTO       _LOOP
;__Lib_Math.c,1856 :: 		
_EXIT1:
;__Lib_Math.c,1861 :: 		
0x0056	0x0874      	MOVF       R4, 0
;__Lib_Math.c,1862 :: 		
0x0057	0x07F8      	ADDWF      R8, 1
;__Lib_Math.c,1863 :: 		
0x0058	0x0875      	MOVF       R5, 0
;__Lib_Math.c,1864 :: 		
0x0059	0x1803      	BTFSC      STATUS, 0
;__Lib_Math.c,1865 :: 		
0x005A	0x0F75      	INCFSZ     R5, 0
;__Lib_Math.c,1866 :: 		
0x005B	0x07F9      	ADDWF      R9, 1
;__Lib_Math.c,1867 :: 		
0x005C	0x0876      	MOVF       R6, 0
;__Lib_Math.c,1868 :: 		
0x005D	0x1803      	BTFSC      STATUS, 0
;__Lib_Math.c,1869 :: 		
0x005E	0x0F76      	INCFSZ     R6, 0
;__Lib_Math.c,1870 :: 		
0x005F	0x07FA      	ADDWF      R10, 1
;__Lib_Math.c,1871 :: 		
0x0060	0x0877      	MOVF       R7, 0
;__Lib_Math.c,1872 :: 		
0x0061	0x1803      	BTFSC      STATUS, 0
;__Lib_Math.c,1873 :: 		
0x0062	0x0F77      	INCFSZ     R7, 0
;__Lib_Math.c,1874 :: 		
0x0063	0x07FB      	ADDWF      R11, 1
;__Lib_Math.c,1877 :: 		
_EXIT2:
;__Lib_Math.c,1879 :: 		
L_end_Mul_32x32_U:
0x0064	0x0008      	RETURN
; end of _Mul_32x32_U
_Div_16x16_S_L:
;__Lib_Math.c,420 :: 		
;__Lib_Math.c,426 :: 		
0x0065	0x0D71      	RLF        R1, 0
;__Lib_Math.c,427 :: 		
0x0066	0x0DF8      	RLF        R8, 1
;__Lib_Math.c,428 :: 		
0x0067	0x0DF9      	RLF        R9, 1
;__Lib_Math.c,429 :: 		
0x0068	0x0874      	MOVF       R4, 0
;__Lib_Math.c,430 :: 		
0x0069	0x02F8      	SUBWF      R8, 1
;__Lib_Math.c,431 :: 		
0x006A	0x0875      	MOVF       R5, 0
;__Lib_Math.c,432 :: 		
0x006B	0x1C03      	BTFSS      STATUS, 0
;__Lib_Math.c,433 :: 		
0x006C	0x0F75      	INCFSZ     R5, 0
;__Lib_Math.c,434 :: 		
0x006D	0x02F9      	SUBWF      R9, 1
;__Lib_Math.c,435 :: 		
0x006E	0x0DF0      	RLF        R0, 1
;__Lib_Math.c,436 :: 		
0x006F	0x0DF1      	RLF        R1, 1
;__Lib_Math.c,438 :: 		
0x0070	0x300F      	MOVLW      15
;__Lib_Math.c,439 :: 		
0x0071	0x00FC      	MOVWF      R12
;__Lib_Math.c,441 :: 		
0x0072	0x0D71      	RLF        R1, 0
;__Lib_Math.c,442 :: 		
0x0073	0x0DF8      	RLF        R8, 1
;__Lib_Math.c,443 :: 		
0x0074	0x0DF9      	RLF        R9, 1
;__Lib_Math.c,444 :: 		
0x0075	0x0874      	MOVF       R4, 0
;__Lib_Math.c,446 :: 		
0x0076	0x1C70      	BTFSS      R0, 0
;__Lib_Math.c,447 :: 		
0x0077	0x287E      	GOTO       $+7
;__Lib_Math.c,448 :: 		
0x0078	0x02F8      	SUBWF      R8, 1
;__Lib_Math.c,449 :: 		
0x0079	0x0875      	MOVF       R5, 0
;__Lib_Math.c,450 :: 		
0x007A	0x1C03      	BTFSS      STATUS, 0
;__Lib_Math.c,451 :: 		
0x007B	0x0F75      	INCFSZ     R5, 0
;__Lib_Math.c,452 :: 		
0x007C	0x02F9      	SUBWF      R9, 1
;__Lib_Math.c,453 :: 		
0x007D	0x2883      	GOTO       $+6
;__Lib_Math.c,455 :: 		
0x007E	0x07F8      	ADDWF      R8, 1
;__Lib_Math.c,456 :: 		
0x007F	0x0875      	MOVF       R5, 0
;__Lib_Math.c,457 :: 		
0x0080	0x1803      	BTFSC      STATUS, 0
;__Lib_Math.c,458 :: 		
0x0081	0x0F75      	INCFSZ     R5, 0
;__Lib_Math.c,459 :: 		
0x0082	0x07F9      	ADDWF      R9, 1
;__Lib_Math.c,461 :: 		
0x0083	0x0DF0      	RLF        R0, 1
;__Lib_Math.c,462 :: 		
0x0084	0x0DF1      	RLF        R1, 1
;__Lib_Math.c,464 :: 		
0x0085	0x0BFC      	DECFSZ     R12, 1
;__Lib_Math.c,465 :: 		
0x0086	0x2872      	GOTO       $-20
;__Lib_Math.c,467 :: 		
0x0087	0x1870      	BTFSC      R0, 0
;__Lib_Math.c,468 :: 		
0x0088	0x288F      	GOTO       $+7
;__Lib_Math.c,469 :: 		
0x0089	0x0874      	MOVF       R4, 0
;__Lib_Math.c,470 :: 		
0x008A	0x07F8      	ADDWF      R8, 1
;__Lib_Math.c,471 :: 		
0x008B	0x0875      	MOVF       R5, 0
;__Lib_Math.c,472 :: 		
0x008C	0x1803      	BTFSC      STATUS, 0
;__Lib_Math.c,473 :: 		
0x008D	0x0F75      	INCFSZ     R5, 0
;__Lib_Math.c,474 :: 		
0x008E	0x07F9      	ADDWF      R9, 1
;__Lib_Math.c,475 :: 		
0x008F	0x0000      	NOP
;__Lib_Math.c,477 :: 		
L_end_Div_16x16_S_L:
0x0090	0x0008      	RETURN
; end of _Div_16x16_S_L
_____DoICP:
;__Lib_System.c,6 :: 		
;__Lib_System.c,9 :: 		
0x0091	0x1283      	BCF        STATUS, 5
0x0092	0x1303      	BCF        STATUS, 6
0x0093	0x0825      	MOVF       ___DoICPAddr+1, 0
0x0094	0x008A      	MOVWF      PCLATH
;__Lib_System.c,10 :: 		
0x0095	0x0824      	MOVF       ___DoICPAddr, 0
0x0096	0x0082      	MOVWF      PCL
;__Lib_System.c,12 :: 		
L_end_____DoICP:
0x0097	0x0008      	RETURN
; end of _____DoICP
_pot:
;EXP0.c,34 :: 		int pot(int val, int power) {
;EXP0.c,35 :: 		int ret = val, i = 1;
0x0098	0x1283      	BCF        STATUS, 5
0x0099	0x1303      	BCF        STATUS, 6
0x009A	0x082A      	MOVF       FARG_pot_val, 0
0x009B	0x00AE      	MOVWF      pot_ret_L0
0x009C	0x082B      	MOVF       FARG_pot_val+1, 0
0x009D	0x00AF      	MOVWF      pot_ret_L0+1
0x009E	0x3001      	MOVLW      1
0x009F	0x00B0      	MOVWF      pot_i_L0
0x00A0	0x3000      	MOVLW      0
0x00A1	0x00B1      	MOVWF      pot_i_L0+1
;EXP0.c,36 :: 		if(power == 0) return 1;
0x00A2	0x3000      	MOVLW      0
0x00A3	0x062D      	XORWF      FARG_pot_power+1, 0
0x00A4	0x1D03      	BTFSS      STATUS, 2
0x00A5	0x28A8      	GOTO       L__pot13
0x00A6	0x3000      	MOVLW      0
0x00A7	0x062C      	XORWF      FARG_pot_power, 0
L__pot13:
0x00A8	0x1D03      	BTFSS      STATUS, 2
0x00A9	0x28AF      	GOTO       L_pot5
0x00AA	0x3001      	MOVLW      1
0x00AB	0x00F0      	MOVWF      R0
0x00AC	0x3000      	MOVLW      0
0x00AD	0x00F1      	MOVWF      R0+1
0x00AE	0x28D0      	GOTO       L_end_pot
L_pot5:
;EXP0.c,37 :: 		while(i < power) {
L_pot6:
0x00AF	0x3080      	MOVLW      128
0x00B0	0x0631      	XORWF      pot_i_L0+1, 0
0x00B1	0x00F0      	MOVWF      R0
0x00B2	0x3080      	MOVLW      128
0x00B3	0x062D      	XORWF      FARG_pot_power+1, 0
0x00B4	0x0270      	SUBWF      R0, 0
0x00B5	0x1D03      	BTFSS      STATUS, 2
0x00B6	0x28B9      	GOTO       L__pot14
0x00B7	0x082C      	MOVF       FARG_pot_power, 0
0x00B8	0x0230      	SUBWF      pot_i_L0, 0
L__pot14:
0x00B9	0x1803      	BTFSC      STATUS, 0
0x00BA	0x28CC      	GOTO       L_pot7
;EXP0.c,38 :: 		ret *= val;
0x00BB	0x082E      	MOVF       pot_ret_L0, 0
0x00BC	0x00F0      	MOVWF      R0
0x00BD	0x082F      	MOVF       pot_ret_L0+1, 0
0x00BE	0x00F1      	MOVWF      R0+1
0x00BF	0x082A      	MOVF       FARG_pot_val, 0
0x00C0	0x00F4      	MOVWF      R4
0x00C1	0x082B      	MOVF       FARG_pot_val+1, 0
0x00C2	0x00F5      	MOVWF      R4+1
0x00C3	0x2003      	CALL       _Mul_16x16_U
0x00C4	0x0870      	MOVF       R0, 0
0x00C5	0x00AE      	MOVWF      pot_ret_L0
0x00C6	0x0871      	MOVF       R0+1, 0
0x00C7	0x00AF      	MOVWF      pot_ret_L0+1
;EXP0.c,39 :: 		i++;
0x00C8	0x0AB0      	INCF       pot_i_L0, 1
0x00C9	0x1903      	BTFSC      STATUS, 2
0x00CA	0x0AB1      	INCF       pot_i_L0+1, 1
;EXP0.c,40 :: 		}
0x00CB	0x28AF      	GOTO       L_pot6
L_pot7:
;EXP0.c,41 :: 		return ret;
0x00CC	0x082E      	MOVF       pot_ret_L0, 0
0x00CD	0x00F0      	MOVWF      R0
0x00CE	0x082F      	MOVF       pot_ret_L0+1, 0
0x00CF	0x00F1      	MOVWF      R0+1
;EXP0.c,42 :: 		}
L_end_pot:
0x00D0	0x0008      	RETURN
; end of _pot
_Div_16x16_S:
;__Lib_Math.c,479 :: 		
;__Lib_Math.c,487 :: 		
0x00D1	0x1283      	BCF        STATUS, 5
0x00D2	0x1303      	BCF        STATUS, 6
0x00D3	0x0874      	MOVF       R4, 0
0x00D4	0x3A00      	XORLW      0
0x00D5	0x1D03      	BTFSS      STATUS, 2
0x00D6	0x28E0      	GOTO       L_Div_16x16_S0
;__Lib_Math.c,488 :: 		
0x00D7	0x0875      	MOVF       R5, 0
0x00D8	0x3A00      	XORLW      0
0x00D9	0x1D03      	BTFSS      STATUS, 2
0x00DA	0x28E0      	GOTO       L_Div_16x16_S1
;__Lib_Math.c,489 :: 		
0x00DB	0x30FF      	MOVLW      255
0x00DC	0x00F0      	MOVWF      R0
;__Lib_Math.c,490 :: 		
0x00DD	0x307F      	MOVLW      127
0x00DE	0x00F1      	MOVWF      R1
;__Lib_Math.c,491 :: 		
0x00DF	0x2939      	GOTO       L_end_Div_16x16_S
;__Lib_Math.c,492 :: 		
L_Div_16x16_S1:
L_Div_16x16_S0:
;__Lib_Math.c,495 :: 		
0x00E0	0x1283      	BCF        STATUS, 5
;__Lib_Math.c,496 :: 		
0x00E1	0x1303      	BCF        STATUS, 6
;__Lib_Math.c,497 :: 		
0x00E2	0x01FD      	CLRF       R13
;__Lib_Math.c,498 :: 		
0x00E3	0x01F9      	CLRF       R9
;__Lib_Math.c,499 :: 		
0x00E4	0x01F8      	CLRF       R8
;__Lib_Math.c,500 :: 		
0x00E5	0x0871      	MOVF       R1, 0
;__Lib_Math.c,501 :: 		
0x00E6	0x0470      	IORWF      R0, 0
;__Lib_Math.c,502 :: 		
0x00E7	0x1903      	BTFSC      STATUS, 2
;__Lib_Math.c,503 :: 		
0x00E8	0x3400      	RETLW      0
;__Lib_Math.c,505 :: 		
0x00E9	0x0871      	MOVF       R1, 0
;__Lib_Math.c,506 :: 		
0x00EA	0x0675      	XORWF      R5, 0
;__Lib_Math.c,507 :: 		
0x00EB	0x00FA      	MOVWF      R10
;__Lib_Math.c,508 :: 		
0x00EC	0x1BFA      	BTFSC      R10, 7
;__Lib_Math.c,509 :: 		
0x00ED	0x09FD      	COMF       R13, 1
;__Lib_Math.c,511 :: 		
0x00EE	0x01FB      	CLRF       R11
;__Lib_Math.c,513 :: 		
0x00EF	0x1FF5      	BTFSS      R5, 7
;__Lib_Math.c,514 :: 		
0x00F0	0x28F6      	GOTO       $+6
;__Lib_Math.c,516 :: 		
0x00F1	0x09F4      	COMF       R4, 1
;__Lib_Math.c,517 :: 		
0x00F2	0x09F5      	COMF       R5, 1
;__Lib_Math.c,518 :: 		
0x00F3	0x0AF4      	INCF       R4, 1
;__Lib_Math.c,519 :: 		
0x00F4	0x1903      	BTFSC      STATUS, 2
;__Lib_Math.c,520 :: 		
0x00F5	0x0AF5      	INCF       R5, 1
;__Lib_Math.c,522 :: 		
0x00F6	0x1FF1      	BTFSS      R1, 7
;__Lib_Math.c,523 :: 		
0x00F7	0x28FD      	GOTO       $+6
;__Lib_Math.c,525 :: 		
0x00F8	0x09F0      	COMF       R0, 1
;__Lib_Math.c,526 :: 		
0x00F9	0x09F1      	COMF       R1, 1
;__Lib_Math.c,527 :: 		
0x00FA	0x0AF0      	INCF       R0, 1
;__Lib_Math.c,528 :: 		
0x00FB	0x1903      	BTFSC      STATUS, 2
;__Lib_Math.c,529 :: 		
0x00FC	0x0AF1      	INCF       R1, 1
;__Lib_Math.c,531 :: 		
0x00FD	0x0871      	MOVF       R1, 0
;__Lib_Math.c,532 :: 		
0x00FE	0x0475      	IORWF      R5, 0
;__Lib_Math.c,533 :: 		
0x00FF	0x00FA      	MOVWF      R10
;__Lib_Math.c,534 :: 		
0x0100	0x1BFA      	BTFSC      R10, 7
;__Lib_Math.c,535 :: 		
0x0101	0x2912      	GOTO       $+17
;__Lib_Math.c,537 :: 		
0x0102	0x2065      	CALL       _Div_16x16_S_L
;__Lib_Math.c,539 :: 		
0x0103	0x187B      	BTFSC      R11, 0
;__Lib_Math.c,540 :: 		
0x0104	0x2925      	GOTO       $+33
;__Lib_Math.c,542 :: 		
0x0105	0x1FFD      	BTFSS      R13, 7
;__Lib_Math.c,543 :: 		
0x0106	0x3400      	RETLW      0
;__Lib_Math.c,545 :: 		
0x0107	0x09F0      	COMF       R0, 1
;__Lib_Math.c,546 :: 		
0x0108	0x09F1      	COMF       R1, 1
;__Lib_Math.c,547 :: 		
0x0109	0x0AF0      	INCF       R0, 1
;__Lib_Math.c,548 :: 		
0x010A	0x1903      	BTFSC      STATUS, 2
;__Lib_Math.c,549 :: 		
0x010B	0x0AF1      	INCF       R1, 1
;__Lib_Math.c,551 :: 		
0x010C	0x09F8      	COMF       R8, 1
;__Lib_Math.c,552 :: 		
0x010D	0x09F9      	COMF       R9, 1
;__Lib_Math.c,553 :: 		
0x010E	0x0AF8      	INCF       R8, 1
;__Lib_Math.c,554 :: 		
0x010F	0x1903      	BTFSC      STATUS, 2
;__Lib_Math.c,555 :: 		
0x0110	0x0AF9      	INCF       R9, 1
;__Lib_Math.c,557 :: 		
0x0111	0x3400      	RETLW      0
;__Lib_Math.c,559 :: 		
0x0112	0x1FF5      	BTFSS      R5, 7
;__Lib_Math.c,560 :: 		
0x0113	0x2921      	GOTO       $+14
;__Lib_Math.c,561 :: 		
0x0114	0x1BF1      	BTFSC      R1, 7
;__Lib_Math.c,562 :: 		
0x0115	0x291D      	GOTO       $+8
;__Lib_Math.c,563 :: 		
0x0116	0x0871      	MOVF       R1, 0
;__Lib_Math.c,564 :: 		
0x0117	0x00F9      	MOVWF      R9
;__Lib_Math.c,565 :: 		
0x0118	0x0870      	MOVF       R0, 0
;__Lib_Math.c,566 :: 		
0x0119	0x00F8      	MOVWF      R8
;__Lib_Math.c,567 :: 		
0x011A	0x01F1      	CLRF       R1
;__Lib_Math.c,568 :: 		
0x011B	0x01F0      	CLRF       R0
;__Lib_Math.c,569 :: 		
0x011C	0x2905      	GOTO       $-23
;__Lib_Math.c,570 :: 		
0x011D	0x01F1      	CLRF       R1
;__Lib_Math.c,571 :: 		
0x011E	0x01F0      	CLRF       R0
;__Lib_Math.c,572 :: 		
0x011F	0x0AF0      	INCF       R0, 1
;__Lib_Math.c,573 :: 		
0x0120	0x3400      	RETLW      0
;__Lib_Math.c,575 :: 		
0x0121	0x09F1      	COMF       R1, 1
;__Lib_Math.c,576 :: 		
0x0122	0x09F0      	COMF       R0, 1
;__Lib_Math.c,577 :: 		
0x0123	0x0AFB      	INCF       R11, 1
;__Lib_Math.c,578 :: 		
0x0124	0x2902      	GOTO       $-34
;__Lib_Math.c,580 :: 		
0x0125	0x0AF8      	INCF       R8, 1
;__Lib_Math.c,581 :: 		
0x0126	0x1903      	BTFSC      STATUS, 2
;__Lib_Math.c,582 :: 		
0x0127	0x0AF9      	INCF       R9, 1
;__Lib_Math.c,583 :: 		
0x0128	0x0874      	MOVF       R4, 0
;__Lib_Math.c,584 :: 		
0x0129	0x0278      	SUBWF      R8, 0
;__Lib_Math.c,585 :: 		
0x012A	0x1D03      	BTFSS      STATUS, 2
;__Lib_Math.c,586 :: 		
0x012B	0x2905      	GOTO       $-38
;__Lib_Math.c,587 :: 		
0x012C	0x0875      	MOVF       R5, 0
;__Lib_Math.c,588 :: 		
0x012D	0x0279      	SUBWF      R9, 0
;__Lib_Math.c,589 :: 		
0x012E	0x1D03      	BTFSS      STATUS, 2
;__Lib_Math.c,590 :: 		
0x012F	0x2905      	GOTO       $-42
;__Lib_Math.c,591 :: 		
0x0130	0x01F9      	CLRF       R9
;__Lib_Math.c,592 :: 		
0x0131	0x01F8      	CLRF       R8
;__Lib_Math.c,593 :: 		
0x0132	0x0AF0      	INCF       R0, 1
;__Lib_Math.c,594 :: 		
0x0133	0x1903      	BTFSC      STATUS, 2
;__Lib_Math.c,595 :: 		
0x0134	0x0AF1      	INCF       R1, 1
;__Lib_Math.c,596 :: 		
0x0135	0x1FF1      	BTFSS      R1, 7
;__Lib_Math.c,597 :: 		
0x0136	0x2905      	GOTO       $-49
;__Lib_Math.c,598 :: 		
0x0137	0x0000      	NOP
;__Lib_Math.c,599 :: 		
0x0138	0x34FF      	RETLW      255
;__Lib_Math.c,601 :: 		
L_end_Div_16x16_S:
0x0139	0x0008      	RETURN
; end of _Div_16x16_S
_VDelay_ms:
;__Lib_Delays.c,82 :: 		void VDelay_ms(unsigned Time_ms){
;__Lib_Delays.c,84 :: 		NumberOfCyc = Clock_kHz()>>2; // this will be done by compiler, no asm will be genereated except that for assignment;
0x013A	0x30D0      	MOVLW      208
0x013B	0x1283      	BCF        STATUS, 5
0x013C	0x1303      	BCF        STATUS, 6
0x013D	0x00AC      	MOVWF      VDelay_ms_NumberOfCyc_L0
0x013E	0x3007      	MOVLW      7
0x013F	0x00AD      	MOVWF      VDelay_ms_NumberOfCyc_L0+1
0x0140	0x01AE      	CLRF       VDelay_ms_NumberOfCyc_L0+2
0x0141	0x01AF      	CLRF       VDelay_ms_NumberOfCyc_L0+3
;__Lib_Delays.c,85 :: 		NumberOfCyc *= Time_ms;
0x0142	0x30D0      	MOVLW      208
0x0143	0x00F0      	MOVWF      R0
0x0144	0x3007      	MOVLW      7
0x0145	0x00F1      	MOVWF      R0+1
0x0146	0x3000      	MOVLW      0
0x0147	0x00F2      	MOVWF      R0+2
0x0148	0x3000      	MOVLW      0
0x0149	0x00F3      	MOVWF      R0+3
0x014A	0x082A      	MOVF       FARG_VDelay_ms_Time_ms, 0
0x014B	0x00F4      	MOVWF      R4
0x014C	0x082B      	MOVF       FARG_VDelay_ms_Time_ms+1, 0
0x014D	0x00F5      	MOVWF      R4+1
0x014E	0x01F6      	CLRF       R4+2
0x014F	0x01F7      	CLRF       R4+3
0x0150	0x202E      	CALL       _Mul_32x32_U
0x0151	0x0870      	MOVF       R0, 0
0x0152	0x00AC      	MOVWF      VDelay_ms_NumberOfCyc_L0
0x0153	0x0871      	MOVF       R0+1, 0
0x0154	0x00AD      	MOVWF      VDelay_ms_NumberOfCyc_L0+1
0x0155	0x0872      	MOVF       R0+2, 0
0x0156	0x00AE      	MOVWF      VDelay_ms_NumberOfCyc_L0+2
0x0157	0x0873      	MOVF       R0+3, 0
0x0158	0x00AF      	MOVWF      VDelay_ms_NumberOfCyc_L0+3
;__Lib_Delays.c,86 :: 		if (NumberOfCyc < 690)
0x0159	0x3000      	MOVLW      0
0x015A	0x0273      	SUBWF      R0+3, 0
0x015B	0x1D03      	BTFSS      STATUS, 2
0x015C	0x2967      	GOTO       L__VDelay_ms38
0x015D	0x3000      	MOVLW      0
0x015E	0x0272      	SUBWF      R0+2, 0
0x015F	0x1D03      	BTFSS      STATUS, 2
0x0160	0x2967      	GOTO       L__VDelay_ms38
0x0161	0x3002      	MOVLW      2
0x0162	0x0271      	SUBWF      R0+1, 0
0x0163	0x1D03      	BTFSS      STATUS, 2
0x0164	0x2967      	GOTO       L__VDelay_ms38
0x0165	0x30B2      	MOVLW      178
0x0166	0x0270      	SUBWF      R0, 0
L__VDelay_ms38:
0x0167	0x1803      	BTFSC      STATUS, 0
0x0168	0x296A      	GOTO       L_VDelay_ms15
;__Lib_Delays.c,87 :: 		return;
0x0169	0x29A9      	GOTO       L_end_VDelay_ms
L_VDelay_ms15:
;__Lib_Delays.c,88 :: 		NumberOfCyc -= 690;
0x016A	0x30B2      	MOVLW      178
0x016B	0x00F0      	MOVWF      R0
0x016C	0x3002      	MOVLW      2
0x016D	0x00F1      	MOVWF      R0+1
0x016E	0x01F2      	CLRF       R0+2
0x016F	0x01F3      	CLRF       R0+3
0x0170	0x0870      	MOVF       R0, 0
0x0171	0x02AC      	SUBWF      VDelay_ms_NumberOfCyc_L0, 1
0x0172	0x0871      	MOVF       R0+1, 0
0x0173	0x1C03      	BTFSS      STATUS, 0
0x0174	0x0F71      	INCFSZ     R0+1, 0
0x0175	0x02AD      	SUBWF      VDelay_ms_NumberOfCyc_L0+1, 1
0x0176	0x0872      	MOVF       R0+2, 0
0x0177	0x1C03      	BTFSS      STATUS, 0
0x0178	0x0F72      	INCFSZ     R0+2, 0
0x0179	0x02AE      	SUBWF      VDelay_ms_NumberOfCyc_L0+2, 1
0x017A	0x0873      	MOVF       R0+3, 0
0x017B	0x1C03      	BTFSS      STATUS, 0
0x017C	0x0F73      	INCFSZ     R0+3, 0
0x017D	0x02AF      	SUBWF      VDelay_ms_NumberOfCyc_L0+3, 1
;__Lib_Delays.c,89 :: 		NumberOfCyc =  NumberOfCyc >> 5; // Dec and While below take around 32 instructions
0x017E	0x3005      	MOVLW      5
0x017F	0x00F0      	MOVWF      R0
0x0180	0x0870      	MOVF       R0, 0
L__VDelay_ms39:
0x0181	0x1903      	BTFSC      STATUS, 2
0x0182	0x298A      	GOTO       L__VDelay_ms40
0x0183	0x0CAF      	RRF        VDelay_ms_NumberOfCyc_L0+3, 1
0x0184	0x0CAE      	RRF        VDelay_ms_NumberOfCyc_L0+2, 1
0x0185	0x0CAD      	RRF        VDelay_ms_NumberOfCyc_L0+1, 1
0x0186	0x0CAC      	RRF        VDelay_ms_NumberOfCyc_L0, 1
0x0187	0x13AF      	BCF        VDelay_ms_NumberOfCyc_L0+3, 7
0x0188	0x3EFF      	ADDLW      255
0x0189	0x2981      	GOTO       L__VDelay_ms39
L__VDelay_ms40:
;__Lib_Delays.c,90 :: 		while (NumberOfCyc--)
L_VDelay_ms16:
0x018A	0x082C      	MOVF       VDelay_ms_NumberOfCyc_L0, 0
0x018B	0x00F0      	MOVWF      R0
0x018C	0x082D      	MOVF       VDelay_ms_NumberOfCyc_L0+1, 0
0x018D	0x00F1      	MOVWF      R0+1
0x018E	0x082E      	MOVF       VDelay_ms_NumberOfCyc_L0+2, 0
0x018F	0x00F2      	MOVWF      R0+2
0x0190	0x082F      	MOVF       VDelay_ms_NumberOfCyc_L0+3, 0
0x0191	0x00F3      	MOVWF      R0+3
0x0192	0x3001      	MOVLW      1
0x0193	0x02AC      	SUBWF      VDelay_ms_NumberOfCyc_L0, 1
0x0194	0x1C03      	BTFSS      STATUS, 0
0x0195	0x02AD      	SUBWF      VDelay_ms_NumberOfCyc_L0+1, 1
0x0196	0x1C03      	BTFSS      STATUS, 0
0x0197	0x02AE      	SUBWF      VDelay_ms_NumberOfCyc_L0+2, 1
0x0198	0x1C03      	BTFSS      STATUS, 0
0x0199	0x02AF      	SUBWF      VDelay_ms_NumberOfCyc_L0+3, 1
0x019A	0x0870      	MOVF       R0, 0
0x019B	0x0471      	IORWF      R0+1, 0
0x019C	0x0472      	IORWF      R0+2, 0
0x019D	0x0473      	IORWF      R0+3, 0
0x019E	0x1903      	BTFSC      STATUS, 2
0x019F	0x29A9      	GOTO       L_VDelay_ms17
;__Lib_Delays.c,92 :: 		asm nop;
0x01A0	0x0000      	NOP
;__Lib_Delays.c,93 :: 		asm nop;
0x01A1	0x0000      	NOP
;__Lib_Delays.c,94 :: 		asm nop;
0x01A2	0x0000      	NOP
;__Lib_Delays.c,95 :: 		asm nop;
0x01A3	0x0000      	NOP
;__Lib_Delays.c,96 :: 		asm nop;
0x01A4	0x0000      	NOP
;__Lib_Delays.c,97 :: 		asm nop;
0x01A5	0x0000      	NOP
;__Lib_Delays.c,98 :: 		asm nop;
0x01A6	0x0000      	NOP
;__Lib_Delays.c,99 :: 		asm nop;
0x01A7	0x0000      	NOP
;__Lib_Delays.c,100 :: 		}
0x01A8	0x298A      	GOTO       L_VDelay_ms16
L_VDelay_ms17:
;__Lib_Delays.c,101 :: 		}
L_end_VDelay_ms:
0x01A9	0x0008      	RETURN
; end of _VDelay_ms
___CC2DW:
;__Lib_System.c,134 :: 		
;__Lib_System.c,137 :: 		
_CC2D_Loop1:
;__Lib_System.c,139 :: 		
0x01AA	0x2091      	CALL       _____DoICP
0x01AB	0x118A      	BCF        PCLATH, 3
0x01AC	0x120A      	BCF        PCLATH, 4
;__Lib_System.c,141 :: 		
0x01AD	0x0080      	MOVWF      INDF
;__Lib_System.c,142 :: 		
0x01AE	0x0A84      	INCF       FSR, 1
;__Lib_System.c,143 :: 		
0x01AF	0x0AA4      	INCF       ___DoICPAddr, 1
;__Lib_System.c,145 :: 		
0x01B0	0x1903      	BTFSC      STATUS, 2
;__Lib_System.c,146 :: 		
0x01B1	0x0AA5      	INCF       ___DoICPAddr+1, 1
;__Lib_System.c,147 :: 		
0x01B2	0x03F0      	DECF       R0, 1
;__Lib_System.c,149 :: 		
0x01B3	0x1D03      	BTFSS      STATUS, 2
;__Lib_System.c,150 :: 		
0x01B4	0x29AA      	GOTO       _CC2D_Loop1
;__Lib_System.c,152 :: 		
L_end___CC2DW:
0x01B5	0x0008      	RETURN
; end of ___CC2DW
_main:
0x01B6	0x3001      	MOVLW      1
0x01B7	0x1283      	BCF        STATUS, 5
0x01B8	0x1303      	BCF        STATUS, 6
0x01B9	0x00A0      	MOVWF      _t
0x01BA	0x01A1      	CLRF       33
0x01BB	0x301E      	MOVLW      30
0x01BC	0x00A2      	MOVWF      _time
0x01BD	0x01A3      	CLRF       35
;EXP0.c,5 :: 		void main() {
;EXP0.c,7 :: 		int count = 0;
0x01BE	0x01A8      	CLRF       main_count_L0
0x01BF	0x01A9      	CLRF       main_count_L0+1
;EXP0.c,9 :: 		TRISB = 0b00000000;
0x01C0	0x1683      	BSF        STATUS, 5
0x01C1	0x0186      	CLRF       TRISB
;EXP0.c,10 :: 		TRISD = 0b00000000;
0x01C2	0x0188      	CLRF       TRISD
;EXP0.c,11 :: 		PORTB = 0b00000000;
0x01C3	0x1283      	BCF        STATUS, 5
0x01C4	0x0186      	CLRF       PORTB
;EXP0.c,12 :: 		PORTD = 0b00000000;
0x01C5	0x0188      	CLRF       PORTD
;EXP0.c,14 :: 		while(t % (time + 1) != 0) {
L_main0:
0x01C6	0x0822      	MOVF       _time, 0
0x01C7	0x3E01      	ADDLW      1
0x01C8	0x00F4      	MOVWF      R4
0x01C9	0x3000      	MOVLW      0
0x01CA	0x1803      	BTFSC      STATUS, 0
0x01CB	0x3E01      	ADDLW      1
0x01CC	0x0723      	ADDWF      _time+1, 0
0x01CD	0x00F5      	MOVWF      R4+1
0x01CE	0x0820      	MOVF       _t, 0
0x01CF	0x00F0      	MOVWF      R0
0x01D0	0x0821      	MOVF       _t+1, 0
0x01D1	0x00F1      	MOVWF      R0+1
0x01D2	0x20D1      	CALL       _Div_16x16_S
0x01D3	0x0878      	MOVF       R8, 0
0x01D4	0x00F0      	MOVWF      R0
0x01D5	0x0879      	MOVF       R8+1, 0
0x01D6	0x00F1      	MOVWF      R0+1
0x01D7	0x3000      	MOVLW      0
0x01D8	0x0671      	XORWF      R0+1, 0
0x01D9	0x1D03      	BTFSS      STATUS, 2
0x01DA	0x29DD      	GOTO       L__main9
0x01DB	0x3000      	MOVLW      0
0x01DC	0x0670      	XORWF      R0, 0
L__main9:
0x01DD	0x1903      	BTFSC      STATUS, 2
0x01DE	0x2A20      	GOTO       L_main1
;EXP0.c,16 :: 		int fact = 0;
0x01DF	0x01A6      	CLRF       main_fact_L1
0x01E0	0x01A7      	CLRF       main_fact_L1+1
;EXP0.c,17 :: 		while(fact < 20) {
L_main2:
0x01E1	0x3080      	MOVLW      128
0x01E2	0x0627      	XORWF      main_fact_L1+1, 0
0x01E3	0x00F0      	MOVWF      R0
0x01E4	0x3080      	MOVLW      128
0x01E5	0x0270      	SUBWF      R0, 0
0x01E6	0x1D03      	BTFSS      STATUS, 2
0x01E7	0x29EA      	GOTO       L__main10
0x01E8	0x3014      	MOVLW      20
0x01E9	0x0226      	SUBWF      main_fact_L1, 0
L__main10:
0x01EA	0x1803      	BTFSC      STATUS, 0
0x01EB	0x2A1C      	GOTO       L_main3
;EXP0.c,18 :: 		PORTB = 0b00000001 * pot(2, count);
0x01EC	0x3002      	MOVLW      2
0x01ED	0x00AA      	MOVWF      FARG_pot_val
0x01EE	0x3000      	MOVLW      0
0x01EF	0x00AB      	MOVWF      FARG_pot_val+1
0x01F0	0x0828      	MOVF       main_count_L0, 0
0x01F1	0x00AC      	MOVWF      FARG_pot_power
0x01F2	0x0829      	MOVF       main_count_L0+1, 0
0x01F3	0x00AD      	MOVWF      FARG_pot_power+1
0x01F4	0x2098      	CALL       _pot
0x01F5	0x0870      	MOVF       R0, 0
0x01F6	0x0086      	MOVWF      PORTB
;EXP0.c,19 :: 		PORTD = 0b00000001 * pot(2, 7 - count);
0x01F7	0x3002      	MOVLW      2
0x01F8	0x00AA      	MOVWF      FARG_pot_val
0x01F9	0x3000      	MOVLW      0
0x01FA	0x00AB      	MOVWF      FARG_pot_val+1
0x01FB	0x0828      	MOVF       main_count_L0, 0
0x01FC	0x3C07      	SUBLW      7
0x01FD	0x00AC      	MOVWF      FARG_pot_power
0x01FE	0x0829      	MOVF       main_count_L0+1, 0
0x01FF	0x1C03      	BTFSS      STATUS, 0
0x0200	0x3E01      	ADDLW      1
0x0201	0x01AD      	CLRF       FARG_pot_power+1
0x0202	0x02AD      	SUBWF      FARG_pot_power+1, 1
0x0203	0x2098      	CALL       _pot
0x0204	0x0870      	MOVF       R0, 0
0x0205	0x0088      	MOVWF      PORTD
;EXP0.c,20 :: 		VDelay_ms(50);
0x0206	0x3032      	MOVLW      50
0x0207	0x00AA      	MOVWF      FARG_VDelay_ms_Time_ms
0x0208	0x3000      	MOVLW      0
0x0209	0x00AB      	MOVWF      FARG_VDelay_ms_Time_ms+1
0x020A	0x213A      	CALL       _VDelay_ms
;EXP0.c,21 :: 		fact++;
0x020B	0x0AA6      	INCF       main_fact_L1, 1
0x020C	0x1903      	BTFSC      STATUS, 2
0x020D	0x0AA7      	INCF       main_fact_L1+1, 1
;EXP0.c,22 :: 		count++;
0x020E	0x0AA8      	INCF       main_count_L0, 1
0x020F	0x1903      	BTFSC      STATUS, 2
0x0210	0x0AA9      	INCF       main_count_L0+1, 1
;EXP0.c,23 :: 		if(count == 8) count = 0;
0x0211	0x3000      	MOVLW      0
0x0212	0x0629      	XORWF      main_count_L0+1, 0
0x0213	0x1D03      	BTFSS      STATUS, 2
0x0214	0x2A17      	GOTO       L__main11
0x0215	0x3008      	MOVLW      8
0x0216	0x0628      	XORWF      main_count_L0, 0
L__main11:
0x0217	0x1D03      	BTFSS      STATUS, 2
0x0218	0x2A1B      	GOTO       L_main4
0x0219	0x01A8      	CLRF       main_count_L0
0x021A	0x01A9      	CLRF       main_count_L0+1
L_main4:
;EXP0.c,24 :: 		}
0x021B	0x29E1      	GOTO       L_main2
L_main3:
;EXP0.c,26 :: 		t++;
0x021C	0x0AA0      	INCF       _t, 1
0x021D	0x1903      	BTFSC      STATUS, 2
0x021E	0x0AA1      	INCF       _t+1, 1
;EXP0.c,27 :: 		}
0x021F	0x29C6      	GOTO       L_main0
L_main1:
;EXP0.c,29 :: 		PORTB = 0b00000000;
0x0220	0x0186      	CLRF       PORTB
;EXP0.c,30 :: 		PORTD = 0b00000000;
0x0221	0x0188      	CLRF       PORTD
;EXP0.c,32 :: 		}
L_end_main:
0x0222	0x2A22      	GOTO       $+0
; end of _main
Symbol List:
//** Routines locations **
//ADDRESS    SIZE    PROCEDURE
//----------------------------------------------
0x0003      [43]    _Mul_16x16_U
0x002E      [55]    _Mul_32x32_U
0x0065      [44]    _Div_16x16_S_L
0x0091       [7]    _____DoICP
0x0098      [57]    _pot
0x00D1     [105]    _Div_16x16_S
0x013A     [112]    _VDelay_ms
0x01AA      [12]    ___CC2DW
0x01B6     [109]    _main
//** Variables locations ** 
//ADDRESS    SIZE    VARIABLE
//----------------------------------------------
0x0000       [1]    INDF
0x0002       [1]    PCL
0x0003       [1]    STATUS
0x0004       [1]    FSR
0x0006       [1]    PORTB
0x0008       [1]    PORTD
0x000A       [1]    PCLATH
0x0020       [2]    _t
0x0022       [2]    _time
0x0024       [2]    ___DoICPAddr
0x0026       [2]    main_fact_L1
0x0028       [2]    main_count_L0
0x002A       [2]    FARG_VDelay_ms_Time_ms
0x002A       [2]    FARG_pot_val
0x002C       [4]    VDelay_ms_NumberOfCyc_L0
0x002C       [2]    FARG_pot_power
0x002E       [2]    pot_ret_L0
0x0030       [2]    pot_i_L0
0x0070       [1]    R0
0x0071       [1]    R1
0x0072       [1]    R2
0x0073       [1]    R3
0x0074       [1]    R4
0x0075       [1]    R5
0x0076       [1]    R6
0x0077       [1]    R7
0x0078       [1]    R8
0x0079       [1]    R9
0x007A       [1]    R10
0x007B       [1]    R11
0x007C       [1]    R12
0x007D       [1]    R13
0x007E       [1]    R14
0x007F       [1]    R15
0x0086       [1]    TRISB
0x0088       [1]    TRISD
//** Label List: ** 
//----------------------------------------------
  L_main0
  L_main1
  L_main2
  L_main3
  L_main4
  L_pot5
  L_pot6
  L_pot7
  L_end_main
  _main
  L__main9
  L__main10
  L__main11
  L_end_pot
  _pot
  L__pot13
  L__pot14
  L_Delay_10us0
  L_Delay_22us1
  L_Delay_50us2
  L_Delay_80us3
  L_Delay_500us4
  L_Delay_5500us5
  L_Delay_1ms6
  L_Delay_5ms7
  L_Delay_8ms8
  L_Delay_10ms9
  L_Delay_100ms10
  L_Delay_1sec11
  L_boot16_Delay_5ms12
  L_Delay_Cyc13
  L_Delay_Cyc14
  L_VDelay_ms15
  L_VDelay_ms16
  L_VDelay_ms17
  L_VDelay_Advanced_ms18
  L_VDelay_Advanced_ms19
  L_VDelay_Advanced_ms20
  L_end_Get_Fosc_kHz
  _Get_Fosc_kHz
  L_end_Delay_1us
  _Delay_1us
  L_end_Delay_10us
  _Delay_10us
  L_end_Delay_22us
  _Delay_22us
  L_end_Delay_50us
  _Delay_50us
  L_end_Delay_80us
  _Delay_80us
  L_end_Delay_500us
  _Delay_500us
  L_end_Delay_5500us
  _Delay_5500us
  L_end_Delay_1ms
  _Delay_1ms
  L_end_Delay_5ms
  _Delay_5ms
  L_end_Delay_8ms
  _Delay_8ms
  L_end_Delay_10ms
  _Delay_10ms
  L_end_Delay_100ms
  _Delay_100ms
  L_end_Delay_1sec
  _Delay_1sec
  L_end_boot16_Delay_5ms
  _boot16_Delay_5ms
  L_end_Delay_Cyc
  _Delay_Cyc
  L_end_VDelay_ms
  _VDelay_ms
  L__VDelay_ms38
  L__VDelay_ms39
  L__VDelay_ms40
  L_end_VDelay_Advanced_ms
  _VDelay_Advanced_ms
  L__VDelay_Advanced_ms42
  L__VDelay_Advanced_ms43
  L__VDelay_Advanced_ms44
  L_Div_16x16_S0
  L_Div_16x16_S1
  LOOPS3232A
  SADD22LA
  SOK22LA
  SADD22L8
  SOK22L8
  LOOPS3232B
  SADD22LB
  SOK22LB
  SADD22L16
  SOK22L16
  LOOPS3232C
  SADD22LC
  SOK22LC
  SADD22L24
  SOK22L24
  LOOPS3232D
  SADD22LD
  SOK22LD
  SOK22L
  L_Div_32x32_S6
  L_Div_32x32_S7
  L_Div_32x32_S8
  L_Div_32x32_S9
  FXD3232S
  END_ALL
  CA3232S
  C3232SX
  C3232SX1
  C3232S
  C3232S2
  C3232SX4
  C3232SOK
  C3232SX3
  C3232SX2
  avoid_comfrem
  LOOPU3232A
  UADD22LA
  UOK22LA
  UADD22L8
  UOK22L8
  LOOPU3232B
  UADD22LB
  UOK22LB
  UADD22L16
  UOK22L16
  LOOPU3232C
  UADD22LC
  UOK22LC
  UADD22L24
  UOK22L24
  LOOPU3232D
  UADD22LD
  UOK22LD
  UOK22L
  _NEXT
  _EXIT2
  _LOOP
  _EXIT1
  _IF_FIRST
  _IF_SECOND
  _INVERCE_FIRST
  _MULT
  _INBERSE_SECOND
  _EXIT
  L_end_Mul_8x8_U
  _Mul_8x8_U
  L_end_Mul_16x16_U
  _Mul_16x16_U
  L_end_Div_8x8_U
  _Div_8x8_U
  L_end_Div_16x16_U
  _Div_16x16_U
  L_end_Mul_8x8_S
  _Mul_8x8_S
  L_end_Mul_16x16_S
  _Mul_16x16_S
  L_end_Div_16x16_S_L
  _Div_16x16_S_L
  L_end_Div_16x16_S
  _Div_16x16_S
  L_end_Div_8x8_S
  _Div_8x8_S
  L_end_SDIV3232L
  _SDIV3232L
  L_end_COMFREM
  _COMFREM
  L_end_Div_32x32_S
  _Div_32x32_S
  L_end_Div_32x32_U
  _Div_32x32_U
  L_end_Mul_32x32_U
  _Mul_32x32_U
  L_end_Mul_32x32_S
  _Mul_32x32_S
  L_loopCA2AWs
  L_CA2AWend
  _CCA2AW_Loop1
  L_loopCS2Ss
  L_CS2Send
  _CCS2S_Loop1
  L_CCS2Send
  L_loopFZinSWs
  L_FZinSend
  _CC2D_Loop1
  L_end_____DoICP
  _____DoICP
  L_end_____DoIFC
  _____DoIFC
  L_end___CA2AW
  ___CA2AW
  L_end___CCA2AW
  ___CCA2AW
  L_end___CS2S
  ___CS2S
  L_end___CCS2S
  ___CCS2S
  L_end___FZinS
  ___FZinS
  L_end___CC2DW
  ___CC2DW
  L_end_Swap
  _Swap
