;  LST file generated by mikroListExporter - v.2.0 
; Date/Time: 12/05/2015 11:19:05
;----------------------------------------------

;Address Opcode 	ASM
0x0000	0x2B9A      	GOTO       922
_Delay_50us:
;__Lib_Delays.c,19 :: 		void Delay_50us() {
;__Lib_Delays.c,20 :: 		Delay_us(50);
0x0003	0x3021      	MOVLW      33
0x0004	0x1283      	BCF        STATUS, 5
0x0005	0x1303      	BCF        STATUS, 6
0x0006	0x00FD      	MOVWF      R13
L_Delay_50us2:
0x0007	0x0BFD      	DECFSZ     R13, 1
0x0008	0x2807      	GOTO       L_Delay_50us2
;__Lib_Delays.c,21 :: 		}
L_end_Delay_50us:
0x0009	0x0008      	RETURN
; end of _Delay_50us
_Delay_5500us:
;__Lib_Delays.c,31 :: 		void Delay_5500us() {
;__Lib_Delays.c,32 :: 		Delay_us(5500);
0x000A	0x300F      	MOVLW      15
0x000B	0x1283      	BCF        STATUS, 5
0x000C	0x1303      	BCF        STATUS, 6
0x000D	0x00FC      	MOVWF      R12
0x000E	0x3047      	MOVLW      71
0x000F	0x00FD      	MOVWF      R13
L_Delay_5500us5:
0x0010	0x0BFD      	DECFSZ     R13, 1
0x0011	0x2810      	GOTO       L_Delay_5500us5
0x0012	0x0BFC      	DECFSZ     R12, 1
0x0013	0x2810      	GOTO       L_Delay_5500us5
0x0014	0x0000      	NOP
0x0015	0x0000      	NOP
;__Lib_Delays.c,33 :: 		}
L_end_Delay_5500us:
0x0016	0x0008      	RETURN
; end of _Delay_5500us
_Delay_1us:
;__Lib_Delays.c,7 :: 		void Delay_1us() {
;__Lib_Delays.c,8 :: 		Delay_us(1);
0x0017	0x0000      	NOP
0x0018	0x0000      	NOP
;__Lib_Delays.c,9 :: 		}
L_end_Delay_1us:
0x0019	0x0008      	RETURN
; end of _Delay_1us
_Lcd_Cmd:
;__Lib_Lcd.c,18 :: 		
;__Lib_Lcd.c,20 :: 		
0x001A	0x1283      	BCF        STATUS, 5
0x001B	0x1303      	BCF        STATUS, 6
0x001C	0x1BE0      	BTFSC      FARG_Lcd_Cmd_out_char, 7
0x001D	0x2820      	GOTO       L__Lcd_Cmd21
0x001E	0x1388      	BCF        LCD_D7, BitPos(LCD_D7+0)
0x001F	0x2821      	GOTO       L__Lcd_Cmd22
L__Lcd_Cmd21:
0x0020	0x1788      	BSF        LCD_D7, BitPos(LCD_D7+0)
L__Lcd_Cmd22:
;__Lib_Lcd.c,21 :: 		
0x0021	0x1B60      	BTFSC      FARG_Lcd_Cmd_out_char, 6
0x0022	0x2825      	GOTO       L__Lcd_Cmd23
0x0023	0x1308      	BCF        LCD_D6, BitPos(LCD_D6+0)
0x0024	0x2826      	GOTO       L__Lcd_Cmd24
L__Lcd_Cmd23:
0x0025	0x1708      	BSF        LCD_D6, BitPos(LCD_D6+0)
L__Lcd_Cmd24:
;__Lib_Lcd.c,22 :: 		
0x0026	0x1AE0      	BTFSC      FARG_Lcd_Cmd_out_char, 5
0x0027	0x282A      	GOTO       L__Lcd_Cmd25
0x0028	0x1288      	BCF        LCD_D5, BitPos(LCD_D5+0)
0x0029	0x282B      	GOTO       L__Lcd_Cmd26
L__Lcd_Cmd25:
0x002A	0x1688      	BSF        LCD_D5, BitPos(LCD_D5+0)
L__Lcd_Cmd26:
;__Lib_Lcd.c,23 :: 		
0x002B	0x1A60      	BTFSC      FARG_Lcd_Cmd_out_char, 4
0x002C	0x282F      	GOTO       L__Lcd_Cmd27
0x002D	0x1208      	BCF        LCD_D4, BitPos(LCD_D4+0)
0x002E	0x2830      	GOTO       L__Lcd_Cmd28
L__Lcd_Cmd27:
0x002F	0x1608      	BSF        LCD_D4, BitPos(LCD_D4+0)
L__Lcd_Cmd28:
;__Lib_Lcd.c,25 :: 		
0x0030	0x1827      	BTFSC      __Lib_Lcd_cmd_status, BitPos(__Lib_Lcd_cmd_status+0)
0x0031	0x2834      	GOTO       L__Lcd_Cmd29
0x0032	0x1509      	BSF        LCD_RS, BitPos(LCD_RS+0)
0x0033	0x2835      	GOTO       L__Lcd_Cmd30
L__Lcd_Cmd29:
0x0034	0x1109      	BCF        LCD_RS, BitPos(LCD_RS+0)
L__Lcd_Cmd30:
;__Lib_Lcd.c,28 :: 		
0x0035	0x1489      	BSF        LCD_EN, BitPos(LCD_EN+0)
;__Lib_Lcd.c,29 :: 		
0x0036	0x2017      	CALL       _Delay_1us
;__Lib_Lcd.c,30 :: 		
0x0037	0x1089      	BCF        LCD_EN, BitPos(LCD_EN+0)
;__Lib_Lcd.c,33 :: 		
0x0038	0x19E0      	BTFSC      FARG_Lcd_Cmd_out_char, 3
0x0039	0x283C      	GOTO       L__Lcd_Cmd31
0x003A	0x1388      	BCF        LCD_D7, BitPos(LCD_D7+0)
0x003B	0x283D      	GOTO       L__Lcd_Cmd32
L__Lcd_Cmd31:
0x003C	0x1788      	BSF        LCD_D7, BitPos(LCD_D7+0)
L__Lcd_Cmd32:
;__Lib_Lcd.c,34 :: 		
0x003D	0x1960      	BTFSC      FARG_Lcd_Cmd_out_char, 2
0x003E	0x2841      	GOTO       L__Lcd_Cmd33
0x003F	0x1308      	BCF        LCD_D6, BitPos(LCD_D6+0)
0x0040	0x2842      	GOTO       L__Lcd_Cmd34
L__Lcd_Cmd33:
0x0041	0x1708      	BSF        LCD_D6, BitPos(LCD_D6+0)
L__Lcd_Cmd34:
;__Lib_Lcd.c,35 :: 		
0x0042	0x18E0      	BTFSC      FARG_Lcd_Cmd_out_char, 1
0x0043	0x2846      	GOTO       L__Lcd_Cmd35
0x0044	0x1288      	BCF        LCD_D5, BitPos(LCD_D5+0)
0x0045	0x2847      	GOTO       L__Lcd_Cmd36
L__Lcd_Cmd35:
0x0046	0x1688      	BSF        LCD_D5, BitPos(LCD_D5+0)
L__Lcd_Cmd36:
;__Lib_Lcd.c,36 :: 		
0x0047	0x1860      	BTFSC      FARG_Lcd_Cmd_out_char, 0
0x0048	0x284B      	GOTO       L__Lcd_Cmd37
0x0049	0x1208      	BCF        LCD_D4, BitPos(LCD_D4+0)
0x004A	0x284C      	GOTO       L__Lcd_Cmd38
L__Lcd_Cmd37:
0x004B	0x1608      	BSF        LCD_D4, BitPos(LCD_D4+0)
L__Lcd_Cmd38:
;__Lib_Lcd.c,38 :: 		
0x004C	0x1827      	BTFSC      __Lib_Lcd_cmd_status, BitPos(__Lib_Lcd_cmd_status+0)
0x004D	0x2850      	GOTO       L__Lcd_Cmd39
0x004E	0x1509      	BSF        LCD_RS, BitPos(LCD_RS+0)
0x004F	0x2851      	GOTO       L__Lcd_Cmd40
L__Lcd_Cmd39:
0x0050	0x1109      	BCF        LCD_RS, BitPos(LCD_RS+0)
L__Lcd_Cmd40:
;__Lib_Lcd.c,40 :: 		
0x0051	0x1489      	BSF        LCD_EN, BitPos(LCD_EN+0)
;__Lib_Lcd.c,41 :: 		
0x0052	0x2017      	CALL       _Delay_1us
;__Lib_Lcd.c,42 :: 		
0x0053	0x1089      	BCF        LCD_EN, BitPos(LCD_EN+0)
;__Lib_Lcd.c,44 :: 		
0x0054	0x1C27      	BTFSS      __Lib_Lcd_cmd_status, BitPos(__Lib_Lcd_cmd_status+0)
0x0055	0x2858      	GOTO       L_Lcd_Cmd0
;__Lib_Lcd.c,45 :: 		
0x0056	0x200A      	CALL       _Delay_5500us
0x0057	0x2859      	GOTO       L_Lcd_Cmd1
L_Lcd_Cmd0:
;__Lib_Lcd.c,47 :: 		
0x0058	0x2003      	CALL       _Delay_50us
L_Lcd_Cmd1:
;__Lib_Lcd.c,48 :: 		
L_end_Lcd_Cmd:
0x0059	0x0008      	RETURN
; end of _Lcd_Cmd
_Lcd_Chr_CP:
;__Lib_Lcd.c,50 :: 		
;__Lib_Lcd.c,52 :: 		
0x005A	0x1283      	BCF        STATUS, 5
0x005B	0x1303      	BCF        STATUS, 6
0x005C	0x1027      	BCF        __Lib_Lcd_cmd_status, BitPos(__Lib_Lcd_cmd_status+0)
;__Lib_Lcd.c,53 :: 		
0x005D	0x085F      	MOVF       FARG_Lcd_Chr_CP_out_char, 0
0x005E	0x00E0      	MOVWF      FARG_Lcd_Cmd_out_char
0x005F	0x201A      	CALL       _Lcd_Cmd
;__Lib_Lcd.c,54 :: 		
0x0060	0x1427      	BSF        __Lib_Lcd_cmd_status, BitPos(__Lib_Lcd_cmd_status+0)
;__Lib_Lcd.c,55 :: 		
L_end_Lcd_Chr_CP:
0x0061	0x0008      	RETURN
; end of _Lcd_Chr_CP
_COMFREM:
;__Lib_Math.c,1066 :: 		
;__Lib_Math.c,1070 :: 		
0x0062	0x09FB      	COMF       R11, 1
;__Lib_Math.c,1071 :: 		
0x0063	0x09FA      	COMF       R10, 1
;__Lib_Math.c,1072 :: 		
0x0064	0x09F9      	COMF       R9, 1
;__Lib_Math.c,1073 :: 		
0x0065	0x09F8      	COMF       R8, 1
;__Lib_Math.c,1074 :: 		
0x0066	0x0AF8      	INCF       R8, 1
;__Lib_Math.c,1075 :: 		
0x0067	0x1903      	BTFSC      STATUS, 2
;__Lib_Math.c,1076 :: 		
0x0068	0x0AF9      	INCF       R9, 1
;__Lib_Math.c,1077 :: 		
0x0069	0x1903      	BTFSC      STATUS, 2
;__Lib_Math.c,1078 :: 		
0x006A	0x0AFA      	INCF       R10, 1
;__Lib_Math.c,1079 :: 		
0x006B	0x1903      	BTFSC      STATUS, 2
;__Lib_Math.c,1080 :: 		
0x006C	0x0AFB      	INCF       R11, 1
;__Lib_Math.c,1082 :: 		
L_end_COMFREM:
0x006D	0x0008      	RETURN
; end of _COMFREM
_____DoICP:
;__Lib_System.c,6 :: 		
;__Lib_System.c,9 :: 		
0x006E	0x1283      	BCF        STATUS, 5
0x006F	0x1303      	BCF        STATUS, 6
0x0070	0x082B      	MOVF       ___DoICPAddr+1, 0
0x0071	0x008A      	MOVWF      PCLATH
;__Lib_System.c,10 :: 		
0x0072	0x082A      	MOVF       ___DoICPAddr, 0
0x0073	0x0082      	MOVWF      PCL
;__Lib_System.c,12 :: 		
L_end_____DoICP:
0x0074	0x0008      	RETURN
; end of _____DoICP
_Delay_22us:
;__Lib_Delays.c,15 :: 		void Delay_22us() {
;__Lib_Delays.c,16 :: 		Delay_us(22);
0x0075	0x300E      	MOVLW      14
0x0076	0x1283      	BCF        STATUS, 5
0x0077	0x1303      	BCF        STATUS, 6
0x0078	0x00FD      	MOVWF      R13
L_Delay_22us1:
0x0079	0x0BFD      	DECFSZ     R13, 1
0x007A	0x2879      	GOTO       L_Delay_22us1
0x007B	0x0000      	NOP
;__Lib_Delays.c,17 :: 		}
L_end_Delay_22us:
0x007C	0x0008      	RETURN
; end of _Delay_22us
_SDIV3232L:
;__Lib_Math.c,697 :: 		
;__Lib_Math.c,706 :: 		
0x007D	0x0874      	MOVF       R4, 0
;__Lib_Math.c,707 :: 		
0x007E	0x02F8      	SUBWF      R8, 1
;__Lib_Math.c,708 :: 		
0x007F	0x0875      	MOVF       R5, 0
;__Lib_Math.c,709 :: 		
0x0080	0x1C03      	BTFSS      STATUS, 0
;__Lib_Math.c,710 :: 		
0x0081	0x0F75      	INCFSZ     R5, 0
;__Lib_Math.c,711 :: 		
0x0082	0x02F9      	SUBWF      R9, 1
;__Lib_Math.c,712 :: 		
0x0083	0x0876      	MOVF       R6, 0
;__Lib_Math.c,713 :: 		
0x0084	0x1C03      	BTFSS      STATUS, 0
;__Lib_Math.c,714 :: 		
0x0085	0x0F76      	INCFSZ     R6, 0
;__Lib_Math.c,715 :: 		
0x0086	0x02FA      	SUBWF      R10, 1
;__Lib_Math.c,716 :: 		
0x0087	0x0877      	MOVF       R7, 0
;__Lib_Math.c,717 :: 		
0x0088	0x1C03      	BTFSS      STATUS, 0
;__Lib_Math.c,718 :: 		
0x0089	0x0F77      	INCFSZ     R7, 0
;__Lib_Math.c,719 :: 		
0x008A	0x02FB      	SUBWF      R11, 1
;__Lib_Math.c,720 :: 		
0x008B	0x0DF3      	RLF        R3, 1
;__Lib_Math.c,722 :: 		
0x008C	0x3007      	MOVLW      7
;__Lib_Math.c,723 :: 		
0x008D	0x00FC      	MOVWF      R12
;__Lib_Math.c,725 :: 		
LOOPS3232A:
;__Lib_Math.c,726 :: 		
0x008E	0x0D73      	RLF        R3, 0
;__Lib_Math.c,727 :: 		
0x008F	0x0DF8      	RLF        R8, 1
;__Lib_Math.c,728 :: 		
0x0090	0x0DF9      	RLF        R9, 1
;__Lib_Math.c,729 :: 		
0x0091	0x0DFA      	RLF        R10, 1
;__Lib_Math.c,730 :: 		
0x0092	0x0DFB      	RLF        R11, 1
;__Lib_Math.c,731 :: 		
0x0093	0x0874      	MOVF       R4, 0
;__Lib_Math.c,732 :: 		
0x0094	0x1C73      	BTFSS      R3, 0
;__Lib_Math.c,733 :: 		
0x0095	0x28A4      	GOTO       SADD22LA
;__Lib_Math.c,735 :: 		
0x0096	0x02F8      	SUBWF      R8, 1
;__Lib_Math.c,736 :: 		
0x0097	0x0875      	MOVF       R5, 0
;__Lib_Math.c,737 :: 		
0x0098	0x1C03      	BTFSS      STATUS, 0
;__Lib_Math.c,738 :: 		
0x0099	0x0F75      	INCFSZ     R5, 0
;__Lib_Math.c,739 :: 		
0x009A	0x02F9      	SUBWF      R9, 1
;__Lib_Math.c,740 :: 		
0x009B	0x0876      	MOVF       R6, 0
;__Lib_Math.c,741 :: 		
0x009C	0x1C03      	BTFSS      STATUS, 0
;__Lib_Math.c,742 :: 		
0x009D	0x0F76      	INCFSZ     R6, 0
;__Lib_Math.c,743 :: 		
0x009E	0x02FA      	SUBWF      R10, 1
;__Lib_Math.c,744 :: 		
0x009F	0x0877      	MOVF       R7, 0
;__Lib_Math.c,745 :: 		
0x00A0	0x1C03      	BTFSS      STATUS, 0
;__Lib_Math.c,746 :: 		
0x00A1	0x0F77      	INCFSZ     R7, 0
;__Lib_Math.c,747 :: 		
0x00A2	0x02FB      	SUBWF      R11, 1
;__Lib_Math.c,748 :: 		
0x00A3	0x28B1      	GOTO       SOK22LA
;__Lib_Math.c,750 :: 		
SADD22LA:
;__Lib_Math.c,751 :: 		
0x00A4	0x07F8      	ADDWF      R8, 1
;__Lib_Math.c,752 :: 		
0x00A5	0x0875      	MOVF       R5, 0
;__Lib_Math.c,753 :: 		
0x00A6	0x1803      	BTFSC      STATUS, 0
;__Lib_Math.c,754 :: 		
0x00A7	0x0F75      	INCFSZ     R5, 0
;__Lib_Math.c,755 :: 		
0x00A8	0x07F9      	ADDWF      R9, 1
;__Lib_Math.c,756 :: 		
0x00A9	0x0876      	MOVF       R6, 0
;__Lib_Math.c,757 :: 		
0x00AA	0x1803      	BTFSC      STATUS, 0
;__Lib_Math.c,758 :: 		
0x00AB	0x0F76      	INCFSZ     R6, 0
;__Lib_Math.c,759 :: 		
0x00AC	0x07FA      	ADDWF      R10, 1
;__Lib_Math.c,760 :: 		
0x00AD	0x0877      	MOVF       R7, 0
;__Lib_Math.c,761 :: 		
0x00AE	0x1803      	BTFSC      STATUS, 0
;__Lib_Math.c,762 :: 		
0x00AF	0x0F77      	INCFSZ     R7, 0
;__Lib_Math.c,763 :: 		
0x00B0	0x07FB      	ADDWF      R11, 1
;__Lib_Math.c,765 :: 		
SOK22LA:
;__Lib_Math.c,766 :: 		
0x00B1	0x0DF3      	RLF        R3, 1
;__Lib_Math.c,768 :: 		
0x00B2	0x0BFC      	DECFSZ     R12, 1
;__Lib_Math.c,769 :: 		
0x00B3	0x288E      	GOTO       LOOPS3232A
;__Lib_Math.c,771 :: 		
0x00B4	0x0D72      	RLF        R2, 0
;__Lib_Math.c,772 :: 		
0x00B5	0x0DF8      	RLF        R8, 1
;__Lib_Math.c,773 :: 		
0x00B6	0x0DF9      	RLF        R9, 1
;__Lib_Math.c,774 :: 		
0x00B7	0x0DFA      	RLF        R10, 1
;__Lib_Math.c,775 :: 		
0x00B8	0x0DFB      	RLF        R11, 1
;__Lib_Math.c,776 :: 		
0x00B9	0x0874      	MOVF       R4, 0
;__Lib_Math.c,777 :: 		
0x00BA	0x1C73      	BTFSS      R3, 0
;__Lib_Math.c,778 :: 		
0x00BB	0x28CA      	GOTO       SADD22L8
;__Lib_Math.c,780 :: 		
0x00BC	0x02F8      	SUBWF      R8, 1
;__Lib_Math.c,781 :: 		
0x00BD	0x0875      	MOVF       R5, 0
;__Lib_Math.c,782 :: 		
0x00BE	0x1C03      	BTFSS      STATUS, 0
;__Lib_Math.c,783 :: 		
0x00BF	0x0F75      	INCFSZ     R5, 0
;__Lib_Math.c,784 :: 		
0x00C0	0x02F9      	SUBWF      R9, 1
;__Lib_Math.c,785 :: 		
0x00C1	0x0876      	MOVF       R6, 0
;__Lib_Math.c,786 :: 		
0x00C2	0x1C03      	BTFSS      STATUS, 0
;__Lib_Math.c,787 :: 		
0x00C3	0x0F76      	INCFSZ     R6, 0
;__Lib_Math.c,788 :: 		
0x00C4	0x02FA      	SUBWF      R10, 1
;__Lib_Math.c,789 :: 		
0x00C5	0x0877      	MOVF       R7, 0
;__Lib_Math.c,790 :: 		
0x00C6	0x1C03      	BTFSS      STATUS, 0
;__Lib_Math.c,791 :: 		
0x00C7	0x0F77      	INCFSZ     R7, 0
;__Lib_Math.c,792 :: 		
0x00C8	0x02FB      	SUBWF      R11, 1
;__Lib_Math.c,793 :: 		
0x00C9	0x28D7      	GOTO       SOK22L8
;__Lib_Math.c,795 :: 		
SADD22L8:
;__Lib_Math.c,796 :: 		
0x00CA	0x07F8      	ADDWF      R8, 1
;__Lib_Math.c,797 :: 		
0x00CB	0x0875      	MOVF       R5, 0
;__Lib_Math.c,798 :: 		
0x00CC	0x1803      	BTFSC      STATUS, 0
;__Lib_Math.c,799 :: 		
0x00CD	0x0F75      	INCFSZ     R5, 0
;__Lib_Math.c,800 :: 		
0x00CE	0x07F9      	ADDWF      R9, 1
;__Lib_Math.c,801 :: 		
0x00CF	0x0876      	MOVF       R6, 0
;__Lib_Math.c,802 :: 		
0x00D0	0x1803      	BTFSC      STATUS, 0
;__Lib_Math.c,803 :: 		
0x00D1	0x0F76      	INCFSZ     R6, 0
;__Lib_Math.c,804 :: 		
0x00D2	0x07FA      	ADDWF      R10, 1
;__Lib_Math.c,805 :: 		
0x00D3	0x0877      	MOVF       R7, 0
;__Lib_Math.c,806 :: 		
0x00D4	0x1803      	BTFSC      STATUS, 0
;__Lib_Math.c,807 :: 		
0x00D5	0x0F77      	INCFSZ     R7, 0
;__Lib_Math.c,808 :: 		
0x00D6	0x07FB      	ADDWF      R11, 1
;__Lib_Math.c,810 :: 		
SOK22L8:
;__Lib_Math.c,811 :: 		
0x00D7	0x0DF2      	RLF        R2, 1
;__Lib_Math.c,813 :: 		
0x00D8	0x3007      	MOVLW      7
;__Lib_Math.c,814 :: 		
0x00D9	0x00FC      	MOVWF      R12
;__Lib_Math.c,816 :: 		
LOOPS3232B:
;__Lib_Math.c,817 :: 		
0x00DA	0x0D72      	RLF        R2, 0
;__Lib_Math.c,818 :: 		
0x00DB	0x0DF8      	RLF        R8, 1
;__Lib_Math.c,819 :: 		
0x00DC	0x0DF9      	RLF        R9, 1
;__Lib_Math.c,820 :: 		
0x00DD	0x0DFA      	RLF        R10, 1
;__Lib_Math.c,821 :: 		
0x00DE	0x0DFB      	RLF        R11, 1
;__Lib_Math.c,822 :: 		
0x00DF	0x0874      	MOVF       R4, 0
;__Lib_Math.c,823 :: 		
0x00E0	0x1C72      	BTFSS      R2, 0
;__Lib_Math.c,824 :: 		
0x00E1	0x28F0      	GOTO       SADD22LB
;__Lib_Math.c,826 :: 		
0x00E2	0x02F8      	SUBWF      R8, 1
;__Lib_Math.c,827 :: 		
0x00E3	0x0875      	MOVF       R5, 0
;__Lib_Math.c,828 :: 		
0x00E4	0x1C03      	BTFSS      STATUS, 0
;__Lib_Math.c,829 :: 		
0x00E5	0x0F75      	INCFSZ     R5, 0
;__Lib_Math.c,830 :: 		
0x00E6	0x02F9      	SUBWF      R9, 1
;__Lib_Math.c,831 :: 		
0x00E7	0x0876      	MOVF       R6, 0
;__Lib_Math.c,832 :: 		
0x00E8	0x1C03      	BTFSS      STATUS, 0
;__Lib_Math.c,833 :: 		
0x00E9	0x0F76      	INCFSZ     R6, 0
;__Lib_Math.c,834 :: 		
0x00EA	0x02FA      	SUBWF      R10, 1
;__Lib_Math.c,835 :: 		
0x00EB	0x0877      	MOVF       R7, 0
;__Lib_Math.c,836 :: 		
0x00EC	0x1C03      	BTFSS      STATUS, 0
;__Lib_Math.c,837 :: 		
0x00ED	0x0F77      	INCFSZ     R7, 0
;__Lib_Math.c,838 :: 		
0x00EE	0x02FB      	SUBWF      R11, 1
;__Lib_Math.c,839 :: 		
0x00EF	0x28FD      	GOTO       SOK22LB
;__Lib_Math.c,841 :: 		
SADD22LB:
;__Lib_Math.c,842 :: 		
0x00F0	0x07F8      	ADDWF      R8, 1
;__Lib_Math.c,843 :: 		
0x00F1	0x0875      	MOVF       R5, 0
;__Lib_Math.c,844 :: 		
0x00F2	0x1803      	BTFSC      STATUS, 0
;__Lib_Math.c,845 :: 		
0x00F3	0x0F75      	INCFSZ     R5, 0
;__Lib_Math.c,846 :: 		
0x00F4	0x07F9      	ADDWF      R9, 1
;__Lib_Math.c,847 :: 		
0x00F5	0x0876      	MOVF       R6, 0
;__Lib_Math.c,848 :: 		
0x00F6	0x1803      	BTFSC      STATUS, 0
;__Lib_Math.c,849 :: 		
0x00F7	0x0F76      	INCFSZ     R6, 0
;__Lib_Math.c,850 :: 		
0x00F8	0x07FA      	ADDWF      R10, 1
;__Lib_Math.c,851 :: 		
0x00F9	0x0877      	MOVF       R7, 0
;__Lib_Math.c,852 :: 		
0x00FA	0x1803      	BTFSC      STATUS, 0
;__Lib_Math.c,853 :: 		
0x00FB	0x0F77      	INCFSZ     R7, 0
;__Lib_Math.c,854 :: 		
0x00FC	0x07FB      	ADDWF      R11, 1
;__Lib_Math.c,856 :: 		
SOK22LB:
;__Lib_Math.c,857 :: 		
0x00FD	0x0DF2      	RLF        R2, 1
;__Lib_Math.c,859 :: 		
0x00FE	0x0BFC      	DECFSZ     R12, 1
;__Lib_Math.c,860 :: 		
0x00FF	0x28DA      	GOTO       LOOPS3232B
;__Lib_Math.c,862 :: 		
0x0100	0x0D71      	RLF        R1, 0
;__Lib_Math.c,863 :: 		
0x0101	0x0DF8      	RLF        R8, 1
;__Lib_Math.c,864 :: 		
0x0102	0x0DF9      	RLF        R9, 1
;__Lib_Math.c,865 :: 		
0x0103	0x0DFA      	RLF        R10, 1
;__Lib_Math.c,866 :: 		
0x0104	0x0DFB      	RLF        R11, 1
;__Lib_Math.c,867 :: 		
0x0105	0x0874      	MOVF       R4, 0
;__Lib_Math.c,868 :: 		
0x0106	0x1C72      	BTFSS      R2, 0
;__Lib_Math.c,869 :: 		
0x0107	0x2916      	GOTO       SADD22L16
;__Lib_Math.c,871 :: 		
0x0108	0x02F8      	SUBWF      R8, 1
;__Lib_Math.c,872 :: 		
0x0109	0x0875      	MOVF       R5, 0
;__Lib_Math.c,873 :: 		
0x010A	0x1C03      	BTFSS      STATUS, 0
;__Lib_Math.c,874 :: 		
0x010B	0x0F75      	INCFSZ     R5, 0
;__Lib_Math.c,875 :: 		
0x010C	0x02F9      	SUBWF      R9, 1
;__Lib_Math.c,876 :: 		
0x010D	0x0876      	MOVF       R6, 0
;__Lib_Math.c,877 :: 		
0x010E	0x1C03      	BTFSS      STATUS, 0
;__Lib_Math.c,878 :: 		
0x010F	0x0F76      	INCFSZ     R6, 0
;__Lib_Math.c,879 :: 		
0x0110	0x02FA      	SUBWF      R10, 1
;__Lib_Math.c,880 :: 		
0x0111	0x0877      	MOVF       R7, 0
;__Lib_Math.c,881 :: 		
0x0112	0x1C03      	BTFSS      STATUS, 0
;__Lib_Math.c,882 :: 		
0x0113	0x0F77      	INCFSZ     R7, 0
;__Lib_Math.c,883 :: 		
0x0114	0x02FB      	SUBWF      R11, 1
;__Lib_Math.c,884 :: 		
0x0115	0x2923      	GOTO       SOK22L16
;__Lib_Math.c,886 :: 		
SADD22L16:
;__Lib_Math.c,887 :: 		
0x0116	0x07F8      	ADDWF      R8, 1
;__Lib_Math.c,888 :: 		
0x0117	0x0875      	MOVF       R5, 0
;__Lib_Math.c,889 :: 		
0x0118	0x1803      	BTFSC      STATUS, 0
;__Lib_Math.c,890 :: 		
0x0119	0x0F75      	INCFSZ     R5, 0
;__Lib_Math.c,891 :: 		
0x011A	0x07F9      	ADDWF      R9, 1
;__Lib_Math.c,892 :: 		
0x011B	0x0876      	MOVF       R6, 0
;__Lib_Math.c,893 :: 		
0x011C	0x1803      	BTFSC      STATUS, 0
;__Lib_Math.c,894 :: 		
0x011D	0x0F76      	INCFSZ     R6, 0
;__Lib_Math.c,895 :: 		
0x011E	0x07FA      	ADDWF      R10, 1
;__Lib_Math.c,896 :: 		
0x011F	0x0877      	MOVF       R7, 0
;__Lib_Math.c,897 :: 		
0x0120	0x1803      	BTFSC      STATUS, 0
;__Lib_Math.c,898 :: 		
0x0121	0x0F77      	INCFSZ     R7, 0
;__Lib_Math.c,899 :: 		
0x0122	0x07FB      	ADDWF      R11, 1
;__Lib_Math.c,901 :: 		
SOK22L16:
;__Lib_Math.c,902 :: 		
0x0123	0x0DF1      	RLF        R1, 1
;__Lib_Math.c,904 :: 		
0x0124	0x3007      	MOVLW      7
;__Lib_Math.c,905 :: 		
0x0125	0x00FC      	MOVWF      R12
;__Lib_Math.c,907 :: 		
LOOPS3232C:
;__Lib_Math.c,908 :: 		
0x0126	0x0D71      	RLF        R1, 0
;__Lib_Math.c,909 :: 		
0x0127	0x0DF8      	RLF        R8, 1
;__Lib_Math.c,910 :: 		
0x0128	0x0DF9      	RLF        R9, 1
;__Lib_Math.c,911 :: 		
0x0129	0x0DFA      	RLF        R10, 1
;__Lib_Math.c,912 :: 		
0x012A	0x0DFB      	RLF        R11, 1
;__Lib_Math.c,913 :: 		
0x012B	0x0874      	MOVF       R4, 0
;__Lib_Math.c,914 :: 		
0x012C	0x1C71      	BTFSS      R1, 0
;__Lib_Math.c,915 :: 		
0x012D	0x293C      	GOTO       SADD22LC
;__Lib_Math.c,917 :: 		
0x012E	0x02F8      	SUBWF      R8, 1
;__Lib_Math.c,918 :: 		
0x012F	0x0875      	MOVF       R5, 0
;__Lib_Math.c,919 :: 		
0x0130	0x1C03      	BTFSS      STATUS, 0
;__Lib_Math.c,920 :: 		
0x0131	0x0F75      	INCFSZ     R5, 0
;__Lib_Math.c,921 :: 		
0x0132	0x02F9      	SUBWF      R9, 1
;__Lib_Math.c,922 :: 		
0x0133	0x0876      	MOVF       R6, 0
;__Lib_Math.c,923 :: 		
0x0134	0x1C03      	BTFSS      STATUS, 0
;__Lib_Math.c,924 :: 		
0x0135	0x0F76      	INCFSZ     R6, 0
;__Lib_Math.c,925 :: 		
0x0136	0x02FA      	SUBWF      R10, 1
;__Lib_Math.c,926 :: 		
0x0137	0x0877      	MOVF       R7, 0
;__Lib_Math.c,927 :: 		
0x0138	0x1C03      	BTFSS      STATUS, 0
;__Lib_Math.c,928 :: 		
0x0139	0x0F77      	INCFSZ     R7, 0
;__Lib_Math.c,929 :: 		
0x013A	0x02FB      	SUBWF      R11, 1
;__Lib_Math.c,930 :: 		
0x013B	0x2949      	GOTO       SOK22LC
;__Lib_Math.c,932 :: 		
SADD22LC:
;__Lib_Math.c,933 :: 		
0x013C	0x07F8      	ADDWF      R8, 1
;__Lib_Math.c,934 :: 		
0x013D	0x0875      	MOVF       R5, 0
;__Lib_Math.c,935 :: 		
0x013E	0x1803      	BTFSC      STATUS, 0
;__Lib_Math.c,936 :: 		
0x013F	0x0F75      	INCFSZ     R5, 0
;__Lib_Math.c,937 :: 		
0x0140	0x07F9      	ADDWF      R9, 1
;__Lib_Math.c,938 :: 		
0x0141	0x0876      	MOVF       R6, 0
;__Lib_Math.c,939 :: 		
0x0142	0x1803      	BTFSC      STATUS, 0
;__Lib_Math.c,940 :: 		
0x0143	0x0F76      	INCFSZ     R6, 0
;__Lib_Math.c,941 :: 		
0x0144	0x07FA      	ADDWF      R10, 1
;__Lib_Math.c,942 :: 		
0x0145	0x0877      	MOVF       R7, 0
;__Lib_Math.c,943 :: 		
0x0146	0x1803      	BTFSC      STATUS, 0
;__Lib_Math.c,944 :: 		
0x0147	0x0F77      	INCFSZ     R7, 0
;__Lib_Math.c,945 :: 		
0x0148	0x07FB      	ADDWF      R11, 1
;__Lib_Math.c,947 :: 		
SOK22LC:
;__Lib_Math.c,948 :: 		
0x0149	0x0DF1      	RLF        R1, 1
;__Lib_Math.c,950 :: 		
0x014A	0x0BFC      	DECFSZ     R12, 1
;__Lib_Math.c,951 :: 		
0x014B	0x2926      	GOTO       LOOPS3232C
;__Lib_Math.c,953 :: 		
0x014C	0x0D70      	RLF        R0, 0
;__Lib_Math.c,954 :: 		
0x014D	0x0DF8      	RLF        R8, 1
;__Lib_Math.c,955 :: 		
0x014E	0x0DF9      	RLF        R9, 1
;__Lib_Math.c,956 :: 		
0x014F	0x0DFA      	RLF        R10, 1
;__Lib_Math.c,957 :: 		
0x0150	0x0DFB      	RLF        R11, 1
;__Lib_Math.c,958 :: 		
0x0151	0x0874      	MOVF       R4, 0
;__Lib_Math.c,959 :: 		
0x0152	0x1C71      	BTFSS      R1, 0
;__Lib_Math.c,960 :: 		
0x0153	0x2962      	GOTO       SADD22L24
;__Lib_Math.c,962 :: 		
0x0154	0x02F8      	SUBWF      R8, 1
;__Lib_Math.c,963 :: 		
0x0155	0x0875      	MOVF       R5, 0
;__Lib_Math.c,964 :: 		
0x0156	0x1C03      	BTFSS      STATUS, 0
;__Lib_Math.c,965 :: 		
0x0157	0x0F75      	INCFSZ     R5, 0
;__Lib_Math.c,966 :: 		
0x0158	0x02F9      	SUBWF      R9, 1
;__Lib_Math.c,967 :: 		
0x0159	0x0876      	MOVF       R6, 0
;__Lib_Math.c,968 :: 		
0x015A	0x1C03      	BTFSS      STATUS, 0
;__Lib_Math.c,969 :: 		
0x015B	0x0F76      	INCFSZ     R6, 0
;__Lib_Math.c,970 :: 		
0x015C	0x02FA      	SUBWF      R10, 1
;__Lib_Math.c,971 :: 		
0x015D	0x0877      	MOVF       R7, 0
;__Lib_Math.c,972 :: 		
0x015E	0x1C03      	BTFSS      STATUS, 0
;__Lib_Math.c,973 :: 		
0x015F	0x0F77      	INCFSZ     R7, 0
;__Lib_Math.c,974 :: 		
0x0160	0x02FB      	SUBWF      R11, 1
;__Lib_Math.c,975 :: 		
0x0161	0x296F      	GOTO       SOK22L24
;__Lib_Math.c,977 :: 		
SADD22L24:
;__Lib_Math.c,978 :: 		
0x0162	0x07F8      	ADDWF      R8, 1
;__Lib_Math.c,979 :: 		
0x0163	0x0875      	MOVF       R5, 0
;__Lib_Math.c,980 :: 		
0x0164	0x1803      	BTFSC      STATUS, 0
;__Lib_Math.c,981 :: 		
0x0165	0x0F75      	INCFSZ     R5, 0
;__Lib_Math.c,982 :: 		
0x0166	0x07F9      	ADDWF      R9, 1
;__Lib_Math.c,983 :: 		
0x0167	0x0876      	MOVF       R6, 0
;__Lib_Math.c,984 :: 		
0x0168	0x1803      	BTFSC      STATUS, 0
;__Lib_Math.c,985 :: 		
0x0169	0x0F76      	INCFSZ     R6, 0
;__Lib_Math.c,986 :: 		
0x016A	0x07FA      	ADDWF      R10, 1
;__Lib_Math.c,987 :: 		
0x016B	0x0877      	MOVF       R7, 0
;__Lib_Math.c,988 :: 		
0x016C	0x1803      	BTFSC      STATUS, 0
;__Lib_Math.c,989 :: 		
0x016D	0x0F77      	INCFSZ     R7, 0
;__Lib_Math.c,990 :: 		
0x016E	0x07FB      	ADDWF      R11, 1
;__Lib_Math.c,992 :: 		
SOK22L24:
;__Lib_Math.c,993 :: 		
0x016F	0x0DF0      	RLF        R0, 1
;__Lib_Math.c,995 :: 		
0x0170	0x3007      	MOVLW      7
;__Lib_Math.c,996 :: 		
0x0171	0x00FC      	MOVWF      R12
;__Lib_Math.c,998 :: 		
LOOPS3232D:
;__Lib_Math.c,999 :: 		
0x0172	0x0D70      	RLF        R0, 0
;__Lib_Math.c,1000 :: 		
0x0173	0x0DF8      	RLF        R8, 1
;__Lib_Math.c,1001 :: 		
0x0174	0x0DF9      	RLF        R9, 1
;__Lib_Math.c,1002 :: 		
0x0175	0x0DFA      	RLF        R10, 1
;__Lib_Math.c,1003 :: 		
0x0176	0x0DFB      	RLF        R11, 1
;__Lib_Math.c,1004 :: 		
0x0177	0x0874      	MOVF       R4, 0
;__Lib_Math.c,1005 :: 		
0x0178	0x1C70      	BTFSS      R0, 0
;__Lib_Math.c,1006 :: 		
0x0179	0x2988      	GOTO       SADD22LD
;__Lib_Math.c,1008 :: 		
0x017A	0x02F8      	SUBWF      R8, 1
;__Lib_Math.c,1009 :: 		
0x017B	0x0875      	MOVF       R5, 0
;__Lib_Math.c,1010 :: 		
0x017C	0x1C03      	BTFSS      STATUS, 0
;__Lib_Math.c,1011 :: 		
0x017D	0x0F75      	INCFSZ     R5, 0
;__Lib_Math.c,1012 :: 		
0x017E	0x02F9      	SUBWF      R9, 1
;__Lib_Math.c,1013 :: 		
0x017F	0x0876      	MOVF       R6, 0
;__Lib_Math.c,1014 :: 		
0x0180	0x1C03      	BTFSS      STATUS, 0
;__Lib_Math.c,1015 :: 		
0x0181	0x0F76      	INCFSZ     R6, 0
;__Lib_Math.c,1016 :: 		
0x0182	0x02FA      	SUBWF      R10, 1
;__Lib_Math.c,1017 :: 		
0x0183	0x0877      	MOVF       R7, 0
;__Lib_Math.c,1018 :: 		
0x0184	0x1C03      	BTFSS      STATUS, 0
;__Lib_Math.c,1019 :: 		
0x0185	0x0F77      	INCFSZ     R7, 0
;__Lib_Math.c,1020 :: 		
0x0186	0x02FB      	SUBWF      R11, 1
;__Lib_Math.c,1021 :: 		
0x0187	0x2995      	GOTO       SOK22LD
;__Lib_Math.c,1023 :: 		
SADD22LD:
;__Lib_Math.c,1024 :: 		
0x0188	0x07F8      	ADDWF      R8, 1
;__Lib_Math.c,1025 :: 		
0x0189	0x0875      	MOVF       R5, 0
;__Lib_Math.c,1026 :: 		
0x018A	0x1803      	BTFSC      STATUS, 0
;__Lib_Math.c,1027 :: 		
0x018B	0x0F75      	INCFSZ     R5, 0
;__Lib_Math.c,1028 :: 		
0x018C	0x07F9      	ADDWF      R9, 1
;__Lib_Math.c,1029 :: 		
0x018D	0x0876      	MOVF       R6, 0
;__Lib_Math.c,1030 :: 		
0x018E	0x1803      	BTFSC      STATUS, 0
;__Lib_Math.c,1031 :: 		
0x018F	0x0F76      	INCFSZ     R6, 0
;__Lib_Math.c,1032 :: 		
0x0190	0x07FA      	ADDWF      R10, 1
;__Lib_Math.c,1033 :: 		
0x0191	0x0877      	MOVF       R7, 0
;__Lib_Math.c,1034 :: 		
0x0192	0x1803      	BTFSC      STATUS, 0
;__Lib_Math.c,1036 :: 		
0x0193	0x0F77      	INCFSZ     R7, 0
;__Lib_Math.c,1037 :: 		
0x0194	0x07FB      	ADDWF      R11, 1
;__Lib_Math.c,1039 :: 		
SOK22LD:
;__Lib_Math.c,1040 :: 		
0x0195	0x0DF0      	RLF        R0, 1
;__Lib_Math.c,1042 :: 		
0x0196	0x0BFC      	DECFSZ     R12, 1
;__Lib_Math.c,1043 :: 		
0x0197	0x2972      	GOTO       LOOPS3232D
;__Lib_Math.c,1045 :: 		
0x0198	0x1870      	BTFSC      R0, 0
;__Lib_Math.c,1046 :: 		
0x0199	0x29A8      	GOTO       SOK22L
;__Lib_Math.c,1047 :: 		
0x019A	0x0874      	MOVF       R4, 0
;__Lib_Math.c,1048 :: 		
0x019B	0x07F8      	ADDWF      R8, 1
;__Lib_Math.c,1049 :: 		
0x019C	0x0875      	MOVF       R5, 0
;__Lib_Math.c,1050 :: 		
0x019D	0x1803      	BTFSC      STATUS, 0
;__Lib_Math.c,1051 :: 		
0x019E	0x0F75      	INCFSZ     R5, 0
;__Lib_Math.c,1052 :: 		
0x019F	0x07F9      	ADDWF      R9, 1
;__Lib_Math.c,1053 :: 		
0x01A0	0x0876      	MOVF       R6, 0
;__Lib_Math.c,1054 :: 		
0x01A1	0x1803      	BTFSC      STATUS, 0
;__Lib_Math.c,1055 :: 		
0x01A2	0x0F76      	INCFSZ     R6, 0
;__Lib_Math.c,1056 :: 		
0x01A3	0x07FA      	ADDWF      R10, 1
;__Lib_Math.c,1057 :: 		
0x01A4	0x0877      	MOVF       R7, 0
;__Lib_Math.c,1058 :: 		
0x01A5	0x1803      	BTFSC      STATUS, 0
;__Lib_Math.c,1059 :: 		
0x01A6	0x0F77      	INCFSZ     R7, 0
;__Lib_Math.c,1060 :: 		
0x01A7	0x07FB      	ADDWF      R11, 1
;__Lib_Math.c,1061 :: 		
SOK22L:
;__Lib_Math.c,1064 :: 		
L_end_SDIV3232L:
0x01A8	0x0008      	RETURN
; end of _SDIV3232L
_ADC_Read:
;__Lib_ADC_A_C.c,45 :: 		
;__Lib_ADC_A_C.c,47 :: 		
0x01A9	0x1283      	BCF        STATUS, 5
0x01AA	0x1303      	BCF        STATUS, 6
0x01AB	0x019F      	CLRF       ADCON0
;__Lib_ADC_A_C.c,48 :: 		
0x01AC	0x30C0      	MOVLW      192
0x01AD	0x049F      	IORWF      ADCON0, 1
;__Lib_ADC_A_C.c,49 :: 		
0x01AE	0x1683      	BSF        STATUS, 5
0x01AF	0x171F      	BSF        ADCON1, 6
;__Lib_ADC_A_C.c,50 :: 		
0x01B0	0x179F      	BSF        ADCON1, 7
;__Lib_ADC_A_C.c,51 :: 		
0x01B1	0x1283      	BCF        STATUS, 5
0x01B2	0x085B      	MOVF       FARG_ADC_Read_channel, 0
0x01B3	0x00F0      	MOVWF      R0
0x01B4	0x0DF0      	RLF        R0, 1
0x01B5	0x1070      	BCF        R0, 0
0x01B6	0x0DF0      	RLF        R0, 1
0x01B7	0x1070      	BCF        R0, 0
0x01B8	0x0DF0      	RLF        R0, 1
0x01B9	0x1070      	BCF        R0, 0
0x01BA	0x0870      	MOVF       R0, 0
0x01BB	0x049F      	IORWF      ADCON0, 1
;__Lib_ADC_A_C.c,54 :: 		
0x01BC	0x141F      	BSF        ADCON0, 0
;__Lib_ADC_A_C.c,57 :: 		
0x01BD	0x2075      	CALL       _Delay_22us
;__Lib_ADC_A_C.c,60 :: 		
0x01BE	0x151F      	BSF        ADCON0, 2
;__Lib_ADC_A_C.c,63 :: 		
L_ADC_Read2:
0x01BF	0x1D1F      	BTFSS      ADCON0, 2
0x01C0	0x29C3      	GOTO       L_ADC_Read3
;__Lib_ADC_A_C.c,64 :: 		
0x01C1	0x0000      	NOP
0x01C2	0x29BF      	GOTO       L_ADC_Read2
L_ADC_Read3:
;__Lib_ADC_A_C.c,67 :: 		
0x01C3	0x101F      	BCF        ADCON0, 0
;__Lib_ADC_A_C.c,70 :: 		
0x01C4	0x081E      	MOVF       ADRESH, 0
0x01C5	0x00F1      	MOVWF      R0+1
0x01C6	0x01F0      	CLRF       R0
0x01C7	0x1683      	BSF        STATUS, 5
0x01C8	0x081E      	MOVF       ADRESL, 0
0x01C9	0x04F0      	IORWF      R0, 1
0x01CA	0x3000      	MOVLW      0
0x01CB	0x04F1      	IORWF      R0+1, 1
;__Lib_ADC_A_C.c,71 :: 		
L_end_ADC_Read:
0x01CC	0x0008      	RETURN
; end of _ADC_Read
___CC2DW:
;__Lib_System.c,134 :: 		
;__Lib_System.c,137 :: 		
_CC2D_Loop1:
;__Lib_System.c,139 :: 		
0x01CD	0x206E      	CALL       _____DoICP
0x01CE	0x118A      	BCF        PCLATH, 3
0x01CF	0x120A      	BCF        PCLATH, 4
;__Lib_System.c,141 :: 		
0x01D0	0x0080      	MOVWF      INDF
;__Lib_System.c,142 :: 		
0x01D1	0x0A84      	INCF       FSR, 1
;__Lib_System.c,143 :: 		
0x01D2	0x0AAA      	INCF       ___DoICPAddr, 1
;__Lib_System.c,145 :: 		
0x01D3	0x1903      	BTFSC      STATUS, 2
;__Lib_System.c,146 :: 		
0x01D4	0x0AAB      	INCF       ___DoICPAddr+1, 1
;__Lib_System.c,147 :: 		
0x01D5	0x03F0      	DECF       R0, 1
;__Lib_System.c,149 :: 		
0x01D6	0x1D03      	BTFSS      STATUS, 2
;__Lib_System.c,150 :: 		
0x01D7	0x29CD      	GOTO       _CC2D_Loop1
;__Lib_System.c,152 :: 		
L_end___CC2DW:
0x01D8	0x0008      	RETURN
; end of ___CC2DW
_Div_32x32_S:
;__Lib_Math.c,1091 :: 		
;__Lib_Math.c,1102 :: 		
;__Lib_Math.c,1105 :: 		
0x01D9	0x1283      	BCF        STATUS, 5
0x01DA	0x1303      	BCF        STATUS, 6
0x01DB	0x0874      	MOVF       R4, 0
0x01DC	0x3A00      	XORLW      0
0x01DD	0x1D03      	BTFSS      STATUS, 2
0x01DE	0x29F4      	GOTO       L_Div_32x32_S6
;__Lib_Math.c,1106 :: 		
0x01DF	0x0875      	MOVF       R5, 0
0x01E0	0x3A00      	XORLW      0
0x01E1	0x1D03      	BTFSS      STATUS, 2
0x01E2	0x29F4      	GOTO       L_Div_32x32_S7
;__Lib_Math.c,1107 :: 		
0x01E3	0x0876      	MOVF       R6, 0
0x01E4	0x3A00      	XORLW      0
0x01E5	0x1D03      	BTFSS      STATUS, 2
0x01E6	0x29F4      	GOTO       L_Div_32x32_S8
;__Lib_Math.c,1108 :: 		
0x01E7	0x0877      	MOVF       R7, 0
0x01E8	0x3A00      	XORLW      0
0x01E9	0x1D03      	BTFSS      STATUS, 2
0x01EA	0x29F4      	GOTO       L_Div_32x32_S9
;__Lib_Math.c,1109 :: 		
0x01EB	0x30FF      	MOVLW      255
0x01EC	0x00F0      	MOVWF      R0
;__Lib_Math.c,1110 :: 		
0x01ED	0x30FF      	MOVLW      255
0x01EE	0x00F1      	MOVWF      R1
;__Lib_Math.c,1111 :: 		
0x01EF	0x30FF      	MOVLW      255
0x01F0	0x00F2      	MOVWF      R2
;__Lib_Math.c,1112 :: 		
0x01F1	0x307F      	MOVLW      127
0x01F2	0x00F3      	MOVWF      R3
;__Lib_Math.c,1113 :: 		
0x01F3	0x2A8D      	GOTO       L_end_Div_32x32_S
;__Lib_Math.c,1114 :: 		
L_Div_32x32_S9:
L_Div_32x32_S8:
L_Div_32x32_S7:
L_Div_32x32_S6:
;__Lib_Math.c,1117 :: 		
0x01F4	0x1283      	BCF        STATUS, 5
;__Lib_Math.c,1118 :: 		
0x01F5	0x1303      	BCF        STATUS, 6
;__Lib_Math.c,1120 :: 		
0x01F6	0x01FC      	CLRF       R12
;__Lib_Math.c,1121 :: 		
0x01F7	0x1BF7      	BTFSC      R7, 7
;__Lib_Math.c,1122 :: 		
0x01F8	0x0AFC      	INCF       R12, 1
;__Lib_Math.c,1124 :: 		
0x01F9	0x01FD      	CLRF       R13
;__Lib_Math.c,1125 :: 		
0x01FA	0x01FB      	CLRF       R11
;__Lib_Math.c,1126 :: 		
0x01FB	0x01FA      	CLRF       R10
;__Lib_Math.c,1127 :: 		
0x01FC	0x01F9      	CLRF       R9
;__Lib_Math.c,1128 :: 		
0x01FD	0x01F8      	CLRF       R8
;__Lib_Math.c,1129 :: 		
0x01FE	0x0873      	MOVF       R3, 0
;__Lib_Math.c,1130 :: 		
0x01FF	0x0472      	IORWF      R2, 0
;__Lib_Math.c,1131 :: 		
0x0200	0x0471      	IORWF      R1, 0
;__Lib_Math.c,1132 :: 		
0x0201	0x0470      	IORWF      R0, 0
;__Lib_Math.c,1133 :: 		
0x0202	0x1903      	BTFSC      STATUS, 2
;__Lib_Math.c,1134 :: 		
0x0203	0x2A88      	GOTO       END_ALL
;__Lib_Math.c,1136 :: 		
0x0204	0x0873      	MOVF       R3, 0
;__Lib_Math.c,1137 :: 		
0x0205	0x0677      	XORWF      R7, 0
;__Lib_Math.c,1138 :: 		
0x0206	0x00A0      	MOVWF      ___math_tempb
;__Lib_Math.c,1139 :: 		
0x0207	0x1BA0      	BTFSC      ___math_tempb, 7
;__Lib_Math.c,1140 :: 		
0x0208	0x09FD      	COMF       R13, 1
;__Lib_Math.c,1144 :: 		
0x0209	0x1FF7      	BTFSS      R7, 7
;__Lib_Math.c,1145 :: 		
0x020A	0x2A16      	GOTO       CA3232S
;__Lib_Math.c,1147 :: 		
0x020B	0x09F4      	COMF       R4, 1
;__Lib_Math.c,1148 :: 		
0x020C	0x09F5      	COMF       R5, 1
;__Lib_Math.c,1149 :: 		
0x020D	0x09F6      	COMF       R6, 1
;__Lib_Math.c,1150 :: 		
0x020E	0x09F7      	COMF       R7, 1
;__Lib_Math.c,1151 :: 		
0x020F	0x0AF4      	INCF       R4, 1
;__Lib_Math.c,1152 :: 		
0x0210	0x1903      	BTFSC      STATUS, 2
;__Lib_Math.c,1153 :: 		
0x0211	0x0AF5      	INCF       R5, 1
;__Lib_Math.c,1154 :: 		
0x0212	0x1903      	BTFSC      STATUS, 2
;__Lib_Math.c,1155 :: 		
0x0213	0x0AF6      	INCF       R6, 1
;__Lib_Math.c,1156 :: 		
0x0214	0x1903      	BTFSC      STATUS, 2
;__Lib_Math.c,1157 :: 		
0x0215	0x0AF7      	INCF       R7, 1
;__Lib_Math.c,1159 :: 		
CA3232S:
;__Lib_Math.c,1160 :: 		
0x0216	0x1FF3      	BTFSS      R3, 7
;__Lib_Math.c,1161 :: 		
0x0217	0x2A23      	GOTO       C3232SX
;__Lib_Math.c,1163 :: 		
0x0218	0x09F0      	COMF       R0, 1
;__Lib_Math.c,1164 :: 		
0x0219	0x09F1      	COMF       R1, 1
;__Lib_Math.c,1165 :: 		
0x021A	0x09F2      	COMF       R2, 1
;__Lib_Math.c,1166 :: 		
0x021B	0x09F3      	COMF       R3, 1
;__Lib_Math.c,1167 :: 		
0x021C	0x0AF0      	INCF       R0, 1
;__Lib_Math.c,1168 :: 		
0x021D	0x1903      	BTFSC      STATUS, 2
;__Lib_Math.c,1169 :: 		
0x021E	0x0AF1      	INCF       R1, 1
;__Lib_Math.c,1170 :: 		
0x021F	0x1903      	BTFSC      STATUS, 2
;__Lib_Math.c,1171 :: 		
0x0220	0x0AF2      	INCF       R2, 1
;__Lib_Math.c,1172 :: 		
0x0221	0x1903      	BTFSC      STATUS, 2
;__Lib_Math.c,1173 :: 		
0x0222	0x0AF3      	INCF       R3, 1
;__Lib_Math.c,1175 :: 		
C3232SX:
;__Lib_Math.c,1176 :: 		
0x0223	0x0873      	MOVF       R3, 0
;__Lib_Math.c,1177 :: 		
0x0224	0x0477      	IORWF      R7, 0
;__Lib_Math.c,1178 :: 		
0x0225	0x00A0      	MOVWF      ___math_tempb
;__Lib_Math.c,1179 :: 		
0x0226	0x1BA0      	BTFSC      ___math_tempb, 7
;__Lib_Math.c,1180 :: 		
0x0227	0x2A44      	GOTO       C3232SX1
;__Lib_Math.c,1182 :: 		
C3232S:
;__Lib_Math.c,1185 :: 		
0x0228	0x207D      	CALL       _SDIV3232L
;__Lib_Math.c,1189 :: 		
0x0229	0x1BFC      	BTFSC      R12, 7
;__Lib_Math.c,1190 :: 		
0x022A	0x2A61      	GOTO       C3232SX4
;__Lib_Math.c,1192 :: 		
C3232SOK:
;__Lib_Math.c,1193 :: 		
0x022B	0x1FFD      	BTFSS      R13, 7
;__Lib_Math.c,1194 :: 		
0x022C	0x2A88      	GOTO       END_ALL
;__Lib_Math.c,1196 :: 		
0x022D	0x09F0      	COMF       R0, 1
;__Lib_Math.c,1197 :: 		
0x022E	0x09F1      	COMF       R1, 1
;__Lib_Math.c,1198 :: 		
0x022F	0x09F2      	COMF       R2, 1
;__Lib_Math.c,1199 :: 		
0x0230	0x09F3      	COMF       R3, 1
;__Lib_Math.c,1200 :: 		
0x0231	0x0AF0      	INCF       R0, 1
;__Lib_Math.c,1201 :: 		
0x0232	0x1903      	BTFSC      STATUS, 2
;__Lib_Math.c,1202 :: 		
0x0233	0x0AF1      	INCF       R1, 1
;__Lib_Math.c,1203 :: 		
0x0234	0x1903      	BTFSC      STATUS, 2
;__Lib_Math.c,1204 :: 		
0x0235	0x0AF2      	INCF       R2, 1
;__Lib_Math.c,1205 :: 		
0x0236	0x1903      	BTFSC      STATUS, 2
;__Lib_Math.c,1206 :: 		
0x0237	0x0AF3      	INCF       R3, 1
;__Lib_Math.c,1208 :: 		
0x0238	0x09F8      	COMF       R8, 1
;__Lib_Math.c,1209 :: 		
0x0239	0x09F9      	COMF       R9, 1
;__Lib_Math.c,1210 :: 		
0x023A	0x09FA      	COMF       R10, 1
;__Lib_Math.c,1211 :: 		
0x023B	0x09FB      	COMF       R11, 1
;__Lib_Math.c,1212 :: 		
0x023C	0x0AF8      	INCF       R8, 1
;__Lib_Math.c,1213 :: 		
0x023D	0x1903      	BTFSC      STATUS, 2
;__Lib_Math.c,1214 :: 		
0x023E	0x0AF9      	INCF       R9, 1
;__Lib_Math.c,1215 :: 		
0x023F	0x1903      	BTFSC      STATUS, 2
;__Lib_Math.c,1216 :: 		
0x0240	0x0AFA      	INCF       R10, 1
;__Lib_Math.c,1217 :: 		
0x0241	0x1903      	BTFSC      STATUS, 2
;__Lib_Math.c,1218 :: 		
0x0242	0x0AFB      	INCF       R11, 1
;__Lib_Math.c,1220 :: 		
0x0243	0x2A88      	GOTO       END_ALL
;__Lib_Math.c,1222 :: 		
C3232SX1:
;__Lib_Math.c,1223 :: 		
0x0244	0x1FF7      	BTFSS      R7, 7
;__Lib_Math.c,1224 :: 		
0x0245	0x2A5B      	GOTO       C3232SX3
;__Lib_Math.c,1225 :: 		
0x0246	0x1BF3      	BTFSC      R3, 7
;__Lib_Math.c,1226 :: 		
0x0247	0x2A55      	GOTO       C3232SX2
;__Lib_Math.c,1227 :: 		
0x0248	0x0873      	MOVF       R3, 0
;__Lib_Math.c,1228 :: 		
0x0249	0x00FB      	MOVWF      R11
;__Lib_Math.c,1229 :: 		
0x024A	0x0872      	MOVF       R2, 0
;__Lib_Math.c,1230 :: 		
0x024B	0x00FA      	MOVWF      R10
;__Lib_Math.c,1231 :: 		
0x024C	0x0871      	MOVF       R1, 0
;__Lib_Math.c,1232 :: 		
0x024D	0x00F9      	MOVWF      R9
;__Lib_Math.c,1233 :: 		
0x024E	0x0870      	MOVF       R0, 0
;__Lib_Math.c,1234 :: 		
0x024F	0x00F8      	MOVWF      R8
;__Lib_Math.c,1235 :: 		
0x0250	0x01F3      	CLRF       R3
;__Lib_Math.c,1236 :: 		
0x0251	0x01F2      	CLRF       R2
;__Lib_Math.c,1237 :: 		
0x0252	0x01F1      	CLRF       R1
;__Lib_Math.c,1238 :: 		
0x0253	0x01F0      	CLRF       R0
;__Lib_Math.c,1239 :: 		
0x0254	0x2A2B      	GOTO       C3232SOK
;__Lib_Math.c,1240 :: 		
C3232SX2:
;__Lib_Math.c,1241 :: 		
0x0255	0x01F3      	CLRF       R3
;__Lib_Math.c,1242 :: 		
0x0256	0x01F2      	CLRF       R2
;__Lib_Math.c,1243 :: 		
0x0257	0x01F1      	CLRF       R1
;__Lib_Math.c,1244 :: 		
0x0258	0x01F0      	CLRF       R0
;__Lib_Math.c,1245 :: 		
0x0259	0x0AF0      	INCF       R0, 1
;__Lib_Math.c,1246 :: 		
0x025A	0x3400      	RETLW      0
;__Lib_Math.c,1248 :: 		
C3232SX3:
;__Lib_Math.c,1249 :: 		
0x025B	0x09F3      	COMF       R3, 1
;__Lib_Math.c,1250 :: 		
0x025C	0x09F2      	COMF       R2, 1
;__Lib_Math.c,1251 :: 		
0x025D	0x09F1      	COMF       R1, 1
;__Lib_Math.c,1252 :: 		
0x025E	0x09F0      	COMF       R0, 1
;__Lib_Math.c,1254 :: 		
0x025F	0x17FC      	BSF        R12, 7
;__Lib_Math.c,1256 :: 		
0x0260	0x2A28      	GOTO       C3232S
;__Lib_Math.c,1258 :: 		
C3232SX4:
;__Lib_Math.c,1259 :: 		
0x0261	0x0AF8      	INCF       R8, 1
;__Lib_Math.c,1260 :: 		
0x0262	0x1903      	BTFSC      STATUS, 2
;__Lib_Math.c,1261 :: 		
0x0263	0x0AF9      	INCF       R9, 1
;__Lib_Math.c,1262 :: 		
0x0264	0x1903      	BTFSC      STATUS, 2
;__Lib_Math.c,1263 :: 		
0x0265	0x0AFA      	INCF       R10, 1
;__Lib_Math.c,1264 :: 		
0x0266	0x1903      	BTFSC      STATUS, 2
;__Lib_Math.c,1265 :: 		
0x0267	0x0AFB      	INCF       R11, 1
;__Lib_Math.c,1266 :: 		
0x0268	0x0874      	MOVF       R4, 0
;__Lib_Math.c,1267 :: 		
0x0269	0x0278      	SUBWF      R8, 0
;__Lib_Math.c,1268 :: 		
0x026A	0x1D03      	BTFSS      STATUS, 2
;__Lib_Math.c,1269 :: 		
0x026B	0x2A2B      	GOTO       C3232SOK
;__Lib_Math.c,1270 :: 		
0x026C	0x0875      	MOVF       R5, 0
;__Lib_Math.c,1271 :: 		
0x026D	0x0279      	SUBWF      R9, 0
;__Lib_Math.c,1272 :: 		
0x026E	0x1D03      	BTFSS      STATUS, 2
;__Lib_Math.c,1273 :: 		
0x026F	0x2A2B      	GOTO       C3232SOK
;__Lib_Math.c,1274 :: 		
0x0270	0x0876      	MOVF       R6, 0
;__Lib_Math.c,1275 :: 		
0x0271	0x027A      	SUBWF      R10, 0
;__Lib_Math.c,1276 :: 		
0x0272	0x1D03      	BTFSS      STATUS, 2
;__Lib_Math.c,1277 :: 		
0x0273	0x2A2B      	GOTO       C3232SOK
;__Lib_Math.c,1278 :: 		
0x0274	0x0877      	MOVF       R7, 0
;__Lib_Math.c,1279 :: 		
0x0275	0x027B      	SUBWF      R11, 0
;__Lib_Math.c,1280 :: 		
0x0276	0x1D03      	BTFSS      STATUS, 2
;__Lib_Math.c,1281 :: 		
0x0277	0x2A2B      	GOTO       C3232SOK
;__Lib_Math.c,1282 :: 		
0x0278	0x01FB      	CLRF       R11
;__Lib_Math.c,1283 :: 		
0x0279	0x01FA      	CLRF       R10
;__Lib_Math.c,1284 :: 		
0x027A	0x01F9      	CLRF       R9
;__Lib_Math.c,1285 :: 		
0x027B	0x01F8      	CLRF       R8
;__Lib_Math.c,1286 :: 		
0x027C	0x0AF0      	INCF       R0, 1
;__Lib_Math.c,1287 :: 		
0x027D	0x1903      	BTFSC      STATUS, 2
;__Lib_Math.c,1288 :: 		
0x027E	0x0AF1      	INCF       R1, 1
;__Lib_Math.c,1289 :: 		
0x027F	0x1903      	BTFSC      STATUS, 2
;__Lib_Math.c,1290 :: 		
0x0280	0x0AF2      	INCF       R2, 1
;__Lib_Math.c,1291 :: 		
0x0281	0x1903      	BTFSC      STATUS, 2
;__Lib_Math.c,1292 :: 		
0x0282	0x0AF3      	INCF       R3, 1
;__Lib_Math.c,1293 :: 		
0x0283	0x1FF3      	BTFSS      R3, 7
;__Lib_Math.c,1294 :: 		
0x0284	0x2A2B      	GOTO       C3232SOK
;__Lib_Math.c,1295 :: 		
0x0285	0x01A0      	CLRF       ___math_tempb
;__Lib_Math.c,1296 :: 		
0x0286	0x1620      	BSF        ___math_tempb, 4
;__Lib_Math.c,1297 :: 		
0x0287	0x34FF      	RETLW      255
;__Lib_Math.c,1298 :: 		
END_ALL:
;__Lib_Math.c,1299 :: 		
0x0288	0x01A0      	CLRF       ___math_tempb
;__Lib_Math.c,1300 :: 		
0x0289	0x1C7C      	BTFSS      R12, 0
;__Lib_Math.c,1301 :: 		
0x028A	0x2A8C      	GOTO       avoid_comfrem
;__Lib_Math.c,1303 :: 		
0x028B	0x2062      	CALL       _COMFREM
;__Lib_Math.c,1305 :: 		
avoid_comfrem:
;__Lib_Math.c,1306 :: 		
0x028C	0x3E00      	ADDLW      0
;__Lib_Math.c,1308 :: 		
L_end_Div_32x32_S:
0x028D	0x0008      	RETURN
; end of _Div_32x32_S
_Mul_32x32_U:
;__Lib_Math.c,1774 :: 		
;__Lib_Math.c,1789 :: 		
0x028E	0x1283      	BCF        STATUS, 5
;__Lib_Math.c,1790 :: 		
0x028F	0x1303      	BCF        STATUS, 6
;__Lib_Math.c,1791 :: 		
0x0290	0x3022      	MOVLW      34
;__Lib_Math.c,1792 :: 		
0x0291	0x00FC      	MOVWF      R12
;__Lib_Math.c,1793 :: 		
0x0292	0x01F8      	CLRF       R8
;__Lib_Math.c,1794 :: 		
0x0293	0x01F9      	CLRF       R9
;__Lib_Math.c,1795 :: 		
0x0294	0x01FA      	CLRF       R10
;__Lib_Math.c,1796 :: 		
0x0295	0x01FB      	CLRF       R11
;__Lib_Math.c,1798 :: 		
_NEXT:
;__Lib_Math.c,1802 :: 		
0x0296	0x03FC      	DECF       R12, 1
;__Lib_Math.c,1803 :: 		
0x0297	0x1903      	BTFSC      STATUS, 2
;__Lib_Math.c,1804 :: 		
0x0298	0x2AC4      	GOTO       _EXIT2
;__Lib_Math.c,1805 :: 		
0x0299	0x1003      	BCF        STATUS, 0
;__Lib_Math.c,1807 :: 		
_LOOP:
;__Lib_Math.c,1816 :: 		
0x029A	0x0CFB      	RRF        R11, 1
;__Lib_Math.c,1817 :: 		
0x029B	0x0CFA      	RRF        R10, 1
;__Lib_Math.c,1818 :: 		
0x029C	0x0CF9      	RRF        R9, 1
;__Lib_Math.c,1819 :: 		
0x029D	0x0CF8      	RRF        R8, 1
;__Lib_Math.c,1820 :: 		
0x029E	0x0CF3      	RRF        R3, 1
;__Lib_Math.c,1821 :: 		
0x029F	0x0CF2      	RRF        R2, 1
;__Lib_Math.c,1822 :: 		
0x02A0	0x0CF1      	RRF        R1, 1
;__Lib_Math.c,1823 :: 		
0x02A1	0x0CF0      	RRF        R0, 1
;__Lib_Math.c,1828 :: 		
0x02A2	0x1C03      	BTFSS      STATUS, 0
;__Lib_Math.c,1829 :: 		
0x02A3	0x2A96      	GOTO       _NEXT
;__Lib_Math.c,1830 :: 		
0x02A4	0x03FC      	DECF       R12, 1
;__Lib_Math.c,1831 :: 		
0x02A5	0x1903      	BTFSC      STATUS, 2
;__Lib_Math.c,1832 :: 		
0x02A6	0x2AB6      	GOTO       _EXIT1
;__Lib_Math.c,1839 :: 		
0x02A7	0x0874      	MOVF       R4, 0
;__Lib_Math.c,1840 :: 		
0x02A8	0x07F8      	ADDWF      R8, 1
;__Lib_Math.c,1841 :: 		
0x02A9	0x0875      	MOVF       R5, 0
;__Lib_Math.c,1842 :: 		
0x02AA	0x1803      	BTFSC      STATUS, 0
;__Lib_Math.c,1843 :: 		
0x02AB	0x0F75      	INCFSZ     R5, 0
;__Lib_Math.c,1844 :: 		
0x02AC	0x07F9      	ADDWF      R9, 1
;__Lib_Math.c,1845 :: 		
0x02AD	0x0876      	MOVF       R6, 0
;__Lib_Math.c,1846 :: 		
0x02AE	0x1803      	BTFSC      STATUS, 0
;__Lib_Math.c,1847 :: 		
0x02AF	0x0F76      	INCFSZ     R6, 0
;__Lib_Math.c,1848 :: 		
0x02B0	0x07FA      	ADDWF      R10, 1
;__Lib_Math.c,1849 :: 		
0x02B1	0x0877      	MOVF       R7, 0
;__Lib_Math.c,1850 :: 		
0x02B2	0x1803      	BTFSC      STATUS, 0
;__Lib_Math.c,1851 :: 		
0x02B3	0x0F77      	INCFSZ     R7, 0
;__Lib_Math.c,1852 :: 		
0x02B4	0x07FB      	ADDWF      R11, 1
;__Lib_Math.c,1854 :: 		
0x02B5	0x2A9A      	GOTO       _LOOP
;__Lib_Math.c,1856 :: 		
_EXIT1:
;__Lib_Math.c,1861 :: 		
0x02B6	0x0874      	MOVF       R4, 0
;__Lib_Math.c,1862 :: 		
0x02B7	0x07F8      	ADDWF      R8, 1
;__Lib_Math.c,1863 :: 		
0x02B8	0x0875      	MOVF       R5, 0
;__Lib_Math.c,1864 :: 		
0x02B9	0x1803      	BTFSC      STATUS, 0
;__Lib_Math.c,1865 :: 		
0x02BA	0x0F75      	INCFSZ     R5, 0
;__Lib_Math.c,1866 :: 		
0x02BB	0x07F9      	ADDWF      R9, 1
;__Lib_Math.c,1867 :: 		
0x02BC	0x0876      	MOVF       R6, 0
;__Lib_Math.c,1868 :: 		
0x02BD	0x1803      	BTFSC      STATUS, 0
;__Lib_Math.c,1869 :: 		
0x02BE	0x0F76      	INCFSZ     R6, 0
;__Lib_Math.c,1870 :: 		
0x02BF	0x07FA      	ADDWF      R10, 1
;__Lib_Math.c,1871 :: 		
0x02C0	0x0877      	MOVF       R7, 0
;__Lib_Math.c,1872 :: 		
0x02C1	0x1803      	BTFSC      STATUS, 0
;__Lib_Math.c,1873 :: 		
0x02C2	0x0F77      	INCFSZ     R7, 0
;__Lib_Math.c,1874 :: 		
0x02C3	0x07FB      	ADDWF      R11, 1
;__Lib_Math.c,1877 :: 		
_EXIT2:
;__Lib_Math.c,1879 :: 		
L_end_Mul_32x32_U:
0x02C4	0x0008      	RETURN
; end of _Mul_32x32_U
_Lcd_Out:
;__Lib_Lcd.c,184 :: 		
;__Lib_Lcd.c,187 :: 		
0x02C5	0x2AD7      	GOTO       L_Lcd_Out11
;__Lib_Lcd.c,188 :: 		
L_Lcd_Out13:
0x02C6	0x3080      	MOVLW      128
0x02C7	0x1283      	BCF        STATUS, 5
0x02C8	0x1303      	BCF        STATUS, 6
0x02C9	0x00DB      	MOVWF      FARG_Lcd_Out_row
0x02CA	0x2AEA      	GOTO       L_Lcd_Out12
;__Lib_Lcd.c,189 :: 		
L_Lcd_Out14:
0x02CB	0x30C0      	MOVLW      192
0x02CC	0x00DB      	MOVWF      FARG_Lcd_Out_row
0x02CD	0x2AEA      	GOTO       L_Lcd_Out12
;__Lib_Lcd.c,190 :: 		
L_Lcd_Out15:
0x02CE	0x3094      	MOVLW      148
0x02CF	0x00DB      	MOVWF      FARG_Lcd_Out_row
0x02D0	0x2AEA      	GOTO       L_Lcd_Out12
;__Lib_Lcd.c,191 :: 		
L_Lcd_Out16:
0x02D1	0x30D4      	MOVLW      212
0x02D2	0x00DB      	MOVWF      FARG_Lcd_Out_row
0x02D3	0x2AEA      	GOTO       L_Lcd_Out12
;__Lib_Lcd.c,192 :: 		
L_Lcd_Out17:
0x02D4	0x3080      	MOVLW      128
0x02D5	0x00DB      	MOVWF      FARG_Lcd_Out_row
;__Lib_Lcd.c,193 :: 		
0x02D6	0x2AEA      	GOTO       L_Lcd_Out12
L_Lcd_Out11:
0x02D7	0x1283      	BCF        STATUS, 5
0x02D8	0x1303      	BCF        STATUS, 6
0x02D9	0x085B      	MOVF       FARG_Lcd_Out_row, 0
0x02DA	0x3A01      	XORLW      1
0x02DB	0x1903      	BTFSC      STATUS, 2
0x02DC	0x2AC6      	GOTO       L_Lcd_Out13
0x02DD	0x085B      	MOVF       FARG_Lcd_Out_row, 0
0x02DE	0x3A02      	XORLW      2
0x02DF	0x1903      	BTFSC      STATUS, 2
0x02E0	0x2ACB      	GOTO       L_Lcd_Out14
0x02E1	0x085B      	MOVF       FARG_Lcd_Out_row, 0
0x02E2	0x3A03      	XORLW      3
0x02E3	0x1903      	BTFSC      STATUS, 2
0x02E4	0x2ACE      	GOTO       L_Lcd_Out15
0x02E5	0x085B      	MOVF       FARG_Lcd_Out_row, 0
0x02E6	0x3A04      	XORLW      4
0x02E7	0x1903      	BTFSC      STATUS, 2
0x02E8	0x2AD1      	GOTO       L_Lcd_Out16
0x02E9	0x2AD4      	GOTO       L_Lcd_Out17
L_Lcd_Out12:
;__Lib_Lcd.c,194 :: 		
0x02EA	0x035C      	DECF       FARG_Lcd_Out_column, 0
0x02EB	0x00F0      	MOVWF      R0
0x02EC	0x085B      	MOVF       FARG_Lcd_Out_row, 0
0x02ED	0x07F0      	ADDWF      R0, 1
0x02EE	0x0870      	MOVF       R0, 0
0x02EF	0x00DB      	MOVWF      FARG_Lcd_Out_row
;__Lib_Lcd.c,196 :: 		
0x02F0	0x0870      	MOVF       R0, 0
0x02F1	0x00E0      	MOVWF      FARG_Lcd_Cmd_out_char
0x02F2	0x201A      	CALL       _Lcd_Cmd
;__Lib_Lcd.c,197 :: 		
0x02F3	0x1027      	BCF        __Lib_Lcd_cmd_status, BitPos(__Lib_Lcd_cmd_status+0)
;__Lib_Lcd.c,198 :: 		
0x02F4	0x01DE      	CLRF       Lcd_Out_i_L0
;__Lib_Lcd.c,199 :: 		
L_Lcd_Out18:
0x02F5	0x085E      	MOVF       Lcd_Out_i_L0, 0
0x02F6	0x075D      	ADDWF      FARG_Lcd_Out_text, 0
0x02F7	0x0084      	MOVWF      FSR
0x02F8	0x0800      	MOVF       INDF, 0
0x02F9	0x1903      	BTFSC      STATUS, 2
0x02FA	0x2B03      	GOTO       L_Lcd_Out19
;__Lib_Lcd.c,200 :: 		
0x02FB	0x085E      	MOVF       Lcd_Out_i_L0, 0
0x02FC	0x075D      	ADDWF      FARG_Lcd_Out_text, 0
0x02FD	0x0084      	MOVWF      FSR
0x02FE	0x0800      	MOVF       INDF, 0
0x02FF	0x00DF      	MOVWF      FARG_Lcd_Chr_CP_out_char
0x0300	0x205A      	CALL       _Lcd_Chr_CP
0x0301	0x0ADE      	INCF       Lcd_Out_i_L0, 1
0x0302	0x2AF5      	GOTO       L_Lcd_Out18
L_Lcd_Out19:
;__Lib_Lcd.c,201 :: 		
0x0303	0x1427      	BSF        __Lib_Lcd_cmd_status, BitPos(__Lib_Lcd_cmd_status+0)
;__Lib_Lcd.c,202 :: 		
L_end_Lcd_Out:
0x0304	0x0008      	RETURN
; end of _Lcd_Out
_Lcd_Init:
;__Lib_Lcd.c,84 :: 		
;__Lib_Lcd.c,86 :: 		
0x0305	0x1683      	BSF        STATUS, 5
0x0306	0x1303      	BCF        STATUS, 6
0x0307	0x1089      	BCF        LCD_EN_Direction, BitPos(LCD_EN_Direction+0)
;__Lib_Lcd.c,87 :: 		
0x0308	0x1109      	BCF        LCD_RS_Direction, BitPos(LCD_RS_Direction+0)
;__Lib_Lcd.c,88 :: 		
0x0309	0x1208      	BCF        LCD_D4_Direction, BitPos(LCD_D4_Direction+0)
;__Lib_Lcd.c,89 :: 		
0x030A	0x1288      	BCF        LCD_D5_Direction, BitPos(LCD_D5_Direction+0)
;__Lib_Lcd.c,90 :: 		
0x030B	0x1308      	BCF        LCD_D6_Direction, BitPos(LCD_D6_Direction+0)
;__Lib_Lcd.c,91 :: 		
0x030C	0x1388      	BCF        LCD_D7_Direction, BitPos(LCD_D7_Direction+0)
;__Lib_Lcd.c,93 :: 		
0x030D	0x1283      	BCF        STATUS, 5
0x030E	0x1089      	BCF        LCD_EN, BitPos(LCD_EN+0)
;__Lib_Lcd.c,94 :: 		
0x030F	0x1109      	BCF        LCD_RS, BitPos(LCD_RS+0)
;__Lib_Lcd.c,95 :: 		
0x0310	0x1388      	BCF        LCD_D7, BitPos(LCD_D7+0)
;__Lib_Lcd.c,96 :: 		
0x0311	0x1308      	BCF        LCD_D6, BitPos(LCD_D6+0)
;__Lib_Lcd.c,97 :: 		
0x0312	0x1288      	BCF        LCD_D5, BitPos(LCD_D5+0)
;__Lib_Lcd.c,98 :: 		
0x0313	0x1208      	BCF        LCD_D4, BitPos(LCD_D4+0)
;__Lib_Lcd.c,100 :: 		
0x0314	0x200A      	CALL       _Delay_5500us
;__Lib_Lcd.c,101 :: 		
0x0315	0x200A      	CALL       _Delay_5500us
;__Lib_Lcd.c,102 :: 		
0x0316	0x200A      	CALL       _Delay_5500us
;__Lib_Lcd.c,105 :: 		
0x0317	0x1688      	BSF        LCD_D5, BitPos(LCD_D5+0)
;__Lib_Lcd.c,106 :: 		
0x0318	0x1608      	BSF        LCD_D4, BitPos(LCD_D4+0)
;__Lib_Lcd.c,107 :: 		
0x0319	0x1489      	BSF        LCD_EN, BitPos(LCD_EN+0)
;__Lib_Lcd.c,108 :: 		
0x031A	0x2017      	CALL       _Delay_1us
;__Lib_Lcd.c,109 :: 		
0x031B	0x1089      	BCF        LCD_EN, BitPos(LCD_EN+0)
;__Lib_Lcd.c,110 :: 		
0x031C	0x200A      	CALL       _Delay_5500us
;__Lib_Lcd.c,112 :: 		
0x031D	0x1489      	BSF        LCD_EN, BitPos(LCD_EN+0)
;__Lib_Lcd.c,113 :: 		
0x031E	0x2017      	CALL       _Delay_1us
;__Lib_Lcd.c,114 :: 		
0x031F	0x1089      	BCF        LCD_EN, BitPos(LCD_EN+0)
;__Lib_Lcd.c,115 :: 		
0x0320	0x200A      	CALL       _Delay_5500us
;__Lib_Lcd.c,117 :: 		
0x0321	0x1489      	BSF        LCD_EN, BitPos(LCD_EN+0)
;__Lib_Lcd.c,118 :: 		
0x0322	0x2017      	CALL       _Delay_1us
;__Lib_Lcd.c,119 :: 		
0x0323	0x1089      	BCF        LCD_EN, BitPos(LCD_EN+0)
;__Lib_Lcd.c,120 :: 		
0x0324	0x200A      	CALL       _Delay_5500us
;__Lib_Lcd.c,123 :: 		
0x0325	0x1208      	BCF        LCD_D4, BitPos(LCD_D4+0)
;__Lib_Lcd.c,124 :: 		
0x0326	0x1489      	BSF        LCD_EN, BitPos(LCD_EN+0)
;__Lib_Lcd.c,125 :: 		
0x0327	0x2017      	CALL       _Delay_1us
;__Lib_Lcd.c,126 :: 		
0x0328	0x1089      	BCF        LCD_EN, BitPos(LCD_EN+0)
;__Lib_Lcd.c,127 :: 		
0x0329	0x200A      	CALL       _Delay_5500us
;__Lib_Lcd.c,130 :: 		
0x032A	0x1489      	BSF        LCD_EN, BitPos(LCD_EN+0)
;__Lib_Lcd.c,131 :: 		
0x032B	0x2017      	CALL       _Delay_1us
;__Lib_Lcd.c,132 :: 		
0x032C	0x1089      	BCF        LCD_EN, BitPos(LCD_EN+0)
;__Lib_Lcd.c,134 :: 		
0x032D	0x1288      	BCF        LCD_D5, BitPos(LCD_D5+0)
;__Lib_Lcd.c,135 :: 		
0x032E	0x1788      	BSF        LCD_D7, BitPos(LCD_D7+0)
;__Lib_Lcd.c,136 :: 		
0x032F	0x1489      	BSF        LCD_EN, BitPos(LCD_EN+0)
;__Lib_Lcd.c,137 :: 		
0x0330	0x2017      	CALL       _Delay_1us
;__Lib_Lcd.c,138 :: 		
0x0331	0x1089      	BCF        LCD_EN, BitPos(LCD_EN+0)
;__Lib_Lcd.c,139 :: 		
0x0332	0x200A      	CALL       _Delay_5500us
;__Lib_Lcd.c,142 :: 		
0x0333	0x1388      	BCF        LCD_D7, BitPos(LCD_D7+0)
;__Lib_Lcd.c,143 :: 		
0x0334	0x1608      	BSF        LCD_D4, BitPos(LCD_D4+0)
;__Lib_Lcd.c,144 :: 		
0x0335	0x1489      	BSF        LCD_EN, BitPos(LCD_EN+0)
;__Lib_Lcd.c,145 :: 		
0x0336	0x2017      	CALL       _Delay_1us
;__Lib_Lcd.c,146 :: 		
0x0337	0x1089      	BCF        LCD_EN, BitPos(LCD_EN+0)
;__Lib_Lcd.c,148 :: 		
0x0338	0x1208      	BCF        LCD_D4, BitPos(LCD_D4+0)
;__Lib_Lcd.c,149 :: 		
0x0339	0x1489      	BSF        LCD_EN, BitPos(LCD_EN+0)
;__Lib_Lcd.c,150 :: 		
0x033A	0x2017      	CALL       _Delay_1us
;__Lib_Lcd.c,151 :: 		
0x033B	0x1089      	BCF        LCD_EN, BitPos(LCD_EN+0)
;__Lib_Lcd.c,152 :: 		
0x033C	0x200A      	CALL       _Delay_5500us
;__Lib_Lcd.c,155 :: 		
0x033D	0x1489      	BSF        LCD_EN, BitPos(LCD_EN+0)
;__Lib_Lcd.c,156 :: 		
0x033E	0x2017      	CALL       _Delay_1us
;__Lib_Lcd.c,157 :: 		
0x033F	0x1089      	BCF        LCD_EN, BitPos(LCD_EN+0)
;__Lib_Lcd.c,159 :: 		
0x0340	0x1608      	BSF        LCD_D4, BitPos(LCD_D4+0)
;__Lib_Lcd.c,160 :: 		
0x0341	0x1489      	BSF        LCD_EN, BitPos(LCD_EN+0)
;__Lib_Lcd.c,161 :: 		
0x0342	0x2017      	CALL       _Delay_1us
;__Lib_Lcd.c,162 :: 		
0x0343	0x1089      	BCF        LCD_EN, BitPos(LCD_EN+0)
;__Lib_Lcd.c,163 :: 		
0x0344	0x200A      	CALL       _Delay_5500us
;__Lib_Lcd.c,166 :: 		
0x0345	0x1208      	BCF        LCD_D4, BitPos(LCD_D4+0)
;__Lib_Lcd.c,167 :: 		
0x0346	0x1489      	BSF        LCD_EN, BitPos(LCD_EN+0)
;__Lib_Lcd.c,168 :: 		
0x0347	0x2017      	CALL       _Delay_1us
;__Lib_Lcd.c,169 :: 		
0x0348	0x1089      	BCF        LCD_EN, BitPos(LCD_EN+0)
;__Lib_Lcd.c,171 :: 		
0x0349	0x1788      	BSF        LCD_D7, BitPos(LCD_D7+0)
;__Lib_Lcd.c,172 :: 		
0x034A	0x1708      	BSF        LCD_D6, BitPos(LCD_D6+0)
;__Lib_Lcd.c,173 :: 		
0x034B	0x1688      	BSF        LCD_D5, BitPos(LCD_D5+0)
;__Lib_Lcd.c,174 :: 		
0x034C	0x1608      	BSF        LCD_D4, BitPos(LCD_D4+0)
;__Lib_Lcd.c,175 :: 		
0x034D	0x1489      	BSF        LCD_EN, BitPos(LCD_EN+0)
;__Lib_Lcd.c,176 :: 		
0x034E	0x2017      	CALL       _Delay_1us
;__Lib_Lcd.c,177 :: 		
0x034F	0x1089      	BCF        LCD_EN, BitPos(LCD_EN+0)
;__Lib_Lcd.c,179 :: 		
0x0350	0x200A      	CALL       _Delay_5500us
;__Lib_Lcd.c,181 :: 		
0x0351	0x1427      	BSF        __Lib_Lcd_cmd_status, BitPos(__Lib_Lcd_cmd_status+0)
;__Lib_Lcd.c,182 :: 		
L_end_Lcd_Init:
0x0352	0x0008      	RETURN
; end of _Lcd_Init
_Lcd_Out_CP:
;__Lib_Lcd.c,57 :: 		
;__Lib_Lcd.c,58 :: 		
0x0353	0x1283      	BCF        STATUS, 5
0x0354	0x1303      	BCF        STATUS, 6
0x0355	0x01DC      	CLRF       Lcd_Out_CP_i_L0
;__Lib_Lcd.c,60 :: 		
L_Lcd_Out_CP2:
0x0356	0x085C      	MOVF       Lcd_Out_CP_i_L0, 0
0x0357	0x075B      	ADDWF      FARG_Lcd_Out_CP_text, 0
0x0358	0x0084      	MOVWF      FSR
0x0359	0x0800      	MOVF       INDF, 0
0x035A	0x1903      	BTFSC      STATUS, 2
0x035B	0x2B64      	GOTO       L_Lcd_Out_CP3
;__Lib_Lcd.c,61 :: 		
0x035C	0x085C      	MOVF       Lcd_Out_CP_i_L0, 0
0x035D	0x075B      	ADDWF      FARG_Lcd_Out_CP_text, 0
0x035E	0x0084      	MOVWF      FSR
0x035F	0x0800      	MOVF       INDF, 0
0x0360	0x00DF      	MOVWF      FARG_Lcd_Chr_CP_out_char
0x0361	0x205A      	CALL       _Lcd_Chr_CP
0x0362	0x0ADC      	INCF       Lcd_Out_CP_i_L0, 1
;__Lib_Lcd.c,62 :: 		
0x0363	0x2B56      	GOTO       L_Lcd_Out_CP2
L_Lcd_Out_CP3:
;__Lib_Lcd.c,63 :: 		
L_end_Lcd_Out_CP:
0x0364	0x0008      	RETURN
; end of _Lcd_Out_CP
_Lcd_Chr:
;__Lib_Lcd.c,65 :: 		
;__Lib_Lcd.c,66 :: 		
0x0365	0x2B77      	GOTO       L_Lcd_Chr4
;__Lib_Lcd.c,67 :: 		
L_Lcd_Chr6:
0x0366	0x3080      	MOVLW      128
0x0367	0x1283      	BCF        STATUS, 5
0x0368	0x1303      	BCF        STATUS, 6
0x0369	0x00DB      	MOVWF      FARG_Lcd_Chr_row
0x036A	0x2B8A      	GOTO       L_Lcd_Chr5
;__Lib_Lcd.c,68 :: 		
L_Lcd_Chr7:
0x036B	0x30C0      	MOVLW      192
0x036C	0x00DB      	MOVWF      FARG_Lcd_Chr_row
0x036D	0x2B8A      	GOTO       L_Lcd_Chr5
;__Lib_Lcd.c,69 :: 		
L_Lcd_Chr8:
0x036E	0x3094      	MOVLW      148
0x036F	0x00DB      	MOVWF      FARG_Lcd_Chr_row
0x0370	0x2B8A      	GOTO       L_Lcd_Chr5
;__Lib_Lcd.c,70 :: 		
L_Lcd_Chr9:
0x0371	0x30D4      	MOVLW      212
0x0372	0x00DB      	MOVWF      FARG_Lcd_Chr_row
0x0373	0x2B8A      	GOTO       L_Lcd_Chr5
;__Lib_Lcd.c,71 :: 		
L_Lcd_Chr10:
0x0374	0x3080      	MOVLW      128
0x0375	0x00DB      	MOVWF      FARG_Lcd_Chr_row
;__Lib_Lcd.c,72 :: 		
0x0376	0x2B8A      	GOTO       L_Lcd_Chr5
L_Lcd_Chr4:
0x0377	0x1283      	BCF        STATUS, 5
0x0378	0x1303      	BCF        STATUS, 6
0x0379	0x085B      	MOVF       FARG_Lcd_Chr_row, 0
0x037A	0x3A01      	XORLW      1
0x037B	0x1903      	BTFSC      STATUS, 2
0x037C	0x2B66      	GOTO       L_Lcd_Chr6
0x037D	0x085B      	MOVF       FARG_Lcd_Chr_row, 0
0x037E	0x3A02      	XORLW      2
0x037F	0x1903      	BTFSC      STATUS, 2
0x0380	0x2B6B      	GOTO       L_Lcd_Chr7
0x0381	0x085B      	MOVF       FARG_Lcd_Chr_row, 0
0x0382	0x3A03      	XORLW      3
0x0383	0x1903      	BTFSC      STATUS, 2
0x0384	0x2B6E      	GOTO       L_Lcd_Chr8
0x0385	0x085B      	MOVF       FARG_Lcd_Chr_row, 0
0x0386	0x3A04      	XORLW      4
0x0387	0x1903      	BTFSC      STATUS, 2
0x0388	0x2B71      	GOTO       L_Lcd_Chr9
0x0389	0x2B74      	GOTO       L_Lcd_Chr10
L_Lcd_Chr5:
;__Lib_Lcd.c,74 :: 		
0x038A	0x035C      	DECF       FARG_Lcd_Chr_column, 0
0x038B	0x00F0      	MOVWF      R0
0x038C	0x085B      	MOVF       FARG_Lcd_Chr_row, 0
0x038D	0x07F0      	ADDWF      R0, 1
0x038E	0x0870      	MOVF       R0, 0
0x038F	0x00DB      	MOVWF      FARG_Lcd_Chr_row
;__Lib_Lcd.c,76 :: 		
0x0390	0x1427      	BSF        __Lib_Lcd_cmd_status, BitPos(__Lib_Lcd_cmd_status+0)
;__Lib_Lcd.c,77 :: 		
0x0391	0x0870      	MOVF       R0, 0
0x0392	0x00E0      	MOVWF      FARG_Lcd_Cmd_out_char
0x0393	0x201A      	CALL       _Lcd_Cmd
;__Lib_Lcd.c,79 :: 		
0x0394	0x1027      	BCF        __Lib_Lcd_cmd_status, BitPos(__Lib_Lcd_cmd_status+0)
;__Lib_Lcd.c,80 :: 		
0x0395	0x085D      	MOVF       FARG_Lcd_Chr_out_char, 0
0x0396	0x00E0      	MOVWF      FARG_Lcd_Cmd_out_char
0x0397	0x201A      	CALL       _Lcd_Cmd
;__Lib_Lcd.c,81 :: 		
0x0398	0x1427      	BSF        __Lib_Lcd_cmd_status, BitPos(__Lib_Lcd_cmd_status+0)
;__Lib_Lcd.c,82 :: 		
L_end_Lcd_Chr:
0x0399	0x0008      	RETURN
; end of _Lcd_Chr
_main:
;MAIN.c,25 :: 		void main() {
;MAIN.c,26 :: 		ADCON1 = 0x8E;                     // CONFIGURES THE FUNCTIONS OF THE PORT PINS
0x039A	0x308E      	MOVLW      142
0x039B	0x1683      	BSF        STATUS, 5
0x039C	0x1303      	BCF        STATUS, 6
0x039D	0x009F      	MOVWF      ADCON1
;MAIN.c,28 :: 		CM2_bit, CM1_bit, CM0_bit = 1;     // ALL COMPARATORS OFF
0x039E	0x141C      	BSF        CM0_bit, BitPos(CM0_bit+0)
;MAIN.c,29 :: 		INTCON = 0;                    // ALL INTERRUPTS DISABLED
0x039F	0x018B      	CLRF       INTCON
;MAIN.c,30 :: 		TRISA.RA0 = 1;                 // PORTA AN0 CONFIGURED AS INPUT
0x03A0	0x1405      	BSF        TRISA, 0
;MAIN.c,31 :: 		Lcd_Init();                    // LCD DISPLAY INITIALIZATION
0x03A1	0x2305      	CALL       _Lcd_Init
;MAIN.c,32 :: 		Lcd_Cmd(_LCD_CURSOR_OFF);      // LCD COMMAND (CURSOR OFF)
0x03A2	0x300C      	MOVLW      12
0x03A3	0x00E0      	MOVWF      FARG_Lcd_Cmd_out_char
0x03A4	0x201A      	CALL       _Lcd_Cmd
;MAIN.c,33 :: 		Lcd_Cmd(_LCD_CLEAR);           // LCD COMMAND (CLEAR LCD)
0x03A5	0x3001      	MOVLW      1
0x03A6	0x00E0      	MOVWF      FARG_Lcd_Cmd_out_char
0x03A7	0x201A      	CALL       _Lcd_Cmd
;MAIN.c,34 :: 		text = "> LAB.MCU.2014 <";     // DEFINE THE FIRST MESSAGE
0x03A8	0x303E      	MOVLW      62
0x03A9	0x00AC      	MOVWF      ?lstr1_MAIN
0x03AA	0x3020      	MOVLW      32
0x03AB	0x00AD      	MOVWF      ?lstr1_MAIN+1
0x03AC	0x304C      	MOVLW      76
0x03AD	0x00AE      	MOVWF      ?lstr1_MAIN+2
0x03AE	0x3041      	MOVLW      65
0x03AF	0x00AF      	MOVWF      ?lstr1_MAIN+3
0x03B0	0x3042      	MOVLW      66
0x03B1	0x00B0      	MOVWF      ?lstr1_MAIN+4
0x03B2	0x302E      	MOVLW      46
0x03B3	0x00B1      	MOVWF      ?lstr1_MAIN+5
0x03B4	0x304D      	MOVLW      77
0x03B5	0x00B2      	MOVWF      ?lstr1_MAIN+6
0x03B6	0x3043      	MOVLW      67
0x03B7	0x00B3      	MOVWF      ?lstr1_MAIN+7
0x03B8	0x3055      	MOVLW      85
0x03B9	0x00B4      	MOVWF      ?lstr1_MAIN+8
0x03BA	0x302E      	MOVLW      46
0x03BB	0x00B5      	MOVWF      ?lstr1_MAIN+9
0x03BC	0x3032      	MOVLW      50
0x03BD	0x00B6      	MOVWF      ?lstr1_MAIN+10
0x03BE	0x3030      	MOVLW      48
0x03BF	0x00B7      	MOVWF      ?lstr1_MAIN+11
0x03C0	0x3031      	MOVLW      49
0x03C1	0x00B8      	MOVWF      ?lstr1_MAIN+12
0x03C2	0x3034      	MOVLW      52
0x03C3	0x00B9      	MOVWF      ?lstr1_MAIN+13
0x03C4	0x3020      	MOVLW      32
0x03C5	0x00BA      	MOVWF      ?lstr1_MAIN+14
0x03C6	0x303C      	MOVLW      60
0x03C7	0x00BB      	MOVWF      ?lstr1_MAIN+15
0x03C8	0x01BC      	CLRF       ?lstr1_MAIN+16
0x03C9	0x302C      	MOVLW      ?lstr1_MAIN
0x03CA	0x00A9      	MOVWF      _text
;MAIN.c,35 :: 		Lcd_Out(1,1,text);             // WRITE THE FIRST MESSAGE IN THE FIRST LINE
0x03CB	0x3001      	MOVLW      1
0x03CC	0x00DB      	MOVWF      FARG_Lcd_Out_row
0x03CD	0x3001      	MOVLW      1
0x03CE	0x00DC      	MOVWF      FARG_Lcd_Out_column
0x03CF	0x0829      	MOVF       _text, 0
0x03D0	0x00DD      	MOVWF      FARG_Lcd_Out_text
0x03D1	0x22C5      	CALL       _Lcd_Out
;MAIN.c,36 :: 		text = "LCD   VOLTIMETRO";     // DEFINE THE SECOND MESSAGE
0x03D2	0x304C      	MOVLW      76
0x03D3	0x00BD      	MOVWF      ?lstr2_MAIN
0x03D4	0x3043      	MOVLW      67
0x03D5	0x00BE      	MOVWF      ?lstr2_MAIN+1
0x03D6	0x3044      	MOVLW      68
0x03D7	0x00BF      	MOVWF      ?lstr2_MAIN+2
0x03D8	0x3020      	MOVLW      32
0x03D9	0x00C0      	MOVWF      ?lstr2_MAIN+3
0x03DA	0x3020      	MOVLW      32
0x03DB	0x00C1      	MOVWF      ?lstr2_MAIN+4
0x03DC	0x3020      	MOVLW      32
0x03DD	0x00C2      	MOVWF      ?lstr2_MAIN+5
0x03DE	0x3056      	MOVLW      86
0x03DF	0x00C3      	MOVWF      ?lstr2_MAIN+6
0x03E0	0x304F      	MOVLW      79
0x03E1	0x00C4      	MOVWF      ?lstr2_MAIN+7
0x03E2	0x304C      	MOVLW      76
0x03E3	0x00C5      	MOVWF      ?lstr2_MAIN+8
0x03E4	0x3054      	MOVLW      84
0x03E5	0x00C6      	MOVWF      ?lstr2_MAIN+9
0x03E6	0x3049      	MOVLW      73
0x03E7	0x00C7      	MOVWF      ?lstr2_MAIN+10
0x03E8	0x304D      	MOVLW      77
0x03E9	0x00C8      	MOVWF      ?lstr2_MAIN+11
0x03EA	0x3045      	MOVLW      69
0x03EB	0x00C9      	MOVWF      ?lstr2_MAIN+12
0x03EC	0x3054      	MOVLW      84
0x03ED	0x00CA      	MOVWF      ?lstr2_MAIN+13
0x03EE	0x3052      	MOVLW      82
0x03EF	0x00CB      	MOVWF      ?lstr2_MAIN+14
0x03F0	0x304F      	MOVLW      79
0x03F1	0x00CC      	MOVWF      ?lstr2_MAIN+15
0x03F2	0x01CD      	CLRF       ?lstr2_MAIN+16
0x03F3	0x303D      	MOVLW      ?lstr2_MAIN
0x03F4	0x00A9      	MOVWF      _text
;MAIN.c,37 :: 		Lcd_Out(2,1,text);             // DEFINE THE FIRST MESSAGE
0x03F5	0x3002      	MOVLW      2
0x03F6	0x00DB      	MOVWF      FARG_Lcd_Out_row
0x03F7	0x3001      	MOVLW      1
0x03F8	0x00DC      	MOVWF      FARG_Lcd_Out_column
0x03F9	0x0829      	MOVF       _text, 0
0x03FA	0x00DD      	MOVWF      FARG_Lcd_Out_text
0x03FB	0x22C5      	CALL       _Lcd_Out
;MAIN.c,38 :: 		Delay_ms(2000);
0x03FC	0x3015      	MOVLW      21
0x03FD	0x00FB      	MOVWF      R11
0x03FE	0x304B      	MOVLW      75
0x03FF	0x00FC      	MOVWF      R12
0x0400	0x30BE      	MOVLW      190
0x0401	0x00FD      	MOVWF      R13
L_main0:
0x0402	0x0BFD      	DECFSZ     R13, 1
0x0403	0x2C02      	GOTO       L_main0
0x0404	0x0BFC      	DECFSZ     R12, 1
0x0405	0x2C02      	GOTO       L_main0
0x0406	0x0BFB      	DECFSZ     R11, 1
0x0407	0x2C02      	GOTO       L_main0
0x0408	0x0000      	NOP
;MAIN.c,39 :: 		text = "TENSAO: ";             // DEFINE THE THIRD MESSAGE
0x0409	0x3054      	MOVLW      84
0x040A	0x00CE      	MOVWF      ?lstr3_MAIN
0x040B	0x3045      	MOVLW      69
0x040C	0x00CF      	MOVWF      ?lstr3_MAIN+1
0x040D	0x304E      	MOVLW      78
0x040E	0x00D0      	MOVWF      ?lstr3_MAIN+2
0x040F	0x3053      	MOVLW      83
0x0410	0x00D1      	MOVWF      ?lstr3_MAIN+3
0x0411	0x3041      	MOVLW      65
0x0412	0x00D2      	MOVWF      ?lstr3_MAIN+4
0x0413	0x304F      	MOVLW      79
0x0414	0x00D3      	MOVWF      ?lstr3_MAIN+5
0x0415	0x303A      	MOVLW      58
0x0416	0x00D4      	MOVWF      ?lstr3_MAIN+6
0x0417	0x3020      	MOVLW      32
0x0418	0x00D5      	MOVWF      ?lstr3_MAIN+7
0x0419	0x01D6      	CLRF       ?lstr3_MAIN+8
0x041A	0x304E      	MOVLW      ?lstr3_MAIN
0x041B	0x00A9      	MOVWF      _text
;MAIN.c,40 :: 		while (1) {                      // ENDLESS LOOP START
L_main1:
;MAIN.c,41 :: 		adc_rd = ADC_Read(0);        // ADC PIN RA0 IS AN INPUT.
0x041C	0x01DB      	CLRF       FARG_ADC_Read_channel
0x041D	0x21A9      	CALL       _ADC_Read
0x041E	0x0870      	MOVF       R0, 0
0x041F	0x1283      	BCF        STATUS, 5
0x0420	0x00A5      	MOVWF      _adc_rd
0x0421	0x0871      	MOVF       R0+1, 0
0x0422	0x00A6      	MOVWF      _adc_rd+1
;MAIN.c,42 :: 		Lcd_Out(2,1, text);          // WRITE RESULT IN THE SECOND LINE
0x0423	0x3002      	MOVLW      2
0x0424	0x00DB      	MOVWF      FARG_Lcd_Out_row
0x0425	0x3001      	MOVLW      1
0x0426	0x00DC      	MOVWF      FARG_Lcd_Out_column
0x0427	0x0829      	MOVF       _text, 0
0x0428	0x00DD      	MOVWF      FARG_Lcd_Out_text
0x0429	0x22C5      	CALL       _Lcd_Out
;MAIN.c,43 :: 		tlong = (long)adc_rd * 5000; // CONVERT THE RESULT IN MILLIVOLTS
0x042A	0x0825      	MOVF       _adc_rd, 0
0x042B	0x00F0      	MOVWF      R0
0x042C	0x0826      	MOVF       _adc_rd+1, 0
0x042D	0x00F1      	MOVWF      R0+1
0x042E	0x01F2      	CLRF       R0+2
0x042F	0x01F3      	CLRF       R0+3
0x0430	0x3088      	MOVLW      136
0x0431	0x00F4      	MOVWF      R4
0x0432	0x3013      	MOVLW      19
0x0433	0x00F5      	MOVWF      R4+1
0x0434	0x01F6      	CLRF       R4+2
0x0435	0x01F7      	CLRF       R4+3
0x0436	0x228E      	CALL       _Mul_32x32_U
0x0437	0x0870      	MOVF       R0, 0
0x0438	0x00A1      	MOVWF      _tlong
0x0439	0x0871      	MOVF       R0+1, 0
0x043A	0x00A2      	MOVWF      _tlong+1
0x043B	0x0872      	MOVF       R0+2, 0
0x043C	0x00A3      	MOVWF      _tlong+2
0x043D	0x0873      	MOVF       R0+3, 0
0x043E	0x00A4      	MOVWF      _tlong+3
;MAIN.c,44 :: 		tlong = tlong / 1023;        // 0..1023 -> 0-5000mV
0x043F	0x30FF      	MOVLW      255
0x0440	0x00F4      	MOVWF      R4
0x0441	0x3003      	MOVLW      3
0x0442	0x00F5      	MOVWF      R4+1
0x0443	0x01F6      	CLRF       R4+2
0x0444	0x01F7      	CLRF       R4+3
0x0445	0x21D9      	CALL       _Div_32x32_S
0x0446	0x0870      	MOVF       R0, 0
0x0447	0x00A1      	MOVWF      _tlong
0x0448	0x0871      	MOVF       R0+1, 0
0x0449	0x00A2      	MOVWF      _tlong+1
0x044A	0x0872      	MOVF       R0+2, 0
0x044B	0x00A3      	MOVWF      _tlong+2
0x044C	0x0873      	MOVF       R0+3, 0
0x044D	0x00A4      	MOVWF      _tlong+3
;MAIN.c,45 :: 		ch = tlong / 1000;           // EXTRACT VOLTS (THOUSANDS OF MILLIVOLTS)
0x044E	0x30E8      	MOVLW      232
0x044F	0x00F4      	MOVWF      R4
0x0450	0x3003      	MOVLW      3
0x0451	0x00F5      	MOVWF      R4+1
0x0452	0x01F6      	CLRF       R4+2
0x0453	0x01F7      	CLRF       R4+3
0x0454	0x21D9      	CALL       _Div_32x32_S
0x0455	0x0870      	MOVF       R0, 0
0x0456	0x00A8      	MOVWF      _ch
;MAIN.c,47 :: 		Lcd_Chr(2,9, 48 + ch);       // WRITE RESULT IN ASCII FORMAT
0x0457	0x3002      	MOVLW      2
0x0458	0x00DB      	MOVWF      FARG_Lcd_Chr_row
0x0459	0x3009      	MOVLW      9
0x045A	0x00DC      	MOVWF      FARG_Lcd_Chr_column
0x045B	0x0870      	MOVF       R0, 0
0x045C	0x3E30      	ADDLW      48
0x045D	0x00DD      	MOVWF      FARG_Lcd_Chr_out_char
0x045E	0x2365      	CALL       _Lcd_Chr
;MAIN.c,48 :: 		Lcd_Chr_CP(',');             // WRITE "," AT CURSOR POSITION
0x045F	0x302C      	MOVLW      44
0x0460	0x00DF      	MOVWF      FARG_Lcd_Chr_CP_out_char
0x0461	0x205A      	CALL       _Lcd_Chr_CP
;MAIN.c,49 :: 		ch = (tlong / 100) % 10;     // EXTRACT HUNDREDS OF MILLIVOLTS
0x0462	0x3064      	MOVLW      100
0x0463	0x00F4      	MOVWF      R4
0x0464	0x01F5      	CLRF       R4+1
0x0465	0x01F6      	CLRF       R4+2
0x0466	0x01F7      	CLRF       R4+3
0x0467	0x0821      	MOVF       _tlong, 0
0x0468	0x00F0      	MOVWF      R0
0x0469	0x0822      	MOVF       _tlong+1, 0
0x046A	0x00F1      	MOVWF      R0+1
0x046B	0x0823      	MOVF       _tlong+2, 0
0x046C	0x00F2      	MOVWF      R0+2
0x046D	0x0824      	MOVF       _tlong+3, 0
0x046E	0x00F3      	MOVWF      R0+3
0x046F	0x21D9      	CALL       _Div_32x32_S
0x0470	0x300A      	MOVLW      10
0x0471	0x00F4      	MOVWF      R4
0x0472	0x01F5      	CLRF       R4+1
0x0473	0x01F6      	CLRF       R4+2
0x0474	0x01F7      	CLRF       R4+3
0x0475	0x21D9      	CALL       _Div_32x32_S
0x0476	0x0878      	MOVF       R8, 0
0x0477	0x00F0      	MOVWF      R0
0x0478	0x0879      	MOVF       R8+1, 0
0x0479	0x00F1      	MOVWF      R0+1
0x047A	0x087A      	MOVF       R8+2, 0
0x047B	0x00F2      	MOVWF      R0+2
0x047C	0x087B      	MOVF       R8+3, 0
0x047D	0x00F3      	MOVWF      R0+3
0x047E	0x0870      	MOVF       R0, 0
0x047F	0x00A8      	MOVWF      _ch
;MAIN.c,50 :: 		Lcd_Chr_CP(48 + ch);         // WRITE RESULT IN ASCII FORMAT
0x0480	0x0870      	MOVF       R0, 0
0x0481	0x3E30      	ADDLW      48
0x0482	0x00DF      	MOVWF      FARG_Lcd_Chr_CP_out_char
0x0483	0x205A      	CALL       _Lcd_Chr_CP
;MAIN.c,51 :: 		ch = (tlong / 10) % 10;      // EXTRACT TENS OF MILLIVOLTS
0x0484	0x300A      	MOVLW      10
0x0485	0x00F4      	MOVWF      R4
0x0486	0x01F5      	CLRF       R4+1
0x0487	0x01F6      	CLRF       R4+2
0x0488	0x01F7      	CLRF       R4+3
0x0489	0x0821      	MOVF       _tlong, 0
0x048A	0x00F0      	MOVWF      R0
0x048B	0x0822      	MOVF       _tlong+1, 0
0x048C	0x00F1      	MOVWF      R0+1
0x048D	0x0823      	MOVF       _tlong+2, 0
0x048E	0x00F2      	MOVWF      R0+2
0x048F	0x0824      	MOVF       _tlong+3, 0
0x0490	0x00F3      	MOVWF      R0+3
0x0491	0x21D9      	CALL       _Div_32x32_S
0x0492	0x300A      	MOVLW      10
0x0493	0x00F4      	MOVWF      R4
0x0494	0x01F5      	CLRF       R4+1
0x0495	0x01F6      	CLRF       R4+2
0x0496	0x01F7      	CLRF       R4+3
0x0497	0x21D9      	CALL       _Div_32x32_S
0x0498	0x0878      	MOVF       R8, 0
0x0499	0x00F0      	MOVWF      R0
0x049A	0x0879      	MOVF       R8+1, 0
0x049B	0x00F1      	MOVWF      R0+1
0x049C	0x087A      	MOVF       R8+2, 0
0x049D	0x00F2      	MOVWF      R0+2
0x049E	0x087B      	MOVF       R8+3, 0
0x049F	0x00F3      	MOVWF      R0+3
0x04A0	0x0870      	MOVF       R0, 0
0x04A1	0x00A8      	MOVWF      _ch
;MAIN.c,52 :: 		Lcd_Chr_CP(48 + ch);         // WRITE RESULT IN ASCII FORMAT
0x04A2	0x0870      	MOVF       R0, 0
0x04A3	0x3E30      	ADDLW      48
0x04A4	0x00DF      	MOVWF      FARG_Lcd_Chr_CP_out_char
0x04A5	0x205A      	CALL       _Lcd_Chr_CP
;MAIN.c,53 :: 		ch = tlong % 10;             // EXTRACT DIGITS FOR MILLIVOLTS
0x04A6	0x300A      	MOVLW      10
0x04A7	0x00F4      	MOVWF      R4
0x04A8	0x01F5      	CLRF       R4+1
0x04A9	0x01F6      	CLRF       R4+2
0x04AA	0x01F7      	CLRF       R4+3
0x04AB	0x0821      	MOVF       _tlong, 0
0x04AC	0x00F0      	MOVWF      R0
0x04AD	0x0822      	MOVF       _tlong+1, 0
0x04AE	0x00F1      	MOVWF      R0+1
0x04AF	0x0823      	MOVF       _tlong+2, 0
0x04B0	0x00F2      	MOVWF      R0+2
0x04B1	0x0824      	MOVF       _tlong+3, 0
0x04B2	0x00F3      	MOVWF      R0+3
0x04B3	0x21D9      	CALL       _Div_32x32_S
0x04B4	0x0878      	MOVF       R8, 0
0x04B5	0x00F0      	MOVWF      R0
0x04B6	0x0879      	MOVF       R8+1, 0
0x04B7	0x00F1      	MOVWF      R0+1
0x04B8	0x087A      	MOVF       R8+2, 0
0x04B9	0x00F2      	MOVWF      R0+2
0x04BA	0x087B      	MOVF       R8+3, 0
0x04BB	0x00F3      	MOVWF      R0+3
0x04BC	0x0870      	MOVF       R0, 0
0x04BD	0x00A8      	MOVWF      _ch
;MAIN.c,54 :: 		Lcd_Chr_CP(48 + ch);         // WRITE RESULT IN ASCII FORMAT
0x04BE	0x0870      	MOVF       R0, 0
0x04BF	0x3E30      	ADDLW      48
0x04C0	0x00DF      	MOVWF      FARG_Lcd_Chr_CP_out_char
0x04C1	0x205A      	CALL       _Lcd_Chr_CP
;MAIN.c,55 :: 		Lcd_Out_Cp(" V ");           // WRITE " V " AT CURSOR POSITION
0x04C2	0x3020      	MOVLW      32
0x04C3	0x00D7      	MOVWF      ?lstr4_MAIN
0x04C4	0x3056      	MOVLW      86
0x04C5	0x00D8      	MOVWF      ?lstr4_MAIN+1
0x04C6	0x3020      	MOVLW      32
0x04C7	0x00D9      	MOVWF      ?lstr4_MAIN+2
0x04C8	0x01DA      	CLRF       ?lstr4_MAIN+3
0x04C9	0x3057      	MOVLW      ?lstr4_MAIN
0x04CA	0x00DB      	MOVWF      FARG_Lcd_Out_CP_text
0x04CB	0x2353      	CALL       _Lcd_Out_CP
;MAIN.c,56 :: 		Delay_ms(1);                 // WAITS 1 ms
0x04CC	0x3003      	MOVLW      3
0x04CD	0x00FC      	MOVWF      R12
0x04CE	0x3097      	MOVLW      151
0x04CF	0x00FD      	MOVWF      R13
L_main3:
0x04D0	0x0BFD      	DECFSZ     R13, 1
0x04D1	0x2CD0      	GOTO       L_main3
0x04D2	0x0BFC      	DECFSZ     R12, 1
0x04D3	0x2CD0      	GOTO       L_main3
0x04D4	0x0000      	NOP
0x04D5	0x0000      	NOP
;MAIN.c,57 :: 		}                                                       // END ENDLESS LOOP
0x04D6	0x2C1C      	GOTO       L_main1
;MAIN.c,58 :: 		}                                                                   // END MAIN
L_end_main:
0x04D7	0x2CD7      	GOTO       $+0
; end of _main
;MAIN.c,0 :: ?ICS?lstr1_MAIN
0x04D8	0x343E ;?ICS?lstr1_MAIN+0
0x04D9	0x3420 ;?ICS?lstr1_MAIN+1
0x04DA	0x344C ;?ICS?lstr1_MAIN+2
0x04DB	0x3441 ;?ICS?lstr1_MAIN+3
0x04DC	0x3442 ;?ICS?lstr1_MAIN+4
0x04DD	0x342E ;?ICS?lstr1_MAIN+5
0x04DE	0x344D ;?ICS?lstr1_MAIN+6
0x04DF	0x3443 ;?ICS?lstr1_MAIN+7
0x04E0	0x3455 ;?ICS?lstr1_MAIN+8
0x04E1	0x342E ;?ICS?lstr1_MAIN+9
0x04E2	0x3432 ;?ICS?lstr1_MAIN+10
0x04E3	0x3430 ;?ICS?lstr1_MAIN+11
0x04E4	0x3431 ;?ICS?lstr1_MAIN+12
0x04E5	0x3434 ;?ICS?lstr1_MAIN+13
0x04E6	0x3420 ;?ICS?lstr1_MAIN+14
0x04E7	0x343C ;?ICS?lstr1_MAIN+15
0x04E8	0x3400 ;?ICS?lstr1_MAIN+16
; end of ?ICS?lstr1_MAIN
;MAIN.c,0 :: ?ICS?lstr2_MAIN
0x04E9	0x344C ;?ICS?lstr2_MAIN+0
0x04EA	0x3443 ;?ICS?lstr2_MAIN+1
0x04EB	0x3444 ;?ICS?lstr2_MAIN+2
0x04EC	0x3420 ;?ICS?lstr2_MAIN+3
0x04ED	0x3420 ;?ICS?lstr2_MAIN+4
0x04EE	0x3420 ;?ICS?lstr2_MAIN+5
0x04EF	0x3456 ;?ICS?lstr2_MAIN+6
0x04F0	0x344F ;?ICS?lstr2_MAIN+7
0x04F1	0x344C ;?ICS?lstr2_MAIN+8
0x04F2	0x3454 ;?ICS?lstr2_MAIN+9
0x04F3	0x3449 ;?ICS?lstr2_MAIN+10
0x04F4	0x344D ;?ICS?lstr2_MAIN+11
0x04F5	0x3445 ;?ICS?lstr2_MAIN+12
0x04F6	0x3454 ;?ICS?lstr2_MAIN+13
0x04F7	0x3452 ;?ICS?lstr2_MAIN+14
0x04F8	0x344F ;?ICS?lstr2_MAIN+15
0x04F9	0x3400 ;?ICS?lstr2_MAIN+16
; end of ?ICS?lstr2_MAIN
;MAIN.c,0 :: ?ICS?lstr3_MAIN
0x04FA	0x3454 ;?ICS?lstr3_MAIN+0
0x04FB	0x3445 ;?ICS?lstr3_MAIN+1
0x04FC	0x344E ;?ICS?lstr3_MAIN+2
0x04FD	0x3453 ;?ICS?lstr3_MAIN+3
0x04FE	0x3441 ;?ICS?lstr3_MAIN+4
0x04FF	0x344F ;?ICS?lstr3_MAIN+5
0x0500	0x343A ;?ICS?lstr3_MAIN+6
0x0501	0x3420 ;?ICS?lstr3_MAIN+7
0x0502	0x3400 ;?ICS?lstr3_MAIN+8
; end of ?ICS?lstr3_MAIN
;MAIN.c,0 :: ?ICS?lstr4_MAIN
0x0503	0x3420 ;?ICS?lstr4_MAIN+0
0x0504	0x3456 ;?ICS?lstr4_MAIN+1
0x0505	0x3420 ;?ICS?lstr4_MAIN+2
0x0506	0x3400 ;?ICS?lstr4_MAIN+3
; end of ?ICS?lstr4_MAIN
Symbol List:
//** Routines locations **
//ADDRESS    SIZE    PROCEDURE
//----------------------------------------------
0x0003       [7]    _Delay_50us
0x000A      [13]    _Delay_5500us
0x0017       [3]    _Delay_1us
0x001A      [64]    _Lcd_Cmd
0x005A       [8]    _Lcd_Chr_CP
0x0062      [12]    _COMFREM
0x006E       [7]    _____DoICP
0x0075       [8]    _Delay_22us
0x007D     [300]    _SDIV3232L
0x01A9      [36]    _ADC_Read
0x01CD      [12]    ___CC2DW
0x01D9     [181]    _Div_32x32_S
0x028E      [55]    _Mul_32x32_U
0x02C5      [64]    _Lcd_Out
0x0305      [78]    _Lcd_Init
0x0353      [18]    _Lcd_Out_CP
0x0365      [53]    _Lcd_Chr
0x039A     [318]    _main
//** Variables locations ** 
//ADDRESS    SIZE    VARIABLE
//----------------------------------------------
0x0000       [1]    INDF
0x0002       [1]    PCL
0x0003       [1]    STATUS
0x0004       [1]    FSR
0x0008       [0]    LCD_D6
0x0008       [0]    LCD_D5
0x0008       [0]    LCD_D4
0x0008       [0]    RD7_bit
0x0008       [0]    RD5_bit
0x0008       [0]    RD6_bit
0x0008       [0]    RD4_bit
0x0008       [0]    LCD_D7
0x0009       [0]    LCD_RS
0x0009       [0]    LCD_EN
0x0009       [0]    RE1_bit
0x0009       [0]    RE2_bit
0x000A       [1]    PCLATH
0x000B       [1]    INTCON
0x001E       [1]    ADRESH
0x001F       [1]    ADCON0
0x0020       [1]    ___math_tempb
0x0021       [4]    _tlong
0x0025       [2]    _adc_rd
0x0027       [0]    __Lib_Lcd_cmd_status
0x0028       [1]    _ch
0x0029       [1]    _text
0x002A       [2]    ___DoICPAddr
0x002C      [17]    ?lstr1_MAIN
0x003D      [17]    ?lstr2_MAIN
0x004E       [9]    ?lstr3_MAIN
0x0057       [4]    ?lstr4_MAIN
0x005B       [1]    FARG_Lcd_Out_row
0x005B       [1]    FARG_Lcd_Out_CP_text
0x005B       [1]    FARG_ADC_Read_channel
0x005B       [1]    FARG_Lcd_Chr_row
0x005C       [1]    FARG_Lcd_Out_column
0x005C       [1]    FARG_Lcd_Chr_column
0x005C       [1]    Lcd_Out_CP_i_L0
0x005D       [1]    FARG_Lcd_Out_text
0x005D       [1]    FARG_Lcd_Chr_out_char
0x005E       [1]    Lcd_Out_i_L0
0x005F       [1]    FARG_Lcd_Chr_CP_out_char
0x0060       [1]    FARG_Lcd_Cmd_out_char
0x0070       [1]    R0
0x0071       [1]    R1
0x0072       [1]    R2
0x0073       [1]    R3
0x0074       [1]    R4
0x0075       [1]    R5
0x0076       [1]    R6
0x0077       [1]    R7
0x0078       [1]    R8
0x0079       [1]    R9
0x007A       [1]    R10
0x007B       [1]    R11
0x007C       [1]    R12
0x007D       [1]    R13
0x007E       [1]    R14
0x007F       [1]    R15
0x0085       [1]    TRISA
0x0088       [0]    TRISD5_bit
0x0088       [0]    TRISD6_bit
0x0088       [0]    LCD_D6_Direction
0x0088       [0]    LCD_D7_Direction
0x0088       [0]    TRISD4_bit
0x0088       [0]    LCD_D4_Direction
0x0088       [0]    TRISD7_bit
0x0088       [0]    LCD_D5_Direction
0x0089       [0]    TRISE1_bit
0x0089       [0]    TRISE2_bit
0x0089       [0]    LCD_EN_Direction
0x0089       [0]    LCD_RS_Direction
0x009C       [0]    CM0_bit
0x009C       [0]    CM2_bit
0x009C       [0]    CM1_bit
0x009E       [1]    ADRESL
0x009F       [1]    ADCON1
//** Constants locations ** 
//ADDRESS    SIZE    CONSTANT
//----------------------------------------------
0x04D8      [17]    ?ICS?lstr1_MAIN
0x04E9      [17]    ?ICS?lstr2_MAIN
0x04FA       [9]    ?ICS?lstr3_MAIN
0x0503       [4]    ?ICS?lstr4_MAIN
//** Label List: ** 
//----------------------------------------------
  L_main0
  L_main1
  L_main2
  L_main3
  L_end_main
  _main
  L_ADC_Get_Sample0
  L_ADC_Get_Sample1
  L_ADC_Read2
  L_ADC_Read3
  L_end_ADC_Init
  _ADC_Init
  L_end_ADC_Get_Sample
  _ADC_Get_Sample
  L_end_ADC_Read
  _ADC_Read
  L_Delay_10us0
  L_Delay_22us1
  L_Delay_50us2
  L_Delay_80us3
  L_Delay_500us4
  L_Delay_5500us5
  L_Delay_1ms6
  L_Delay_5ms7
  L_Delay_8ms8
  L_Delay_10ms9
  L_Delay_100ms10
  L_Delay_1sec11
  L_boot16_Delay_5ms12
  L_Delay_Cyc13
  L_Delay_Cyc14
  L_VDelay_ms15
  L_VDelay_ms16
  L_VDelay_ms17
  L_VDelay_Advanced_ms18
  L_VDelay_Advanced_ms19
  L_VDelay_Advanced_ms20
  L_end_Get_Fosc_kHz
  _Get_Fosc_kHz
  L_end_Delay_1us
  _Delay_1us
  L_end_Delay_10us
  _Delay_10us
  L_end_Delay_22us
  _Delay_22us
  L_end_Delay_50us
  _Delay_50us
  L_end_Delay_80us
  _Delay_80us
  L_end_Delay_500us
  _Delay_500us
  L_end_Delay_5500us
  _Delay_5500us
  L_end_Delay_1ms
  _Delay_1ms
  L_end_Delay_5ms
  _Delay_5ms
  L_end_Delay_8ms
  _Delay_8ms
  L_end_Delay_10ms
  _Delay_10ms
  L_end_Delay_100ms
  _Delay_100ms
  L_end_Delay_1sec
  _Delay_1sec
  L_end_boot16_Delay_5ms
  _boot16_Delay_5ms
  L_end_Delay_Cyc
  _Delay_Cyc
  L_end_VDelay_ms
  _VDelay_ms
  L__VDelay_ms38
  L__VDelay_ms39
  L__VDelay_ms40
  L_end_VDelay_Advanced_ms
  _VDelay_Advanced_ms
  L__VDelay_Advanced_ms42
  L__VDelay_Advanced_ms43
  L__VDelay_Advanced_ms44
  L_Lcd_Cmd0
  L_Lcd_Cmd1
  L_Lcd_Out_CP2
  L_Lcd_Out_CP3
  L_Lcd_Chr4
  L_Lcd_Chr5
  L_Lcd_Chr6
  L_Lcd_Chr7
  L_Lcd_Chr8
  L_Lcd_Chr9
  L_Lcd_Chr10
  L_Lcd_Out11
  L_Lcd_Out12
  L_Lcd_Out13
  L_Lcd_Out14
  L_Lcd_Out15
  L_Lcd_Out16
  L_Lcd_Out17
  L_Lcd_Out18
  L_Lcd_Out19
  L_end_Lcd_Cmd
  _Lcd_Cmd
  L__Lcd_Cmd21
  L__Lcd_Cmd22
  L__Lcd_Cmd23
  L__Lcd_Cmd24
  L__Lcd_Cmd25
  L__Lcd_Cmd26
  L__Lcd_Cmd27
  L__Lcd_Cmd28
  L__Lcd_Cmd29
  L__Lcd_Cmd30
  L__Lcd_Cmd31
  L__Lcd_Cmd32
  L__Lcd_Cmd33
  L__Lcd_Cmd34
  L__Lcd_Cmd35
  L__Lcd_Cmd36
  L__Lcd_Cmd37
  L__Lcd_Cmd38
  L__Lcd_Cmd39
  L__Lcd_Cmd40
  L_end_Lcd_Chr_CP
  _Lcd_Chr_CP
  L_end_Lcd_Out_CP
  _Lcd_Out_CP
  L_end_Lcd_Chr
  _Lcd_Chr
  L_end_Lcd_Init
  _Lcd_Init
  L_end_Lcd_Out
  _Lcd_Out
  L_Div_16x16_S0
  L_Div_16x16_S1
  LOOPS3232A
  SADD22LA
  SOK22LA
  SADD22L8
  SOK22L8
  LOOPS3232B
  SADD22LB
  SOK22LB
  SADD22L16
  SOK22L16
  LOOPS3232C
  SADD22LC
  SOK22LC
  SADD22L24
  SOK22L24
  LOOPS3232D
  SADD22LD
  SOK22LD
  SOK22L
  L_Div_32x32_S6
  L_Div_32x32_S7
  L_Div_32x32_S8
  L_Div_32x32_S9
  FXD3232S
  END_ALL
  CA3232S
  C3232SX
  C3232SX1
  C3232S
  C3232S2
  C3232SX4
  C3232SOK
  C3232SX3
  C3232SX2
  avoid_comfrem
  LOOPU3232A
  UADD22LA
  UOK22LA
  UADD22L8
  UOK22L8
  LOOPU3232B
  UADD22LB
  UOK22LB
  UADD22L16
  UOK22L16
  LOOPU3232C
  UADD22LC
  UOK22LC
  UADD22L24
  UOK22L24
  LOOPU3232D
  UADD22LD
  UOK22LD
  UOK22L
  _NEXT
  _EXIT2
  _LOOP
  _EXIT1
  _IF_FIRST
  _IF_SECOND
  _INVERCE_FIRST
  _MULT
  _INBERSE_SECOND
  _EXIT
  L_end_Mul_8x8_U
  _Mul_8x8_U
  L_end_Mul_16x16_U
  _Mul_16x16_U
  L_end_Div_8x8_U
  _Div_8x8_U
  L_end_Div_16x16_U
  _Div_16x16_U
  L_end_Mul_8x8_S
  _Mul_8x8_S
  L_end_Mul_16x16_S
  _Mul_16x16_S
  L_end_Div_16x16_S_L
  _Div_16x16_S_L
  L_end_Div_16x16_S
  _Div_16x16_S
  L_end_Div_8x8_S
  _Div_8x8_S
  L_end_SDIV3232L
  _SDIV3232L
  L_end_COMFREM
  _COMFREM
  L_end_Div_32x32_S
  _Div_32x32_S
  L_end_Div_32x32_U
  _Div_32x32_U
  L_end_Mul_32x32_U
  _Mul_32x32_U
  L_end_Mul_32x32_S
  _Mul_32x32_S
  L_loopCA2AWs
  L_CA2AWend
  _CCA2AW_Loop1
  L_loopCS2Ss
  L_CS2Send
  _CCS2S_Loop1
  L_CCS2Send
  L_loopFZinSWs
  L_FZinSend
  _CC2D_Loop1
  L_end_____DoICP
  _____DoICP
  L_end_____DoIFC
  _____DoIFC
  L_end___CA2AW
  ___CA2AW
  L_end___CCA2AW
  ___CCA2AW
  L_end___CS2S
  ___CS2S
  L_end___CCS2S
  ___CCS2S
  L_end___FZinS
  ___FZinS
  L_end___CC2DW
  ___CC2DW
  L_end_Swap
  _Swap
