;  LST file generated by mikroListExporter - v.2.0 
; Date/Time: 14/10/2014 14:27:41
;----------------------------------------------

;Address Opcode 	ASM
0x0000	0x2A2F      	GOTO       559
_Delay_1us:
;__Lib_Delays.c,7 :: 		void Delay_1us() {
;__Lib_Delays.c,8 :: 		Delay_us(1);
0x0003	0x0000      	NOP
0x0004	0x0000      	NOP
;__Lib_Delays.c,9 :: 		}
L_end_Delay_1us:
0x0005	0x0008      	RETURN
; end of _Delay_1us
_Mul_32x32_U:
;__Lib_Math.c,1774 :: 		
;__Lib_Math.c,1789 :: 		
0x0006	0x1283      	BCF        STATUS, 5
;__Lib_Math.c,1790 :: 		
0x0007	0x1303      	BCF        STATUS, 6
;__Lib_Math.c,1791 :: 		
0x0008	0x3022      	MOVLW      34
;__Lib_Math.c,1792 :: 		
0x0009	0x00FC      	MOVWF      R12
;__Lib_Math.c,1793 :: 		
0x000A	0x01F8      	CLRF       R8
;__Lib_Math.c,1794 :: 		
0x000B	0x01F9      	CLRF       R9
;__Lib_Math.c,1795 :: 		
0x000C	0x01FA      	CLRF       R10
;__Lib_Math.c,1796 :: 		
0x000D	0x01FB      	CLRF       R11
;__Lib_Math.c,1798 :: 		
_NEXT:
;__Lib_Math.c,1802 :: 		
0x000E	0x03FC      	DECF       R12, 1
;__Lib_Math.c,1803 :: 		
0x000F	0x1903      	BTFSC      STATUS, 2
;__Lib_Math.c,1804 :: 		
0x0010	0x283C      	GOTO       _EXIT2
;__Lib_Math.c,1805 :: 		
0x0011	0x1003      	BCF        STATUS, 0
;__Lib_Math.c,1807 :: 		
_LOOP:
;__Lib_Math.c,1816 :: 		
0x0012	0x0CFB      	RRF        R11, 1
;__Lib_Math.c,1817 :: 		
0x0013	0x0CFA      	RRF        R10, 1
;__Lib_Math.c,1818 :: 		
0x0014	0x0CF9      	RRF        R9, 1
;__Lib_Math.c,1819 :: 		
0x0015	0x0CF8      	RRF        R8, 1
;__Lib_Math.c,1820 :: 		
0x0016	0x0CF3      	RRF        R3, 1
;__Lib_Math.c,1821 :: 		
0x0017	0x0CF2      	RRF        R2, 1
;__Lib_Math.c,1822 :: 		
0x0018	0x0CF1      	RRF        R1, 1
;__Lib_Math.c,1823 :: 		
0x0019	0x0CF0      	RRF        R0, 1
;__Lib_Math.c,1828 :: 		
0x001A	0x1C03      	BTFSS      STATUS, 0
;__Lib_Math.c,1829 :: 		
0x001B	0x280E      	GOTO       _NEXT
;__Lib_Math.c,1830 :: 		
0x001C	0x03FC      	DECF       R12, 1
;__Lib_Math.c,1831 :: 		
0x001D	0x1903      	BTFSC      STATUS, 2
;__Lib_Math.c,1832 :: 		
0x001E	0x282E      	GOTO       _EXIT1
;__Lib_Math.c,1839 :: 		
0x001F	0x0874      	MOVF       R4, 0
;__Lib_Math.c,1840 :: 		
0x0020	0x07F8      	ADDWF      R8, 1
;__Lib_Math.c,1841 :: 		
0x0021	0x0875      	MOVF       R5, 0
;__Lib_Math.c,1842 :: 		
0x0022	0x1803      	BTFSC      STATUS, 0
;__Lib_Math.c,1843 :: 		
0x0023	0x0F75      	INCFSZ     R5, 0
;__Lib_Math.c,1844 :: 		
0x0024	0x07F9      	ADDWF      R9, 1
;__Lib_Math.c,1845 :: 		
0x0025	0x0876      	MOVF       R6, 0
;__Lib_Math.c,1846 :: 		
0x0026	0x1803      	BTFSC      STATUS, 0
;__Lib_Math.c,1847 :: 		
0x0027	0x0F76      	INCFSZ     R6, 0
;__Lib_Math.c,1848 :: 		
0x0028	0x07FA      	ADDWF      R10, 1
;__Lib_Math.c,1849 :: 		
0x0029	0x0877      	MOVF       R7, 0
;__Lib_Math.c,1850 :: 		
0x002A	0x1803      	BTFSC      STATUS, 0
;__Lib_Math.c,1851 :: 		
0x002B	0x0F77      	INCFSZ     R7, 0
;__Lib_Math.c,1852 :: 		
0x002C	0x07FB      	ADDWF      R11, 1
;__Lib_Math.c,1854 :: 		
0x002D	0x2812      	GOTO       _LOOP
;__Lib_Math.c,1856 :: 		
_EXIT1:
;__Lib_Math.c,1861 :: 		
0x002E	0x0874      	MOVF       R4, 0
;__Lib_Math.c,1862 :: 		
0x002F	0x07F8      	ADDWF      R8, 1
;__Lib_Math.c,1863 :: 		
0x0030	0x0875      	MOVF       R5, 0
;__Lib_Math.c,1864 :: 		
0x0031	0x1803      	BTFSC      STATUS, 0
;__Lib_Math.c,1865 :: 		
0x0032	0x0F75      	INCFSZ     R5, 0
;__Lib_Math.c,1866 :: 		
0x0033	0x07F9      	ADDWF      R9, 1
;__Lib_Math.c,1867 :: 		
0x0034	0x0876      	MOVF       R6, 0
;__Lib_Math.c,1868 :: 		
0x0035	0x1803      	BTFSC      STATUS, 0
;__Lib_Math.c,1869 :: 		
0x0036	0x0F76      	INCFSZ     R6, 0
;__Lib_Math.c,1870 :: 		
0x0037	0x07FA      	ADDWF      R10, 1
;__Lib_Math.c,1871 :: 		
0x0038	0x0877      	MOVF       R7, 0
;__Lib_Math.c,1872 :: 		
0x0039	0x1803      	BTFSC      STATUS, 0
;__Lib_Math.c,1873 :: 		
0x003A	0x0F77      	INCFSZ     R7, 0
;__Lib_Math.c,1874 :: 		
0x003B	0x07FB      	ADDWF      R11, 1
;__Lib_Math.c,1877 :: 		
_EXIT2:
;__Lib_Math.c,1879 :: 		
L_end_Mul_32x32_U:
0x003C	0x0008      	RETURN
; end of _Mul_32x32_U
_Delay_5500us:
;__Lib_Delays.c,31 :: 		void Delay_5500us() {
;__Lib_Delays.c,32 :: 		Delay_us(5500);
0x003D	0x300F      	MOVLW      15
0x003E	0x1283      	BCF        STATUS, 5
0x003F	0x1303      	BCF        STATUS, 6
0x0040	0x00FC      	MOVWF      R12
0x0041	0x3047      	MOVLW      71
0x0042	0x00FD      	MOVWF      R13
L_Delay_5500us5:
0x0043	0x0BFD      	DECFSZ     R13, 1
0x0044	0x2843      	GOTO       L_Delay_5500us5
0x0045	0x0BFC      	DECFSZ     R12, 1
0x0046	0x2843      	GOTO       L_Delay_5500us5
0x0047	0x0000      	NOP
0x0048	0x0000      	NOP
;__Lib_Delays.c,33 :: 		}
L_end_Delay_5500us:
0x0049	0x0008      	RETURN
; end of _Delay_5500us
_Delay_50us:
;__Lib_Delays.c,19 :: 		void Delay_50us() {
;__Lib_Delays.c,20 :: 		Delay_us(50);
0x004A	0x3021      	MOVLW      33
0x004B	0x1283      	BCF        STATUS, 5
0x004C	0x1303      	BCF        STATUS, 6
0x004D	0x00FD      	MOVWF      R13
L_Delay_50us2:
0x004E	0x0BFD      	DECFSZ     R13, 1
0x004F	0x284E      	GOTO       L_Delay_50us2
;__Lib_Delays.c,21 :: 		}
L_end_Delay_50us:
0x0050	0x0008      	RETURN
; end of _Delay_50us
_VDelay_ms:
;__Lib_Delays.c,82 :: 		void VDelay_ms(unsigned Time_ms){
;__Lib_Delays.c,84 :: 		NumberOfCyc = Clock_kHz()>>2; // this will be done by compiler, no asm will be genereated except that for assignment;
0x0051	0x30D0      	MOVLW      208
0x0052	0x1283      	BCF        STATUS, 5
0x0053	0x1303      	BCF        STATUS, 6
0x0054	0x00C0      	MOVWF      VDelay_ms_NumberOfCyc_L0
0x0055	0x3007      	MOVLW      7
0x0056	0x00C1      	MOVWF      VDelay_ms_NumberOfCyc_L0+1
0x0057	0x01C2      	CLRF       VDelay_ms_NumberOfCyc_L0+2
0x0058	0x01C3      	CLRF       VDelay_ms_NumberOfCyc_L0+3
;__Lib_Delays.c,85 :: 		NumberOfCyc *= Time_ms;
0x0059	0x30D0      	MOVLW      208
0x005A	0x00F0      	MOVWF      R0
0x005B	0x3007      	MOVLW      7
0x005C	0x00F1      	MOVWF      R0+1
0x005D	0x3000      	MOVLW      0
0x005E	0x00F2      	MOVWF      R0+2
0x005F	0x3000      	MOVLW      0
0x0060	0x00F3      	MOVWF      R0+3
0x0061	0x083E      	MOVF       FARG_VDelay_ms_Time_ms, 0
0x0062	0x00F4      	MOVWF      R4
0x0063	0x083F      	MOVF       FARG_VDelay_ms_Time_ms+1, 0
0x0064	0x00F5      	MOVWF      R4+1
0x0065	0x01F6      	CLRF       R4+2
0x0066	0x01F7      	CLRF       R4+3
0x0067	0x2006      	CALL       _Mul_32x32_U
0x0068	0x0870      	MOVF       R0, 0
0x0069	0x00C0      	MOVWF      VDelay_ms_NumberOfCyc_L0
0x006A	0x0871      	MOVF       R0+1, 0
0x006B	0x00C1      	MOVWF      VDelay_ms_NumberOfCyc_L0+1
0x006C	0x0872      	MOVF       R0+2, 0
0x006D	0x00C2      	MOVWF      VDelay_ms_NumberOfCyc_L0+2
0x006E	0x0873      	MOVF       R0+3, 0
0x006F	0x00C3      	MOVWF      VDelay_ms_NumberOfCyc_L0+3
;__Lib_Delays.c,86 :: 		if (NumberOfCyc < 690)
0x0070	0x3000      	MOVLW      0
0x0071	0x0273      	SUBWF      R0+3, 0
0x0072	0x1D03      	BTFSS      STATUS, 2
0x0073	0x287E      	GOTO       L__VDelay_ms38
0x0074	0x3000      	MOVLW      0
0x0075	0x0272      	SUBWF      R0+2, 0
0x0076	0x1D03      	BTFSS      STATUS, 2
0x0077	0x287E      	GOTO       L__VDelay_ms38
0x0078	0x3002      	MOVLW      2
0x0079	0x0271      	SUBWF      R0+1, 0
0x007A	0x1D03      	BTFSS      STATUS, 2
0x007B	0x287E      	GOTO       L__VDelay_ms38
0x007C	0x30B2      	MOVLW      178
0x007D	0x0270      	SUBWF      R0, 0
L__VDelay_ms38:
0x007E	0x1803      	BTFSC      STATUS, 0
0x007F	0x2881      	GOTO       L_VDelay_ms15
;__Lib_Delays.c,87 :: 		return;
0x0080	0x28C0      	GOTO       L_end_VDelay_ms
L_VDelay_ms15:
;__Lib_Delays.c,88 :: 		NumberOfCyc -= 690;
0x0081	0x30B2      	MOVLW      178
0x0082	0x00F0      	MOVWF      R0
0x0083	0x3002      	MOVLW      2
0x0084	0x00F1      	MOVWF      R0+1
0x0085	0x01F2      	CLRF       R0+2
0x0086	0x01F3      	CLRF       R0+3
0x0087	0x0870      	MOVF       R0, 0
0x0088	0x02C0      	SUBWF      VDelay_ms_NumberOfCyc_L0, 1
0x0089	0x0871      	MOVF       R0+1, 0
0x008A	0x1C03      	BTFSS      STATUS, 0
0x008B	0x0F71      	INCFSZ     R0+1, 0
0x008C	0x02C1      	SUBWF      VDelay_ms_NumberOfCyc_L0+1, 1
0x008D	0x0872      	MOVF       R0+2, 0
0x008E	0x1C03      	BTFSS      STATUS, 0
0x008F	0x0F72      	INCFSZ     R0+2, 0
0x0090	0x02C2      	SUBWF      VDelay_ms_NumberOfCyc_L0+2, 1
0x0091	0x0873      	MOVF       R0+3, 0
0x0092	0x1C03      	BTFSS      STATUS, 0
0x0093	0x0F73      	INCFSZ     R0+3, 0
0x0094	0x02C3      	SUBWF      VDelay_ms_NumberOfCyc_L0+3, 1
;__Lib_Delays.c,89 :: 		NumberOfCyc =  NumberOfCyc >> 5; // Dec and While below take around 32 instructions
0x0095	0x3005      	MOVLW      5
0x0096	0x00F0      	MOVWF      R0
0x0097	0x0870      	MOVF       R0, 0
L__VDelay_ms39:
0x0098	0x1903      	BTFSC      STATUS, 2
0x0099	0x28A1      	GOTO       L__VDelay_ms40
0x009A	0x0CC3      	RRF        VDelay_ms_NumberOfCyc_L0+3, 1
0x009B	0x0CC2      	RRF        VDelay_ms_NumberOfCyc_L0+2, 1
0x009C	0x0CC1      	RRF        VDelay_ms_NumberOfCyc_L0+1, 1
0x009D	0x0CC0      	RRF        VDelay_ms_NumberOfCyc_L0, 1
0x009E	0x13C3      	BCF        VDelay_ms_NumberOfCyc_L0+3, 7
0x009F	0x3EFF      	ADDLW      255
0x00A0	0x2898      	GOTO       L__VDelay_ms39
L__VDelay_ms40:
;__Lib_Delays.c,90 :: 		while (NumberOfCyc--)
L_VDelay_ms16:
0x00A1	0x0840      	MOVF       VDelay_ms_NumberOfCyc_L0, 0
0x00A2	0x00F0      	MOVWF      R0
0x00A3	0x0841      	MOVF       VDelay_ms_NumberOfCyc_L0+1, 0
0x00A4	0x00F1      	MOVWF      R0+1
0x00A5	0x0842      	MOVF       VDelay_ms_NumberOfCyc_L0+2, 0
0x00A6	0x00F2      	MOVWF      R0+2
0x00A7	0x0843      	MOVF       VDelay_ms_NumberOfCyc_L0+3, 0
0x00A8	0x00F3      	MOVWF      R0+3
0x00A9	0x3001      	MOVLW      1
0x00AA	0x02C0      	SUBWF      VDelay_ms_NumberOfCyc_L0, 1
0x00AB	0x1C03      	BTFSS      STATUS, 0
0x00AC	0x02C1      	SUBWF      VDelay_ms_NumberOfCyc_L0+1, 1
0x00AD	0x1C03      	BTFSS      STATUS, 0
0x00AE	0x02C2      	SUBWF      VDelay_ms_NumberOfCyc_L0+2, 1
0x00AF	0x1C03      	BTFSS      STATUS, 0
0x00B0	0x02C3      	SUBWF      VDelay_ms_NumberOfCyc_L0+3, 1
0x00B1	0x0870      	MOVF       R0, 0
0x00B2	0x0471      	IORWF      R0+1, 0
0x00B3	0x0472      	IORWF      R0+2, 0
0x00B4	0x0473      	IORWF      R0+3, 0
0x00B5	0x1903      	BTFSC      STATUS, 2
0x00B6	0x28C0      	GOTO       L_VDelay_ms17
;__Lib_Delays.c,92 :: 		asm nop;
0x00B7	0x0000      	NOP
;__Lib_Delays.c,93 :: 		asm nop;
0x00B8	0x0000      	NOP
;__Lib_Delays.c,94 :: 		asm nop;
0x00B9	0x0000      	NOP
;__Lib_Delays.c,95 :: 		asm nop;
0x00BA	0x0000      	NOP
;__Lib_Delays.c,96 :: 		asm nop;
0x00BB	0x0000      	NOP
;__Lib_Delays.c,97 :: 		asm nop;
0x00BC	0x0000      	NOP
;__Lib_Delays.c,98 :: 		asm nop;
0x00BD	0x0000      	NOP
;__Lib_Delays.c,99 :: 		asm nop;
0x00BE	0x0000      	NOP
;__Lib_Delays.c,100 :: 		}
0x00BF	0x28A1      	GOTO       L_VDelay_ms16
L_VDelay_ms17:
;__Lib_Delays.c,101 :: 		}
L_end_VDelay_ms:
0x00C0	0x0008      	RETURN
; end of _VDelay_ms
_Lcd_Cmd:
;__Lib_Lcd.c,18 :: 		
;__Lib_Lcd.c,20 :: 		
0x00C1	0x1283      	BCF        STATUS, 5
0x00C2	0x1303      	BCF        STATUS, 6
0x00C3	0x1BBE      	BTFSC      FARG_Lcd_Cmd_out_char, 7
0x00C4	0x28C7      	GOTO       L__Lcd_Cmd21
0x00C5	0x1388      	BCF        LCD_D7, BitPos(LCD_D7+0)
0x00C6	0x28C8      	GOTO       L__Lcd_Cmd22
L__Lcd_Cmd21:
0x00C7	0x1788      	BSF        LCD_D7, BitPos(LCD_D7+0)
L__Lcd_Cmd22:
;__Lib_Lcd.c,21 :: 		
0x00C8	0x1B3E      	BTFSC      FARG_Lcd_Cmd_out_char, 6
0x00C9	0x28CC      	GOTO       L__Lcd_Cmd23
0x00CA	0x1308      	BCF        LCD_D6, BitPos(LCD_D6+0)
0x00CB	0x28CD      	GOTO       L__Lcd_Cmd24
L__Lcd_Cmd23:
0x00CC	0x1708      	BSF        LCD_D6, BitPos(LCD_D6+0)
L__Lcd_Cmd24:
;__Lib_Lcd.c,22 :: 		
0x00CD	0x1ABE      	BTFSC      FARG_Lcd_Cmd_out_char, 5
0x00CE	0x28D1      	GOTO       L__Lcd_Cmd25
0x00CF	0x1288      	BCF        LCD_D5, BitPos(LCD_D5+0)
0x00D0	0x28D2      	GOTO       L__Lcd_Cmd26
L__Lcd_Cmd25:
0x00D1	0x1688      	BSF        LCD_D5, BitPos(LCD_D5+0)
L__Lcd_Cmd26:
;__Lib_Lcd.c,23 :: 		
0x00D2	0x1A3E      	BTFSC      FARG_Lcd_Cmd_out_char, 4
0x00D3	0x28D6      	GOTO       L__Lcd_Cmd27
0x00D4	0x1208      	BCF        LCD_D4, BitPos(LCD_D4+0)
0x00D5	0x28D7      	GOTO       L__Lcd_Cmd28
L__Lcd_Cmd27:
0x00D6	0x1608      	BSF        LCD_D4, BitPos(LCD_D4+0)
L__Lcd_Cmd28:
;__Lib_Lcd.c,25 :: 		
0x00D7	0x1835      	BTFSC      __Lib_Lcd_cmd_status, BitPos(__Lib_Lcd_cmd_status+0)
0x00D8	0x28DB      	GOTO       L__Lcd_Cmd29
0x00D9	0x1509      	BSF        LCD_RS, BitPos(LCD_RS+0)
0x00DA	0x28DC      	GOTO       L__Lcd_Cmd30
L__Lcd_Cmd29:
0x00DB	0x1109      	BCF        LCD_RS, BitPos(LCD_RS+0)
L__Lcd_Cmd30:
;__Lib_Lcd.c,28 :: 		
0x00DC	0x1489      	BSF        LCD_EN, BitPos(LCD_EN+0)
;__Lib_Lcd.c,29 :: 		
0x00DD	0x2003      	CALL       _Delay_1us
;__Lib_Lcd.c,30 :: 		
0x00DE	0x1089      	BCF        LCD_EN, BitPos(LCD_EN+0)
;__Lib_Lcd.c,33 :: 		
0x00DF	0x19BE      	BTFSC      FARG_Lcd_Cmd_out_char, 3
0x00E0	0x28E3      	GOTO       L__Lcd_Cmd31
0x00E1	0x1388      	BCF        LCD_D7, BitPos(LCD_D7+0)
0x00E2	0x28E4      	GOTO       L__Lcd_Cmd32
L__Lcd_Cmd31:
0x00E3	0x1788      	BSF        LCD_D7, BitPos(LCD_D7+0)
L__Lcd_Cmd32:
;__Lib_Lcd.c,34 :: 		
0x00E4	0x193E      	BTFSC      FARG_Lcd_Cmd_out_char, 2
0x00E5	0x28E8      	GOTO       L__Lcd_Cmd33
0x00E6	0x1308      	BCF        LCD_D6, BitPos(LCD_D6+0)
0x00E7	0x28E9      	GOTO       L__Lcd_Cmd34
L__Lcd_Cmd33:
0x00E8	0x1708      	BSF        LCD_D6, BitPos(LCD_D6+0)
L__Lcd_Cmd34:
;__Lib_Lcd.c,35 :: 		
0x00E9	0x18BE      	BTFSC      FARG_Lcd_Cmd_out_char, 1
0x00EA	0x28ED      	GOTO       L__Lcd_Cmd35
0x00EB	0x1288      	BCF        LCD_D5, BitPos(LCD_D5+0)
0x00EC	0x28EE      	GOTO       L__Lcd_Cmd36
L__Lcd_Cmd35:
0x00ED	0x1688      	BSF        LCD_D5, BitPos(LCD_D5+0)
L__Lcd_Cmd36:
;__Lib_Lcd.c,36 :: 		
0x00EE	0x183E      	BTFSC      FARG_Lcd_Cmd_out_char, 0
0x00EF	0x28F2      	GOTO       L__Lcd_Cmd37
0x00F0	0x1208      	BCF        LCD_D4, BitPos(LCD_D4+0)
0x00F1	0x28F3      	GOTO       L__Lcd_Cmd38
L__Lcd_Cmd37:
0x00F2	0x1608      	BSF        LCD_D4, BitPos(LCD_D4+0)
L__Lcd_Cmd38:
;__Lib_Lcd.c,38 :: 		
0x00F3	0x1835      	BTFSC      __Lib_Lcd_cmd_status, BitPos(__Lib_Lcd_cmd_status+0)
0x00F4	0x28F7      	GOTO       L__Lcd_Cmd39
0x00F5	0x1509      	BSF        LCD_RS, BitPos(LCD_RS+0)
0x00F6	0x28F8      	GOTO       L__Lcd_Cmd40
L__Lcd_Cmd39:
0x00F7	0x1109      	BCF        LCD_RS, BitPos(LCD_RS+0)
L__Lcd_Cmd40:
;__Lib_Lcd.c,40 :: 		
0x00F8	0x1489      	BSF        LCD_EN, BitPos(LCD_EN+0)
;__Lib_Lcd.c,41 :: 		
0x00F9	0x2003      	CALL       _Delay_1us
;__Lib_Lcd.c,42 :: 		
0x00FA	0x1089      	BCF        LCD_EN, BitPos(LCD_EN+0)
;__Lib_Lcd.c,44 :: 		
0x00FB	0x1C35      	BTFSS      __Lib_Lcd_cmd_status, BitPos(__Lib_Lcd_cmd_status+0)
0x00FC	0x28FF      	GOTO       L_Lcd_Cmd0
;__Lib_Lcd.c,45 :: 		
0x00FD	0x203D      	CALL       _Delay_5500us
0x00FE	0x2900      	GOTO       L_Lcd_Cmd1
L_Lcd_Cmd0:
;__Lib_Lcd.c,47 :: 		
0x00FF	0x204A      	CALL       _Delay_50us
L_Lcd_Cmd1:
;__Lib_Lcd.c,48 :: 		
L_end_Lcd_Cmd:
0x0100	0x0008      	RETURN
; end of _Lcd_Cmd
_____DoICP:
;__Lib_System.c,6 :: 		
;__Lib_System.c,9 :: 		
0x0101	0x1283      	BCF        STATUS, 5
0x0102	0x1303      	BCF        STATUS, 6
0x0103	0x0838      	MOVF       ___DoICPAddr+1, 0
0x0104	0x008A      	MOVWF      PCLATH
;__Lib_System.c,10 :: 		
0x0105	0x0837      	MOVF       ___DoICPAddr, 0
0x0106	0x0082      	MOVWF      PCL
;__Lib_System.c,12 :: 		
L_end_____DoICP:
0x0107	0x0008      	RETURN
; end of _____DoICP
_Lcd_Chr_CP:
;__Lib_Lcd.c,50 :: 		
;__Lib_Lcd.c,52 :: 		
0x0108	0x1283      	BCF        STATUS, 5
0x0109	0x1303      	BCF        STATUS, 6
0x010A	0x1035      	BCF        __Lib_Lcd_cmd_status, BitPos(__Lib_Lcd_cmd_status+0)
;__Lib_Lcd.c,53 :: 		
0x010B	0x083D      	MOVF       FARG_Lcd_Chr_CP_out_char, 0
0x010C	0x00BE      	MOVWF      FARG_Lcd_Cmd_out_char
0x010D	0x20C1      	CALL       _Lcd_Cmd
;__Lib_Lcd.c,54 :: 		
0x010E	0x1435      	BSF        __Lib_Lcd_cmd_status, BitPos(__Lib_Lcd_cmd_status+0)
;__Lib_Lcd.c,55 :: 		
L_end_Lcd_Chr_CP:
0x010F	0x0008      	RETURN
; end of _Lcd_Chr_CP
_keypad_read:
;MAIN.c,22 :: 		unsigned char keypad_read(void){
;MAIN.c,24 :: 		KP_R1 = 0;      // SCAN KEYPAD ON FIRST ROW: 1, 2, 3, A
0x0110	0x1283      	BCF        STATUS, 5
0x0111	0x1303      	BCF        STATUS, 6
0x0112	0x1008      	BCF        PORTD, 0
;MAIN.c,25 :: 		KP_R2 = 1;      KP_R3 = 1;     KP_R4 = 1;
0x0113	0x1488      	BSF        PORTD, 1
0x0114	0x1508      	BSF        PORTD, 2
0x0115	0x1588      	BSF        PORTD, 3
;MAIN.c,26 :: 		VDelay_ms(t);
0x0116	0x0834      	MOVF       _t, 0
0x0117	0x00BE      	MOVWF      FARG_VDelay_ms_Time_ms
0x0118	0x01BF      	CLRF       FARG_VDelay_ms_Time_ms+1
0x0119	0x2051      	CALL       _VDelay_ms
;MAIN.c,27 :: 		if (KP_C1 == 0) return '*';    // KEY '*' IS PRESSED
0x011A	0x1806      	BTFSC      PORTB, 0
0x011B	0x291F      	GOTO       L_keypad_read0
0x011C	0x302A      	MOVLW      42
0x011D	0x00F0      	MOVWF      R0
0x011E	0x2980      	GOTO       L_end_keypad_read
L_keypad_read0:
;MAIN.c,28 :: 		if (KP_C2 == 0) return '0';    // KEY '0' IS PRESSED
0x011F	0x1886      	BTFSC      PORTB, 1
0x0120	0x2924      	GOTO       L_keypad_read1
0x0121	0x3030      	MOVLW      48
0x0122	0x00F0      	MOVWF      R0
0x0123	0x2980      	GOTO       L_end_keypad_read
L_keypad_read1:
;MAIN.c,29 :: 		if (KP_C3 == 0) return '#';    // KEY '#' IS PRESSED
0x0124	0x1906      	BTFSC      PORTB, 2
0x0125	0x2929      	GOTO       L_keypad_read2
0x0126	0x3023      	MOVLW      35
0x0127	0x00F0      	MOVWF      R0
0x0128	0x2980      	GOTO       L_end_keypad_read
L_keypad_read2:
;MAIN.c,30 :: 		VDelay_ms(t);
0x0129	0x0834      	MOVF       _t, 0
0x012A	0x00BE      	MOVWF      FARG_VDelay_ms_Time_ms
0x012B	0x01BF      	CLRF       FARG_VDelay_ms_Time_ms+1
0x012C	0x2051      	CALL       _VDelay_ms
;MAIN.c,31 :: 		KP_R1 = 1;      // SCAN KEYPAD ON SECOND ROW: 1, 2, 3, A
0x012D	0x1408      	BSF        PORTD, 0
;MAIN.c,32 :: 		KP_R2 = 0;      KP_R3 = 1;     KP_R4 = 1;
0x012E	0x1088      	BCF        PORTD, 1
0x012F	0x1508      	BSF        PORTD, 2
0x0130	0x1588      	BSF        PORTD, 3
;MAIN.c,33 :: 		VDelay_ms(t);
0x0131	0x0834      	MOVF       _t, 0
0x0132	0x00BE      	MOVWF      FARG_VDelay_ms_Time_ms
0x0133	0x01BF      	CLRF       FARG_VDelay_ms_Time_ms+1
0x0134	0x2051      	CALL       _VDelay_ms
;MAIN.c,34 :: 		if (KP_C1 == 0) return '7';    // KEY '7' IS PRESSED
0x0135	0x1806      	BTFSC      PORTB, 0
0x0136	0x293A      	GOTO       L_keypad_read3
0x0137	0x3037      	MOVLW      55
0x0138	0x00F0      	MOVWF      R0
0x0139	0x2980      	GOTO       L_end_keypad_read
L_keypad_read3:
;MAIN.c,35 :: 		if (KP_C2 == 0) return '8';    // KEY '8' IS PRESSED
0x013A	0x1886      	BTFSC      PORTB, 1
0x013B	0x293F      	GOTO       L_keypad_read4
0x013C	0x3038      	MOVLW      56
0x013D	0x00F0      	MOVWF      R0
0x013E	0x2980      	GOTO       L_end_keypad_read
L_keypad_read4:
;MAIN.c,36 :: 		if (KP_C3 == 0) return '9';    // KEY '9' IS PRESSED
0x013F	0x1906      	BTFSC      PORTB, 2
0x0140	0x2944      	GOTO       L_keypad_read5
0x0141	0x3039      	MOVLW      57
0x0142	0x00F0      	MOVWF      R0
0x0143	0x2980      	GOTO       L_end_keypad_read
L_keypad_read5:
;MAIN.c,37 :: 		VDelay_ms(t);
0x0144	0x0834      	MOVF       _t, 0
0x0145	0x00BE      	MOVWF      FARG_VDelay_ms_Time_ms
0x0146	0x01BF      	CLRF       FARG_VDelay_ms_Time_ms+1
0x0147	0x2051      	CALL       _VDelay_ms
;MAIN.c,38 :: 		KP_R1 = 1;      // SCAN KEYPAD ON THIRD ROW: 1, 2, 3, A
0x0148	0x1408      	BSF        PORTD, 0
;MAIN.c,39 :: 		KP_R2 = 1;      KP_R3 = 0;     KP_R4 = 1;
0x0149	0x1488      	BSF        PORTD, 1
0x014A	0x1108      	BCF        PORTD, 2
0x014B	0x1588      	BSF        PORTD, 3
;MAIN.c,40 :: 		VDelay_ms(t);
0x014C	0x0834      	MOVF       _t, 0
0x014D	0x00BE      	MOVWF      FARG_VDelay_ms_Time_ms
0x014E	0x01BF      	CLRF       FARG_VDelay_ms_Time_ms+1
0x014F	0x2051      	CALL       _VDelay_ms
;MAIN.c,41 :: 		if (KP_C1 == 0) return '4';    // KEY '4' IS PRESSED
0x0150	0x1806      	BTFSC      PORTB, 0
0x0151	0x2955      	GOTO       L_keypad_read6
0x0152	0x3034      	MOVLW      52
0x0153	0x00F0      	MOVWF      R0
0x0154	0x2980      	GOTO       L_end_keypad_read
L_keypad_read6:
;MAIN.c,42 :: 		if (KP_C2 == 0) return '5';    // KEY '5' IS PRESSED
0x0155	0x1886      	BTFSC      PORTB, 1
0x0156	0x295A      	GOTO       L_keypad_read7
0x0157	0x3035      	MOVLW      53
0x0158	0x00F0      	MOVWF      R0
0x0159	0x2980      	GOTO       L_end_keypad_read
L_keypad_read7:
;MAIN.c,43 :: 		if (KP_C3 == 0) return '6';    // KEY '6' IS PRESSED
0x015A	0x1906      	BTFSC      PORTB, 2
0x015B	0x295F      	GOTO       L_keypad_read8
0x015C	0x3036      	MOVLW      54
0x015D	0x00F0      	MOVWF      R0
0x015E	0x2980      	GOTO       L_end_keypad_read
L_keypad_read8:
;MAIN.c,44 :: 		VDelay_ms(t);
0x015F	0x0834      	MOVF       _t, 0
0x0160	0x00BE      	MOVWF      FARG_VDelay_ms_Time_ms
0x0161	0x01BF      	CLRF       FARG_VDelay_ms_Time_ms+1
0x0162	0x2051      	CALL       _VDelay_ms
;MAIN.c,45 :: 		KP_R1 = 1;      // SCAN KEYPAD ON FOURTH ROW: 1, 2, 3, A
0x0163	0x1408      	BSF        PORTD, 0
;MAIN.c,46 :: 		KP_R2 = 1;      KP_R3 = 1;     KP_R4 = 0;
0x0164	0x1488      	BSF        PORTD, 1
0x0165	0x1508      	BSF        PORTD, 2
0x0166	0x1188      	BCF        PORTD, 3
;MAIN.c,47 :: 		VDelay_ms(t);
0x0167	0x0834      	MOVF       _t, 0
0x0168	0x00BE      	MOVWF      FARG_VDelay_ms_Time_ms
0x0169	0x01BF      	CLRF       FARG_VDelay_ms_Time_ms+1
0x016A	0x2051      	CALL       _VDelay_ms
;MAIN.c,48 :: 		if (KP_C1 == 0) return '1';    // KEY '1' IS PRESSED
0x016B	0x1806      	BTFSC      PORTB, 0
0x016C	0x2970      	GOTO       L_keypad_read9
0x016D	0x3031      	MOVLW      49
0x016E	0x00F0      	MOVWF      R0
0x016F	0x2980      	GOTO       L_end_keypad_read
L_keypad_read9:
;MAIN.c,49 :: 		if (KP_C2 == 0) return '2';    // KEY '2' IS PRESSED
0x0170	0x1886      	BTFSC      PORTB, 1
0x0171	0x2975      	GOTO       L_keypad_read10
0x0172	0x3032      	MOVLW      50
0x0173	0x00F0      	MOVWF      R0
0x0174	0x2980      	GOTO       L_end_keypad_read
L_keypad_read10:
;MAIN.c,50 :: 		if (KP_C3 == 0) return '3';    // KEY '3' IS PRESSED
0x0175	0x1906      	BTFSC      PORTB, 2
0x0176	0x297A      	GOTO       L_keypad_read11
0x0177	0x3033      	MOVLW      51
0x0178	0x00F0      	MOVWF      R0
0x0179	0x2980      	GOTO       L_end_keypad_read
L_keypad_read11:
;MAIN.c,51 :: 		VDelay_ms(t);
0x017A	0x0834      	MOVF       _t, 0
0x017B	0x00BE      	MOVWF      FARG_VDelay_ms_Time_ms
0x017C	0x01BF      	CLRF       FARG_VDelay_ms_Time_ms+1
0x017D	0x2051      	CALL       _VDelay_ms
;MAIN.c,52 :: 		return 0xFF;                                   // IF NO KEY PRESS, RETURN 0xFF
0x017E	0x30FF      	MOVLW      255
0x017F	0x00F0      	MOVWF      R0
;MAIN.c,53 :: 		}                                                // KEYPAD READ FUNCTION - END
L_end_keypad_read:
0x0180	0x0008      	RETURN
; end of _keypad_read
_keypad_wait:
;MAIN.c,85 :: 		unsigned char keypad_wait(void){
;MAIN.c,86 :: 		c_pressed_key = 0xFF;                        // WAIT UNTIL THE KEY IS PRESSED!
0x0181	0x30FF      	MOVLW      255
0x0182	0x1283      	BCF        STATUS, 5
0x0183	0x1303      	BCF        STATUS, 6
0x0184	0x00B3      	MOVWF      _c_pressed_key
;MAIN.c,87 :: 		do{c_pressed_key = keypad_read();}
L_keypad_wait17:
0x0185	0x2110      	CALL       _keypad_read
0x0186	0x0870      	MOVF       R0, 0
0x0187	0x00B3      	MOVWF      _c_pressed_key
;MAIN.c,88 :: 		while(c_pressed_key == 0xFF);               // WAIT UNTIL THE KEY IS RELEASED!
0x0188	0x0870      	MOVF       R0, 0
0x0189	0x3AFF      	XORLW      255
0x018A	0x1903      	BTFSC      STATUS, 2
0x018B	0x2985      	GOTO       L_keypad_wait17
;MAIN.c,89 :: 		while(keypad_read() != 0xFF);
L_keypad_wait20:
0x018C	0x2110      	CALL       _keypad_read
0x018D	0x0870      	MOVF       R0, 0
0x018E	0x3AFF      	XORLW      255
0x018F	0x1903      	BTFSC      STATUS, 2
0x0190	0x2992      	GOTO       L_keypad_wait21
0x0191	0x298C      	GOTO       L_keypad_wait20
L_keypad_wait21:
;MAIN.c,90 :: 		return c_pressed_key;
0x0192	0x0833      	MOVF       _c_pressed_key, 0
0x0193	0x00F0      	MOVWF      R0
;MAIN.c,91 :: 		}                                                // END "keypad_wait" FUNCTION
L_end_keypad_wait:
0x0194	0x0008      	RETURN
; end of _keypad_wait
_Lcd_Out:
;__Lib_Lcd.c,184 :: 		
;__Lib_Lcd.c,187 :: 		
0x0195	0x29A7      	GOTO       L_Lcd_Out11
;__Lib_Lcd.c,188 :: 		
L_Lcd_Out13:
0x0196	0x3080      	MOVLW      128
0x0197	0x1283      	BCF        STATUS, 5
0x0198	0x1303      	BCF        STATUS, 6
0x0199	0x00B9      	MOVWF      FARG_Lcd_Out_row
0x019A	0x29BA      	GOTO       L_Lcd_Out12
;__Lib_Lcd.c,189 :: 		
L_Lcd_Out14:
0x019B	0x30C0      	MOVLW      192
0x019C	0x00B9      	MOVWF      FARG_Lcd_Out_row
0x019D	0x29BA      	GOTO       L_Lcd_Out12
;__Lib_Lcd.c,190 :: 		
L_Lcd_Out15:
0x019E	0x3094      	MOVLW      148
0x019F	0x00B9      	MOVWF      FARG_Lcd_Out_row
0x01A0	0x29BA      	GOTO       L_Lcd_Out12
;__Lib_Lcd.c,191 :: 		
L_Lcd_Out16:
0x01A1	0x30D4      	MOVLW      212
0x01A2	0x00B9      	MOVWF      FARG_Lcd_Out_row
0x01A3	0x29BA      	GOTO       L_Lcd_Out12
;__Lib_Lcd.c,192 :: 		
L_Lcd_Out17:
0x01A4	0x3080      	MOVLW      128
0x01A5	0x00B9      	MOVWF      FARG_Lcd_Out_row
;__Lib_Lcd.c,193 :: 		
0x01A6	0x29BA      	GOTO       L_Lcd_Out12
L_Lcd_Out11:
0x01A7	0x1283      	BCF        STATUS, 5
0x01A8	0x1303      	BCF        STATUS, 6
0x01A9	0x0839      	MOVF       FARG_Lcd_Out_row, 0
0x01AA	0x3A01      	XORLW      1
0x01AB	0x1903      	BTFSC      STATUS, 2
0x01AC	0x2996      	GOTO       L_Lcd_Out13
0x01AD	0x0839      	MOVF       FARG_Lcd_Out_row, 0
0x01AE	0x3A02      	XORLW      2
0x01AF	0x1903      	BTFSC      STATUS, 2
0x01B0	0x299B      	GOTO       L_Lcd_Out14
0x01B1	0x0839      	MOVF       FARG_Lcd_Out_row, 0
0x01B2	0x3A03      	XORLW      3
0x01B3	0x1903      	BTFSC      STATUS, 2
0x01B4	0x299E      	GOTO       L_Lcd_Out15
0x01B5	0x0839      	MOVF       FARG_Lcd_Out_row, 0
0x01B6	0x3A04      	XORLW      4
0x01B7	0x1903      	BTFSC      STATUS, 2
0x01B8	0x29A1      	GOTO       L_Lcd_Out16
0x01B9	0x29A4      	GOTO       L_Lcd_Out17
L_Lcd_Out12:
;__Lib_Lcd.c,194 :: 		
0x01BA	0x033A      	DECF       FARG_Lcd_Out_column, 0
0x01BB	0x00F0      	MOVWF      R0
0x01BC	0x0839      	MOVF       FARG_Lcd_Out_row, 0
0x01BD	0x07F0      	ADDWF      R0, 1
0x01BE	0x0870      	MOVF       R0, 0
0x01BF	0x00B9      	MOVWF      FARG_Lcd_Out_row
;__Lib_Lcd.c,196 :: 		
0x01C0	0x0870      	MOVF       R0, 0
0x01C1	0x00BE      	MOVWF      FARG_Lcd_Cmd_out_char
0x01C2	0x20C1      	CALL       _Lcd_Cmd
;__Lib_Lcd.c,197 :: 		
0x01C3	0x1035      	BCF        __Lib_Lcd_cmd_status, BitPos(__Lib_Lcd_cmd_status+0)
;__Lib_Lcd.c,198 :: 		
0x01C4	0x01BC      	CLRF       Lcd_Out_i_L0
;__Lib_Lcd.c,199 :: 		
L_Lcd_Out18:
0x01C5	0x083C      	MOVF       Lcd_Out_i_L0, 0
0x01C6	0x073B      	ADDWF      FARG_Lcd_Out_text, 0
0x01C7	0x0084      	MOVWF      FSR
0x01C8	0x0800      	MOVF       INDF, 0
0x01C9	0x1903      	BTFSC      STATUS, 2
0x01CA	0x29D3      	GOTO       L_Lcd_Out19
;__Lib_Lcd.c,200 :: 		
0x01CB	0x083C      	MOVF       Lcd_Out_i_L0, 0
0x01CC	0x073B      	ADDWF      FARG_Lcd_Out_text, 0
0x01CD	0x0084      	MOVWF      FSR
0x01CE	0x0800      	MOVF       INDF, 0
0x01CF	0x00BD      	MOVWF      FARG_Lcd_Chr_CP_out_char
0x01D0	0x2108      	CALL       _Lcd_Chr_CP
0x01D1	0x0ABC      	INCF       Lcd_Out_i_L0, 1
0x01D2	0x29C5      	GOTO       L_Lcd_Out18
L_Lcd_Out19:
;__Lib_Lcd.c,201 :: 		
0x01D3	0x1435      	BSF        __Lib_Lcd_cmd_status, BitPos(__Lib_Lcd_cmd_status+0)
;__Lib_Lcd.c,202 :: 		
L_end_Lcd_Out:
0x01D4	0x0008      	RETURN
; end of _Lcd_Out
___CC2DW:
;__Lib_System.c,134 :: 		
;__Lib_System.c,137 :: 		
_CC2D_Loop1:
;__Lib_System.c,139 :: 		
0x01D5	0x2101      	CALL       _____DoICP
0x01D6	0x118A      	BCF        PCLATH, 3
0x01D7	0x120A      	BCF        PCLATH, 4
;__Lib_System.c,141 :: 		
0x01D8	0x0080      	MOVWF      INDF
;__Lib_System.c,142 :: 		
0x01D9	0x0A84      	INCF       FSR, 1
;__Lib_System.c,143 :: 		
0x01DA	0x0AB7      	INCF       ___DoICPAddr, 1
;__Lib_System.c,145 :: 		
0x01DB	0x1903      	BTFSC      STATUS, 2
;__Lib_System.c,146 :: 		
0x01DC	0x0AB8      	INCF       ___DoICPAddr+1, 1
;__Lib_System.c,147 :: 		
0x01DD	0x03F0      	DECF       R0, 1
;__Lib_System.c,149 :: 		
0x01DE	0x1D03      	BTFSS      STATUS, 2
;__Lib_System.c,150 :: 		
0x01DF	0x29D5      	GOTO       _CC2D_Loop1
;__Lib_System.c,152 :: 		
L_end___CC2DW:
0x01E0	0x0008      	RETURN
; end of ___CC2DW
_Lcd_Init:
;__Lib_Lcd.c,84 :: 		
;__Lib_Lcd.c,86 :: 		
0x01E1	0x1683      	BSF        STATUS, 5
0x01E2	0x1303      	BCF        STATUS, 6
0x01E3	0x1089      	BCF        LCD_EN_Direction, BitPos(LCD_EN_Direction+0)
;__Lib_Lcd.c,87 :: 		
0x01E4	0x1109      	BCF        LCD_RS_Direction, BitPos(LCD_RS_Direction+0)
;__Lib_Lcd.c,88 :: 		
0x01E5	0x1208      	BCF        LCD_D4_Direction, BitPos(LCD_D4_Direction+0)
;__Lib_Lcd.c,89 :: 		
0x01E6	0x1288      	BCF        LCD_D5_Direction, BitPos(LCD_D5_Direction+0)
;__Lib_Lcd.c,90 :: 		
0x01E7	0x1308      	BCF        LCD_D6_Direction, BitPos(LCD_D6_Direction+0)
;__Lib_Lcd.c,91 :: 		
0x01E8	0x1388      	BCF        LCD_D7_Direction, BitPos(LCD_D7_Direction+0)
;__Lib_Lcd.c,93 :: 		
0x01E9	0x1283      	BCF        STATUS, 5
0x01EA	0x1089      	BCF        LCD_EN, BitPos(LCD_EN+0)
;__Lib_Lcd.c,94 :: 		
0x01EB	0x1109      	BCF        LCD_RS, BitPos(LCD_RS+0)
;__Lib_Lcd.c,95 :: 		
0x01EC	0x1388      	BCF        LCD_D7, BitPos(LCD_D7+0)
;__Lib_Lcd.c,96 :: 		
0x01ED	0x1308      	BCF        LCD_D6, BitPos(LCD_D6+0)
;__Lib_Lcd.c,97 :: 		
0x01EE	0x1288      	BCF        LCD_D5, BitPos(LCD_D5+0)
;__Lib_Lcd.c,98 :: 		
0x01EF	0x1208      	BCF        LCD_D4, BitPos(LCD_D4+0)
;__Lib_Lcd.c,100 :: 		
0x01F0	0x203D      	CALL       _Delay_5500us
;__Lib_Lcd.c,101 :: 		
0x01F1	0x203D      	CALL       _Delay_5500us
;__Lib_Lcd.c,102 :: 		
0x01F2	0x203D      	CALL       _Delay_5500us
;__Lib_Lcd.c,105 :: 		
0x01F3	0x1688      	BSF        LCD_D5, BitPos(LCD_D5+0)
;__Lib_Lcd.c,106 :: 		
0x01F4	0x1608      	BSF        LCD_D4, BitPos(LCD_D4+0)
;__Lib_Lcd.c,107 :: 		
0x01F5	0x1489      	BSF        LCD_EN, BitPos(LCD_EN+0)
;__Lib_Lcd.c,108 :: 		
0x01F6	0x2003      	CALL       _Delay_1us
;__Lib_Lcd.c,109 :: 		
0x01F7	0x1089      	BCF        LCD_EN, BitPos(LCD_EN+0)
;__Lib_Lcd.c,110 :: 		
0x01F8	0x203D      	CALL       _Delay_5500us
;__Lib_Lcd.c,112 :: 		
0x01F9	0x1489      	BSF        LCD_EN, BitPos(LCD_EN+0)
;__Lib_Lcd.c,113 :: 		
0x01FA	0x2003      	CALL       _Delay_1us
;__Lib_Lcd.c,114 :: 		
0x01FB	0x1089      	BCF        LCD_EN, BitPos(LCD_EN+0)
;__Lib_Lcd.c,115 :: 		
0x01FC	0x203D      	CALL       _Delay_5500us
;__Lib_Lcd.c,117 :: 		
0x01FD	0x1489      	BSF        LCD_EN, BitPos(LCD_EN+0)
;__Lib_Lcd.c,118 :: 		
0x01FE	0x2003      	CALL       _Delay_1us
;__Lib_Lcd.c,119 :: 		
0x01FF	0x1089      	BCF        LCD_EN, BitPos(LCD_EN+0)
;__Lib_Lcd.c,120 :: 		
0x0200	0x203D      	CALL       _Delay_5500us
;__Lib_Lcd.c,123 :: 		
0x0201	0x1208      	BCF        LCD_D4, BitPos(LCD_D4+0)
;__Lib_Lcd.c,124 :: 		
0x0202	0x1489      	BSF        LCD_EN, BitPos(LCD_EN+0)
;__Lib_Lcd.c,125 :: 		
0x0203	0x2003      	CALL       _Delay_1us
;__Lib_Lcd.c,126 :: 		
0x0204	0x1089      	BCF        LCD_EN, BitPos(LCD_EN+0)
;__Lib_Lcd.c,127 :: 		
0x0205	0x203D      	CALL       _Delay_5500us
;__Lib_Lcd.c,130 :: 		
0x0206	0x1489      	BSF        LCD_EN, BitPos(LCD_EN+0)
;__Lib_Lcd.c,131 :: 		
0x0207	0x2003      	CALL       _Delay_1us
;__Lib_Lcd.c,132 :: 		
0x0208	0x1089      	BCF        LCD_EN, BitPos(LCD_EN+0)
;__Lib_Lcd.c,134 :: 		
0x0209	0x1288      	BCF        LCD_D5, BitPos(LCD_D5+0)
;__Lib_Lcd.c,135 :: 		
0x020A	0x1788      	BSF        LCD_D7, BitPos(LCD_D7+0)
;__Lib_Lcd.c,136 :: 		
0x020B	0x1489      	BSF        LCD_EN, BitPos(LCD_EN+0)
;__Lib_Lcd.c,137 :: 		
0x020C	0x2003      	CALL       _Delay_1us
;__Lib_Lcd.c,138 :: 		
0x020D	0x1089      	BCF        LCD_EN, BitPos(LCD_EN+0)
;__Lib_Lcd.c,139 :: 		
0x020E	0x203D      	CALL       _Delay_5500us
;__Lib_Lcd.c,142 :: 		
0x020F	0x1388      	BCF        LCD_D7, BitPos(LCD_D7+0)
;__Lib_Lcd.c,143 :: 		
0x0210	0x1608      	BSF        LCD_D4, BitPos(LCD_D4+0)
;__Lib_Lcd.c,144 :: 		
0x0211	0x1489      	BSF        LCD_EN, BitPos(LCD_EN+0)
;__Lib_Lcd.c,145 :: 		
0x0212	0x2003      	CALL       _Delay_1us
;__Lib_Lcd.c,146 :: 		
0x0213	0x1089      	BCF        LCD_EN, BitPos(LCD_EN+0)
;__Lib_Lcd.c,148 :: 		
0x0214	0x1208      	BCF        LCD_D4, BitPos(LCD_D4+0)
;__Lib_Lcd.c,149 :: 		
0x0215	0x1489      	BSF        LCD_EN, BitPos(LCD_EN+0)
;__Lib_Lcd.c,150 :: 		
0x0216	0x2003      	CALL       _Delay_1us
;__Lib_Lcd.c,151 :: 		
0x0217	0x1089      	BCF        LCD_EN, BitPos(LCD_EN+0)
;__Lib_Lcd.c,152 :: 		
0x0218	0x203D      	CALL       _Delay_5500us
;__Lib_Lcd.c,155 :: 		
0x0219	0x1489      	BSF        LCD_EN, BitPos(LCD_EN+0)
;__Lib_Lcd.c,156 :: 		
0x021A	0x2003      	CALL       _Delay_1us
;__Lib_Lcd.c,157 :: 		
0x021B	0x1089      	BCF        LCD_EN, BitPos(LCD_EN+0)
;__Lib_Lcd.c,159 :: 		
0x021C	0x1608      	BSF        LCD_D4, BitPos(LCD_D4+0)
;__Lib_Lcd.c,160 :: 		
0x021D	0x1489      	BSF        LCD_EN, BitPos(LCD_EN+0)
;__Lib_Lcd.c,161 :: 		
0x021E	0x2003      	CALL       _Delay_1us
;__Lib_Lcd.c,162 :: 		
0x021F	0x1089      	BCF        LCD_EN, BitPos(LCD_EN+0)
;__Lib_Lcd.c,163 :: 		
0x0220	0x203D      	CALL       _Delay_5500us
;__Lib_Lcd.c,166 :: 		
0x0221	0x1208      	BCF        LCD_D4, BitPos(LCD_D4+0)
;__Lib_Lcd.c,167 :: 		
0x0222	0x1489      	BSF        LCD_EN, BitPos(LCD_EN+0)
;__Lib_Lcd.c,168 :: 		
0x0223	0x2003      	CALL       _Delay_1us
;__Lib_Lcd.c,169 :: 		
0x0224	0x1089      	BCF        LCD_EN, BitPos(LCD_EN+0)
;__Lib_Lcd.c,171 :: 		
0x0225	0x1788      	BSF        LCD_D7, BitPos(LCD_D7+0)
;__Lib_Lcd.c,172 :: 		
0x0226	0x1708      	BSF        LCD_D6, BitPos(LCD_D6+0)
;__Lib_Lcd.c,173 :: 		
0x0227	0x1688      	BSF        LCD_D5, BitPos(LCD_D5+0)
;__Lib_Lcd.c,174 :: 		
0x0228	0x1608      	BSF        LCD_D4, BitPos(LCD_D4+0)
;__Lib_Lcd.c,175 :: 		
0x0229	0x1489      	BSF        LCD_EN, BitPos(LCD_EN+0)
;__Lib_Lcd.c,176 :: 		
0x022A	0x2003      	CALL       _Delay_1us
;__Lib_Lcd.c,177 :: 		
0x022B	0x1089      	BCF        LCD_EN, BitPos(LCD_EN+0)
;__Lib_Lcd.c,179 :: 		
0x022C	0x203D      	CALL       _Delay_5500us
;__Lib_Lcd.c,181 :: 		
0x022D	0x1435      	BSF        __Lib_Lcd_cmd_status, BitPos(__Lib_Lcd_cmd_status+0)
;__Lib_Lcd.c,182 :: 		
L_end_Lcd_Init:
0x022E	0x0008      	RETURN
; end of _Lcd_Init
_main:
0x022F	0x1283      	BCF        STATUS, 5
0x0230	0x1303      	BCF        STATUS, 6
0x0231	0x01A0      	CLRF       _i
0x0232	0x01A1      	CLRF       33
0x0233	0x3050      	MOVLW      80
0x0234	0x00A2      	MOVWF      ?lstr1_MAIN
0x0235	0x3052      	MOVLW      82
0x0236	0x00A3      	MOVWF      35
0x0237	0x3045      	MOVLW      69
0x0238	0x00A4      	MOVWF      36
0x0239	0x3053      	MOVLW      83
0x023A	0x00A5      	MOVWF      37
0x023B	0x3053      	MOVLW      83
0x023C	0x00A6      	MOVWF      38
0x023D	0x3049      	MOVLW      73
0x023E	0x00A7      	MOVWF      39
0x023F	0x304F      	MOVLW      79
0x0240	0x00A8      	MOVWF      40
0x0241	0x304E      	MOVLW      78
0x0242	0x00A9      	MOVWF      41
0x0243	0x3041      	MOVLW      65
0x0244	0x00AA      	MOVWF      42
0x0245	0x3052      	MOVLW      82
0x0246	0x00AB      	MOVWF      43
0x0247	0x3020      	MOVLW      32
0x0248	0x00AC      	MOVWF      44
0x0249	0x3054      	MOVLW      84
0x024A	0x00AD      	MOVWF      45
0x024B	0x3045      	MOVLW      69
0x024C	0x00AE      	MOVWF      46
0x024D	0x3043      	MOVLW      67
0x024E	0x00AF      	MOVWF      47
0x024F	0x304C      	MOVLW      76
0x0250	0x00B0      	MOVWF      48
0x0251	0x3041      	MOVLW      65
0x0252	0x00B1      	MOVWF      49
0x0253	0x01B2      	CLRF       50
0x0254	0x30FF      	MOVLW      255
0x0255	0x00B3      	MOVWF      _c_pressed_key
0x0256	0x300A      	MOVLW      10
0x0257	0x00B4      	MOVWF      _t
;MAIN.c,55 :: 		void main(){
;MAIN.c,56 :: 		ADCON1 = 0x06;                                           // ALL I/O AS DIGITAL
0x0258	0x3006      	MOVLW      6
0x0259	0x1683      	BSF        STATUS, 5
0x025A	0x009F      	MOVWF      ADCON1
;MAIN.c,57 :: 		TRISB.RB0 = 1;    TRISB.RB1 = 1;    TRISB.RB2 = 1;       // C1, C2, C3
0x025B	0x1406      	BSF        TRISB, 0
0x025C	0x1486      	BSF        TRISB, 1
0x025D	0x1506      	BSF        TRISB, 2
;MAIN.c,58 :: 		TRISD.RD0 = 0;    TRISD.RD1 = 0;    TRISD.RD2 = 0;    TRISD.RD3 = 0;  // L1-4
0x025E	0x1008      	BCF        TRISD, 0
0x025F	0x1088      	BCF        TRISD, 1
0x0260	0x1108      	BCF        TRISD, 2
0x0261	0x1188      	BCF        TRISD, 3
;MAIN.c,61 :: 		LCD_init();
0x0262	0x21E1      	CALL       _Lcd_Init
;MAIN.c,62 :: 		Lcd_Cmd(_LCD_CURSOR_OFF);
0x0263	0x300C      	MOVLW      12
0x0264	0x00BE      	MOVWF      FARG_Lcd_Cmd_out_char
0x0265	0x20C1      	CALL       _Lcd_Cmd
;MAIN.c,63 :: 		Lcd_Cmd(_LCD_CLEAR);
0x0266	0x3001      	MOVLW      1
0x0267	0x00BE      	MOVWF      FARG_Lcd_Cmd_out_char
0x0268	0x20C1      	CALL       _Lcd_Cmd
;MAIN.c,64 :: 		while(1){
L_main12:
;MAIN.c,67 :: 		LCD_Out(1,1,"PRESSIONAR TECLA");
0x0269	0x3001      	MOVLW      1
0x026A	0x00B9      	MOVWF      FARG_Lcd_Out_row
0x026B	0x3001      	MOVLW      1
0x026C	0x00BA      	MOVWF      FARG_Lcd_Out_column
0x026D	0x3022      	MOVLW      ?lstr1_MAIN
0x026E	0x00BB      	MOVWF      FARG_Lcd_Out_text
0x026F	0x2195      	CALL       _Lcd_Out
;MAIN.c,69 :: 		LCD_cmd(_LCD_SECOND_ROW);    // GO TO 2ND ROW OF THE 16×2 LCD
0x0270	0x30C0      	MOVLW      192
0x0271	0x00BE      	MOVWF      FARG_Lcd_Cmd_out_char
0x0272	0x20C1      	CALL       _Lcd_Cmd
;MAIN.c,70 :: 		for(i = 0; i < 17; i++) {
0x0273	0x01A0      	CLRF       _i
0x0274	0x01A1      	CLRF       _i+1
L_main14:
0x0275	0x3000      	MOVLW      0
0x0276	0x0221      	SUBWF      _i+1, 0
0x0277	0x1D03      	BTFSS      STATUS, 2
0x0278	0x2A7B      	GOTO       L__main24
0x0279	0x3011      	MOVLW      17
0x027A	0x0220      	SUBWF      _i, 0
L__main24:
0x027B	0x1803      	BTFSC      STATUS, 0
0x027C	0x2A87      	GOTO       L_main15
;MAIN.c,72 :: 		key_get = keypad_wait();
0x027D	0x2181      	CALL       _keypad_wait
0x027E	0x0870      	MOVF       R0, 0
0x027F	0x00B6      	MOVWF      _key_get
;MAIN.c,74 :: 		Lcd_Chr_Cp(key_get);
0x0280	0x0870      	MOVF       R0, 0
0x0281	0x00BD      	MOVWF      FARG_Lcd_Chr_CP_out_char
0x0282	0x2108      	CALL       _Lcd_Chr_CP
;MAIN.c,70 :: 		for(i = 0; i < 17; i++) {
0x0283	0x0AA0      	INCF       _i, 1
0x0284	0x1903      	BTFSC      STATUS, 2
0x0285	0x0AA1      	INCF       _i+1, 1
;MAIN.c,79 :: 		}                                                                   // END FOR
0x0286	0x2A75      	GOTO       L_main14
L_main15:
;MAIN.c,80 :: 		LCD_cmd(_LCD_CLEAR);                                          // CLEAR THE LCD
0x0287	0x3001      	MOVLW      1
0x0288	0x00BE      	MOVWF      FARG_Lcd_Cmd_out_char
0x0289	0x20C1      	CALL       _Lcd_Cmd
;MAIN.c,81 :: 		}                                                                 // END WHILE
0x028A	0x2A69      	GOTO       L_main12
;MAIN.c,82 :: 		}                                                       // MAIN FUNCTION - END
L_end_main:
0x028B	0x2A8B      	GOTO       $+0
; end of _main
Symbol List:
//** Routines locations **
//ADDRESS    SIZE    PROCEDURE
//----------------------------------------------
0x0003       [3]    _Delay_1us
0x0006      [55]    _Mul_32x32_U
0x003D      [13]    _Delay_5500us
0x004A       [7]    _Delay_50us
0x0051     [112]    _VDelay_ms
0x00C1      [64]    _Lcd_Cmd
0x0101       [7]    _____DoICP
0x0108       [8]    _Lcd_Chr_CP
0x0110     [113]    _keypad_read
0x0181      [20]    _keypad_wait
0x0195      [64]    _Lcd_Out
0x01D5      [12]    ___CC2DW
0x01E1      [78]    _Lcd_Init
0x022F      [93]    _main
//** Variables locations ** 
//ADDRESS    SIZE    VARIABLE
//----------------------------------------------
0x0000       [1]    INDF
0x0002       [1]    PCL
0x0003       [1]    STATUS
0x0004       [1]    FSR
0x0006       [1]    PORTB
0x0008       [0]    LCD_D4
0x0008       [0]    RD4_bit
0x0008       [0]    RD5_bit
0x0008       [0]    LCD_D7
0x0008       [0]    LCD_D6
0x0008       [0]    LCD_D5
0x0008       [0]    RD7_bit
0x0008       [1]    PORTD
0x0008       [0]    RD6_bit
0x0009       [0]    LCD_RS
0x0009       [0]    LCD_EN
0x0009       [0]    RE1_bit
0x0009       [0]    RE2_bit
0x000A       [1]    PCLATH
0x0020       [2]    _i
0x0022      [17]    ?lstr1_MAIN
0x0033       [1]    _c_pressed_key
0x0034       [1]    _t
0x0035       [0]    __Lib_Lcd_cmd_status
0x0036       [1]    _key_get
0x0037       [2]    ___DoICPAddr
0x0039       [1]    FARG_Lcd_Out_row
0x003A       [1]    FARG_Lcd_Out_column
0x003B       [1]    FARG_Lcd_Out_text
0x003C       [1]    Lcd_Out_i_L0
0x003D       [1]    FARG_Lcd_Chr_CP_out_char
0x003E       [2]    FARG_VDelay_ms_Time_ms
0x003E       [1]    FARG_Lcd_Cmd_out_char
0x0040       [4]    VDelay_ms_NumberOfCyc_L0
0x0070       [1]    R0
0x0071       [1]    R1
0x0072       [1]    R2
0x0073       [1]    R3
0x0074       [1]    R4
0x0075       [1]    R5
0x0076       [1]    R6
0x0077       [1]    R7
0x0078       [1]    R8
0x0079       [1]    R9
0x007A       [1]    R10
0x007B       [1]    R11
0x007C       [1]    R12
0x007D       [1]    R13
0x007E       [1]    R14
0x007F       [1]    R15
0x0086       [1]    TRISB
0x0088       [0]    TRISD7_bit
0x0088       [1]    TRISD
0x0088       [0]    LCD_D7_Direction
0x0088       [0]    LCD_D6_Direction
0x0088       [0]    TRISD5_bit
0x0088       [0]    TRISD4_bit
0x0088       [0]    LCD_D5_Direction
0x0088       [0]    TRISD6_bit
0x0088       [0]    LCD_D4_Direction
0x0089       [0]    TRISE1_bit
0x0089       [0]    TRISE2_bit
0x0089       [0]    LCD_EN_Direction
0x0089       [0]    LCD_RS_Direction
0x009F       [1]    ADCON1
//** Label List: ** 
//----------------------------------------------
  L_keypad_read0
  L_keypad_read1
  L_keypad_read2
  L_keypad_read3
  L_keypad_read4
  L_keypad_read5
  L_keypad_read6
  L_keypad_read7
  L_keypad_read8
  L_keypad_read9
  L_keypad_read10
  L_keypad_read11
  L_main12
  L_main13
  L_main14
  L_main15
  L_main16
  L_keypad_wait17
  L_keypad_wait18
  L_keypad_wait19
  L_keypad_wait20
  L_keypad_wait21
  L_end_keypad_read
  _keypad_read
  L_end_main
  _main
  L__main24
  L_end_keypad_wait
  _keypad_wait
  L_Delay_10us0
  L_Delay_22us1
  L_Delay_50us2
  L_Delay_80us3
  L_Delay_500us4
  L_Delay_5500us5
  L_Delay_1ms6
  L_Delay_5ms7
  L_Delay_8ms8
  L_Delay_10ms9
  L_Delay_100ms10
  L_Delay_1sec11
  L_boot16_Delay_5ms12
  L_Delay_Cyc13
  L_Delay_Cyc14
  L_VDelay_ms15
  L_VDelay_ms16
  L_VDelay_ms17
  L_VDelay_Advanced_ms18
  L_VDelay_Advanced_ms19
  L_VDelay_Advanced_ms20
  L_end_Get_Fosc_kHz
  _Get_Fosc_kHz
  L_end_Delay_1us
  _Delay_1us
  L_end_Delay_10us
  _Delay_10us
  L_end_Delay_22us
  _Delay_22us
  L_end_Delay_50us
  _Delay_50us
  L_end_Delay_80us
  _Delay_80us
  L_end_Delay_500us
  _Delay_500us
  L_end_Delay_5500us
  _Delay_5500us
  L_end_Delay_1ms
  _Delay_1ms
  L_end_Delay_5ms
  _Delay_5ms
  L_end_Delay_8ms
  _Delay_8ms
  L_end_Delay_10ms
  _Delay_10ms
  L_end_Delay_100ms
  _Delay_100ms
  L_end_Delay_1sec
  _Delay_1sec
  L_end_boot16_Delay_5ms
  _boot16_Delay_5ms
  L_end_Delay_Cyc
  _Delay_Cyc
  L_end_VDelay_ms
  _VDelay_ms
  L__VDelay_ms38
  L__VDelay_ms39
  L__VDelay_ms40
  L_end_VDelay_Advanced_ms
  _VDelay_Advanced_ms
  L__VDelay_Advanced_ms42
  L__VDelay_Advanced_ms43
  L__VDelay_Advanced_ms44
  L_Lcd_Cmd0
  L_Lcd_Cmd1
  L_Lcd_Out_CP2
  L_Lcd_Out_CP3
  L_Lcd_Chr4
  L_Lcd_Chr5
  L_Lcd_Chr6
  L_Lcd_Chr7
  L_Lcd_Chr8
  L_Lcd_Chr9
  L_Lcd_Chr10
  L_Lcd_Out11
  L_Lcd_Out12
  L_Lcd_Out13
  L_Lcd_Out14
  L_Lcd_Out15
  L_Lcd_Out16
  L_Lcd_Out17
  L_Lcd_Out18
  L_Lcd_Out19
  L_end_Lcd_Cmd
  _Lcd_Cmd
  L__Lcd_Cmd21
  L__Lcd_Cmd22
  L__Lcd_Cmd23
  L__Lcd_Cmd24
  L__Lcd_Cmd25
  L__Lcd_Cmd26
  L__Lcd_Cmd27
  L__Lcd_Cmd28
  L__Lcd_Cmd29
  L__Lcd_Cmd30
  L__Lcd_Cmd31
  L__Lcd_Cmd32
  L__Lcd_Cmd33
  L__Lcd_Cmd34
  L__Lcd_Cmd35
  L__Lcd_Cmd36
  L__Lcd_Cmd37
  L__Lcd_Cmd38
  L__Lcd_Cmd39
  L__Lcd_Cmd40
  L_end_Lcd_Chr_CP
  _Lcd_Chr_CP
  L_end_Lcd_Out_CP
  _Lcd_Out_CP
  L_end_Lcd_Chr
  _Lcd_Chr
  L_end_Lcd_Init
  _Lcd_Init
  L_end_Lcd_Out
  _Lcd_Out
  L_Div_16x16_S0
  L_Div_16x16_S1
  LOOPS3232A
  SADD22LA
  SOK22LA
  SADD22L8
  SOK22L8
  LOOPS3232B
  SADD22LB
  SOK22LB
  SADD22L16
  SOK22L16
  LOOPS3232C
  SADD22LC
  SOK22LC
  SADD22L24
  SOK22L24
  LOOPS3232D
  SADD22LD
  SOK22LD
  SOK22L
  L_Div_32x32_S6
  L_Div_32x32_S7
  L_Div_32x32_S8
  L_Div_32x32_S9
  FXD3232S
  END_ALL
  CA3232S
  C3232SX
  C3232SX1
  C3232S
  C3232S2
  C3232SX4
  C3232SOK
  C3232SX3
  C3232SX2
  avoid_comfrem
  LOOPU3232A
  UADD22LA
  UOK22LA
  UADD22L8
  UOK22L8
  LOOPU3232B
  UADD22LB
  UOK22LB
  UADD22L16
  UOK22L16
  LOOPU3232C
  UADD22LC
  UOK22LC
  UADD22L24
  UOK22L24
  LOOPU3232D
  UADD22LD
  UOK22LD
  UOK22L
  _NEXT
  _EXIT2
  _LOOP
  _EXIT1
  _IF_FIRST
  _IF_SECOND
  _INVERCE_FIRST
  _MULT
  _INBERSE_SECOND
  _EXIT
  L_end_Mul_8x8_U
  _Mul_8x8_U
  L_end_Mul_16x16_U
  _Mul_16x16_U
  L_end_Div_8x8_U
  _Div_8x8_U
  L_end_Div_16x16_U
  _Div_16x16_U
  L_end_Mul_8x8_S
  _Mul_8x8_S
  L_end_Mul_16x16_S
  _Mul_16x16_S
  L_end_Div_16x16_S_L
  _Div_16x16_S_L
  L_end_Div_16x16_S
  _Div_16x16_S
  L_end_Div_8x8_S
  _Div_8x8_S
  L_end_SDIV3232L
  _SDIV3232L
  L_end_COMFREM
  _COMFREM
  L_end_Div_32x32_S
  _Div_32x32_S
  L_end_Div_32x32_U
  _Div_32x32_U
  L_end_Mul_32x32_U
  _Mul_32x32_U
  L_end_Mul_32x32_S
  _Mul_32x32_S
  L_loopCA2AWs
  L_CA2AWend
  _CCA2AW_Loop1
  L_loopCS2Ss
  L_CS2Send
  _CCS2S_Loop1
  L_CCS2Send
  L_loopFZinSWs
  L_FZinSend
  _CC2D_Loop1
  L_end_____DoICP
  _____DoICP
  L_end_____DoIFC
  _____DoIFC
  L_end___CA2AW
  ___CA2AW
  L_end___CCA2AW
  ___CCA2AW
  L_end___CS2S
  ___CS2S
  L_end___CCS2S
  ___CCS2S
  L_end___FZinS
  ___FZinS
  L_end___CC2DW
  ___CC2DW
  L_end_Swap
  _Swap
