;  LST file generated by mikroListExporter - v.2.0 
; Date/Time: 31/08/2012 19:42:31
;----------------------------------------------

;Address Opcode 	ASM
0x0000	0x2816      	GOTO       22
_____DoICP:
;__Lib_System.c,6 :: 		
;__Lib_System.c,9 :: 		
0x0003	0x1283      	BCF        STATUS, 5
0x0004	0x1303      	BCF        STATUS, 6
0x0005	0x0821      	MOVF       ___DoICPAddr+1, 0
0x0006	0x008A      	MOVWF      PCLATH
;__Lib_System.c,10 :: 		
0x0007	0x0820      	MOVF       ___DoICPAddr, 0
0x0008	0x0082      	MOVWF      PCL
;__Lib_System.c,12 :: 		
L_end_____DoICP:
0x0009	0x0008      	RETURN
; end of _____DoICP
___CC2DW:
;__Lib_System.c,134 :: 		
;__Lib_System.c,137 :: 		
_CC2D_Loop1:
;__Lib_System.c,139 :: 		
0x000A	0x2003      	CALL       _____DoICP
0x000B	0x118A      	BCF        PCLATH, 3
0x000C	0x120A      	BCF        PCLATH, 4
;__Lib_System.c,141 :: 		
0x000D	0x0080      	MOVWF      INDF
;__Lib_System.c,142 :: 		
0x000E	0x0A84      	INCF       FSR, 1
;__Lib_System.c,143 :: 		
0x000F	0x0AA0      	INCF       ___DoICPAddr, 1
;__Lib_System.c,145 :: 		
0x0010	0x1903      	BTFSC      STATUS, 2
;__Lib_System.c,146 :: 		
0x0011	0x0AA1      	INCF       ___DoICPAddr+1, 1
;__Lib_System.c,147 :: 		
0x0012	0x03F0      	DECF       R0, 1
;__Lib_System.c,149 :: 		
0x0013	0x1D03      	BTFSS      STATUS, 2
;__Lib_System.c,150 :: 		
0x0014	0x280A      	GOTO       _CC2D_Loop1
;__Lib_System.c,152 :: 		
L_end___CC2DW:
0x0015	0x0008      	RETURN
; end of ___CC2DW
_main:
;AULA.c,12 :: 		void main() { // ABRE FUNCAO PRINCIPAL: MAIN
;AULA.c,13 :: 		ADCON1 = 0x06;           // CONFIGURA ENTRADAS AN COMO E/S DIGITAIS
0x0016	0x3006      	MOVLW      6
0x0017	0x1683      	BSF        STATUS, 5
0x0018	0x1303      	BCF        STATUS, 6
0x0019	0x009F      	MOVWF      ADCON1
;AULA.c,14 :: 		CMCON = 7;               // DESLIGA COMPARADORES
0x001A	0x3007      	MOVLW      7
0x001B	0x009C      	MOVWF      CMCON
;AULA.c,16 :: 		TRISA = 0b00000000;
0x001C	0x0185      	CLRF       TRISA
;AULA.c,17 :: 		TRISB = 0b00000000;
0x001D	0x0186      	CLRF       TRISB
;AULA.c,18 :: 		TRISC = 0b00000000;
0x001E	0x0187      	CLRF       TRISC
;AULA.c,19 :: 		TRISD = 0b00000000;
0x001F	0x0188      	CLRF       TRISD
;AULA.c,20 :: 		TRISE = 0b00000000;
0x0020	0x0189      	CLRF       TRISE
;AULA.c,21 :: 		PORTA = 0b00000000;
0x0021	0x1283      	BCF        STATUS, 5
0x0022	0x0185      	CLRF       PORTA
;AULA.c,22 :: 		PORTB = 0b00000000;
0x0023	0x0186      	CLRF       PORTB
;AULA.c,23 :: 		PORTC = 0b00000000;
0x0024	0x0187      	CLRF       PORTC
;AULA.c,24 :: 		PORTD = 0b00000000;
0x0025	0x0188      	CLRF       PORTD
;AULA.c,25 :: 		PORTE = 0b00000000;
0x0026	0x0189      	CLRF       PORTE
;AULA.c,26 :: 		while (1){              // ABRE WHILE
L_main0:
;AULA.c,27 :: 		PORTB = 0b00000000;     // ESTADO PORTB
0x0027	0x0186      	CLRF       PORTB
;AULA.c,28 :: 		PORTD = 0b00000000;     // ESTADO PORTD
0x0028	0x0188      	CLRF       PORTD
;AULA.c,29 :: 		Delay_ms(500);
0x0029	0x3006      	MOVLW      6
0x002A	0x00FB      	MOVWF      R11
0x002B	0x3013      	MOVLW      19
0x002C	0x00FC      	MOVWF      R12
0x002D	0x30AD      	MOVLW      173
0x002E	0x00FD      	MOVWF      R13
L_main2:
0x002F	0x0BFD      	DECFSZ     R13, 1
0x0030	0x282F      	GOTO       L_main2
0x0031	0x0BFC      	DECFSZ     R12, 1
0x0032	0x282F      	GOTO       L_main2
0x0033	0x0BFB      	DECFSZ     R11, 1
0x0034	0x282F      	GOTO       L_main2
0x0035	0x0000      	NOP
0x0036	0x0000      	NOP
;AULA.c,30 :: 		PORTB = 0b11111111;     // ESTADO PORTB
0x0037	0x30FF      	MOVLW      255
0x0038	0x0086      	MOVWF      PORTB
;AULA.c,31 :: 		PORTD = 0b11111111;     // ESTADO PORTD
0x0039	0x30FF      	MOVLW      255
0x003A	0x0088      	MOVWF      PORTD
;AULA.c,32 :: 		Delay_ms(500);
0x003B	0x3006      	MOVLW      6
0x003C	0x00FB      	MOVWF      R11
0x003D	0x3013      	MOVLW      19
0x003E	0x00FC      	MOVWF      R12
0x003F	0x30AD      	MOVLW      173
0x0040	0x00FD      	MOVWF      R13
L_main3:
0x0041	0x0BFD      	DECFSZ     R13, 1
0x0042	0x2841      	GOTO       L_main3
0x0043	0x0BFC      	DECFSZ     R12, 1
0x0044	0x2841      	GOTO       L_main3
0x0045	0x0BFB      	DECFSZ     R11, 1
0x0046	0x2841      	GOTO       L_main3
0x0047	0x0000      	NOP
0x0048	0x0000      	NOP
;AULA.c,33 :: 		}                       // FECHA WHILE
0x0049	0x2827      	GOTO       L_main0
;AULA.c,34 :: 		}                       // FECHA MAIN
L_end_main:
0x004A	0x284A      	GOTO       $+0
; end of _main
Symbol List:
//** Routines locations **
//ADDRESS    SIZE    PROCEDURE
//----------------------------------------------
0x0003       [7]    _____DoICP
0x000A      [12]    ___CC2DW
0x0016      [53]    _main
//** Variables locations ** 
//ADDRESS    SIZE    VARIABLE
//----------------------------------------------
0x0000       [1]    INDF
0x0002       [1]    PCL
0x0003       [1]    STATUS
0x0004       [1]    FSR
0x0005       [1]    PORTA
0x0006       [1]    PORTB
0x0007       [1]    PORTC
0x0008       [1]    PORTD
0x0009       [1]    PORTE
0x000A       [1]    PCLATH
0x0020       [2]    ___DoICPAddr
0x0070       [1]    R0
0x0071       [1]    R1
0x0072       [1]    R2
0x0073       [1]    R3
0x0074       [1]    R4
0x0075       [1]    R5
0x0076       [1]    R6
0x0077       [1]    R7
0x0078       [1]    R8
0x0079       [1]    R9
0x007A       [1]    R10
0x007B       [1]    R11
0x007C       [1]    R12
0x007D       [1]    R13
0x007E       [1]    R14
0x007F       [1]    R15
0x0085       [1]    TRISA
0x0086       [1]    TRISB
0x0087       [1]    TRISC
0x0088       [1]    TRISD
0x0089       [1]    TRISE
0x009C       [1]    CMCON
0x009F       [1]    ADCON1
//** Label List: ** 
//----------------------------------------------
  L_main0
  L_main1
  L_main2
  L_main3
  L_end_main
  _main
  L_loopCA2AWs
  L_CA2AWend
  _CCA2AW_Loop1
  L_loopCS2Ss
  L_CS2Send
  _CCS2S_Loop1
  L_CCS2Send
  L_loopFZinSWs
  L_FZinSend
  _CC2D_Loop1
  L_end_____DoICP
  _____DoICP
  L_end_____DoIFC
  _____DoIFC
  L_end___CA2AW
  ___CA2AW
  L_end___CCA2AW
  ___CCA2AW
  L_end___CS2S
  ___CS2S
  L_end___CCS2S
  ___CCS2S
  L_end___FZinS
  ___FZinS
  L_end___CC2DW
  ___CC2DW
  L_end_Swap
  _Swap
